#
# There is insufficient memory for the Java Runtime Environment to continue.
# Native memory allocation (mmap) failed to map 178257920 bytes for G1 virtual space
# Possible reasons:
#   The system is out of physical RAM or swap space
#   The process is running with CompressedOops enabled, and the Java Heap may be blocking the growth of the native heap
# Possible solutions:
#   Reduce memory load on the system
#   Increase physical memory or swap space
#   Check if swap backing store is full
#   Decrease Java heap size (-Xmx/-Xms)
#   Decrease number of Java threads
#   Decrease Java thread stack sizes (-Xss)
#   Set larger code cache with -XX:ReservedCodeCacheSize=
#   JVM is running with Unscaled Compressed Oops mode in which the Java heap is
#     placed in the first 4GB address space. The Java Heap base address is the
#     maximum limit for the native heap growth. Please use -XX:HeapBaseMinAddress
#     to set the Java Heap base and to place the Java Heap above 4GB virtual address.
# This output file may be truncated or incomplete.
#
#  Out of Memory Error (os_windows.cpp:3552), pid=8176, tid=12424
#
# JRE version: Java(TM) SE Runtime Environment (17.0.9+11) (build 17.0.9+11-LTS-201)
# Java VM: Java HotSpot(TM) 64-Bit Server VM (17.0.9+11-LTS-201, mixed mode, sharing, tiered, compressed oops, compressed class ptrs, g1 gc, windows-amd64)
# No core dump will be written. Minidumps are not enabled by default on client versions of Windows
#

---------------  S U M M A R Y ------------

Command Line: -Dclassworlds.conf=C:/apache-maven-3.9.0-bin/apache-maven-3.9.0/bin/m2.conf -Dmaven.home=C:/apache-maven-3.9.0-bin/apache-maven-3.9.0 -Dlibrary.jansi.path=C:/apache-maven-3.9.0-bin/apache-maven-3.9.0/lib/jansi-native -Dmaven.multiModuleProjectDirectory=C:/Users/pc/Desktop/ControleACE/Client org.codehaus.plexus.classworlds.launcher.Launcher clean package

Host: Intel(R) Core(TM) i5-4300U CPU @ 1.90GHz, 4 cores, 7G,  Windows 10 , 64 bit Build 19041 (10.0.19041.3636)
Time: Sat Dec 23 17:25:59 2023 Maroc (heure d64 bit Build 19041 (10.0.19041.3636) elapsed time: 21.820487 seconds (0d 0h 0m 21s)

---------------  T H R E A D  ---------------

Current thread (0x0000026535517150):  VMThread "VM Thread" [stack: 0x000000a478500000,0x000000a478600000] [id=12424]

Stack: [0x000000a478500000,0x000000a478600000]
Native frames: (J=compiled Java code, j=interpreted, Vv=VM code, C=native code)
V  [jvm.dll+0x678a4a]
V  [jvm.dll+0x7d9cfd]
V  [jvm.dll+0x7db60e]
V  [jvm.dll+0x7dbc73]
V  [jvm.dll+0x245e1f]
V  [jvm.dll+0x6758f9]
V  [jvm.dll+0x66a2a2]
V  [jvm.dll+0x303686]
V  [jvm.dll+0x30ac06]
V  [jvm.dll+0x35a48e]
V  [jvm.dll+0x35a6bf]
V  [jvm.dll+0x2da678]
V  [jvm.dll+0x2d8a85]
V  [jvm.dll+0x2d808c]
V  [jvm.dll+0x31b97b]
V  [jvm.dll+0x7e048b]
V  [jvm.dll+0x7e11c4]
V  [jvm.dll+0x7e16dd]
V  [jvm.dll+0x7e1ab4]
V  [jvm.dll+0x7e1b80]
V  [jvm.dll+0x78998a]
V  [jvm.dll+0x677875]
C  [ucrtbase.dll+0x21bb2]
C  [KERNEL32.DLL+0x17344]
C  [ntdll.dll+0x526b1]

VM_Operation (0x000000a477ffc580): G1CollectForAllocation, mode: safepoint, requested by thread 0x0000026517ca5000


---------------  P R O C E S S  ---------------

Threads class SMR info:
_java_thread_list=0x000002657d4fb980, length=12, elements={
0x0000026517ca5000, 0x000002653551bd60, 0x000002653551cbe0, 0x000002653552f700,
0x00000265355301d0, 0x0000026535532ba0, 0x0000026535533560, 0x0000026535534300,
0x00000265355ab220, 0x00000265355ad840, 0x00000265357a4200, 0x00000265357a8710
}

Java Threads: ( => current thread )
  0x0000026517ca5000 JavaThread "main" [_thread_blocked, id=15648, stack(0x000000a477f00000,0x000000a478000000)]
  0x000002653551bd60 JavaThread "Reference Handler" daemon [_thread_blocked, id=2940, stack(0x000000a478600000,0x000000a478700000)]
  0x000002653551cbe0 JavaThread "Finalizer" daemon [_thread_blocked, id=2304, stack(0x000000a478700000,0x000000a478800000)]
  0x000002653552f700 JavaThread "Signal Dispatcher" daemon [_thread_blocked, id=17384, stack(0x000000a478800000,0x000000a478900000)]
  0x00000265355301d0 JavaThread "Attach Listener" daemon [_thread_blocked, id=15828, stack(0x000000a478900000,0x000000a478a00000)]
  0x0000026535532ba0 JavaThread "Service Thread" daemon [_thread_blocked, id=17324, stack(0x000000a478a00000,0x000000a478b00000)]
  0x0000026535533560 JavaThread "Monitor Deflation Thread" daemon [_thread_blocked, id=15276, stack(0x000000a478b00000,0x000000a478c00000)]
  0x0000026535534300 JavaThread "C2 CompilerThread0" daemon [_thread_blocked, id=17172, stack(0x000000a478c00000,0x000000a478d00000)]
  0x00000265355ab220 JavaThread "C1 CompilerThread0" daemon [_thread_blocked, id=16780, stack(0x000000a478d00000,0x000000a478e00000)]
  0x00000265355ad840 JavaThread "Sweeper thread" daemon [_thread_blocked, id=15756, stack(0x000000a478e00000,0x000000a478f00000)]
  0x00000265357a4200 JavaThread "Notification Thread" daemon [_thread_blocked, id=16996, stack(0x000000a478f00000,0x000000a479000000)]
  0x00000265357a8710 JavaThread "Common-Cleaner" daemon [_thread_blocked, id=6292, stack(0x000000a479100000,0x000000a479200000)]

Other Threads:
=>0x0000026535517150 VMThread "VM Thread" [stack: 0x000000a478500000,0x000000a478600000] [id=12424]
  0x0000026517d18210 WatcherThread [stack: 0x000000a479000000,0x000000a479100000] [id=12156]
  0x0000026517d003b0 GCTaskThread "GC Thread#0" [stack: 0x000000a478000000,0x000000a478100000] [id=7900]
  0x000002657b3ff870 GCTaskThread "GC Thread#1" [stack: 0x000000a479200000,0x000000a479300000] [id=14708]
  0x000002657b499600 GCTaskThread "GC Thread#2" [stack: 0x000000a479300000,0x000000a479400000] [id=6184]
  0x000002657b4ed4e0 GCTaskThread "GC Thread#3" [stack: 0x000000a479400000,0x000000a479500000] [id=17656]
  0x0000026517d11000 ConcurrentGCThread "G1 Main Marker" [stack: 0x000000a478100000,0x000000a478200000] [id=11668]
  0x0000026517d121b0 ConcurrentGCThread "G1 Conc#0" [stack: 0x000000a478200000,0x000000a478300000] [id=14440]
  0x00000265353d0090 ConcurrentGCThread "G1 Refine#0" [stack: 0x000000a478300000,0x000000a478400000] [id=1456]
  0x000002657baa5960 ConcurrentGCThread "G1 Refine#1" [stack: 0x000000a479600000,0x000000a479700000] [id=7532]
  0x00000265353d0ac0 ConcurrentGCThread "G1 Service" [stack: 0x000000a478400000,0x000000a478500000] [id=7996]

Threads with active compile tasks:
C2 CompilerThread0    21872 7343   !   4       java.lang.String::replace (258 bytes)

VM state: at safepoint (normal execution)

VM Mutex/Monitor currently owned by a thread:  ([mutex/lock_event])
[0x0000026517ca0680] Threads_lock - owner thread: 0x0000026535517150
[0x0000026517ca16d0] Heap_lock - owner thread: 0x0000026517ca5000

Heap address: 0x0000000081800000, size: 2024 MB, Compressed Oops mode: 32-bit

CDS archive(s) mapped at: [0x0000026536000000-0x0000026536bd0000-0x0000026536bd0000), size 12386304, SharedBaseAddress: 0x0000026536000000, ArchiveRelocationMode: 1.
Compressed class space mapped at: 0x0000026537000000-0x0000026577000000, reserved size: 1073741824
Narrow klass base: 0x0000026536000000, Narrow klass shift: 0, Narrow klass range: 0x100000000

GC Precious Log:
 CPUs: 4 total, 4 available
 Memory: 8089M
 Large Page Support: Disabled
 NUMA Support: Disabled
 Compressed Oops: Enabled (32-bit)
 Heap Region Size: 1M
 Heap Min Capacity: 8M
 Heap Initial Capacity: 128M
 Heap Max Capacity: 2024M
 Pre-touch: Disabled
 Parallel Workers: 4
 Concurrent Workers: 1
 Concurrent Refinement Workers: 4
 Periodic GC: Disabled

Heap:
 garbage-first heap   total 138240K, used 57668K [0x0000000081800000, 0x0000000100000000)
  region size 1024K, 1 young (1024K), 1 survivors (1024K)
 Metaspace       used 29093K, committed 29440K, reserved 1114112K
  class space    used 3307K, committed 3456K, reserved 1048576K

Heap Regions: E=young(eden), S=young(survivor), O=old, HS=humongous(starts), HC=humongous(continues), CS=collection set, F=free, OA=open archive, CA=closed archive, TAMS=top-at-mark-start (previous, next)
|   0|0x0000000081800000, 0x0000000081900000, 0x0000000081900000|100%| O|  |TAMS 0x0000000081900000, 0x0000000081900000| Untracked 
|   1|0x0000000081900000, 0x0000000081a00000, 0x0000000081a00000|100%| O|  |TAMS 0x0000000081a00000, 0x0000000081a00000| Untracked 
|   2|0x0000000081a00000, 0x0000000081b00000, 0x0000000081b00000|100%| O|  |TAMS 0x0000000081b00000, 0x0000000081b00000| Untracked 
|   3|0x0000000081b00000, 0x0000000081c00000, 0x0000000081c00000|100%| O|  |TAMS 0x0000000081c00000, 0x0000000081c00000| Untracked 
|   4|0x0000000081c00000, 0x0000000081d00000, 0x0000000081d00000|100%| O|  |TAMS 0x0000000081d00000, 0x0000000081d00000| Untracked 
|   5|0x0000000081d00000, 0x0000000081e00000, 0x0000000081e00000|100%| O|  |TAMS 0x0000000081e00000, 0x0000000081e00000| Untracked 
|   6|0x0000000081e00000, 0x0000000081f00000, 0x0000000081f00000|100%| O|  |TAMS 0x0000000081f00000, 0x0000000081f00000| Untracked 
|   7|0x0000000081f00000, 0x0000000082000000, 0x0000000082000000|100%| O|  |TAMS 0x0000000082000000, 0x0000000082000000| Untracked 
|   8|0x0000000082000000, 0x0000000082100000, 0x0000000082100000|100%| O|  |TAMS 0x0000000082100000, 0x0000000082100000| Untracked 
|   9|0x0000000082100000, 0x0000000082200000, 0x0000000082200000|100%| O|  |TAMS 0x0000000082200000, 0x0000000082200000| Untracked 
|  10|0x0000000082200000, 0x0000000082300000, 0x0000000082300000|100%| O|  |TAMS 0x0000000082300000, 0x0000000082300000| Untracked 
|  11|0x0000000082300000, 0x0000000082400000, 0x0000000082400000|100%| O|  |TAMS 0x0000000082400000, 0x0000000082400000| Untracked 
|  12|0x0000000082400000, 0x0000000082500000, 0x0000000082500000|100%| O|  |TAMS 0x0000000082500000, 0x0000000082500000| Untracked 
|  13|0x0000000082500000, 0x0000000082600000, 0x0000000082600000|100%| O|  |TAMS 0x0000000082600000, 0x0000000082600000| Untracked 
|  14|0x0000000082600000, 0x0000000082700000, 0x0000000082700000|100%| O|  |TAMS 0x0000000082700000, 0x0000000082700000| Untracked 
|  15|0x0000000082700000, 0x0000000082800000, 0x0000000082800000|100%| O|  |TAMS 0x0000000082700000, 0x0000000082800000| Untracked 
|  16|0x0000000082800000, 0x0000000082900000, 0x0000000082900000|100%| O|  |TAMS 0x0000000082800000, 0x0000000082900000| Untracked 
|  17|0x0000000082900000, 0x0000000082a00000, 0x0000000082a00000|100%|HS|  |TAMS 0x0000000082a00000, 0x0000000082a00000| Complete 
|  18|0x0000000082a00000, 0x0000000082b00000, 0x0000000082b00000|100%| O|  |TAMS 0x0000000082a10200, 0x0000000082b00000| Untracked 
|  19|0x0000000082b00000, 0x0000000082c00000, 0x0000000082c00000|100%| O|  |TAMS 0x0000000082b00000, 0x0000000082c00000| Untracked 
|  20|0x0000000082c00000, 0x0000000082d00000, 0x0000000082d00000|100%|HS|  |TAMS 0x0000000082c00000, 0x0000000082d00000| Complete 
|  21|0x0000000082d00000, 0x0000000082e00000, 0x0000000082e00000|100%| O|  |TAMS 0x0000000082e00000, 0x0000000082e00000| Untracked 
|  22|0x0000000082e00000, 0x0000000082f00000, 0x0000000082f00000|100%|HS|  |TAMS 0x0000000082f00000, 0x0000000082f00000| Complete 
|  23|0x0000000082f00000, 0x0000000083000000, 0x0000000083000000|100%| O|  |TAMS 0x0000000083000000, 0x0000000083000000| Untracked 
|  24|0x0000000083000000, 0x0000000083100000, 0x0000000083100000|100%| O|  |TAMS 0x0000000083000000, 0x0000000083100000| Untracked 
|  25|0x0000000083100000, 0x0000000083200000, 0x0000000083200000|100%| O|  |TAMS 0x0000000083200000, 0x0000000083200000| Untracked 
|  26|0x0000000083200000, 0x0000000083300000, 0x0000000083300000|100%| O|  |TAMS 0x0000000083300000, 0x0000000083300000| Untracked 
|  27|0x0000000083300000, 0x0000000083400000, 0x0000000083400000|100%| O|  |TAMS 0x0000000083400000, 0x0000000083400000| Untracked 
|  28|0x0000000083400000, 0x0000000083500000, 0x0000000083500000|100%| O|  |TAMS 0x0000000083500000, 0x0000000083500000| Untracked 
|  29|0x0000000083500000, 0x0000000083600000, 0x0000000083600000|100%| O|  |TAMS 0x0000000083500000, 0x0000000083600000| Untracked 
|  30|0x0000000083600000, 0x0000000083700000, 0x0000000083700000|100%| O|  |TAMS 0x0000000083700000, 0x0000000083700000| Untracked 
|  31|0x0000000083700000, 0x0000000083800000, 0x0000000083800000|100%|HS|  |TAMS 0x0000000083700000, 0x0000000083800000| Complete 
|  32|0x0000000083800000, 0x0000000083800000, 0x0000000083900000|  0%| F|  |TAMS 0x0000000083800000, 0x0000000083800000| Untracked 
|  33|0x0000000083900000, 0x0000000083a00000, 0x0000000083a00000|100%|HS|  |TAMS 0x0000000083a00000, 0x0000000083a00000| Complete 
|  34|0x0000000083a00000, 0x0000000083b00000, 0x0000000083b00000|100%|HC|  |TAMS 0x0000000083b00000, 0x0000000083b00000| Complete 
|  35|0x0000000083b00000, 0x0000000083c00000, 0x0000000083c00000|100%| O|  |TAMS 0x0000000083c00000, 0x0000000083c00000| Untracked 
|  36|0x0000000083c00000, 0x0000000083d00000, 0x0000000083d00000|100%|HS|  |TAMS 0x0000000083d00000, 0x0000000083d00000| Complete 
|  37|0x0000000083d00000, 0x0000000083e00000, 0x0000000083e00000|100%| O|  |TAMS 0x0000000083d00000, 0x0000000083e00000| Untracked 
|  38|0x0000000083e00000, 0x0000000083f00000, 0x0000000083f00000|100%| O|  |TAMS 0x0000000083e00000, 0x0000000083f00000| Untracked 
|  39|0x0000000083f00000, 0x0000000084000000, 0x0000000084000000|100%| O|  |TAMS 0x0000000083f00000, 0x0000000084000000| Untracked 
|  40|0x0000000084000000, 0x0000000084000000, 0x0000000084100000|  0%| F|  |TAMS 0x0000000084000000, 0x0000000084000000| Untracked 
|  41|0x0000000084100000, 0x0000000084200000, 0x0000000084200000|100%| O|  |TAMS 0x0000000084100000, 0x0000000084200000| Untracked 
|  42|0x0000000084200000, 0x0000000084300000, 0x0000000084300000|100%| O|  |TAMS 0x0000000084300000, 0x0000000084300000| Untracked 
|  43|0x0000000084300000, 0x0000000084400000, 0x0000000084400000|100%| O|  |TAMS 0x0000000084400000, 0x0000000084400000| Untracked 
|  44|0x0000000084400000, 0x0000000084500000, 0x0000000084500000|100%| O|  |TAMS 0x0000000084500000, 0x0000000084500000| Untracked 
|  45|0x0000000084500000, 0x0000000084600000, 0x0000000084600000|100%| O|  |TAMS 0x0000000084600000, 0x0000000084600000| Untracked 
|  46|0x0000000084600000, 0x0000000084700000, 0x0000000084700000|100%| O|  |TAMS 0x0000000084700000, 0x0000000084700000| Untracked 
|  47|0x0000000084700000, 0x0000000084800000, 0x0000000084800000|100%| O|  |TAMS 0x0000000084800000, 0x0000000084800000| Untracked 
|  48|0x0000000084800000, 0x0000000084900000, 0x0000000084900000|100%| O|  |TAMS 0x0000000084900000, 0x0000000084900000| Untracked 
|  49|0x0000000084900000, 0x0000000084a00000, 0x0000000084a00000|100%| O|  |TAMS 0x0000000084a00000, 0x0000000084a00000| Untracked 
|  50|0x0000000084a00000, 0x0000000084b00000, 0x0000000084b00000|100%| O|  |TAMS 0x0000000084b00000, 0x0000000084b00000| Untracked 
|  51|0x0000000084b00000, 0x0000000084c00000, 0x0000000084c00000|100%| O|  |TAMS 0x0000000084c00000, 0x0000000084c00000| Untracked 
|  52|0x0000000084c00000, 0x0000000084d00000, 0x0000000084d00000|100%| O|  |TAMS 0x0000000084d00000, 0x0000000084d00000| Untracked 
|  53|0x0000000084d00000, 0x0000000084e00000, 0x0000000084e00000|100%| O|  |TAMS 0x0000000084d00000, 0x0000000084e00000| Untracked 
|  54|0x0000000084e00000, 0x0000000084e55200, 0x0000000084f00000| 33%| O|  |TAMS 0x0000000084e00000, 0x0000000084e55200| Untracked 
|  55|0x0000000084f00000, 0x0000000084f00000, 0x0000000085000000|  0%| F|  |TAMS 0x0000000084f00000, 0x0000000084f00000| Untracked 
|  56|0x0000000085000000, 0x0000000085000000, 0x0000000085100000|  0%| F|  |TAMS 0x0000000085000000, 0x0000000085000000| Untracked 
|  57|0x0000000085100000, 0x0000000085200000, 0x0000000085200000|100%| O|  |TAMS 0x0000000085200000, 0x0000000085200000| Untracked 
|  58|0x0000000085200000, 0x0000000085300000, 0x0000000085300000|100%| O|  |TAMS 0x0000000085300000, 0x0000000085300000| Untracked 
|  59|0x0000000085300000, 0x0000000085300000, 0x0000000085400000|  0%| F|  |TAMS 0x0000000085300000, 0x0000000085300000| Untracked 
|  60|0x0000000085400000, 0x0000000085400000, 0x0000000085500000|  0%| F|  |TAMS 0x0000000085400000, 0x0000000085400000| Untracked 
|  61|0x0000000085500000, 0x0000000085500000, 0x0000000085600000|  0%| F|  |TAMS 0x0000000085500000, 0x0000000085500000| Untracked 
|  62|0x0000000085600000, 0x0000000085600000, 0x0000000085700000|  0%| F|  |TAMS 0x0000000085600000, 0x0000000085600000| Untracked 
|  63|0x0000000085700000, 0x0000000085700000, 0x0000000085800000|  0%| F|  |TAMS 0x0000000085700000, 0x0000000085700000| Untracked 
|  64|0x0000000085800000, 0x0000000085800000, 0x0000000085900000|  0%| F|  |TAMS 0x0000000085800000, 0x0000000085800000| Untracked 
|  65|0x0000000085900000, 0x0000000085900000, 0x0000000085a00000|  0%| F|  |TAMS 0x0000000085900000, 0x0000000085900000| Untracked 
|  66|0x0000000085a00000, 0x0000000085a00000, 0x0000000085b00000|  0%| F|  |TAMS 0x0000000085a00000, 0x0000000085a00000| Untracked 
|  67|0x0000000085b00000, 0x0000000085b00000, 0x0000000085c00000|  0%| F|  |TAMS 0x0000000085b00000, 0x0000000085b00000| Untracked 
|  68|0x0000000085c00000, 0x0000000085c00000, 0x0000000085d00000|  0%| F|  |TAMS 0x0000000085c00000, 0x0000000085c00000| Untracked 
|  69|0x0000000085d00000, 0x0000000085d00000, 0x0000000085e00000|  0%| F|  |TAMS 0x0000000085d00000, 0x0000000085d00000| Untracked 
|  70|0x0000000085e00000, 0x0000000085e00000, 0x0000000085f00000|  0%| F|  |TAMS 0x0000000085e00000, 0x0000000085e00000| Untracked 
|  71|0x0000000085f00000, 0x0000000085f00000, 0x0000000086000000|  0%| F|  |TAMS 0x0000000085f00000, 0x0000000085f00000| Untracked 
|  72|0x0000000086000000, 0x0000000086000000, 0x0000000086100000|  0%| F|  |TAMS 0x0000000086000000, 0x0000000086000000| Untracked 
|  73|0x0000000086100000, 0x0000000086100000, 0x0000000086200000|  0%| F|  |TAMS 0x0000000086100000, 0x0000000086100000| Untracked 
|  74|0x0000000086200000, 0x0000000086200000, 0x0000000086300000|  0%| F|  |TAMS 0x0000000086200000, 0x0000000086200000| Untracked 
|  75|0x0000000086300000, 0x0000000086300000, 0x0000000086400000|  0%| F|  |TAMS 0x0000000086300000, 0x0000000086300000| Untracked 
|  76|0x0000000086400000, 0x0000000086400000, 0x0000000086500000|  0%| F|  |TAMS 0x0000000086400000, 0x0000000086400000| Untracked 
|  77|0x0000000086500000, 0x0000000086500000, 0x0000000086600000|  0%| F|  |TAMS 0x0000000086500000, 0x0000000086500000| Untracked 
|  78|0x0000000086600000, 0x0000000086600000, 0x0000000086700000|  0%| F|  |TAMS 0x0000000086600000, 0x0000000086600000| Untracked 
|  79|0x0000000086700000, 0x0000000086700000, 0x0000000086800000|  0%| F|  |TAMS 0x0000000086700000, 0x0000000086700000| Untracked 
|  80|0x0000000086800000, 0x0000000086800000, 0x0000000086900000|  0%| F|  |TAMS 0x0000000086800000, 0x0000000086800000| Untracked 
|  81|0x0000000086900000, 0x0000000086900000, 0x0000000086a00000|  0%| F|  |TAMS 0x0000000086900000, 0x0000000086900000| Untracked 
|  82|0x0000000086a00000, 0x0000000086a00000, 0x0000000086b00000|  0%| F|  |TAMS 0x0000000086a00000, 0x0000000086a00000| Untracked 
|  83|0x0000000086b00000, 0x0000000086b00000, 0x0000000086c00000|  0%| F|  |TAMS 0x0000000086b00000, 0x0000000086b00000| Untracked 
|  84|0x0000000086c00000, 0x0000000086c00000, 0x0000000086d00000|  0%| F|  |TAMS 0x0000000086c00000, 0x0000000086c00000| Untracked 
|  85|0x0000000086d00000, 0x0000000086d00000, 0x0000000086e00000|  0%| F|  |TAMS 0x0000000086d00000, 0x0000000086d00000| Untracked 
|  86|0x0000000086e00000, 0x0000000086efbf40, 0x0000000086f00000| 98%| S|CS|TAMS 0x0000000086e00000, 0x0000000086e00000| Complete 
|  87|0x0000000086f00000, 0x0000000086f00000, 0x0000000087000000|  0%| F|  |TAMS 0x0000000086f00000, 0x0000000086f00000| Untracked 
|  88|0x0000000087000000, 0x0000000087000000, 0x0000000087100000|  0%| F|  |TAMS 0x0000000087000000, 0x0000000087000000| Untracked 
|  89|0x0000000087100000, 0x0000000087100000, 0x0000000087200000|  0%| F|  |TAMS 0x0000000087100000, 0x0000000087100000| Untracked 
|  90|0x0000000087200000, 0x0000000087200000, 0x0000000087300000|  0%| F|  |TAMS 0x0000000087200000, 0x0000000087200000| Untracked 
|  91|0x0000000087300000, 0x0000000087300000, 0x0000000087400000|  0%| F|  |TAMS 0x0000000087300000, 0x0000000087300000| Untracked 
|  92|0x0000000087400000, 0x0000000087400000, 0x0000000087500000|  0%| F|  |TAMS 0x0000000087400000, 0x0000000087400000| Untracked 
|  93|0x0000000087500000, 0x0000000087500000, 0x0000000087600000|  0%| F|  |TAMS 0x0000000087500000, 0x0000000087500000| Untracked 
|  94|0x0000000087600000, 0x0000000087600000, 0x0000000087700000|  0%| F|  |TAMS 0x0000000087600000, 0x0000000087600000| Untracked 
|  95|0x0000000087700000, 0x0000000087700000, 0x0000000087800000|  0%| F|  |TAMS 0x0000000087700000, 0x0000000087700000| Untracked 
|  96|0x0000000087800000, 0x0000000087800000, 0x0000000087900000|  0%| F|  |TAMS 0x0000000087800000, 0x0000000087800000| Untracked 
|  97|0x0000000087900000, 0x0000000087900000, 0x0000000087a00000|  0%| F|  |TAMS 0x0000000087900000, 0x0000000087900000| Untracked 
|  98|0x0000000087a00000, 0x0000000087a00000, 0x0000000087b00000|  0%| F|  |TAMS 0x0000000087a00000, 0x0000000087a00000| Untracked 
|  99|0x0000000087b00000, 0x0000000087b00000, 0x0000000087c00000|  0%| F|  |TAMS 0x0000000087b00000, 0x0000000087b00000| Untracked 
| 100|0x0000000087c00000, 0x0000000087c00000, 0x0000000087d00000|  0%| F|  |TAMS 0x0000000087c00000, 0x0000000087c00000| Untracked 
| 101|0x0000000087d00000, 0x0000000087d00000, 0x0000000087e00000|  0%| F|  |TAMS 0x0000000087d00000, 0x0000000087d00000| Untracked 
| 102|0x0000000087e00000, 0x0000000087e00000, 0x0000000087f00000|  0%| F|  |TAMS 0x0000000087e00000, 0x0000000087e00000| Untracked 
| 103|0x0000000087f00000, 0x0000000087f00000, 0x0000000088000000|  0%| F|  |TAMS 0x0000000087f00000, 0x0000000087f00000| Untracked 
| 104|0x0000000088000000, 0x0000000088000000, 0x0000000088100000|  0%| F|  |TAMS 0x0000000088000000, 0x0000000088000000| Untracked 
| 105|0x0000000088100000, 0x0000000088100000, 0x0000000088200000|  0%| F|  |TAMS 0x0000000088100000, 0x0000000088100000| Untracked 
| 106|0x0000000088200000, 0x0000000088200000, 0x0000000088300000|  0%| F|  |TAMS 0x0000000088200000, 0x0000000088200000| Untracked 
| 107|0x0000000088300000, 0x0000000088300000, 0x0000000088400000|  0%| F|  |TAMS 0x0000000088300000, 0x0000000088300000| Untracked 
| 108|0x0000000088400000, 0x0000000088400000, 0x0000000088500000|  0%| F|  |TAMS 0x0000000088400000, 0x0000000088400000| Untracked 
| 109|0x0000000088500000, 0x0000000088500000, 0x0000000088600000|  0%| F|  |TAMS 0x0000000088500000, 0x0000000088500000| Untracked 
| 110|0x0000000088600000, 0x0000000088600000, 0x0000000088700000|  0%| F|  |TAMS 0x0000000088600000, 0x0000000088600000| Untracked 
| 111|0x0000000088700000, 0x0000000088700000, 0x0000000088800000|  0%| F|  |TAMS 0x0000000088700000, 0x0000000088700000| Untracked 
| 112|0x0000000088800000, 0x0000000088800000, 0x0000000088900000|  0%| F|  |TAMS 0x0000000088800000, 0x0000000088800000| Untracked 
| 113|0x0000000088900000, 0x0000000088900000, 0x0000000088a00000|  0%| F|  |TAMS 0x0000000088900000, 0x0000000088900000| Untracked 
| 114|0x0000000088a00000, 0x0000000088a00000, 0x0000000088b00000|  0%| F|  |TAMS 0x0000000088a00000, 0x0000000088a00000| Untracked 
| 115|0x0000000088b00000, 0x0000000088b00000, 0x0000000088c00000|  0%| F|  |TAMS 0x0000000088b00000, 0x0000000088b00000| Untracked 
| 116|0x0000000088c00000, 0x0000000088c00000, 0x0000000088d00000|  0%| F|  |TAMS 0x0000000088c00000, 0x0000000088c00000| Untracked 
| 117|0x0000000088d00000, 0x0000000088d00000, 0x0000000088e00000|  0%| F|  |TAMS 0x0000000088d00000, 0x0000000088d00000| Untracked 
| 118|0x0000000088e00000, 0x0000000088e00000, 0x0000000088f00000|  0%| F|  |TAMS 0x0000000088e00000, 0x0000000088e00000| Untracked 
| 119|0x0000000088f00000, 0x0000000088f00000, 0x0000000089000000|  0%| F|  |TAMS 0x0000000088f00000, 0x0000000088f00000| Untracked 
| 120|0x0000000089000000, 0x0000000089000000, 0x0000000089100000|  0%| F|  |TAMS 0x0000000089000000, 0x0000000089000000| Untracked 
| 121|0x0000000089100000, 0x0000000089100000, 0x0000000089200000|  0%| F|  |TAMS 0x0000000089100000, 0x0000000089100000| Untracked 
| 122|0x0000000089200000, 0x0000000089200000, 0x0000000089300000|  0%| F|  |TAMS 0x0000000089200000, 0x0000000089200000| Untracked 
| 123|0x0000000089300000, 0x0000000089300000, 0x0000000089400000|  0%| F|  |TAMS 0x0000000089300000, 0x0000000089300000| Untracked 
| 124|0x0000000089400000, 0x0000000089400000, 0x0000000089500000|  0%| F|  |TAMS 0x0000000089400000, 0x0000000089400000| Untracked 
| 125|0x0000000089500000, 0x0000000089500000, 0x0000000089600000|  0%| F|  |TAMS 0x0000000089500000, 0x0000000089500000| Untracked 
| 126|0x0000000089600000, 0x0000000089600000, 0x0000000089700000|  0%| F|  |TAMS 0x0000000089600000, 0x0000000089600000| Untracked 
| 127|0x0000000089700000, 0x0000000089700000, 0x0000000089800000|  0%| F|  |TAMS 0x0000000089700000, 0x0000000089700000| Untracked 
|2017|0x00000000ff900000, 0x00000000ffa00000, 0x00000000ffa00000|100%| O|  |TAMS 0x00000000ffa00000, 0x00000000ffa00000| Untracked 
|2018|0x00000000ffa00000, 0x00000000ffa00000, 0x00000000ffb00000|  0%| F|  |TAMS 0x00000000ffa00000, 0x00000000ffa00000| Untracked 
|2019|0x00000000ffb00000, 0x00000000ffb00000, 0x00000000ffc00000|  0%| F|  |TAMS 0x00000000ffb00000, 0x00000000ffb00000| Untracked 
|2020|0x00000000ffc00000, 0x00000000ffc00000, 0x00000000ffd00000|  0%| F|  |TAMS 0x00000000ffc00000, 0x00000000ffc00000| Untracked 
|2021|0x00000000ffd00000, 0x00000000ffd00000, 0x00000000ffe00000|  0%| F|  |TAMS 0x00000000ffd00000, 0x00000000ffd00000| Untracked 
|2022|0x00000000ffe00000, 0x00000000ffe00000, 0x00000000fff00000|  0%| F|  |TAMS 0x00000000ffe00000, 0x00000000ffe00000| Untracked 
|2023|0x00000000fff00000, 0x00000000fff00000, 0x0000000100000000|  0%| F|  |TAMS 0x00000000fff00000, 0x00000000fff00000| Untracked 

Card table byte_map: [0x000002652e950000,0x000002652ed50000] _byte_map_base: 0x000002652e544000

Marking Bits (Prev, Next): (CMBitMap*) 0x0000026517d00a10, (CMBitMap*) 0x0000026517d009d0
 Prev Bits: [0x00000265310f0000, 0x0000026533090000)
 Next Bits: [0x000002652f150000, 0x00000265310f0000)

Polling page: 0x0000026515c00000

Metaspace:

Usage:
  Non-class:     25.18 MB used.
      Class:      3.23 MB used.
       Both:     28.41 MB used.

Virtual space:
  Non-class space:       64.00 MB reserved,      25.38 MB ( 40%) committed,  1 nodes.
      Class space:        1.00 GB reserved,       3.38 MB ( <1%) committed,  1 nodes.
             Both:        1.06 GB reserved,      28.75 MB (  3%) committed. 

Chunk freelists:
   Non-Class:  6.48 MB
       Class:  12.57 MB
        Both:  19.05 MB

MaxMetaspaceSize: unlimited
CompressedClassSpaceSize: 1.00 GB
Initial GC threshold: 21.00 MB
Current GC threshold: 49.06 MB
CDS: on
MetaspaceReclaimPolicy: balanced
 - commit_granule_bytes: 65536.
 - commit_granule_words: 8192.
 - virtual_space_node_default_size: 8388608.
 - enlarge_chunks_in_place: 1.
 - new_chunks_are_fully_committed: 0.
 - uncommit_free_chunks: 1.
 - use_allocation_guard: 0.
 - handle_deallocations: 1.


Internal statistics:

num_allocs_failed_limit: 3.
num_arena_births: 244.
num_arena_deaths: 8.
num_vsnodes_births: 2.
num_vsnodes_deaths: 0.
num_space_committed: 478.
num_space_uncommitted: 18.
num_chunks_returned_to_freelist: 102.
num_chunks_taken_from_freelist: 1432.
num_chunk_merges: 24.
num_chunk_splits: 934.
num_chunks_enlarged: 707.
num_inconsistent_stats: 0.

CodeHeap 'non-profiled nmethods': size=120000Kb used=3670Kb max_used=3670Kb free=116329Kb
 bounds [0x0000026527020000, 0x00000265273c0000, 0x000002652e550000]
CodeHeap 'profiled nmethods': size=120000Kb used=14720Kb max_used=14720Kb free=105279Kb
 bounds [0x000002651f550000, 0x00000265203c0000, 0x0000026526a80000]
CodeHeap 'non-nmethods': size=5760Kb used=1218Kb max_used=1264Kb free=4541Kb
 bounds [0x0000026526a80000, 0x0000026526cf0000, 0x0000026527020000]
 total_blobs=6987 nmethods=6465 adapters=434
 compilation: enabled
              stopped_count=0, restarted_count=0
 full_count=0

Compilation events (20 events):
Event: 21.721 Thread 0x00000265355ab220 7339       3       java.lang.reflect.Method::getExceptionTypes (11 bytes)
Event: 21.722 Thread 0x00000265355ab220 nmethod 7339 0x00000265203b1590 code [0x00000265203b1740, 0x00000265203b1a08]
Event: 21.722 Thread 0x00000265355ab220 7340       3       jdk.internal.org.objectweb.asm.SymbolTable::hash (7 bytes)
Event: 21.722 Thread 0x00000265355ab220 nmethod 7340 0x000002651f710790 code [0x000002651f710920, 0x000002651f710a18]
Event: 21.753 Thread 0x0000026535534300 nmethod 7273 0x00000265273ac510 code [0x00000265273ac9a0, 0x00000265273b0f88]
Event: 21.754 Thread 0x0000026535534300 7336 %     4       sun.net.www.ParseUtil::firstEncodeIndex @ 7 (86 bytes)
Event: 21.759 Thread 0x0000026535534300 nmethod 7336% 0x00000265273b4310 code [0x00000265273b44a0, 0x00000265273b4728]
Event: 21.759 Thread 0x0000026535534300 7335       4       java.util.zip.ZipInputStream::readFully (44 bytes)
Event: 21.764 Thread 0x0000026535534300 nmethod 7335 0x00000265273b4990 code [0x00000265273b4b20, 0x00000265273b4e98]
Event: 21.767 Thread 0x0000026535534300 7341       4       sun.net.www.ParseUtil::firstEncodeIndex (86 bytes)
Event: 21.769 Thread 0x00000265355ab220 7342       3       java.lang.WeakPairMap$Pair::equals (34 bytes)
Event: 21.770 Thread 0x00000265355ab220 nmethod 7342 0x00000265203b1b10 code [0x00000265203b1cc0, 0x00000265203b2058]
Event: 21.771 Thread 0x0000026535534300 nmethod 7341 0x00000265273b5210 code [0x00000265273b53a0, 0x00000265273b5648]
Event: 21.780 Thread 0x0000026535534300 7343   !   4       java.lang.String::replace (258 bytes)
Event: 21.792 Thread 0x00000265355ab220 7345       3       sun.reflect.generics.parser.SignatureParser::parseSuperInterfaces (51 bytes)
Event: 21.792 Thread 0x00000265355ab220 nmethod 7345 0x00000265203b2190 code [0x00000265203b23c0, 0x00000265203b2da8]
Event: 21.792 Thread 0x00000265355ab220 7346       3       sun.reflect.generics.tree.ClassSignature::make (11 bytes)
Event: 21.793 Thread 0x00000265355ab220 nmethod 7346 0x00000265203b3090 code [0x00000265203b3240, 0x00000265203b3558]
Event: 21.793 Thread 0x00000265355ab220 7347       3       sun.reflect.generics.tree.ClassSignature::<init> (20 bytes)
Event: 21.793 Thread 0x00000265355ab220 nmethod 7347 0x00000265203b3690 code [0x00000265203b3840, 0x00000265203b3ab8]

GC Heap History (20 events):
Event: 12.314 GC heap after
{Heap after GC invocations=9 (full 0):
 garbage-first heap   total 96256K, used 43008K [0x0000000081800000, 0x0000000100000000)
  region size 1024K, 1 young (1024K), 1 survivors (1024K)
 Metaspace       used 25083K, committed 25408K, reserved 1114112K
  class space    used 2880K, committed 3072K, reserved 1048576K
}
Event: 14.530 GC heap before
{Heap before GC invocations=9 (full 0):
 garbage-first heap   total 96256K, used 69632K [0x0000000081800000, 0x0000000100000000)
  region size 1024K, 28 young (28672K), 1 survivors (1024K)
 Metaspace       used 26507K, committed 26816K, reserved 1114112K
  class space    used 3030K, committed 3200K, reserved 1048576K
}
Event: 14.542 GC heap after
{Heap after GC invocations=10 (full 0):
 garbage-first heap   total 96256K, used 45404K [0x0000000081800000, 0x0000000100000000)
  region size 1024K, 4 young (4096K), 4 survivors (4096K)
 Metaspace       used 26507K, committed 26816K, reserved 1114112K
  class space    used 3030K, committed 3200K, reserved 1048576K
}
Event: 16.472 GC heap before
{Heap before GC invocations=10 (full 0):
 garbage-first heap   total 96256K, used 69980K [0x0000000081800000, 0x0000000100000000)
  region size 1024K, 29 young (29696K), 4 survivors (4096K)
 Metaspace       used 27980K, committed 28352K, reserved 1114112K
  class space    used 3195K, committed 3392K, reserved 1048576K
}
Event: 16.482 GC heap after
{Heap after GC invocations=11 (full 0):
 garbage-first heap   total 96256K, used 46243K [0x0000000081800000, 0x0000000100000000)
  region size 1024K, 1 young (1024K), 1 survivors (1024K)
 Metaspace       used 27980K, committed 28352K, reserved 1114112K
  class space    used 3195K, committed 3392K, reserved 1048576K
}
Event: 18.457 GC heap before
{Heap before GC invocations=11 (full 0):
 garbage-first heap   total 96256K, used 71843K [0x0000000081800000, 0x0000000100000000)
  region size 1024K, 27 young (27648K), 1 survivors (1024K)
 Metaspace       used 29782K, committed 30144K, reserved 1114112K
  class space    used 3409K, committed 3584K, reserved 1048576K
}
Event: 18.469 GC heap after
{Heap after GC invocations=12 (full 0):
 garbage-first heap   total 96256K, used 46227K [0x0000000081800000, 0x0000000100000000)
  region size 1024K, 3 young (3072K), 3 survivors (3072K)
 Metaspace       used 29782K, committed 30144K, reserved 1114112K
  class space    used 3409K, committed 3584K, reserved 1048576K
}
Event: 19.733 GC heap before
{Heap before GC invocations=13 (full 0):
 garbage-first heap   total 96256K, used 80019K [0x0000000081800000, 0x0000000100000000)
  region size 1024K, 30 young (30720K), 3 survivors (3072K)
 Metaspace       used 29851K, committed 30208K, reserved 1114112K
  class space    used 3409K, committed 3584K, reserved 1048576K
}
Event: 19.756 GC heap after
{Heap after GC invocations=14 (full 0):
 garbage-first heap   total 96256K, used 61931K [0x0000000081800000, 0x0000000100000000)
  region size 1024K, 4 young (4096K), 4 survivors (4096K)
 Metaspace       used 29851K, committed 30208K, reserved 1114112K
  class space    used 3409K, committed 3584K, reserved 1048576K
}
Event: 19.764 GC heap before
{Heap before GC invocations=14 (full 0):
 garbage-first heap   total 96256K, used 61931K [0x0000000081800000, 0x0000000100000000)
  region size 1024K, 5 young (5120K), 4 survivors (4096K)
 Metaspace       used 29851K, committed 30208K, reserved 1114112K
  class space    used 3409K, committed 3584K, reserved 1048576K
}
Event: 19.775 GC heap after
{Heap after GC invocations=15 (full 0):
 garbage-first heap   total 115712K, used 53713K [0x0000000081800000, 0x0000000100000000)
  region size 1024K, 1 young (1024K), 1 survivors (1024K)
 Metaspace       used 29851K, committed 30208K, reserved 1114112K
  class space    used 3409K, committed 3584K, reserved 1048576K
}
Event: 19.889 GC heap before
{Heap before GC invocations=15 (full 0):
 garbage-first heap   total 115712K, used 57809K [0x0000000081800000, 0x0000000100000000)
  region size 1024K, 5 young (5120K), 1 survivors (1024K)
 Metaspace       used 29858K, committed 30208K, reserved 1114112K
  class space    used 3409K, committed 3584K, reserved 1048576K
}
Event: 19.894 GC heap after
{Heap after GC invocations=16 (full 0):
 garbage-first heap   total 115712K, used 53190K [0x0000000081800000, 0x0000000100000000)
  region size 1024K, 1 young (1024K), 1 survivors (1024K)
 Metaspace       used 29858K, committed 30208K, reserved 1114112K
  class space    used 3409K, committed 3584K, reserved 1048576K
}
Event: 20.113 GC heap before
{Heap before GC invocations=16 (full 0):
 garbage-first heap   total 115712K, used 57286K [0x0000000081800000, 0x0000000100000000)
  region size 1024K, 6 young (6144K), 1 survivors (1024K)
 Metaspace       used 29858K, committed 30208K, reserved 1114112K
  class space    used 3409K, committed 3584K, reserved 1048576K
}
Event: 20.117 GC heap after
{Heap after GC invocations=17 (full 0):
 garbage-first heap   total 115712K, used 54720K [0x0000000081800000, 0x0000000100000000)
  region size 1024K, 3 young (3072K), 3 survivors (3072K)
 Metaspace       used 29858K, committed 30208K, reserved 1114112K
  class space    used 3409K, committed 3584K, reserved 1048576K
}
Event: 20.824 GC heap before
{Heap before GC invocations=18 (full 0):
 garbage-first heap   total 115712K, used 77248K [0x0000000081800000, 0x0000000100000000)
  region size 1024K, 28 young (28672K), 3 survivors (3072K)
 Metaspace       used 28126K, committed 29056K, reserved 1114112K
  class space    used 3195K, committed 3456K, reserved 1048576K
}
Event: 20.843 GC heap after
{Heap after GC invocations=19 (full 0):
 garbage-first heap   total 115712K, used 60635K [0x0000000081800000, 0x0000000100000000)
  region size 1024K, 4 young (4096K), 4 survivors (4096K)
 Metaspace       used 28126K, committed 29056K, reserved 1114112K
  class space    used 3195K, committed 3456K, reserved 1048576K
}
Event: 20.869 GC heap before
{Heap before GC invocations=19 (full 0):
 garbage-first heap   total 115712K, used 61659K [0x0000000081800000, 0x0000000100000000)
  region size 1024K, 5 young (5120K), 4 survivors (4096K)
 Metaspace       used 28133K, committed 29056K, reserved 1114112K
  class space    used 3195K, committed 3456K, reserved 1048576K
}
Event: 20.880 GC heap after
{Heap after GC invocations=20 (full 0):
 garbage-first heap   total 115712K, used 56247K [0x0000000081800000, 0x0000000100000000)
  region size 1024K, 1 young (1024K), 1 survivors (1024K)
 Metaspace       used 28133K, committed 29056K, reserved 1114112K
  class space    used 3195K, committed 3456K, reserved 1048576K
}
Event: 21.794 GC heap before
{Heap before GC invocations=20 (full 0):
 garbage-first heap   total 115712K, used 80823K [0x0000000081800000, 0x0000000100000000)
  region size 1024K, 25 young (25600K), 1 survivors (1024K)
 Metaspace       used 29093K, committed 29440K, reserved 1114112K
  class space    used 3307K, committed 3456K, reserved 1048576K
}

Deoptimization events (20 events):
Event: 20.935 Thread 0x0000026517ca5000 DEOPT PACKING pc=0x000002651f561cd9 sp=0x000000a477ff8430
Event: 20.935 Thread 0x0000026517ca5000 DEOPT UNPACKING pc=0x0000026526ad2b43 sp=0x000000a477ff7928 mode 0
Event: 21.108 Thread 0x0000026517ca5000 DEOPT PACKING pc=0x000002651f561cd9 sp=0x000000a477ffc440
Event: 21.108 Thread 0x0000026517ca5000 DEOPT UNPACKING pc=0x0000026526ad2b43 sp=0x000000a477ffb938 mode 0
Event: 21.270 Thread 0x0000026517ca5000 DEOPT PACKING pc=0x000002651f561cd9 sp=0x000000a477ff8d70
Event: 21.270 Thread 0x0000026517ca5000 DEOPT UNPACKING pc=0x0000026526ad2b43 sp=0x000000a477ff8268 mode 0
Event: 21.362 Thread 0x0000026517ca5000 DEOPT PACKING pc=0x000002651f561cd9 sp=0x000000a477ff8ba0
Event: 21.362 Thread 0x0000026517ca5000 DEOPT UNPACKING pc=0x0000026526ad2b43 sp=0x000000a477ff8098 mode 0
Event: 21.417 Thread 0x0000026517ca5000 DEOPT PACKING pc=0x000002651f561cd9 sp=0x000000a477ff8e40
Event: 21.417 Thread 0x0000026517ca5000 DEOPT UNPACKING pc=0x0000026526ad2b43 sp=0x000000a477ff8338 mode 0
Event: 21.434 Thread 0x0000026517ca5000 DEOPT PACKING pc=0x000002652039df55 sp=0x000000a477ff9030
Event: 21.434 Thread 0x0000026517ca5000 DEOPT UNPACKING pc=0x0000026526ad2b43 sp=0x000000a477ff84e0 mode 0
Event: 21.453 Thread 0x0000026517ca5000 DEOPT PACKING pc=0x000002652039df55 sp=0x000000a477ffb400
Event: 21.453 Thread 0x0000026517ca5000 DEOPT UNPACKING pc=0x0000026526ad2b43 sp=0x000000a477ffa8b0 mode 0
Event: 21.471 Thread 0x0000026517ca5000 DEOPT PACKING pc=0x000002652039df55 sp=0x000000a477ffbd90
Event: 21.471 Thread 0x0000026517ca5000 DEOPT UNPACKING pc=0x0000026526ad2b43 sp=0x000000a477ffb240 mode 0
Event: 21.482 Thread 0x0000026517ca5000 DEOPT PACKING pc=0x000002652039df55 sp=0x000000a477ffb910
Event: 21.482 Thread 0x0000026517ca5000 DEOPT UNPACKING pc=0x0000026526ad2b43 sp=0x000000a477ffadc0 mode 0
Event: 21.494 Thread 0x0000026517ca5000 DEOPT PACKING pc=0x000002652039df55 sp=0x000000a477ffc500
Event: 21.494 Thread 0x0000026517ca5000 DEOPT UNPACKING pc=0x0000026526ad2b43 sp=0x000000a477ffb9b0 mode 0

Classes unloaded (20 events):
Event: 20.215 Thread 0x0000026535517150 Unloading class 0x000002653731e7c8 'lombok/javac/apt/MessagerDiagnosticsReceiver'
Event: 20.215 Thread 0x0000026535517150 Unloading class 0x000002653731e420 'lombok/javac/apt/InterceptingJavaFileManager'
Event: 20.215 Thread 0x0000026535517150 Unloading class 0x000002653731e218 'lombok/permit/dummy/Parent'
Event: 20.215 Thread 0x0000026535517150 Unloading class 0x000002653731e000 'lombok/core/CleanupRegistry'
Event: 20.215 Thread 0x0000026535517150 Unloading class 0x000002653731dde0 'lombok/permit/Permit$Fake'
Event: 20.215 Thread 0x0000026535517150 Unloading class 0x000002653731dbe0 'lombok/permit/Permit'
Event: 20.215 Thread 0x0000026535517150 Unloading class 0x000002653731d8f8 'lombok/javac/apt/LombokProcessor$1'
Event: 20.215 Thread 0x0000026535517150 Unloading class 0x000002653731d700 'lombok/core/DiagnosticsReceiver'
Event: 20.215 Thread 0x0000026535517150 Unloading class 0x000002653731d468 'lombok/javac/apt/LombokProcessor'
Event: 20.215 Thread 0x0000026535517150 Unloading class 0x000002653731d238 'lombok/core/AnnotationProcessor$EcjDescriptor'
Event: 20.215 Thread 0x0000026535517150 Unloading class 0x000002653731d000 'lombok/core/AnnotationProcessor$JavacDescriptor'
Event: 20.215 Thread 0x0000026535517150 Unloading class 0x000002653731ca80 'lombok/core/AnnotationProcessor$ProcessorDescriptor'
Event: 20.215 Thread 0x0000026535517150 Unloading class 0x000002653731c800 'lombok/core/AnnotationProcessor'
Event: 20.215 Thread 0x0000026535517150 Unloading class 0x0000026537351c00 'lombok/launch/AnnotationProcessorHider$ClaimingProcessor'
Event: 20.215 Thread 0x0000026535517150 Unloading class 0x000002653731c498 'lombok/launch/AnnotationProcessorHider$AstModificationNotifierData'
Event: 20.215 Thread 0x0000026535517150 Unloading class 0x000002653731c218 'lombok/launch/ClassFileMetaData'
Event: 20.215 Thread 0x0000026535517150 Unloading class 0x000002653731c000 'lombok/launch/PackageShader'
Event: 20.215 Thread 0x0000026535517150 Unloading class 0x00000265372f8480 'lombok/launch/ShadowClassLoader'
Event: 20.215 Thread 0x0000026535517150 Unloading class 0x00000265372f8280 'lombok/launch/Main'
Event: 20.215 Thread 0x0000026535517150 Unloading class 0x00000265372f8000 'lombok/launch/AnnotationProcessorHider$AnnotationProcessor'

Classes redefined (0 events):
No events

Internal exceptions (20 events):
Event: 20.899 Thread 0x0000026517ca5000 Exception <a 'sun/nio/fs/WindowsException'{0x00000000fff7f038}> (0x00000000fff7f038) 
thrown [s\open\src\hotspot\share\prims\jni.cpp, line 516]
Event: 20.899 Thread 0x0000026517ca5000 Exception <a 'sun/nio/fs/WindowsException'{0x00000000fff7f388}> (0x00000000fff7f388) 
thrown [s\open\src\hotspot\share\prims\jni.cpp, line 516]
Event: 20.899 Thread 0x0000026517ca5000 Exception <a 'sun/nio/fs/WindowsException'{0x00000000fff80530}> (0x00000000fff80530) 
thrown [s\open\src\hotspot\share\prims\jni.cpp, line 516]
Event: 20.899 Thread 0x0000026517ca5000 Exception <a 'sun/nio/fs/WindowsException'{0x00000000fff80860}> (0x00000000fff80860) 
thrown [s\open\src\hotspot\share\prims\jni.cpp, line 516]
Event: 20.900 Thread 0x0000026517ca5000 Exception <a 'sun/nio/fs/WindowsException'{0x00000000fff888d0}> (0x00000000fff888d0) 
thrown [s\open\src\hotspot\share\prims\jni.cpp, line 516]
Event: 20.900 Thread 0x0000026517ca5000 Exception <a 'sun/nio/fs/WindowsException'{0x00000000fff88bb8}> (0x00000000fff88bb8) 
thrown [s\open\src\hotspot\share\prims\jni.cpp, line 516]
Event: 20.900 Thread 0x0000026517ca5000 Exception <a 'sun/nio/fs/WindowsException'{0x00000000fffa1078}> (0x00000000fffa1078) 
thrown [s\open\src\hotspot\share\prims\jni.cpp, line 516]
Event: 20.900 Thread 0x0000026517ca5000 Exception <a 'sun/nio/fs/WindowsException'{0x00000000fffa13a8}> (0x00000000fffa13a8) 
thrown [s\open\src\hotspot\share\prims\jni.cpp, line 516]
Event: 20.901 Thread 0x0000026517ca5000 Exception <a 'sun/nio/fs/WindowsException'{0x00000000fffa2610}> (0x00000000fffa2610) 
thrown [s\open\src\hotspot\share\prims\jni.cpp, line 516]
Event: 20.901 Thread 0x0000026517ca5000 Exception <a 'sun/nio/fs/WindowsException'{0x00000000fffa2a00}> (0x00000000fffa2a00) 
thrown [s\open\src\hotspot\share\prims\jni.cpp, line 516]
Event: 20.901 Thread 0x0000026517ca5000 Exception <a 'sun/nio/fs/WindowsException'{0x00000000fffa5a58}> (0x00000000fffa5a58) 
thrown [s\open\src\hotspot\share\prims\jni.cpp, line 516]
Event: 20.901 Thread 0x0000026517ca5000 Exception <a 'sun/nio/fs/WindowsException'{0x00000000fffa5db8}> (0x00000000fffa5db8) 
thrown [s\open\src\hotspot\share\prims\jni.cpp, line 516]
Event: 20.902 Thread 0x0000026517ca5000 Exception <a 'sun/nio/fs/WindowsException'{0x00000000fffa6f88}> (0x00000000fffa6f88) 
thrown [s\open\src\hotspot\share\prims\jni.cpp, line 516]
Event: 20.902 Thread 0x0000026517ca5000 Exception <a 'sun/nio/fs/WindowsException'{0x00000000fffa72d8}> (0x00000000fffa72d8) 
thrown [s\open\src\hotspot\share\prims\jni.cpp, line 516]
Event: 20.902 Thread 0x0000026517ca5000 Exception <a 'sun/nio/fs/WindowsException'{0x00000000fffb3940}> (0x00000000fffb3940) 
thrown [s\open\src\hotspot\share\prims\jni.cpp, line 516]
Event: 20.902 Thread 0x0000026517ca5000 Exception <a 'sun/nio/fs/WindowsException'{0x00000000fffb3c40}> (0x00000000fffb3c40) 
thrown [s\open\src\hotspot\share\prims\jni.cpp, line 516]
Event: 20.903 Thread 0x0000026517ca5000 Exception <a 'sun/nio/fs/WindowsException'{0x00000000fffda8f0}> (0x00000000fffda8f0) 
thrown [s\open\src\hotspot\share\prims\jni.cpp, line 516]
Event: 20.903 Thread 0x0000026517ca5000 Exception <a 'sun/nio/fs/WindowsException'{0x00000000fffdac38}> (0x00000000fffdac38) 
thrown [s\open\src\hotspot\share\prims\jni.cpp, line 516]
Event: 20.904 Thread 0x0000026517ca5000 Exception <a 'sun/nio/fs/WindowsException'{0x00000000fffdbec8}> (0x00000000fffdbec8) 
thrown [s\open\src\hotspot\share\prims\jni.cpp, line 516]
Event: 20.904 Thread 0x0000026517ca5000 Exception <a 'sun/nio/fs/WindowsException'{0x00000000fffdc2d8}> (0x00000000fffdc2d8) 
thrown [s\open\src\hotspot\share\prims\jni.cpp, line 516]

VM Operations (20 events):
Event: 19.625 Executing VM operation: Cleanup done
Event: 19.733 Executing VM operation: G1CollectForAllocation
Event: 19.756 Executing VM operation: G1CollectForAllocation done
Event: 19.764 Executing VM operation: G1CollectForAllocation
Event: 19.775 Executing VM operation: G1CollectForAllocation done
Event: 19.889 Executing VM operation: G1CollectForAllocation
Event: 19.894 Executing VM operation: G1CollectForAllocation done
Event: 20.113 Executing VM operation: G1TryInitiateConcMark
Event: 20.117 Executing VM operation: G1TryInitiateConcMark done
Event: 20.211 Executing VM operation: G1Concurrent
Event: 20.233 Executing VM operation: G1Concurrent done
Event: 20.233 Executing VM operation: HandshakeAllThreads
Event: 20.235 Executing VM operation: HandshakeAllThreads done
Event: 20.273 Executing VM operation: G1Concurrent
Event: 20.273 Executing VM operation: G1Concurrent done
Event: 20.824 Executing VM operation: G1CollectForAllocation
Event: 20.843 Executing VM operation: G1CollectForAllocation done
Event: 20.869 Executing VM operation: G1CollectForAllocation
Event: 20.880 Executing VM operation: G1CollectForAllocation done
Event: 21.794 Executing VM operation: G1CollectForAllocation

Events (20 events):
Event: 17.084 loading class java/util/EnumMap$EntryIterator$Entry
Event: 17.110 loading class java/util/EnumMap$EntryIterator$Entry done
Event: 17.290 loading class java/util/function/ToIntBiFunction
Event: 17.319 loading class java/util/function/ToIntBiFunction done
Event: 17.322 loading class java/io/DataOutputStream
Event: 17.322 loading class java/io/DataOutputStream done
Event: 17.339 loading class java/nio/file/Path$1
Event: 17.339 loading class java/nio/file/Path$1 done
Event: 17.975 loading class java/util/EnumMap$Values
Event: 18.009 loading class java/util/EnumMap$Values done
Event: 18.010 loading class java/util/EnumMap$ValueIterator
Event: 18.013 loading class java/util/EnumMap$ValueIterator done
Event: 18.021 loading class java/util/WeakHashMap$KeyIterator
Event: 18.021 loading class java/util/WeakHashMap$KeyIterator done
Event: 20.243 Thread 0x00000265355ad840 flushing nmethod 0x000002651fc18c90
Event: 20.247 Thread 0x00000265355ad840 flushing nmethod 0x0000026520062990
Event: 20.248 Thread 0x00000265355ad840 flushing nmethod 0x00000265200a0790
Event: 20.248 Thread 0x00000265355ad840 flushing nmethod 0x000002652011d490
Event: 20.953 loading class jdk/internal/module/IllegalAccessLogger
Event: 20.953 loading class jdk/internal/module/IllegalAccessLogger done


Dynamic libraries:
0x00007ff7e0940000 - 0x00007ff7e0950000 	C:\Program Files\Java\jdk-17\bin\java.exe
0x00007ffdb81b0000 - 0x00007ffdb83a8000 	C:\WINDOWS\SYSTEM32\ntdll.dll
0x00007ffdb6d10000 - 0x00007ffdb6dcd000 	C:\WINDOWS\System32\KERNEL32.DLL
0x00007ffdb5ab0000 - 0x00007ffdb5da6000 	C:\WINDOWS\System32\KERNELBASE.dll
0x00007ffdb5fd0000 - 0x00007ffdb60d0000 	C:\WINDOWS\System32\ucrtbase.dll
0x00007ffd977b0000 - 0x00007ffd977c9000 	C:\Program Files\Java\jdk-17\bin\jli.dll
0x00007ffd961f0000 - 0x00007ffd9620b000 	C:\Program Files\Java\jdk-17\bin\VCRUNTIME140.dll
0x00007ffdb6e90000 - 0x00007ffdb6f3f000 	C:\WINDOWS\System32\ADVAPI32.dll
0x00007ffdb70e0000 - 0x00007ffdb717e000 	C:\WINDOWS\System32\msvcrt.dll
0x00007ffdb65a0000 - 0x00007ffdb663c000 	C:\WINDOWS\System32\sechost.dll
0x00007ffdb6210000 - 0x00007ffdb6336000 	C:\WINDOWS\System32\RPCRT4.dll
0x00007ffdb7180000 - 0x00007ffdb731e000 	C:\WINDOWS\System32\USER32.dll
0x00007ffdb5930000 - 0x00007ffdb5952000 	C:\WINDOWS\System32\win32u.dll
0x00007ffda42e0000 - 0x00007ffda457a000 	C:\WINDOWS\WinSxS\amd64_microsoft.windows.common-controls_6595b64144ccf1df_6.0.19041.3636_none_60b6a03d71f818d5\COMCTL32.dll
0x00007ffdb6e60000 - 0x00007ffdb6e8c000 	C:\WINDOWS\System32\GDI32.dll
0x00007ffdb5990000 - 0x00007ffdb5aaa000 	C:\WINDOWS\System32\gdi32full.dll
0x00007ffdb5890000 - 0x00007ffdb592d000 	C:\WINDOWS\System32\msvcp_win.dll
0x00007ffda8d90000 - 0x00007ffda8d9a000 	C:\WINDOWS\SYSTEM32\VERSION.dll
0x00007ffdb7320000 - 0x00007ffdb7350000 	C:\WINDOWS\System32\IMM32.DLL
0x00007ffd99b20000 - 0x00007ffd99b2c000 	C:\Program Files\Java\jdk-17\bin\vcruntime140_1.dll
0x00007ffd824f0000 - 0x00007ffd8257e000 	C:\Program Files\Java\jdk-17\bin\msvcp140.dll
0x00007ffd6dae0000 - 0x00007ffd6e6c1000 	C:\Program Files\Java\jdk-17\bin\server\jvm.dll
0x00007ffdb6510000 - 0x00007ffdb6518000 	C:\WINDOWS\System32\PSAPI.DLL
0x00007ffda8fc0000 - 0x00007ffda8fc9000 	C:\WINDOWS\SYSTEM32\WSOCK32.dll
0x00007ffda20e0000 - 0x00007ffda2107000 	C:\WINDOWS\SYSTEM32\WINMM.dll
0x00007ffdb6520000 - 0x00007ffdb658b000 	C:\WINDOWS\System32\WS2_32.dll
0x00007ffdb3710000 - 0x00007ffdb3722000 	C:\WINDOWS\SYSTEM32\kernel.appcore.dll
0x00007ffd99560000 - 0x00007ffd9956a000 	C:\Program Files\Java\jdk-17\bin\jimage.dll
0x00007ffda1cd0000 - 0x00007ffda1eb4000 	C:\WINDOWS\SYSTEM32\DBGHELP.DLL
0x00007ffda1c50000 - 0x00007ffda1c84000 	C:\WINDOWS\SYSTEM32\dbgcore.DLL
0x00007ffdb60d0000 - 0x00007ffdb6152000 	C:\WINDOWS\System32\bcryptPrimitives.dll
0x00007ffd83820000 - 0x00007ffd83845000 	C:\Program Files\Java\jdk-17\bin\java.dll
0x00007ffd82130000 - 0x00007ffd82207000 	C:\Program Files\Java\jdk-17\bin\jsvml.dll
0x00007ffdb77c0000 - 0x00007ffdb7f05000 	C:\WINDOWS\System32\SHELL32.dll
0x00007ffdb3910000 - 0x00007ffdb40ab000 	C:\WINDOWS\SYSTEM32\windows.storage.dll
0x00007ffdb6830000 - 0x00007ffdb6b84000 	C:\WINDOWS\System32\combase.dll
0x00007ffdb51f0000 - 0x00007ffdb521d000 	C:\WINDOWS\SYSTEM32\Wldp.dll
0x00007ffdb80c0000 - 0x00007ffdb816d000 	C:\WINDOWS\System32\SHCORE.dll
0x00007ffdb63a0000 - 0x00007ffdb63f5000 	C:\WINDOWS\System32\shlwapi.dll
0x00007ffdb57c0000 - 0x00007ffdb57e5000 	C:\WINDOWS\SYSTEM32\profapi.dll
0x00007ffd903e0000 - 0x00007ffd903f9000 	C:\Program Files\Java\jdk-17\bin\net.dll
0x00007ffda9b30000 - 0x00007ffda9c3a000 	C:\WINDOWS\SYSTEM32\WINHTTP.dll
0x00007ffdb4fd0000 - 0x00007ffdb503a000 	C:\WINDOWS\system32\mswsock.dll
0x00007ffd90210000 - 0x00007ffd90226000 	C:\Program Files\Java\jdk-17\bin\nio.dll
0x00007ffd8feb0000 - 0x00007ffd8fec8000 	C:\Program Files\Java\jdk-17\bin\zip.dll
0x0000000069ac0000 - 0x0000000069ae4000 	C:\apache-maven-3.9.0-bin\apache-maven-3.9.0\lib\jansi-native\Windows\x86_64\jansi.dll
0x00007ffd963a0000 - 0x00007ffd963b0000 	C:\Program Files\Java\jdk-17\bin\verify.dll

dbghelp: loaded successfully - version: 4.0.5 - missing functions: none
symbol engine: initialized successfully - sym options: 0x614 - pdb path: .;C:\Program Files\Java\jdk-17\bin;C:\WINDOWS\SYSTEM32;C:\WINDOWS\WinSxS\amd64_microsoft.windows.common-controls_6595b64144ccf1df_6.0.19041.3636_none_60b6a03d71f818d5;C:\Program Files\Java\jdk-17\bin\server;C:\apache-maven-3.9.0-bin\apache-maven-3.9.0\lib\jansi-native\Windows\x86_64

VM Arguments:
jvm_args: -Dclassworlds.conf=C:/apache-maven-3.9.0-bin/apache-maven-3.9.0/bin/m2.conf -Dmaven.home=C:/apache-maven-3.9.0-bin/apache-maven-3.9.0 -Dlibrary.jansi.path=C:/apache-maven-3.9.0-bin/apache-maven-3.9.0/lib/jansi-native -Dmaven.multiModuleProjectDirectory=C:/Users/pc/Desktop/ControleACE/Client 
java_command: org.codehaus.plexus.classworlds.launcher.Launcher clean package
java_class_path (initial): C:/apache-maven-3.9.0-bin/apache-maven-3.9.0/boot/plexus-classworlds-2.6.0.jar
Launcher Type: SUN_STANDARD

[Global flags]
     intx CICompilerCount                          = 3                                         {product} {ergonomic}
     uint ConcGCThreads                            = 1                                         {product} {ergonomic}
     uint G1ConcRefinementThreads                  = 4                                         {product} {ergonomic}
   size_t G1HeapRegionSize                         = 1048576                                   {product} {ergonomic}
    uintx GCDrainStackTargetSize                   = 64                                        {product} {ergonomic}
   size_t InitialHeapSize                          = 134217728                                 {product} {ergonomic}
   size_t MarkStackSize                            = 4194304                                   {product} {ergonomic}
   size_t MaxHeapSize                              = 2122317824                                {product} {ergonomic}
   size_t MaxNewSize                               = 1272971264                                {product} {ergonomic}
   size_t MinHeapDeltaBytes                        = 1048576                                   {product} {ergonomic}
   size_t MinHeapSize                              = 8388608                                   {product} {ergonomic}
    uintx NonNMethodCodeHeapSize                   = 5832780                                {pd product} {ergonomic}
    uintx NonProfiledCodeHeapSize                  = 122912730                              {pd product} {ergonomic}
    uintx ProfiledCodeHeapSize                     = 122912730                              {pd product} {ergonomic}
    uintx ReservedCodeCacheSize                    = 251658240                              {pd product} {ergonomic}
     bool SegmentedCodeCache                       = true                                      {product} {ergonomic}
   size_t SoftMaxHeapSize                          = 2122317824                             {manageable} {ergonomic}
     bool UseCompressedClassPointers               = true                           {product lp64_product} {ergonomic}
     bool UseCompressedOops                        = true                           {product lp64_product} {ergonomic}
     bool UseG1GC                                  = true                                      {product} {ergonomic}
     bool UseLargePagesIndividualAllocation        = false                                  {pd product} {ergonomic}

Logging:
Log output configuration:
 #0: stdout all=warning uptime,level,tags
 #1: stderr all=off uptime,level,tags

Environment Variables:
JAVA_HOME=C:/Program Files/Java/jdk-17
PATH=C:\Users\pc\bin;C:\Program Files\Git\mingw64\bin;C:\Program Files\Git\usr\local\bin;C:\Program Files\Git\usr\bin;C:\Program Files\Git\usr\bin;C:\Program Files\Git\mingw64\bin;C:\Program Files\Git\usr\bin;C:\Users\pc\bin;C:\Program Files\Common Files\Oracle\Java\javapath;C:\Program Files (x86)\Common Files\Oracle\Java\javapath;C:\oraclexe\app\oracle\product\11.2.0\server\bin;C:\WINDOWS\system32;C:\WINDOWS;C:\WINDOWS\System32\Wbem;C:\WINDOWS\System32\WindowsPowerShell\v1.0;C:\WINDOWS\System32\OpenSSH;C:\Program Files (x86)\Microsoft SQL Server\100\Tools\Binn;C:\Program Files\Microsoft SQL Server\100\Tools\Binn;C:\Program Files\Microsoft SQL Server\100\DTS\Binn;C:\Program Files\Microsoft SQL Server\Client SDK\ODBC\110\Tools\Binn;C:\Program Files (x86)\Microsoft SQL Server\120\Tools\Binn;C:\Program Files\Microsoft SQL Server\120\Tools\Binn;C:\Program Files\Microsoft SQL Server\120\DTS\Binn;C:\Program Files (x86)\Microsoft SQL Server\120\Tools\Binn\ManagementStudio;C:\Program Files (x86)\Microsoft SQL Server\120\DTS\Binn;C:\xampp\php;C:\Program Files\Microsoft SQL Server\150\Tools\Binn;C:\Program Files\Microsoft SQL Server\Client SDK\ODBC\170\Tools\Binn;C:\Program Files\dotnet;C:\Program Files\Git\cmd;C:\Program Files\nodejs;C:\apache-maven-3.9.0-bin\apache-maven-3.9.0\bin;C:\Program Files\Java\jdk-17\bin;C:\Program Files\Docker\Docker\resources\bin;C:\Users\pc\scoop\shims;C:\Program Files\MySQL\MySQL Shell 8.0\bin;C:\Users\pc\AppData\Local\Programs\Python\Python310\Scripts;C:\Users\pc\AppData\Local\Programs\Python\Python310;C:\Users\pc\AppData\Local\Microsoft\WindowsApps;C:\Users\pc\Desktop\3IIR_S6\PFA\cygwin\bin;C:\Users\pc\AppData\Local\Programs\Microsoft VS Code\bin;C:\Program Files\JetBrains\PyCharm Community Edition 2022.3.2\bin;C:\Users\pc\AppData\Local\GitHubDesktop\bin;E:\flutter_windows_3.7.11-stable\flutter\bin;C:\Program Files\JetBrains\IntelliJ IDEA 2023.2.2\bin;C:\Users\pc\Downloads\protoc-25.0-win64\bin;C:\Users\pc\AppData\Roaming\npm;C:\Users\pc\AppData
USERNAME=pc
SHELL=C:\Program Files\Git\usr\bin\bash.exe
DISPLAY=needs-to-be-defined
LC_CTYPE=fr_FR.UTF-8
OS=Windows_NT
PROCESSOR_IDENTIFIER=Intel64 Family 6 Model 69 Stepping 1, GenuineIntel



---------------  S Y S T E M  ---------------

OS:
 Windows 10 , 64 bit Build 19041 (10.0.19041.3636)
OS uptime: 1 days 8:04 hours
Hyper-V role detected

CPU: total 4 (initial active 4) (2 cores per cpu, 2 threads per core) family 6 model 69 stepping 1 microcode 0x25, cx8, cmov, fxsr, ht, mmx, sse, sse2, sse3, ssse3, sse4.1, sse4.2, popcnt, lzcnt, tsc, tscinvbit, avx, avx2, aes, erms, clmul, bmi1, bmi2, fma, vzeroupper, clflush, hv

Memory: 4k page, system-wide physical 8089M (259M free)
TotalPageFile size 21113M (AvailPageFile size 114M)
current process WorkingSet (physical memory assigned to process): 248M, peak: 249M
current process commit charge ("private bytes"): 298M, peak: 468M

vm_info: Java HotSpot(TM) 64-Bit Server VM (17.0.9+11-LTS-201) for windows-amd64 JRE (17.0.9+11-LTS-201), built on Oct 10 2023 23:16:06 by "mach5one" with MS VC++ 17.1 (VS2022)

END.
