#
# There is insufficient memory for the Java Runtime Environment to continue.
# Native memory allocation (malloc) failed to allocate 1624816 bytes for Chunk::new
# Possible reasons:
#   The system is out of physical RAM or swap space
#   The process is running with CompressedOops enabled, and the Java Heap may be blocking the growth of the native heap
# Possible solutions:
#   Reduce memory load on the system
#   Increase physical memory or swap space
#   Check if swap backing store is full
#   Decrease Java heap size (-Xmx/-Xms)
#   Decrease number of Java threads
#   Decrease Java thread stack sizes (-Xss)
#   Set larger code cache with -XX:ReservedCodeCacheSize=
#   JVM is running with Unscaled Compressed Oops mode in which the Java heap is
#     placed in the first 4GB address space. The Java Heap base address is the
#     maximum limit for the native heap growth. Please use -XX:HeapBaseMinAddress
#     to set the Java Heap base and to place the Java Heap above 4GB virtual address.
# This output file may be truncated or incomplete.
#
#  Out of Memory Error (arena.cpp:189), pid=4664, tid=7460
#
# JRE version: Java(TM) SE Runtime Environment (17.0.9+11) (build 17.0.9+11-LTS-201)
# Java VM: Java HotSpot(TM) 64-Bit Server VM (17.0.9+11-LTS-201, mixed mode, sharing, tiered, compressed oops, compressed class ptrs, g1 gc, windows-amd64)
# No core dump will be written. Minidumps are not enabled by default on client versions of Windows
#

---------------  S U M M A R Y ------------

Command Line: C:\Users\pc\AppData\Local\Temp\surefire18381858883281549767\surefirebooter-20231223180014756_3.jar C:\Users\pc\AppData\Local\Temp\surefire18381858883281549767 2023-12-23T18-00-14_256-jvmRun1 surefire-20231223180014756_1tmp surefire_0-20231223180014756_2tmp

Host: Intel(R) Core(TM) i5-4300U CPU @ 1.90GHz, 4 cores, 7G,  Windows 10 , 64 bit Build 19041 (10.0.19041.3636)
Time: Sat Dec 23 18:00:32 2023 Maroc (heure d64 bit Build 19041 (10.0.19041.3636) elapsed time: 17.758849 seconds (0d 0h 0m 17s)

---------------  T H R E A D  ---------------

Current thread (0x0000024cef338810):  JavaThread "C2 CompilerThread1" daemon [_thread_in_native, id=7460, stack(0x000000cb95800000,0x000000cb95900000)]


Current CompileTask:
C2:  17759 5811       4       org.springframework.core.annotation.AnnotationsScanner::scan (21 bytes)

Stack: [0x000000cb95800000,0x000000cb95900000]
Native frames: (J=compiled Java code, j=interpreted, Vv=VM code, C=native code)
V  [jvm.dll+0x678a4a]
V  [jvm.dll+0x7d9cfd]
V  [jvm.dll+0x7db60e]
V  [jvm.dll+0x7dbc73]
V  [jvm.dll+0x245e1f]
V  [jvm.dll+0xaaafb]
V  [jvm.dll+0xab09c]
V  [jvm.dll+0x36232f]
V  [jvm.dll+0x32ca01]
V  [jvm.dll+0x32be9a]
V  [jvm.dll+0x21812f]
V  [jvm.dll+0x217561]
V  [jvm.dll+0x1a3bc0]
V  [jvm.dll+0x2272de]
V  [jvm.dll+0x22548b]
V  [jvm.dll+0x78f58c]
V  [jvm.dll+0x78998a]
V  [jvm.dll+0x677875]
C  [ucrtbase.dll+0x21bb2]
C  [KERNEL32.DLL+0x17344]
C  [ntdll.dll+0x526b1]


---------------  P R O C E S S  ---------------

Threads class SMR info:
_java_thread_list=0x0000024ceeea83f0, length=22, elements={
0x0000024c86af4340, 0x0000024ca6299660, 0x0000024ca629a4e0, 0x0000024ca62acf70,
0x0000024ca62afa40, 0x0000024ca62b1410, 0x0000024ca62b1dd0, 0x0000024ca62c04c0,
0x0000024ca62c0f70, 0x0000024ca62c1970, 0x0000024ca6535d60, 0x0000024ca6560a90,
0x0000024cec0984a0, 0x0000024cec18a960, 0x0000024ced058810, 0x0000024ced056ec0,
0x0000024cef338810, 0x0000024ced055570, 0x0000024ced055060, 0x0000024ced055a80,
0x0000024ced0573d0, 0x0000024ced055f90
}

Java Threads: ( => current thread )
  0x0000024c86af4340 JavaThread "main" [_thread_in_native, id=13388, stack(0x000000cb94500000,0x000000cb94600000)]
  0x0000024ca6299660 JavaThread "Reference Handler" daemon [_thread_blocked, id=32, stack(0x000000cb94c00000,0x000000cb94d00000)]
  0x0000024ca629a4e0 JavaThread "Finalizer" daemon [_thread_blocked, id=18036, stack(0x000000cb94d00000,0x000000cb94e00000)]
  0x0000024ca62acf70 JavaThread "Signal Dispatcher" daemon [_thread_blocked, id=10160, stack(0x000000cb94e00000,0x000000cb94f00000)]
  0x0000024ca62afa40 JavaThread "Attach Listener" daemon [_thread_blocked, id=4824, stack(0x000000cb94f00000,0x000000cb95000000)]
  0x0000024ca62b1410 JavaThread "Service Thread" daemon [_thread_blocked, id=10588, stack(0x000000cb95000000,0x000000cb95100000)]
  0x0000024ca62b1dd0 JavaThread "Monitor Deflation Thread" daemon [_thread_blocked, id=16564, stack(0x000000cb95100000,0x000000cb95200000)]
  0x0000024ca62c04c0 JavaThread "C2 CompilerThread0" daemon [_thread_in_native, id=13916, stack(0x000000cb95200000,0x000000cb95300000)]
  0x0000024ca62c0f70 JavaThread "C1 CompilerThread0" daemon [_thread_blocked, id=12164, stack(0x000000cb95300000,0x000000cb95400000)]
  0x0000024ca62c1970 JavaThread "Sweeper thread" daemon [_thread_blocked, id=9188, stack(0x000000cb95400000,0x000000cb95500000)]
  0x0000024ca6535d60 JavaThread "Notification Thread" daemon [_thread_blocked, id=8456, stack(0x000000cb95500000,0x000000cb95600000)]
  0x0000024ca6560a90 JavaThread "Common-Cleaner" daemon [_thread_blocked, id=15596, stack(0x000000cb95700000,0x000000cb95800000)]
  0x0000024cec0984a0 JavaThread "surefire-forkedjvm-stream-flusher" daemon [_thread_blocked, id=1904, stack(0x000000cb95900000,0x000000cb95a00000)]
  0x0000024cec18a960 JavaThread "surefire-forkedjvm-command-thread" daemon [_thread_in_native, id=7204, stack(0x000000cb95a00000,0x000000cb95b00000)]
  0x0000024ced058810 JavaThread "mysql-cj-abandoned-connection-cleanup" daemon [_thread_blocked, id=16316, stack(0x000000cb95f00000,0x000000cb96000000)]
  0x0000024ced056ec0 JavaThread "HikariPool-1 housekeeper" daemon [_thread_blocked, id=11248, stack(0x000000cb96100000,0x000000cb96200000)]
=>0x0000024cef338810 JavaThread "C2 CompilerThread1" daemon [_thread_in_native, id=7460, stack(0x000000cb95800000,0x000000cb95900000)]
  0x0000024ced055570 JavaThread "spring.cloud.inetutils" daemon [_thread_blocked, id=17928, stack(0x000000cb96300000,0x000000cb96400000)]
  0x0000024ced055060 JavaThread "AsyncResolver-bootstrap-0" daemon [_thread_blocked, id=9328, stack(0x000000cb96200000,0x000000cb96300000)]
  0x0000024ced055a80 JavaThread "DiscoveryClient-0" daemon [_thread_blocked, id=13736, stack(0x000000cb96400000,0x000000cb96500000)]
  0x0000024ced0573d0 JavaThread "DiscoveryClient-1" daemon [_thread_blocked, id=9904, stack(0x000000cb96500000,0x000000cb96600000)]
  0x0000024ced055f90 JavaThread "DiscoveryClient-InstanceInfoReplicator-0" daemon [_thread_blocked, id=12988, stack(0x000000cb96600000,0x000000cb96700000)]

Other Threads:
  0x0000024ca6294650 VMThread "VM Thread" [stack: 0x000000cb94b00000,0x000000cb94c00000] [id=18028]
  0x0000024c86b67cc0 WatcherThread [stack: 0x000000cb95600000,0x000000cb95700000] [id=948]
  0x0000024c86b4f5f0 GCTaskThread "GC Thread#0" [stack: 0x000000cb94600000,0x000000cb94700000] [id=16436]
  0x0000024ca6695ad0 GCTaskThread "GC Thread#1" [stack: 0x000000cb95b00000,0x000000cb95c00000] [id=17280]
  0x0000024cec545090 GCTaskThread "GC Thread#2" [stack: 0x000000cb95c00000,0x000000cb95d00000] [id=5900]
  0x0000024cec56f190 GCTaskThread "GC Thread#3" [stack: 0x000000cb95d00000,0x000000cb95e00000] [id=7000]
  0x0000024c86b60240 ConcurrentGCThread "G1 Main Marker" [stack: 0x000000cb94700000,0x000000cb94800000] [id=14732]
  0x0000024c86b60c50 ConcurrentGCThread "G1 Conc#0" [stack: 0x000000cb94800000,0x000000cb94900000] [id=18308]
  0x0000024c86bce830 ConcurrentGCThread "G1 Refine#0" [stack: 0x000000cb94900000,0x000000cb94a00000] [id=1020]
  0x0000024ca666aa40 ConcurrentGCThread "G1 Refine#1" [stack: 0x000000cb95e00000,0x000000cb95f00000] [id=16308]
  0x0000024ca61503e0 ConcurrentGCThread "G1 Service" [stack: 0x000000cb94a00000,0x000000cb94b00000] [id=16328]

Threads with active compile tasks:
C2 CompilerThread0    17812 5812       4       org.springframework.core.annotation.AnnotationsScanner::process (55 bytes)
C2 CompilerThread1    17812 5811       4       org.springframework.core.annotation.AnnotationsScanner::scan (21 bytes)

VM state: not at safepoint (normal execution)

VM Mutex/Monitor currently owned by a thread: None

Heap address: 0x0000000081800000, size: 2024 MB, Compressed Oops mode: 32-bit

CDS archive(s) mapped at: [0x0000024ca7000000-0x0000024ca7bd0000-0x0000024ca7bd0000), size 12386304, SharedBaseAddress: 0x0000024ca7000000, ArchiveRelocationMode: 1.
Compressed class space mapped at: 0x0000024ca8000000-0x0000024ce8000000, reserved size: 1073741824
Narrow klass base: 0x0000024ca7000000, Narrow klass shift: 0, Narrow klass range: 0x100000000

GC Precious Log:
 CPUs: 4 total, 4 available
 Memory: 8089M
 Large Page Support: Disabled
 NUMA Support: Disabled
 Compressed Oops: Enabled (32-bit)
 Heap Region Size: 1M
 Heap Min Capacity: 8M
 Heap Initial Capacity: 128M
 Heap Max Capacity: 2024M
 Pre-touch: Disabled
 Parallel Workers: 4
 Concurrent Workers: 1
 Concurrent Refinement Workers: 4
 Periodic GC: Disabled

Heap:
 garbage-first heap   total 81920K, used 35519K [0x0000000081800000, 0x0000000100000000)
  region size 1024K, 6 young (6144K), 5 survivors (5120K)
 Metaspace       used 70945K, committed 71488K, reserved 1114112K
  class space    used 9898K, committed 10176K, reserved 1048576K

Heap Regions: E=young(eden), S=young(survivor), O=old, HS=humongous(starts), HC=humongous(continues), CS=collection set, F=free, OA=open archive, CA=closed archive, TAMS=top-at-mark-start (previous, next)
|   0|0x0000000081800000, 0x0000000081900000, 0x0000000081900000|100%|HS|  |TAMS 0x0000000081900000, 0x0000000081800000| Complete 
|   1|0x0000000081900000, 0x0000000081a00000, 0x0000000081a00000|100%|HS|  |TAMS 0x0000000081a00000, 0x0000000081900000| Complete 
|   2|0x0000000081a00000, 0x0000000081b00000, 0x0000000081b00000|100%| O|  |TAMS 0x0000000081b00000, 0x0000000081a00000| Untracked 
|   3|0x0000000081b00000, 0x0000000081c00000, 0x0000000081c00000|100%| O|  |TAMS 0x0000000081c00000, 0x0000000081b00000| Untracked 
|   4|0x0000000081c00000, 0x0000000081d00000, 0x0000000081d00000|100%| O|  |TAMS 0x0000000081d00000, 0x0000000081c00000| Untracked 
|   5|0x0000000081d00000, 0x0000000081e00000, 0x0000000081e00000|100%| O|  |TAMS 0x0000000081e00000, 0x0000000081d00000| Untracked 
|   6|0x0000000081e00000, 0x0000000081f00000, 0x0000000081f00000|100%| O|  |TAMS 0x0000000081f00000, 0x0000000081e00000| Untracked 
|   7|0x0000000081f00000, 0x0000000082000000, 0x0000000082000000|100%| O|  |TAMS 0x0000000082000000, 0x0000000081f00000| Untracked 
|   8|0x0000000082000000, 0x0000000082100000, 0x0000000082100000|100%| O|  |TAMS 0x0000000082100000, 0x0000000082000000| Untracked 
|   9|0x0000000082100000, 0x00000000821d2800, 0x0000000082200000| 82%| O|  |TAMS 0x00000000821d2800, 0x0000000082100000| Untracked 
|  10|0x0000000082200000, 0x0000000082300000, 0x0000000082300000|100%| O|  |TAMS 0x0000000082300000, 0x0000000082200000| Untracked 
|  11|0x0000000082300000, 0x0000000082400000, 0x0000000082400000|100%| O|  |TAMS 0x0000000082400000, 0x0000000082300000| Untracked 
|  12|0x0000000082400000, 0x0000000082500000, 0x0000000082500000|100%| O|  |TAMS 0x0000000082500000, 0x0000000082400000| Untracked 
|  13|0x0000000082500000, 0x0000000082600000, 0x0000000082600000|100%| O|  |TAMS 0x0000000082600000, 0x0000000082500000| Untracked 
|  14|0x0000000082600000, 0x0000000082700000, 0x0000000082700000|100%| O|  |TAMS 0x0000000082700000, 0x0000000082600000| Untracked 
|  15|0x0000000082700000, 0x0000000082800000, 0x0000000082800000|100%| O|  |TAMS 0x0000000082800000, 0x0000000082700000| Untracked 
|  16|0x0000000082800000, 0x0000000082900000, 0x0000000082900000|100%| O|  |TAMS 0x0000000082900000, 0x0000000082800000| Untracked 
|  17|0x0000000082900000, 0x0000000082a00000, 0x0000000082a00000|100%| O|  |TAMS 0x0000000082a00000, 0x0000000082900000| Untracked 
|  18|0x0000000082a00000, 0x0000000082b00000, 0x0000000082b00000|100%| O|  |TAMS 0x0000000082b00000, 0x0000000082a00000| Untracked 
|  19|0x0000000082b00000, 0x0000000082c00000, 0x0000000082c00000|100%| O|  |TAMS 0x0000000082c00000, 0x0000000082b00000| Untracked 
|  20|0x0000000082c00000, 0x0000000082d00000, 0x0000000082d00000|100%| O|  |TAMS 0x0000000082d00000, 0x0000000082c00000| Untracked 
|  21|0x0000000082d00000, 0x0000000082e00000, 0x0000000082e00000|100%| O|  |TAMS 0x0000000082e00000, 0x0000000082d00000| Untracked 
|  22|0x0000000082e00000, 0x0000000082f00000, 0x0000000082f00000|100%| O|  |TAMS 0x0000000082f00000, 0x0000000082e00000| Untracked 
|  23|0x0000000082f00000, 0x0000000083000000, 0x0000000083000000|100%| O|  |TAMS 0x0000000083000000, 0x0000000082f00000| Untracked 
|  24|0x0000000083000000, 0x0000000083100000, 0x0000000083100000|100%| O|  |TAMS 0x0000000083100000, 0x0000000083000000| Untracked 
|  25|0x0000000083100000, 0x0000000083200000, 0x0000000083200000|100%| O|  |TAMS 0x000000008318a400, 0x0000000083100000| Untracked 
|  26|0x0000000083200000, 0x0000000083300000, 0x0000000083300000|100%| O|  |TAMS 0x0000000083200000, 0x0000000083200000| Untracked 
|  27|0x0000000083300000, 0x0000000083400000, 0x0000000083400000|100%| O|  |TAMS 0x0000000083300000, 0x0000000083300000| Untracked 
|  28|0x0000000083400000, 0x0000000083500000, 0x0000000083500000|100%| O|  |TAMS 0x0000000083400000, 0x0000000083400000| Untracked 
|  29|0x0000000083500000, 0x00000000835dd400, 0x0000000083600000| 86%| O|  |TAMS 0x0000000083500000, 0x0000000083500000| Untracked 
|  30|0x0000000083600000, 0x0000000083600000, 0x0000000083700000|  0%| F|  |TAMS 0x0000000083600000, 0x0000000083600000| Untracked 
|  31|0x0000000083700000, 0x0000000083700000, 0x0000000083800000|  0%| F|  |TAMS 0x0000000083700000, 0x0000000083700000| Untracked 
|  32|0x0000000083800000, 0x0000000083800000, 0x0000000083900000|  0%| F|  |TAMS 0x0000000083800000, 0x0000000083800000| Untracked 
|  33|0x0000000083900000, 0x0000000083900000, 0x0000000083a00000|  0%| F|  |TAMS 0x0000000083900000, 0x0000000083900000| Untracked 
|  34|0x0000000083a00000, 0x0000000083a00000, 0x0000000083b00000|  0%| F|  |TAMS 0x0000000083a00000, 0x0000000083a00000| Untracked 
|  35|0x0000000083b00000, 0x0000000083b00000, 0x0000000083c00000|  0%| F|  |TAMS 0x0000000083b00000, 0x0000000083b00000| Untracked 
|  36|0x0000000083c00000, 0x0000000083c00000, 0x0000000083d00000|  0%| F|  |TAMS 0x0000000083c00000, 0x0000000083c00000| Untracked 
|  37|0x0000000083d00000, 0x0000000083d00000, 0x0000000083e00000|  0%| F|  |TAMS 0x0000000083d00000, 0x0000000083d00000| Untracked 
|  38|0x0000000083e00000, 0x0000000083e00000, 0x0000000083f00000|  0%| F|  |TAMS 0x0000000083e00000, 0x0000000083e00000| Untracked 
|  39|0x0000000083f00000, 0x0000000083f00000, 0x0000000084000000|  0%| F|  |TAMS 0x0000000083f00000, 0x0000000083f00000| Untracked 
|  40|0x0000000084000000, 0x0000000084000000, 0x0000000084100000|  0%| F|  |TAMS 0x0000000084000000, 0x0000000084000000| Untracked 
|  41|0x0000000084100000, 0x0000000084100000, 0x0000000084200000|  0%| F|  |TAMS 0x0000000084100000, 0x0000000084100000| Untracked 
|  42|0x0000000084200000, 0x0000000084200000, 0x0000000084300000|  0%| F|  |TAMS 0x0000000084200000, 0x0000000084200000| Untracked 
|  43|0x0000000084300000, 0x0000000084300000, 0x0000000084400000|  0%| F|  |TAMS 0x0000000084300000, 0x0000000084300000| Untracked 
|  44|0x0000000084400000, 0x0000000084500000, 0x0000000084500000|100%| S|CS|TAMS 0x0000000084400000, 0x0000000084400000| Complete 
|  45|0x0000000084500000, 0x0000000084600000, 0x0000000084600000|100%| S|CS|TAMS 0x0000000084500000, 0x0000000084500000| Complete 
|  46|0x0000000084600000, 0x0000000084700000, 0x0000000084700000|100%| S|CS|TAMS 0x0000000084600000, 0x0000000084600000| Complete 
|  47|0x0000000084700000, 0x0000000084800000, 0x0000000084800000|100%| S|CS|TAMS 0x0000000084700000, 0x0000000084700000| Complete 
|  48|0x0000000084800000, 0x0000000084900000, 0x0000000084900000|100%| S|CS|TAMS 0x0000000084800000, 0x0000000084800000| Complete 
|  49|0x0000000084900000, 0x0000000084900000, 0x0000000084a00000|  0%| F|  |TAMS 0x0000000084900000, 0x0000000084900000| Untracked 
|  50|0x0000000084a00000, 0x0000000084a00000, 0x0000000084b00000|  0%| F|  |TAMS 0x0000000084a00000, 0x0000000084a00000| Untracked 
|  51|0x0000000084b00000, 0x0000000084b00000, 0x0000000084c00000|  0%| F|  |TAMS 0x0000000084b00000, 0x0000000084b00000| Untracked 
|  52|0x0000000084c00000, 0x0000000084c00000, 0x0000000084d00000|  0%| F|  |TAMS 0x0000000084c00000, 0x0000000084c00000| Untracked 
|  53|0x0000000084d00000, 0x0000000084d00000, 0x0000000084e00000|  0%| F|  |TAMS 0x0000000084d00000, 0x0000000084d00000| Untracked 
|  54|0x0000000084e00000, 0x0000000084e00000, 0x0000000084f00000|  0%| F|  |TAMS 0x0000000084e00000, 0x0000000084e00000| Untracked 
|  55|0x0000000084f00000, 0x0000000084f00000, 0x0000000085000000|  0%| F|  |TAMS 0x0000000084f00000, 0x0000000084f00000| Untracked 
|  56|0x0000000085000000, 0x0000000085000000, 0x0000000085100000|  0%| F|  |TAMS 0x0000000085000000, 0x0000000085000000| Untracked 
|  57|0x0000000085100000, 0x0000000085100000, 0x0000000085200000|  0%| F|  |TAMS 0x0000000085100000, 0x0000000085100000| Untracked 
|  58|0x0000000085200000, 0x0000000085200000, 0x0000000085300000|  0%| F|  |TAMS 0x0000000085200000, 0x0000000085200000| Untracked 
|  59|0x0000000085300000, 0x0000000085300000, 0x0000000085400000|  0%| F|  |TAMS 0x0000000085300000, 0x0000000085300000| Untracked 
|  60|0x0000000085400000, 0x0000000085400000, 0x0000000085500000|  0%| F|  |TAMS 0x0000000085400000, 0x0000000085400000| Untracked 
|  61|0x0000000085500000, 0x0000000085500000, 0x0000000085600000|  0%| F|  |TAMS 0x0000000085500000, 0x0000000085500000| Untracked 
|  62|0x0000000085600000, 0x0000000085600000, 0x0000000085700000|  0%| F|  |TAMS 0x0000000085600000, 0x0000000085600000| Untracked 
|  63|0x0000000085700000, 0x0000000085700000, 0x0000000085800000|  0%| F|  |TAMS 0x0000000085700000, 0x0000000085700000| Untracked 
|  64|0x0000000085800000, 0x0000000085800000, 0x0000000085900000|  0%| F|  |TAMS 0x0000000085800000, 0x0000000085800000| Untracked 
|  65|0x0000000085900000, 0x0000000085900000, 0x0000000085a00000|  0%| F|  |TAMS 0x0000000085900000, 0x0000000085900000| Untracked 
|  66|0x0000000085a00000, 0x0000000085a00000, 0x0000000085b00000|  0%| F|  |TAMS 0x0000000085a00000, 0x0000000085a00000| Untracked 
|  67|0x0000000085b00000, 0x0000000085b00000, 0x0000000085c00000|  0%| F|  |TAMS 0x0000000085b00000, 0x0000000085b00000| Untracked 
|  68|0x0000000085c00000, 0x0000000085c00000, 0x0000000085d00000|  0%| F|  |TAMS 0x0000000085c00000, 0x0000000085c00000| Untracked 
|  69|0x0000000085d00000, 0x0000000085d00000, 0x0000000085e00000|  0%| F|  |TAMS 0x0000000085d00000, 0x0000000085d00000| Untracked 
|  70|0x0000000085e00000, 0x0000000085e00000, 0x0000000085f00000|  0%| F|  |TAMS 0x0000000085e00000, 0x0000000085e00000| Untracked 
|  71|0x0000000085f00000, 0x0000000085f00000, 0x0000000086000000|  0%| F|  |TAMS 0x0000000085f00000, 0x0000000085f00000| Untracked 
|  72|0x0000000086000000, 0x0000000086000000, 0x0000000086100000|  0%| F|  |TAMS 0x0000000086000000, 0x0000000086000000| Untracked 
|  73|0x0000000086100000, 0x0000000086100000, 0x0000000086200000|  0%| F|  |TAMS 0x0000000086100000, 0x0000000086100000| Untracked 
|  74|0x0000000086200000, 0x0000000086200000, 0x0000000086300000|  0%| F|  |TAMS 0x0000000086200000, 0x0000000086200000| Untracked 
|  79|0x0000000086700000, 0x0000000086700000, 0x0000000086800000|  0%| F|  |TAMS 0x0000000086700000, 0x0000000086700000| Untracked 
|  80|0x0000000086800000, 0x0000000086800000, 0x0000000086900000|  0%| F|  |TAMS 0x0000000086800000, 0x0000000086800000| Untracked 
|  81|0x0000000086900000, 0x0000000086900000, 0x0000000086a00000|  0%| F|  |TAMS 0x0000000086900000, 0x0000000086900000| Untracked 
|  82|0x0000000086a00000, 0x0000000086a00000, 0x0000000086b00000|  0%| F|  |TAMS 0x0000000086a00000, 0x0000000086a00000| Untracked 
| 127|0x0000000089700000, 0x0000000089781278, 0x0000000089800000| 50%| E|  |TAMS 0x0000000089700000, 0x0000000089700000| Complete 

Card table byte_map: [0x0000024c9f570000,0x0000024c9f970000] _byte_map_base: 0x0000024c9f164000

Marking Bits (Prev, Next): (CMBitMap*) 0x0000024c86b4fc50, (CMBitMap*) 0x0000024c86b4fc10
 Prev Bits: [0x0000024ca1d10000, 0x0000024ca3cb0000)
 Next Bits: [0x0000024c9fd70000, 0x0000024ca1d10000)

Polling page: 0x0000024c868d0000

Metaspace:

Usage:
  Non-class:     59.62 MB used.
      Class:      9.67 MB used.
       Both:     69.28 MB used.

Virtual space:
  Non-class space:       64.00 MB reserved,      59.88 MB ( 94%) committed,  1 nodes.
      Class space:        1.00 GB reserved,       9.94 MB ( <1%) committed,  1 nodes.
             Both:        1.06 GB reserved,      69.81 MB (  6%) committed. 

Chunk freelists:
   Non-Class:  4.09 MB
       Class:  6.04 MB
        Both:  10.13 MB

MaxMetaspaceSize: unlimited
CompressedClassSpaceSize: 1.00 GB
Initial GC threshold: 21.00 MB
Current GC threshold: 98.69 MB
CDS: on
MetaspaceReclaimPolicy: balanced
 - commit_granule_bytes: 65536.
 - commit_granule_words: 8192.
 - virtual_space_node_default_size: 8388608.
 - enlarge_chunks_in_place: 1.
 - new_chunks_are_fully_committed: 0.
 - uncommit_free_chunks: 1.
 - use_allocation_guard: 0.
 - handle_deallocations: 1.


Internal statistics:

num_allocs_failed_limit: 9.
num_arena_births: 630.
num_arena_deaths: 0.
num_vsnodes_births: 2.
num_vsnodes_deaths: 0.
num_space_committed: 1117.
num_space_uncommitted: 0.
num_chunks_returned_to_freelist: 9.
num_chunks_taken_from_freelist: 3113.
num_chunk_merges: 9.
num_chunk_splits: 2315.
num_chunks_enlarged: 1887.
num_inconsistent_stats: 0.

CodeHeap 'non-profiled nmethods': size=120000Kb used=3572Kb max_used=3572Kb free=116427Kb
 bounds [0x0000024c97620000, 0x0000024c979a0000, 0x0000024c9eb50000]
CodeHeap 'profiled nmethods': size=120000Kb used=9849Kb max_used=9924Kb free=110150Kb
 bounds [0x0000024c8fb50000, 0x0000024c90510000, 0x0000024c97080000]
CodeHeap 'non-nmethods': size=5760Kb used=1330Kb max_used=1379Kb free=4429Kb
 bounds [0x0000024c97080000, 0x0000024c972f0000, 0x0000024c97620000]
 total_blobs=5857 nmethods=5194 adapters=574
 compilation: enabled
              stopped_count=0, restarted_count=0
 full_count=0

Compilation events (20 events):
Event: 17.473 Thread 0x0000024ca62c0f70 5926   !   2       java.nio.charset.CharsetDecoder::decode (275 bytes)
Event: 17.475 Thread 0x0000024ca62c0f70 nmethod 5926 0x0000024c903df990 code [0x0000024c903dfbc0, 0x0000024c903e02c8]
Event: 17.486 Thread 0x0000024ca62c0f70 5927       2       org.springframework.core.annotation.AnnotationTypeMappings::isAlreadyMapped (38 bytes)
Event: 17.487 Thread 0x0000024ca62c0f70 nmethod 5927 0x0000024c903df490 code [0x0000024c903df640, 0x0000024c903df828]
Event: 17.487 Thread 0x0000024ca62c0f70 5928       2       org.springframework.core.annotation.AnnotationTypeMappings::addMetaAnnotationsToQueue (134 bytes)
Event: 17.488 Thread 0x0000024ca62c0f70 nmethod 5928 0x0000024c903dec10 code [0x0000024c903dee00, 0x0000024c903df178]
Event: 17.488 Thread 0x0000024ca62c0f70 5929       2       org.springframework.core.annotation.AnnotationTypeMappings$$Lambda$400/0x0000024ca810f538::accept (8 bytes)
Event: 17.488 Thread 0x0000024ca62c0f70 nmethod 5929 0x0000024c903de810 code [0x0000024c903de9c0, 0x0000024c903deb28]
Event: 17.488 Thread 0x0000024ca62c0f70 5930       2       org.springframework.core.annotation.AnnotationTypeMapping::validateAllAliasesClaimed (97 bytes)
Event: 17.489 Thread 0x0000024ca62c0f70 nmethod 5930 0x0000024c903dd710 code [0x0000024c903dd980, 0x0000024c903de2e8]
Event: 17.505 Thread 0x0000024ca62c0f70 5931       2       java.util.concurrent.ScheduledThreadPoolExecutor$ScheduledFutureTask::getDelay (16 bytes)
Event: 17.506 Thread 0x0000024ca62c0f70 nmethod 5931 0x0000024c903dd310 code [0x0000024c903dd4c0, 0x0000024c903dd628]
Event: 17.507 Thread 0x0000024ca62c0f70 5932       2       java.lang.Character$UnicodeBlock::<init> (17 bytes)
Event: 17.507 Thread 0x0000024ca62c0f70 nmethod 5932 0x0000024c8fc82e90 code [0x0000024c8fc83060, 0x0000024c8fc83358]
Event: 17.507 Thread 0x0000024ca62c0f70 5933       2       java.lang.Character$Subset::<init> (24 bytes)
Event: 17.507 Thread 0x0000024ca62c0f70 nmethod 5933 0x0000024c8fc82990 code [0x0000024c8fc82b40, 0x0000024c8fc82d68]
Event: 17.510 Thread 0x0000024ca62c0f70 5935       2       java.lang.StrictMath::ceil (10 bytes)
Event: 17.510 Thread 0x0000024ca62c0f70 nmethod 5935 0x0000024c8fc82610 code [0x0000024c8fc827e0, 0x0000024c8fc828e8]
Event: 17.514 Thread 0x0000024ca62c0f70 5936   !   2       jdk.proxy2.$Proxy3::annotationType (29 bytes)
Event: 17.515 Thread 0x0000024ca62c0f70 nmethod 5936 0x0000024c8fc82090 code [0x0000024c8fc82240, 0x0000024c8fc824b8]

GC Heap History (20 events):
Event: 5.914 GC heap before
{Heap before GC invocations=5 (full 0):
 garbage-first heap   total 58368K, used 42725K [0x0000000081800000, 0x0000000100000000)
  region size 1024K, 34 young (34816K), 6 survivors (6144K)
 Metaspace       used 24071K, committed 24320K, reserved 1114112K
  class space    used 3088K, committed 3200K, reserved 1048576K
}
Event: 5.929 GC heap after
{Heap after GC invocations=6 (full 0):
 garbage-first heap   total 58368K, used 18154K [0x0000000081800000, 0x0000000100000000)
  region size 1024K, 4 young (4096K), 4 survivors (4096K)
 Metaspace       used 24071K, committed 24320K, reserved 1114112K
  class space    used 3088K, committed 3200K, reserved 1048576K
}
Event: 5.975 GC heap before
{Heap before GC invocations=6 (full 0):
 garbage-first heap   total 58368K, used 19178K [0x0000000081800000, 0x0000000100000000)
  region size 1024K, 5 young (5120K), 4 survivors (4096K)
 Metaspace       used 24164K, committed 24384K, reserved 1114112K
  class space    used 3103K, committed 3200K, reserved 1048576K
}
Event: 5.984 GC heap after
{Heap after GC invocations=7 (full 0):
 garbage-first heap   total 58368K, used 18817K [0x0000000081800000, 0x0000000100000000)
  region size 1024K, 1 young (1024K), 1 survivors (1024K)
 Metaspace       used 24164K, committed 24384K, reserved 1114112K
  class space    used 3103K, committed 3200K, reserved 1048576K
}
Event: 7.163 GC heap before
{Heap before GC invocations=7 (full 0):
 garbage-first heap   total 58368K, used 40321K [0x0000000081800000, 0x0000000100000000)
  region size 1024K, 22 young (22528K), 1 survivors (1024K)
 Metaspace       used 27665K, committed 27968K, reserved 1114112K
  class space    used 3687K, committed 3840K, reserved 1048576K
}
Event: 7.171 GC heap after
{Heap after GC invocations=8 (full 0):
 garbage-first heap   total 89088K, used 19528K [0x0000000081800000, 0x0000000100000000)
  region size 1024K, 2 young (2048K), 2 survivors (2048K)
 Metaspace       used 27665K, committed 27968K, reserved 1114112K
  class space    used 3687K, committed 3840K, reserved 1048576K
}
Event: 9.517 GC heap before
{Heap before GC invocations=8 (full 0):
 garbage-first heap   total 89088K, used 64584K [0x0000000081800000, 0x0000000100000000)
  region size 1024K, 46 young (47104K), 2 survivors (2048K)
 Metaspace       used 34732K, committed 35136K, reserved 1114112K
  class space    used 4713K, committed 4864K, reserved 1048576K
}
Event: 9.532 GC heap after
{Heap after GC invocations=9 (full 0):
 garbage-first heap   total 89088K, used 22359K [0x0000000081800000, 0x0000000100000000)
  region size 1024K, 5 young (5120K), 5 survivors (5120K)
 Metaspace       used 34732K, committed 35136K, reserved 1114112K
  class space    used 4713K, committed 4864K, reserved 1048576K
}
Event: 9.712 GC heap before
{Heap before GC invocations=9 (full 0):
 garbage-first heap   total 89088K, used 25431K [0x0000000081800000, 0x0000000100000000)
  region size 1024K, 9 young (9216K), 5 survivors (5120K)
 Metaspace       used 35554K, committed 35968K, reserved 1114112K
  class space    used 4852K, committed 5056K, reserved 1048576K
}
Event: 9.725 GC heap after
{Heap after GC invocations=10 (full 0):
 garbage-first heap   total 89088K, used 23021K [0x0000000081800000, 0x0000000100000000)
  region size 1024K, 4 young (4096K), 4 survivors (4096K)
 Metaspace       used 35554K, committed 35968K, reserved 1114112K
  class space    used 4852K, committed 5056K, reserved 1048576K
}
Event: 11.737 GC heap before
{Heap before GC invocations=11 (full 0):
 garbage-first heap   total 81920K, used 68077K [0x0000000081800000, 0x0000000100000000)
  region size 1024K, 48 young (49152K), 4 survivors (4096K)
 Metaspace       used 47078K, committed 47488K, reserved 1114112K
  class space    used 6398K, committed 6592K, reserved 1048576K
}
Event: 11.756 GC heap after
{Heap after GC invocations=12 (full 0):
 garbage-first heap   total 81920K, used 26072K [0x0000000081800000, 0x0000000100000000)
  region size 1024K, 4 young (4096K), 4 survivors (4096K)
 Metaspace       used 47078K, committed 47488K, reserved 1114112K
  class space    used 6398K, committed 6592K, reserved 1048576K
}
Event: 13.100 GC heap before
{Heap before GC invocations=12 (full 0):
 garbage-first heap   total 81920K, used 62936K [0x0000000081800000, 0x0000000100000000)
  region size 1024K, 40 young (40960K), 4 survivors (4096K)
 Metaspace       used 56064K, committed 56576K, reserved 1114112K
  class space    used 7821K, committed 8064K, reserved 1048576K
}
Event: 13.116 GC heap after
{Heap after GC invocations=13 (full 0):
 garbage-first heap   total 81920K, used 28359K [0x0000000081800000, 0x0000000100000000)
  region size 1024K, 3 young (3072K), 3 survivors (3072K)
 Metaspace       used 56064K, committed 56576K, reserved 1114112K
  class space    used 7821K, committed 8064K, reserved 1048576K
}
Event: 14.390 GC heap before
{Heap before GC invocations=13 (full 0):
 garbage-first heap   total 81920K, used 58055K [0x0000000081800000, 0x0000000100000000)
  region size 1024K, 33 young (33792K), 3 survivors (3072K)
 Metaspace       used 59929K, committed 60416K, reserved 1114112K
  class space    used 8331K, committed 8576K, reserved 1048576K
}
Event: 14.403 GC heap after
{Heap after GC invocations=14 (full 0):
 garbage-first heap   total 81920K, used 30298K [0x0000000081800000, 0x0000000100000000)
  region size 1024K, 5 young (5120K), 5 survivors (5120K)
 Metaspace       used 59929K, committed 60416K, reserved 1114112K
  class space    used 8331K, committed 8576K, reserved 1048576K
}
Event: 16.094 GC heap before
{Heap before GC invocations=15 (full 0):
 garbage-first heap   total 81920K, used 64090K [0x0000000081800000, 0x0000000100000000)
  region size 1024K, 38 young (38912K), 5 survivors (5120K)
 Metaspace       used 63647K, committed 64192K, reserved 1114112K
  class space    used 8907K, committed 9152K, reserved 1048576K
}
Event: 16.113 GC heap after
{Heap after GC invocations=16 (full 0):
 garbage-first heap   total 81920K, used 32592K [0x0000000081800000, 0x0000000100000000)
  region size 1024K, 5 young (5120K), 5 survivors (5120K)
 Metaspace       used 63647K, committed 64192K, reserved 1114112K
  class space    used 8907K, committed 9152K, reserved 1048576K
}
Event: 17.574 GC heap before
{Heap before GC invocations=16 (full 0):
 garbage-first heap   total 81920K, used 64336K [0x0000000081800000, 0x0000000100000000)
  region size 1024K, 36 young (36864K), 5 survivors (5120K)
 Metaspace       used 70841K, committed 71360K, reserved 1114112K
  class space    used 9886K, committed 10112K, reserved 1048576K
}
Event: 17.596 GC heap after
{Heap after GC invocations=17 (full 0):
 garbage-first heap   total 81920K, used 35519K [0x0000000081800000, 0x0000000100000000)
  region size 1024K, 5 young (5120K), 5 survivors (5120K)
 Metaspace       used 70841K, committed 71360K, reserved 1114112K
  class space    used 9886K, committed 10112K, reserved 1048576K
}

Deoptimization events (20 events):
Event: 17.514 Thread 0x0000024c86af4340 Uncommon trap: trap_request=0xffffffde fr.pc=0x0000024c979497ec relative=0x0000000000003bec
Event: 17.514 Thread 0x0000024c86af4340 Uncommon trap: reason=class_check action=maybe_recompile pc=0x0000024c979497ec method=org.springframework.core.annotation.AnnotationsScanner.processClassHierarchy(Ljava/lang/Object;[ILjava/lang/Class;Lorg/springframework/core/annotation/AnnotationsProcess
Event: 17.514 Thread 0x0000024c86af4340 DEOPT PACKING pc=0x0000024c979497ec sp=0x000000cb945fd430
Event: 17.515 Thread 0x0000024c86af4340 DEOPT UNPACKING pc=0x0000024c970d23a3 sp=0x000000cb945fd480 mode 2
Event: 17.516 Thread 0x0000024c86af4340 Uncommon trap: trap_request=0xffffffde fr.pc=0x0000024c97748d44 relative=0x0000000000000684
Event: 17.516 Thread 0x0000024c86af4340 Uncommon trap: reason=class_check action=maybe_recompile pc=0x0000024c97748d44 method=org.springframework.core.annotation.AnnotationsScanner.isWithoutHierarchy(Ljava/lang/reflect/AnnotatedElement;Lorg/springframework/core/annotation/MergedAnnotations$Sear
Event: 17.516 Thread 0x0000024c86af4340 DEOPT PACKING pc=0x0000024c97748d44 sp=0x000000cb945fd4e0
Event: 17.516 Thread 0x0000024c86af4340 DEOPT UNPACKING pc=0x0000024c970d23a3 sp=0x000000cb945fd350 mode 2
Event: 17.516 Thread 0x0000024c86af4340 Uncommon trap: trap_request=0xffffffde fr.pc=0x0000024c979497ec relative=0x0000000000003bec
Event: 17.516 Thread 0x0000024c86af4340 Uncommon trap: reason=class_check action=maybe_recompile pc=0x0000024c979497ec method=org.springframework.core.annotation.AnnotationsScanner.processClassHierarchy(Ljava/lang/Object;[ILjava/lang/Class;Lorg/springframework/core/annotation/AnnotationsProcess
Event: 17.516 Thread 0x0000024c86af4340 DEOPT PACKING pc=0x0000024c979497ec sp=0x000000cb945fd390
Event: 17.516 Thread 0x0000024c86af4340 DEOPT UNPACKING pc=0x0000024c970d23a3 sp=0x000000cb945fd3e0 mode 2
Event: 17.602 Thread 0x0000024c86af4340 Uncommon trap: trap_request=0xffffffde fr.pc=0x0000024c9772ba34 relative=0x0000000000001994
Event: 17.602 Thread 0x0000024c86af4340 Uncommon trap: reason=class_check action=maybe_recompile pc=0x0000024c9772ba34 method=java.util.zip.InflaterInputStream.read([BII)I @ 100 c2
Event: 17.602 Thread 0x0000024c86af4340 DEOPT PACKING pc=0x0000024c9772ba34 sp=0x000000cb945f9f10
Event: 17.602 Thread 0x0000024c86af4340 DEOPT UNPACKING pc=0x0000024c970d23a3 sp=0x000000cb945f9f60 mode 2
Event: 17.602 Thread 0x0000024c86af4340 Uncommon trap: trap_request=0xffffffde fr.pc=0x0000024c9772ba34 relative=0x0000000000001994
Event: 17.602 Thread 0x0000024c86af4340 Uncommon trap: reason=class_check action=maybe_recompile pc=0x0000024c9772ba34 method=java.util.zip.InflaterInputStream.read([BII)I @ 100 c2
Event: 17.602 Thread 0x0000024c86af4340 DEOPT PACKING pc=0x0000024c9772ba34 sp=0x000000cb945f9f10
Event: 17.602 Thread 0x0000024c86af4340 DEOPT UNPACKING pc=0x0000024c970d23a3 sp=0x000000cb945f9f60 mode 2

Classes unloaded (0 events):
No events

Classes redefined (0 events):
No events

Internal exceptions (20 events):
Event: 15.879 Thread 0x0000024c86af4340 Exception <a 'java/lang/NoSuchMethodError'{0x0000000084aed300}: 'java.lang.Object java.lang.invoke.DirectMethodHandle$Holder.newInvokeSpecial(java.lang.Object, java.lang.Object, int, java.lang.Object, java.lang.Object)'> (0x0000000084aed300) 
thrown [s\open\src\hotspot\share\interpreter\linkResolver.cpp, line 759]
Event: 15.880 Thread 0x0000024c86af4340 Exception <a 'java/lang/NoSuchMethodError'{0x0000000084af8e38}: 'java.lang.Object java.lang.invoke.DirectMethodHandle$Holder.invokeSpecial(java.lang.Object, java.lang.Object, int, java.lang.Object, int, java.lang.Object)'> (0x0000000084af8e38) 
thrown [s\open\src\hotspot\share\interpreter\linkResolver.cpp, line 759]
Event: 15.881 Thread 0x0000024c86af4340 Exception <a 'java/lang/NoSuchMethodError'{0x0000000084401680}: 'java.lang.Object java.lang.invoke.DirectMethodHandle$Holder.newInvokeSpecial(java.lang.Object, java.lang.Object, int, java.lang.Object, int)'> (0x0000000084401680) 
thrown [s\open\src\hotspot\share\interpreter\linkResolver.cpp, line 759]
Event: 15.881 Thread 0x0000024c86af4340 Exception <a 'java/lang/NoSuchMethodError'{0x0000000084405c88}: 'java.lang.Object java.lang.invoke.DirectMethodHandle$Holder.invokeSpecial(java.lang.Object, java.lang.Object, java.lang.Object, int, java.lang.Object, int)'> (0x0000000084405c88) 
thrown [s\open\src\hotspot\share\interpreter\linkResolver.cpp, line 759]
Event: 16.025 Thread 0x0000024c86af4340 Exception <a 'java/lang/IncompatibleClassChangeError'{0x000000008422ae58}: Found class java.lang.Object, but interface was expected> (0x000000008422ae58) 
thrown [s\open\src\hotspot\share\interpreter\linkResolver.cpp, line 826]
Event: 16.086 Thread 0x0000024c86af4340 Implicit null exception at 0x0000024c977a6f7e to 0x0000024c977a7750
Event: 16.244 Thread 0x0000024c86af4340 Exception <a 'sun/nio/fs/WindowsException'{0x00000000869d0768}> (0x00000000869d0768) 
thrown [s\open\src\hotspot\share\prims\jni.cpp, line 516]
Event: 16.999 Thread 0x0000024c86af4340 Exception <a 'java/net/ConnectException'{0x00000000854cd208}: Connection refused: no further information> (0x00000000854cd208) 
thrown [s\open\src\hotspot\share\prims\jni.cpp, line 535]
Event: 16.999 Thread 0x0000024c86af4340 Exception <a 'java/net/SocketException'{0x00000000854ce390}: Socket is not connected: shutdown> (0x00000000854ce390) 
thrown [s\open\src\hotspot\share\prims\jni.cpp, line 535]
Event: 17.002 Thread 0x0000024c86af4340 Exception <a 'java/net/ConnectException'{0x00000000854d33b0}: Connection refused: no further information> (0x00000000854d33b0) 
thrown [s\open\src\hotspot\share\prims\jni.cpp, line 535]
Event: 17.002 Thread 0x0000024c86af4340 Exception <a 'java/net/SocketException'{0x00000000854d4430}: Socket is not connected: shutdown> (0x00000000854d4430) 
thrown [s\open\src\hotspot\share\prims\jni.cpp, line 535]
Event: 17.257 Thread 0x0000024c86af4340 Exception <a 'java/lang/NoSuchMethodError'{0x0000000084e0bcd8}: 'void java.lang.invoke.DirectMethodHandle$Holder.invokeSpecialIFC(java.lang.Object, java.lang.Object, int, java.lang.Object, java.lang.Object, java.lang.Object, java.lang.Object)'> (0x0000000084e0bcd8) 
thrown [s\open\src\hotspot\share\interpreter\linkResolver.cpp, line 759]
Event: 17.273 Thread 0x0000024ced055f90 Exception <a 'java/net/ConnectException'{0x0000000084e9d630}: Connection refused: no further information> (0x0000000084e9d630) 
thrown [s\open\src\hotspot\share\prims\jni.cpp, line 535]
Event: 17.273 Thread 0x0000024ced055f90 Exception <a 'java/net/SocketException'{0x0000000084e9dc10}: Socket is not connected: shutdown> (0x0000000084e9dc10) 
thrown [s\open\src\hotspot\share\prims\jni.cpp, line 535]
Event: 17.274 Thread 0x0000024ced055f90 Exception <a 'java/net/ConnectException'{0x0000000084e9f018}: Connection refused: no further information> (0x0000000084e9f018) 
thrown [s\open\src\hotspot\share\prims\jni.cpp, line 535]
Event: 17.274 Thread 0x0000024ced055f90 Exception <a 'java/net/SocketException'{0x0000000084e9f5f8}: Socket is not connected: shutdown> (0x0000000084e9f5f8) 
thrown [s\open\src\hotspot\share\prims\jni.cpp, line 535]
Event: 17.508 Thread 0x0000024c86af4340 Exception <a 'java/lang/NoSuchMethodError'{0x0000000084a93158}: 'int java.lang.invoke.DirectMethodHandle$Holder.invokeStatic(java.lang.Object, java.lang.Object, int)'> (0x0000000084a93158) 
thrown [s\open\src\hotspot\share\interpreter\linkResolver.cpp, line 759]
Event: 17.573 Thread 0x0000024c86af4340 Exception <a 'java/lang/reflect/InvocationTargetException'{0x00000000849fe920}> (0x00000000849fe920) 
thrown [s\open\src\hotspot\share\runtime\reflection.cpp, line 1121]
Event: 17.613 Thread 0x0000024c86af4340 Exception <a 'java/lang/NoSuchMethodError'{0x000000008971f430}: 'void java.lang.invoke.DirectMethodHandle$Holder.invokeStatic(java.lang.Object, long)'> (0x000000008971f430) 
thrown [s\open\src\hotspot\share\interpreter\linkResolver.cpp, line 759]
Event: 17.613 Thread 0x0000024c86af4340 Exception <a 'java/lang/NoSuchMethodError'{0x0000000089724da8}: 'java.lang.Object java.lang.invoke.DirectMethodHandle$Holder.newInvokeSpecial(java.lang.Object, long)'> (0x0000000089724da8) 
thrown [s\open\src\hotspot\share\interpreter\linkResolver.cpp, line 759]

VM Operations (20 events):
Event: 15.738 Executing VM operation: HandshakeAllThreads
Event: 15.738 Executing VM operation: HandshakeAllThreads done
Event: 15.740 Executing VM operation: HandshakeAllThreads
Event: 15.740 Executing VM operation: HandshakeAllThreads done
Event: 16.094 Executing VM operation: G1CollectForAllocation
Event: 16.113 Executing VM operation: G1CollectForAllocation done
Event: 16.158 Executing VM operation: HandshakeAllThreads
Event: 16.158 Executing VM operation: HandshakeAllThreads done
Event: 16.247 Executing VM operation: HandshakeAllThreads
Event: 16.247 Executing VM operation: HandshakeAllThreads done
Event: 16.376 Executing VM operation: HandshakeAllThreads
Event: 16.376 Executing VM operation: HandshakeAllThreads done
Event: 16.719 Executing VM operation: HandshakeAllThreads
Event: 16.719 Executing VM operation: HandshakeAllThreads done
Event: 17.470 Executing VM operation: HandshakeAllThreads
Event: 17.470 Executing VM operation: HandshakeAllThreads done
Event: 17.470 Executing VM operation: Cleanup
Event: 17.470 Executing VM operation: Cleanup done
Event: 17.573 Executing VM operation: G1CollectForAllocation
Event: 17.596 Executing VM operation: G1CollectForAllocation done

Events (20 events):
Event: 17.564 loading class java/lang/ProcessHandle$Info
Event: 17.564 loading class java/lang/ProcessHandle$Info done
Event: 17.573 loading class java/lang/instrument/Instrumentation
Event: 17.573 loading class java/lang/instrument/Instrumentation done
Event: 17.601 loading class java/util/jar/JarInputStream
Event: 17.601 loading class java/util/zip/ZipInputStream
Event: 17.601 loading class java/util/zip/ZipInputStream done
Event: 17.601 loading class java/util/jar/JarInputStream done
Event: 17.602 loading class sun/security/util/ManifestEntryVerifier
Event: 17.602 loading class sun/security/util/ManifestEntryVerifier done
Event: 17.605 loading class java/lang/ProcessBuilder
Event: 17.605 loading class java/lang/ProcessBuilder done
Event: 17.605 loading class java/lang/ProcessImpl
Event: 17.606 loading class java/lang/ProcessImpl done
Event: 17.614 loading class java/lang/ProcessImpl$2
Event: 17.614 loading class java/lang/ProcessImpl$2 done
Event: 17.614 loading class java/lang/Process$PipeInputStream
Event: 17.614 loading class java/lang/Process$PipeInputStream done
Event: 17.614 loading class jdk/internal/event/ProcessStartEvent
Event: 17.615 loading class jdk/internal/event/ProcessStartEvent done


Dynamic libraries:
0x00007ff7e0940000 - 0x00007ff7e0950000 	C:\Program Files\Java\jdk-17\bin\java.exe
0x00007ffdb81b0000 - 0x00007ffdb83a8000 	C:\WINDOWS\SYSTEM32\ntdll.dll
0x00007ffdb6d10000 - 0x00007ffdb6dcd000 	C:\WINDOWS\System32\KERNEL32.DLL
0x00007ffdb5ab0000 - 0x00007ffdb5da6000 	C:\WINDOWS\System32\KERNELBASE.dll
0x00007ffdb5fd0000 - 0x00007ffdb60d0000 	C:\WINDOWS\System32\ucrtbase.dll
0x00007ffd977b0000 - 0x00007ffd977c9000 	C:\Program Files\Java\jdk-17\bin\jli.dll
0x00007ffdb6e90000 - 0x00007ffdb6f3f000 	C:\WINDOWS\System32\ADVAPI32.dll
0x00007ffdb70e0000 - 0x00007ffdb717e000 	C:\WINDOWS\System32\msvcrt.dll
0x00007ffdb65a0000 - 0x00007ffdb663c000 	C:\WINDOWS\System32\sechost.dll
0x00007ffdb6210000 - 0x00007ffdb6336000 	C:\WINDOWS\System32\RPCRT4.dll
0x00007ffdb7180000 - 0x00007ffdb731e000 	C:\WINDOWS\System32\USER32.dll
0x00007ffdb5930000 - 0x00007ffdb5952000 	C:\WINDOWS\System32\win32u.dll
0x00007ffdb6e60000 - 0x00007ffdb6e8c000 	C:\WINDOWS\System32\GDI32.dll
0x00007ffdb5990000 - 0x00007ffdb5aaa000 	C:\WINDOWS\System32\gdi32full.dll
0x00007ffdb5890000 - 0x00007ffdb592d000 	C:\WINDOWS\System32\msvcp_win.dll
0x00007ffda2ac0000 - 0x00007ffda2adb000 	C:\Program Files\Java\jdk-17\bin\VCRUNTIME140.dll
0x00007ffda42e0000 - 0x00007ffda457a000 	C:\WINDOWS\WinSxS\amd64_microsoft.windows.common-controls_6595b64144ccf1df_6.0.19041.3636_none_60b6a03d71f818d5\COMCTL32.dll
0x00007ffda8d90000 - 0x00007ffda8d9a000 	C:\WINDOWS\SYSTEM32\VERSION.dll
0x00007ffdb7320000 - 0x00007ffdb7350000 	C:\WINDOWS\System32\IMM32.DLL
0x00007ffda4770000 - 0x00007ffda477c000 	C:\Program Files\Java\jdk-17\bin\vcruntime140_1.dll
0x00007ffd82600000 - 0x00007ffd8268e000 	C:\Program Files\Java\jdk-17\bin\msvcp140.dll
0x00007ffd6dae0000 - 0x00007ffd6e6c1000 	C:\Program Files\Java\jdk-17\bin\server\jvm.dll
0x00007ffdb6510000 - 0x00007ffdb6518000 	C:\WINDOWS\System32\PSAPI.DLL
0x00007ffda8fc0000 - 0x00007ffda8fc9000 	C:\WINDOWS\SYSTEM32\WSOCK32.dll
0x00007ffdb6520000 - 0x00007ffdb658b000 	C:\WINDOWS\System32\WS2_32.dll
0x00007ffda20e0000 - 0x00007ffda2107000 	C:\WINDOWS\SYSTEM32\WINMM.dll
0x00007ffdb3710000 - 0x00007ffdb3722000 	C:\WINDOWS\SYSTEM32\kernel.appcore.dll
0x00007ffda38c0000 - 0x00007ffda38ca000 	C:\Program Files\Java\jdk-17\bin\jimage.dll
0x00007ffda1cd0000 - 0x00007ffda1eb4000 	C:\WINDOWS\SYSTEM32\DBGHELP.DLL
0x00007ffda1c50000 - 0x00007ffda1c84000 	C:\WINDOWS\SYSTEM32\dbgcore.DLL
0x00007ffdb60d0000 - 0x00007ffdb6152000 	C:\WINDOWS\System32\bcryptPrimitives.dll
0x00007ffd90130000 - 0x00007ffd90155000 	C:\Program Files\Java\jdk-17\bin\java.dll
0x00007ffd82130000 - 0x00007ffd82207000 	C:\Program Files\Java\jdk-17\bin\jsvml.dll
0x00007ffdb77c0000 - 0x00007ffdb7f05000 	C:\WINDOWS\System32\SHELL32.dll
0x00007ffdb3910000 - 0x00007ffdb40ab000 	C:\WINDOWS\SYSTEM32\windows.storage.dll
0x00007ffdb6830000 - 0x00007ffdb6b84000 	C:\WINDOWS\System32\combase.dll
0x00007ffdb51f0000 - 0x00007ffdb521d000 	C:\WINDOWS\SYSTEM32\Wldp.dll
0x00007ffdb80c0000 - 0x00007ffdb816d000 	C:\WINDOWS\System32\SHCORE.dll
0x00007ffdb63a0000 - 0x00007ffdb63f5000 	C:\WINDOWS\System32\shlwapi.dll
0x00007ffdb57c0000 - 0x00007ffdb57e5000 	C:\WINDOWS\SYSTEM32\profapi.dll
0x00007ffd963e0000 - 0x00007ffd963f9000 	C:\Program Files\Java\jdk-17\bin\net.dll
0x00007ffda9b30000 - 0x00007ffda9c3a000 	C:\WINDOWS\SYSTEM32\WINHTTP.dll
0x00007ffdb4fd0000 - 0x00007ffdb503a000 	C:\WINDOWS\system32\mswsock.dll
0x00007ffd961f0000 - 0x00007ffd96206000 	C:\Program Files\Java\jdk-17\bin\nio.dll
0x00007ffd903e0000 - 0x00007ffd903f8000 	C:\Program Files\Java\jdk-17\bin\zip.dll
0x00007ffd99560000 - 0x00007ffd9956a000 	C:\Program Files\Java\jdk-17\bin\management.dll
0x00007ffd98af0000 - 0x00007ffd98afb000 	C:\Program Files\Java\jdk-17\bin\management_ext.dll
0x00007ffdb4c90000 - 0x00007ffdb4ccb000 	C:\WINDOWS\SYSTEM32\IPHLPAPI.DLL
0x00007ffdb6590000 - 0x00007ffdb6598000 	C:\WINDOWS\System32\NSI.dll
0x00007ffdac970000 - 0x00007ffdac987000 	C:\WINDOWS\SYSTEM32\dhcpcsvc6.DLL
0x00007ffdac120000 - 0x00007ffdac13d000 	C:\WINDOWS\SYSTEM32\dhcpcsvc.DLL
0x00007ffdb4cd0000 - 0x00007ffdb4d9a000 	C:\WINDOWS\SYSTEM32\DNSAPI.dll
0x00007ffda8a10000 - 0x00007ffda8a1a000 	C:\Windows\System32\rasadhlp.dll
0x00007ffda8e20000 - 0x00007ffda8ea0000 	C:\WINDOWS\System32\fwpuclnt.dll
0x00007ffdb5960000 - 0x00007ffdb5987000 	C:\WINDOWS\System32\bcrypt.dll
0x00007ffd963a0000 - 0x00007ffd963ae000 	C:\Program Files\Java\jdk-17\bin\sunmscapi.dll
0x00007ffdb5e70000 - 0x00007ffdb5fcd000 	C:\WINDOWS\System32\CRYPT32.dll
0x00007ffdb5260000 - 0x00007ffdb5287000 	C:\WINDOWS\SYSTEM32\ncrypt.dll
0x00007ffdb5220000 - 0x00007ffdb525b000 	C:\WINDOWS\SYSTEM32\NTASN1.dll
0x00007ffdb5530000 - 0x00007ffdb5548000 	C:\WINDOWS\SYSTEM32\CRYPTSP.dll
0x00007ffdb48b0000 - 0x00007ffdb48e4000 	C:\WINDOWS\system32\rsaenh.dll
0x00007ffdb5780000 - 0x00007ffdb57ae000 	C:\WINDOWS\SYSTEM32\USERENV.dll
0x00007ffdb5160000 - 0x00007ffdb516c000 	C:\WINDOWS\SYSTEM32\CRYPTBASE.dll
0x00007ffda5310000 - 0x00007ffda5320000 	C:\Program Files\Java\jdk-17\bin\verify.dll

dbghelp: loaded successfully - version: 4.0.5 - missing functions: none
symbol engine: initialized successfully - sym options: 0x614 - pdb path: .;C:\Program Files\Java\jdk-17\bin;C:\WINDOWS\SYSTEM32;C:\WINDOWS\WinSxS\amd64_microsoft.windows.common-controls_6595b64144ccf1df_6.0.19041.3636_none_60b6a03d71f818d5;C:\Program Files\Java\jdk-17\bin\server

VM Arguments:
java_command: C:\Users\pc\AppData\Local\Temp\surefire18381858883281549767\surefirebooter-20231223180014756_3.jar C:\Users\pc\AppData\Local\Temp\surefire18381858883281549767 2023-12-23T18-00-14_256-jvmRun1 surefire-20231223180014756_1tmp surefire_0-20231223180014756_2tmp
java_class_path (initial): C:\Users\pc\AppData\Local\Temp\surefire18381858883281549767\surefirebooter-20231223180014756_3.jar
Launcher Type: SUN_STANDARD

[Global flags]
     intx CICompilerCount                          = 3                                         {product} {ergonomic}
     uint ConcGCThreads                            = 1                                         {product} {ergonomic}
     uint G1ConcRefinementThreads                  = 4                                         {product} {ergonomic}
   size_t G1HeapRegionSize                         = 1048576                                   {product} {ergonomic}
    uintx GCDrainStackTargetSize                   = 64                                        {product} {ergonomic}
   size_t InitialHeapSize                          = 134217728                                 {product} {ergonomic}
   size_t MarkStackSize                            = 4194304                                   {product} {ergonomic}
   size_t MaxHeapSize                              = 2122317824                                {product} {ergonomic}
   size_t MaxNewSize                               = 1272971264                                {product} {ergonomic}
   size_t MinHeapDeltaBytes                        = 1048576                                   {product} {ergonomic}
   size_t MinHeapSize                              = 8388608                                   {product} {ergonomic}
    uintx NonNMethodCodeHeapSize                   = 5832780                                {pd product} {ergonomic}
    uintx NonProfiledCodeHeapSize                  = 122912730                              {pd product} {ergonomic}
    uintx ProfiledCodeHeapSize                     = 122912730                              {pd product} {ergonomic}
    uintx ReservedCodeCacheSize                    = 251658240                              {pd product} {ergonomic}
     bool SegmentedCodeCache                       = true                                      {product} {ergonomic}
   size_t SoftMaxHeapSize                          = 2122317824                             {manageable} {ergonomic}
     bool UseCompressedClassPointers               = true                           {product lp64_product} {ergonomic}
     bool UseCompressedOops                        = true                           {product lp64_product} {ergonomic}
     bool UseG1GC                                  = true                                      {product} {ergonomic}
     bool UseLargePagesIndividualAllocation        = false                                  {pd product} {ergonomic}

Logging:
Log output configuration:
 #0: stdout all=warning uptime,level,tags
 #1: stderr all=off uptime,level,tags

Environment Variables:
JAVA_HOME=C:/Program Files/Java/jdk-17
PATH=C:\Users\pc\bin;C:\Program Files\Git\mingw64\bin;C:\Program Files\Git\usr\local\bin;C:\Program Files\Git\usr\bin;C:\Program Files\Git\usr\bin;C:\Program Files\Git\mingw64\bin;C:\Program Files\Git\usr\bin;C:\Users\pc\bin;C:\Program Files\Common Files\Oracle\Java\javapath;C:\Program Files (x86)\Common Files\Oracle\Java\javapath;C:\oraclexe\app\oracle\product\11.2.0\server\bin;C:\WINDOWS\system32;C:\WINDOWS;C:\WINDOWS\System32\Wbem;C:\WINDOWS\System32\WindowsPowerShell\v1.0;C:\WINDOWS\System32\OpenSSH;C:\Program Files (x86)\Microsoft SQL Server\100\Tools\Binn;C:\Program Files\Microsoft SQL Server\100\Tools\Binn;C:\Program Files\Microsoft SQL Server\100\DTS\Binn;C:\Program Files\Microsoft SQL Server\Client SDK\ODBC\110\Tools\Binn;C:\Program Files (x86)\Microsoft SQL Server\120\Tools\Binn;C:\Program Files\Microsoft SQL Server\120\Tools\Binn;C:\Program Files\Microsoft SQL Server\120\DTS\Binn;C:\Program Files (x86)\Microsoft SQL Server\120\Tools\Binn\ManagementStudio;C:\Program Files (x86)\Microsoft SQL Server\120\DTS\Binn;C:\xampp\php;C:\Program Files\Microsoft SQL Server\150\Tools\Binn;C:\Program Files\Microsoft SQL Server\Client SDK\ODBC\170\Tools\Binn;C:\Program Files\dotnet;C:\Program Files\Git\cmd;C:\Program Files\nodejs;C:\apache-maven-3.9.0-bin\apache-maven-3.9.0\bin;C:\Program Files\Java\jdk-17\bin;C:\Program Files\Docker\Docker\resources\bin;C:\Users\pc\scoop\shims;C:\Program Files\MySQL\MySQL Shell 8.0\bin;C:\Users\pc\AppData\Local\Programs\Python\Python310\Scripts;C:\Users\pc\AppData\Local\Programs\Python\Python310;C:\Users\pc\AppData\Local\Microsoft\WindowsApps;C:\Users\pc\Desktop\3IIR_S6\PFA\cygwin\bin;C:\Users\pc\AppData\Local\Programs\Microsoft VS Code\bin;C:\Program Files\JetBrains\PyCharm Community Edition 2022.3.2\bin;C:\Users\pc\AppData\Local\GitHubDesktop\bin;E:\flutter_windows_3.7.11-stable\flutter\bin;C:\Program Files\JetBrains\IntelliJ IDEA 2023.2.2\bin;C:\Users\pc\Downloads\protoc-25.0-win64\bin;C:\Users\pc\AppData\Roaming\npm;C:\Users\pc\AppData
USERNAME=pc
SHELL=C:\Program Files\Git\usr\bin\bash.exe
DISPLAY=needs-to-be-defined
LC_CTYPE=fr_FR.UTF-8
OS=Windows_NT
PROCESSOR_IDENTIFIER=Intel64 Family 6 Model 69 Stepping 1, GenuineIntel



---------------  S Y S T E M  ---------------

OS:
 Windows 10 , 64 bit Build 19041 (10.0.19041.3636)
OS uptime: 1 days 8:39 hours
Hyper-V role detected

CPU: total 4 (initial active 4) (2 cores per cpu, 2 threads per core) family 6 model 69 stepping 1 microcode 0x25, cx8, cmov, fxsr, ht, mmx, sse, sse2, sse3, ssse3, sse4.1, sse4.2, popcnt, lzcnt, tsc, tscinvbit, avx, avx2, aes, erms, clmul, bmi1, bmi2, fma, vzeroupper, clflush, hv

Memory: 4k page, system-wide physical 8089M (795M free)
TotalPageFile size 21113M (AvailPageFile size 5M)
current process WorkingSet (physical memory assigned to process): 276M, peak: 279M
current process commit charge ("private bytes"): 307M, peak: 311M

vm_info: Java HotSpot(TM) 64-Bit Server VM (17.0.9+11-LTS-201) for windows-amd64 JRE (17.0.9+11-LTS-201), built on Oct 10 2023 23:16:06 by "mach5one" with MS VC++ 17.1 (VS2022)

END.
