#
# There is insufficient memory for the Java Runtime Environment to continue.
# Native memory allocation (malloc) failed to allocate 32744 bytes for ChunkPool::allocate
# Possible reasons:
#   The system is out of physical RAM or swap space
#   The process is running with CompressedOops enabled, and the Java Heap may be blocking the growth of the native heap
# Possible solutions:
#   Reduce memory load on the system
#   Increase physical memory or swap space
#   Check if swap backing store is full
#   Decrease Java heap size (-Xmx/-Xms)
#   Decrease number of Java threads
#   Decrease Java thread stack sizes (-Xss)
#   Set larger code cache with -XX:ReservedCodeCacheSize=
#   JVM is running with Unscaled Compressed Oops mode in which the Java heap is
#     placed in the first 4GB address space. The Java Heap base address is the
#     maximum limit for the native heap growth. Please use -XX:HeapBaseMinAddress
#     to set the Java Heap base and to place the Java Heap above 4GB virtual address.
# This output file may be truncated or incomplete.
#
#  Out of Memory Error (arena.cpp:78), pid=16660, tid=10232
#
# JRE version: Java(TM) SE Runtime Environment (17.0.9+11) (build 17.0.9+11-LTS-201)
# Java VM: Java HotSpot(TM) 64-Bit Server VM (17.0.9+11-LTS-201, mixed mode, sharing, tiered, compressed oops, compressed class ptrs, g1 gc, windows-amd64)
# No core dump will be written. Minidumps are not enabled by default on client versions of Windows
#

---------------  S U M M A R Y ------------

Command Line: C:\Users\pc\AppData\Local\Temp\surefire4471840376011464510\surefirebooter-20231223171537235_3.jar C:\Users\pc\AppData\Local\Temp\surefire4471840376011464510 2023-12-23T17-15-36_786-jvmRun1 surefire-20231223171537235_1tmp surefire_0-20231223171537235_2tmp

Host: Intel(R) Core(TM) i5-4300U CPU @ 1.90GHz, 4 cores, 7G,  Windows 10 , 64 bit Build 19041 (10.0.19041.3636)
Time: Sat Dec 23 17:15:58 2023 Maroc (heure d64 bit Build 19041 (10.0.19041.3636) elapsed time: 20.462632 seconds (0d 0h 0m 20s)

---------------  T H R E A D  ---------------

Current thread (0x00000221ff3f09f0):  JavaThread "C2 CompilerThread0" daemon [_thread_in_native, id=10232, stack(0x000000da2b100000,0x000000da2b200000)]


Current CompileTask:
C2:  20463 5820       4       org.springframework.core.annotation.AnnotationsScanner::scan (21 bytes)

Stack: [0x000000da2b100000,0x000000da2b200000]
Native frames: (J=compiled Java code, j=interpreted, Vv=VM code, C=native code)
V  [jvm.dll+0x678a4a]
V  [jvm.dll+0x7d9cfd]
V  [jvm.dll+0x7db60e]
V  [jvm.dll+0x7dbc73]
V  [jvm.dll+0x245e1f]
V  [jvm.dll+0xaad50]
V  [jvm.dll+0xab09c]
V  [jvm.dll+0x367d0f]
V  [jvm.dll+0x367351]
V  [jvm.dll+0x367394]
V  [jvm.dll+0x1be51e]
V  [jvm.dll+0x36253b]
V  [jvm.dll+0x361405]
V  [jvm.dll+0x1bbb6f]
V  [jvm.dll+0x218287]
V  [jvm.dll+0x217561]
V  [jvm.dll+0x1a3bc0]
V  [jvm.dll+0x2272de]
V  [jvm.dll+0x22548b]
V  [jvm.dll+0x78f58c]
V  [jvm.dll+0x78998a]
V  [jvm.dll+0x677875]
C  [ucrtbase.dll+0x21bb2]
C  [KERNEL32.DLL+0x17344]
C  [ntdll.dll+0x526b1]


---------------  P R O C E S S  ---------------

Threads class SMR info:
_java_thread_list=0x00000221e4387f20, length=21, elements={
0x00000221fe2760b0, 0x00000221ff3d7820, 0x00000221ff3d85b0, 0x00000221ff3ec0c0,
0x00000221ff3ecb90, 0x00000221ff3ef470, 0x00000221ff3efd40, 0x00000221ff3f09f0,
0x00000221ff3f13b0, 0x00000221ff4764f0, 0x000002219c8fad40, 0x000002219c901cf0,
0x00000221e2304260, 0x000002219cc06000, 0x00000221e2ddb810, 0x00000221e2dd8570,
0x00000221e2dd8a80, 0x00000221e2dd9ec0, 0x00000221e2dd8f90, 0x00000221e2dda3d0,
0x00000221e2dda8e0
}

Java Threads: ( => current thread )
  0x00000221fe2760b0 JavaThread "main" [_thread_in_native, id=17584, stack(0x000000da2a400000,0x000000da2a500000)]
  0x00000221ff3d7820 JavaThread "Reference Handler" daemon [_thread_blocked, id=17424, stack(0x000000da2ab00000,0x000000da2ac00000)]
  0x00000221ff3d85b0 JavaThread "Finalizer" daemon [_thread_blocked, id=13112, stack(0x000000da2ac00000,0x000000da2ad00000)]
  0x00000221ff3ec0c0 JavaThread "Signal Dispatcher" daemon [_thread_blocked, id=13992, stack(0x000000da2ad00000,0x000000da2ae00000)]
  0x00000221ff3ecb90 JavaThread "Attach Listener" daemon [_thread_blocked, id=14436, stack(0x000000da2ae00000,0x000000da2af00000)]
  0x00000221ff3ef470 JavaThread "Service Thread" daemon [_thread_blocked, id=17016, stack(0x000000da2af00000,0x000000da2b000000)]
  0x00000221ff3efd40 JavaThread "Monitor Deflation Thread" daemon [_thread_blocked, id=12876, stack(0x000000da2b000000,0x000000da2b100000)]
=>0x00000221ff3f09f0 JavaThread "C2 CompilerThread0" daemon [_thread_in_native, id=10232, stack(0x000000da2b100000,0x000000da2b200000)]
  0x00000221ff3f13b0 JavaThread "C1 CompilerThread0" daemon [_thread_blocked, id=6488, stack(0x000000da2b200000,0x000000da2b300000)]
  0x00000221ff4764f0 JavaThread "Sweeper thread" daemon [_thread_blocked, id=9872, stack(0x000000da2b300000,0x000000da2b400000)]
  0x000002219c8fad40 JavaThread "Notification Thread" daemon [_thread_blocked, id=13292, stack(0x000000da2b400000,0x000000da2b500000)]
  0x000002219c901cf0 JavaThread "Common-Cleaner" daemon [_thread_blocked, id=1124, stack(0x000000da2b600000,0x000000da2b700000)]
  0x00000221e2304260 JavaThread "surefire-forkedjvm-stream-flusher" daemon [_thread_blocked, id=5488, stack(0x000000da2b700000,0x000000da2b800000)]
  0x000002219cc06000 JavaThread "surefire-forkedjvm-command-thread" daemon [_thread_in_native, id=18076, stack(0x000000da2b800000,0x000000da2b900000)]
  0x00000221e2ddb810 JavaThread "mysql-cj-abandoned-connection-cleanup" daemon [_thread_blocked, id=6084, stack(0x000000da2bc00000,0x000000da2bd00000)]
  0x00000221e2dd8570 JavaThread "HikariPool-1 housekeeper" daemon [_thread_blocked, id=17440, stack(0x000000da2bf00000,0x000000da2c000000)]
  0x00000221e2dd8a80 JavaThread "spring.cloud.inetutils" daemon [_thread_blocked, id=16324, stack(0x000000da2bd00000,0x000000da2be00000)]
  0x00000221e2dd9ec0 JavaThread "AsyncResolver-bootstrap-0" daemon [_thread_blocked, id=9392, stack(0x000000da2c100000,0x000000da2c200000)]
  0x00000221e2dd8f90 JavaThread "DiscoveryClient-0" daemon [_thread_blocked, id=11272, stack(0x000000da2c000000,0x000000da2c100000)]
  0x00000221e2dda3d0 JavaThread "DiscoveryClient-1" daemon [_thread_blocked, id=10588, stack(0x000000da2c200000,0x000000da2c300000)]
  0x00000221e2dda8e0 JavaThread "DiscoveryClient-InstanceInfoReplicator-0" daemon [_thread_blocked, id=17600, stack(0x000000da2c300000,0x000000da2c400000)]

Other Threads:
  0x00000221ff3d3450 VMThread "VM Thread" [stack: 0x000000da2aa00000,0x000000da2ab00000] [id=15960]
  0x000002219c901650 WatcherThread [stack: 0x000000da2b500000,0x000000da2b600000] [id=16268]
  0x00000221fe2cffe0 GCTaskThread "GC Thread#0" [stack: 0x000000da2a500000,0x000000da2a600000] [id=13968]
  0x00000221e217a0b0 GCTaskThread "GC Thread#1" [stack: 0x000000da2b900000,0x000000da2ba00000] [id=9416]
  0x00000221e217a370 GCTaskThread "GC Thread#2" [stack: 0x000000da2ba00000,0x000000da2bb00000] [id=17524]
  0x000002219ca731b0 GCTaskThread "GC Thread#3" [stack: 0x000000da2bb00000,0x000000da2bc00000] [id=10788]
  0x00000221fe2e1b50 ConcurrentGCThread "G1 Main Marker" [stack: 0x000000da2a600000,0x000000da2a700000] [id=13076]
  0x00000221fe2e2470 ConcurrentGCThread "G1 Conc#0" [stack: 0x000000da2a700000,0x000000da2a800000] [id=8092]
  0x00000221fe34d190 ConcurrentGCThread "G1 Refine#0" [stack: 0x000000da2a800000,0x000000da2a900000] [id=17244]
  0x00000221fe34dad0 ConcurrentGCThread "G1 Service" [stack: 0x000000da2a900000,0x000000da2aa00000] [id=14240]

Threads with active compile tasks:
C2 CompilerThread0    20527 5820       4       org.springframework.core.annotation.AnnotationsScanner::scan (21 bytes)

VM state: not at safepoint (normal execution)

VM Mutex/Monitor currently owned by a thread: None

Heap address: 0x0000000081800000, size: 2024 MB, Compressed Oops mode: 32-bit

CDS archive(s) mapped at: [0x000002219d000000-0x000002219dbd0000-0x000002219dbd0000), size 12386304, SharedBaseAddress: 0x000002219d000000, ArchiveRelocationMode: 1.
Compressed class space mapped at: 0x000002219e000000-0x00000221de000000, reserved size: 1073741824
Narrow klass base: 0x000002219d000000, Narrow klass shift: 0, Narrow klass range: 0x100000000

GC Precious Log:
 CPUs: 4 total, 4 available
 Memory: 8089M
 Large Page Support: Disabled
 NUMA Support: Disabled
 Compressed Oops: Enabled (32-bit)
 Heap Region Size: 1M
 Heap Min Capacity: 8M
 Heap Initial Capacity: 128M
 Heap Max Capacity: 2024M
 Pre-touch: Disabled
 Parallel Workers: 4
 Concurrent Workers: 1
 Concurrent Refinement Workers: 4
 Periodic GC: Disabled

Heap:
 garbage-first heap   total 78848K, used 36054K [0x0000000081800000, 0x0000000100000000)
  region size 1024K, 7 young (7168K), 5 survivors (5120K)
 Metaspace       used 71239K, committed 71744K, reserved 1114112K
  class space    used 9936K, committed 10176K, reserved 1048576K

Heap Regions: E=young(eden), S=young(survivor), O=old, HS=humongous(starts), HC=humongous(continues), CS=collection set, F=free, OA=open archive, CA=closed archive, TAMS=top-at-mark-start (previous, next)
|   0|0x0000000081800000, 0x0000000081900000, 0x0000000081900000|100%|HS|  |TAMS 0x0000000081900000, 0x0000000081800000| Complete 
|   1|0x0000000081900000, 0x0000000081a00000, 0x0000000081a00000|100%|HS|  |TAMS 0x0000000081a00000, 0x0000000081900000| Complete 
|   2|0x0000000081a00000, 0x0000000081b00000, 0x0000000081b00000|100%| O|  |TAMS 0x0000000081b00000, 0x0000000081a00000| Untracked 
|   3|0x0000000081b00000, 0x0000000081c00000, 0x0000000081c00000|100%| O|  |TAMS 0x0000000081c00000, 0x0000000081b00000| Untracked 
|   4|0x0000000081c00000, 0x0000000081d00000, 0x0000000081d00000|100%| O|  |TAMS 0x0000000081d00000, 0x0000000081c00000| Untracked 
|   5|0x0000000081d00000, 0x0000000081e00000, 0x0000000081e00000|100%| O|  |TAMS 0x0000000081e00000, 0x0000000081d00000| Untracked 
|   6|0x0000000081e00000, 0x0000000081f00000, 0x0000000081f00000|100%| O|  |TAMS 0x0000000081f00000, 0x0000000081e00000| Untracked 
|   7|0x0000000081f00000, 0x0000000082000000, 0x0000000082000000|100%| O|  |TAMS 0x0000000082000000, 0x0000000081f00000| Untracked 
|   8|0x0000000082000000, 0x0000000082100000, 0x0000000082100000|100%| O|  |TAMS 0x0000000082100000, 0x0000000082000000| Untracked 
|   9|0x0000000082100000, 0x0000000082200000, 0x0000000082200000|100%| O|  |TAMS 0x0000000082200000, 0x0000000082100000| Untracked 
|  10|0x0000000082200000, 0x0000000082300000, 0x0000000082300000|100%| O|  |TAMS 0x0000000082300000, 0x0000000082200000| Untracked 
|  11|0x0000000082300000, 0x0000000082400000, 0x0000000082400000|100%| O|  |TAMS 0x0000000082400000, 0x0000000082300000| Untracked 
|  12|0x0000000082400000, 0x0000000082500000, 0x0000000082500000|100%| O|  |TAMS 0x0000000082500000, 0x0000000082400000| Untracked 
|  13|0x0000000082500000, 0x0000000082600000, 0x0000000082600000|100%| O|  |TAMS 0x0000000082600000, 0x0000000082500000| Untracked 
|  14|0x0000000082600000, 0x0000000082700000, 0x0000000082700000|100%| O|  |TAMS 0x0000000082700000, 0x0000000082600000| Untracked 
|  15|0x0000000082700000, 0x0000000082800000, 0x0000000082800000|100%| O|  |TAMS 0x0000000082800000, 0x0000000082700000| Untracked 
|  16|0x0000000082800000, 0x0000000082900000, 0x0000000082900000|100%| O|  |TAMS 0x0000000082900000, 0x0000000082800000| Untracked 
|  17|0x0000000082900000, 0x0000000082a00000, 0x0000000082a00000|100%| O|  |TAMS 0x0000000082a00000, 0x0000000082900000| Untracked 
|  18|0x0000000082a00000, 0x0000000082b00000, 0x0000000082b00000|100%| O|  |TAMS 0x0000000082b00000, 0x0000000082a00000| Untracked 
|  19|0x0000000082b00000, 0x0000000082c00000, 0x0000000082c00000|100%| O|  |TAMS 0x0000000082c00000, 0x0000000082b00000| Untracked 
|  20|0x0000000082c00000, 0x0000000082c9e400, 0x0000000082d00000| 61%| O|  |TAMS 0x0000000082c9e400, 0x0000000082c00000| Untracked 
|  21|0x0000000082d00000, 0x0000000082e00000, 0x0000000082e00000|100%| O|  |TAMS 0x0000000082e00000, 0x0000000082d00000| Untracked 
|  22|0x0000000082e00000, 0x0000000082f00000, 0x0000000082f00000|100%| O|  |TAMS 0x0000000082f00000, 0x0000000082e00000| Untracked 
|  23|0x0000000082f00000, 0x0000000083000000, 0x0000000083000000|100%| O|  |TAMS 0x0000000083000000, 0x0000000082f00000| Untracked 
|  24|0x0000000083000000, 0x0000000083100000, 0x0000000083100000|100%| O|  |TAMS 0x00000000830f2600, 0x0000000083000000| Untracked 
|  25|0x0000000083100000, 0x0000000083200000, 0x0000000083200000|100%| O|  |TAMS 0x0000000083100000, 0x0000000083100000| Untracked 
|  26|0x0000000083200000, 0x0000000083300000, 0x0000000083300000|100%| O|  |TAMS 0x0000000083200000, 0x0000000083200000| Untracked 
|  27|0x0000000083300000, 0x0000000083400000, 0x0000000083400000|100%| O|  |TAMS 0x0000000083300000, 0x0000000083300000| Untracked 
|  28|0x0000000083400000, 0x0000000083500000, 0x0000000083500000|100%| O|  |TAMS 0x0000000083400000, 0x0000000083400000| Untracked 
|  29|0x0000000083500000, 0x0000000083597608, 0x0000000083600000| 59%| O|  |TAMS 0x0000000083500000, 0x0000000083500000| Untracked 
|  30|0x0000000083600000, 0x0000000083600000, 0x0000000083700000|  0%| F|  |TAMS 0x0000000083600000, 0x0000000083600000| Untracked 
|  31|0x0000000083700000, 0x0000000083700000, 0x0000000083800000|  0%| F|  |TAMS 0x0000000083700000, 0x0000000083700000| Untracked 
|  32|0x0000000083800000, 0x0000000083800000, 0x0000000083900000|  0%| F|  |TAMS 0x0000000083800000, 0x0000000083800000| Untracked 
|  33|0x0000000083900000, 0x0000000083900000, 0x0000000083a00000|  0%| F|  |TAMS 0x0000000083900000, 0x0000000083900000| Untracked 
|  34|0x0000000083a00000, 0x0000000083a00000, 0x0000000083b00000|  0%| F|  |TAMS 0x0000000083a00000, 0x0000000083a00000| Untracked 
|  35|0x0000000083b00000, 0x0000000083b00000, 0x0000000083c00000|  0%| F|  |TAMS 0x0000000083b00000, 0x0000000083b00000| Untracked 
|  36|0x0000000083c00000, 0x0000000083c00000, 0x0000000083d00000|  0%| F|  |TAMS 0x0000000083c00000, 0x0000000083c00000| Untracked 
|  37|0x0000000083d00000, 0x0000000083d00000, 0x0000000083e00000|  0%| F|  |TAMS 0x0000000083d00000, 0x0000000083d00000| Untracked 
|  38|0x0000000083e00000, 0x0000000083e00000, 0x0000000083f00000|  0%| F|  |TAMS 0x0000000083e00000, 0x0000000083e00000| Untracked 
|  39|0x0000000083f00000, 0x0000000083f00000, 0x0000000084000000|  0%| F|  |TAMS 0x0000000083f00000, 0x0000000083f00000| Untracked 
|  40|0x0000000084000000, 0x0000000084000000, 0x0000000084100000|  0%| F|  |TAMS 0x0000000084000000, 0x0000000084000000| Untracked 
|  41|0x0000000084100000, 0x0000000084100000, 0x0000000084200000|  0%| F|  |TAMS 0x0000000084100000, 0x0000000084100000| Untracked 
|  42|0x0000000084200000, 0x0000000084300000, 0x0000000084300000|100%| S|CS|TAMS 0x0000000084200000, 0x0000000084200000| Complete 
|  43|0x0000000084300000, 0x0000000084400000, 0x0000000084400000|100%| S|CS|TAMS 0x0000000084300000, 0x0000000084300000| Complete 
|  44|0x0000000084400000, 0x0000000084500000, 0x0000000084500000|100%| S|CS|TAMS 0x0000000084400000, 0x0000000084400000| Complete 
|  45|0x0000000084500000, 0x0000000084600000, 0x0000000084600000|100%| S|CS|TAMS 0x0000000084500000, 0x0000000084500000| Complete 
|  46|0x0000000084600000, 0x0000000084700000, 0x0000000084700000|100%| S|CS|TAMS 0x0000000084600000, 0x0000000084600000| Complete 
|  47|0x0000000084700000, 0x0000000084700000, 0x0000000084800000|  0%| F|  |TAMS 0x0000000084700000, 0x0000000084700000| Untracked 
|  48|0x0000000084800000, 0x0000000084800000, 0x0000000084900000|  0%| F|  |TAMS 0x0000000084800000, 0x0000000084800000| Untracked 
|  49|0x0000000084900000, 0x0000000084900000, 0x0000000084a00000|  0%| F|  |TAMS 0x0000000084900000, 0x0000000084900000| Untracked 
|  50|0x0000000084a00000, 0x0000000084a00000, 0x0000000084b00000|  0%| F|  |TAMS 0x0000000084a00000, 0x0000000084a00000| Untracked 
|  51|0x0000000084b00000, 0x0000000084b00000, 0x0000000084c00000|  0%| F|  |TAMS 0x0000000084b00000, 0x0000000084b00000| Untracked 
|  52|0x0000000084c00000, 0x0000000084c00000, 0x0000000084d00000|  0%| F|  |TAMS 0x0000000084c00000, 0x0000000084c00000| Untracked 
|  53|0x0000000084d00000, 0x0000000084d00000, 0x0000000084e00000|  0%| F|  |TAMS 0x0000000084d00000, 0x0000000084d00000| Untracked 
|  54|0x0000000084e00000, 0x0000000084e00000, 0x0000000084f00000|  0%| F|  |TAMS 0x0000000084e00000, 0x0000000084e00000| Untracked 
|  55|0x0000000084f00000, 0x0000000084f00000, 0x0000000085000000|  0%| F|  |TAMS 0x0000000084f00000, 0x0000000084f00000| Untracked 
|  56|0x0000000085000000, 0x0000000085000000, 0x0000000085100000|  0%| F|  |TAMS 0x0000000085000000, 0x0000000085000000| Untracked 
|  57|0x0000000085100000, 0x0000000085100000, 0x0000000085200000|  0%| F|  |TAMS 0x0000000085100000, 0x0000000085100000| Untracked 
|  58|0x0000000085200000, 0x0000000085200000, 0x0000000085300000|  0%| F|  |TAMS 0x0000000085200000, 0x0000000085200000| Untracked 
|  59|0x0000000085300000, 0x0000000085300000, 0x0000000085400000|  0%| F|  |TAMS 0x0000000085300000, 0x0000000085300000| Untracked 
|  60|0x0000000085400000, 0x0000000085400000, 0x0000000085500000|  0%| F|  |TAMS 0x0000000085400000, 0x0000000085400000| Untracked 
|  61|0x0000000085500000, 0x0000000085500000, 0x0000000085600000|  0%| F|  |TAMS 0x0000000085500000, 0x0000000085500000| Untracked 
|  62|0x0000000085600000, 0x0000000085600000, 0x0000000085700000|  0%| F|  |TAMS 0x0000000085600000, 0x0000000085600000| Untracked 
|  63|0x0000000085700000, 0x0000000085700000, 0x0000000085800000|  0%| F|  |TAMS 0x0000000085700000, 0x0000000085700000| Untracked 
|  64|0x0000000085800000, 0x0000000085800000, 0x0000000085900000|  0%| F|  |TAMS 0x0000000085800000, 0x0000000085800000| Untracked 
|  65|0x0000000085900000, 0x0000000085900000, 0x0000000085a00000|  0%| F|  |TAMS 0x0000000085900000, 0x0000000085900000| Untracked 
|  66|0x0000000085a00000, 0x0000000085a00000, 0x0000000085b00000|  0%| F|  |TAMS 0x0000000085a00000, 0x0000000085a00000| Untracked 
|  67|0x0000000085b00000, 0x0000000085b00000, 0x0000000085c00000|  0%| F|  |TAMS 0x0000000085b00000, 0x0000000085b00000| Untracked 
|  68|0x0000000085c00000, 0x0000000085c00000, 0x0000000085d00000|  0%| F|  |TAMS 0x0000000085c00000, 0x0000000085c00000| Untracked 
|  69|0x0000000085d00000, 0x0000000085d00000, 0x0000000085e00000|  0%| F|  |TAMS 0x0000000085d00000, 0x0000000085d00000| Untracked 
|  70|0x0000000085e00000, 0x0000000085e00000, 0x0000000085f00000|  0%| F|  |TAMS 0x0000000085e00000, 0x0000000085e00000| Untracked 
|  71|0x0000000085f00000, 0x0000000085f00000, 0x0000000086000000|  0%| F|  |TAMS 0x0000000085f00000, 0x0000000085f00000| Untracked 
|  72|0x0000000086000000, 0x0000000086000000, 0x0000000086100000|  0%| F|  |TAMS 0x0000000086000000, 0x0000000086000000| Untracked 
|  73|0x0000000086100000, 0x0000000086100000, 0x0000000086200000|  0%| F|  |TAMS 0x0000000086100000, 0x0000000086100000| Untracked 
|  74|0x0000000086200000, 0x0000000086200000, 0x0000000086300000|  0%| F|  |TAMS 0x0000000086200000, 0x0000000086200000| Untracked 
|  75|0x0000000086300000, 0x0000000086399cf0, 0x0000000086400000| 60%| E|  |TAMS 0x0000000086300000, 0x0000000086300000| Complete 
| 127|0x0000000089700000, 0x0000000089800000, 0x0000000089800000|100%| E|CS|TAMS 0x0000000089700000, 0x0000000089700000| Complete 

Card table byte_map: [0x00000221fe750000,0x00000221feb50000] _byte_map_base: 0x00000221fe344000

Marking Bits (Prev, Next): (CMBitMap*) 0x00000221fe2d1560, (CMBitMap*) 0x00000221fe2d1520
 Prev Bits: [0x0000022198770000, 0x000002219a710000)
 Next Bits: [0x00000221967d0000, 0x0000022198770000)

Polling page: 0x00000221fc170000

Metaspace:

Usage:
  Non-class:     59.87 MB used.
      Class:      9.70 MB used.
       Both:     69.57 MB used.

Virtual space:
  Non-class space:       64.00 MB reserved,      60.12 MB ( 94%) committed,  1 nodes.
      Class space:        1.00 GB reserved,       9.94 MB ( <1%) committed,  1 nodes.
             Both:        1.06 GB reserved,      70.06 MB (  6%) committed. 

Chunk freelists:
   Non-Class:  3.93 MB
       Class:  6.01 MB
        Both:  9.95 MB

MaxMetaspaceSize: unlimited
CompressedClassSpaceSize: 1.00 GB
Initial GC threshold: 21.00 MB
Current GC threshold: 98.75 MB
CDS: on
MetaspaceReclaimPolicy: balanced
 - commit_granule_bytes: 65536.
 - commit_granule_words: 8192.
 - virtual_space_node_default_size: 8388608.
 - enlarge_chunks_in_place: 1.
 - new_chunks_are_fully_committed: 0.
 - uncommit_free_chunks: 1.
 - use_allocation_guard: 0.
 - handle_deallocations: 1.


Internal statistics:

num_allocs_failed_limit: 9.
num_arena_births: 630.
num_arena_deaths: 0.
num_vsnodes_births: 2.
num_vsnodes_deaths: 0.
num_space_committed: 1121.
num_space_uncommitted: 0.
num_chunks_returned_to_freelist: 9.
num_chunks_taken_from_freelist: 3143.
num_chunk_merges: 9.
num_chunk_splits: 2332.
num_chunks_enlarged: 1885.
num_inconsistent_stats: 0.

CodeHeap 'non-profiled nmethods': size=120000Kb used=3027Kb max_used=3027Kb free=116972Kb
 bounds [0x000002218f2a0000, 0x000002218f5e0000, 0x00000221967d0000]
CodeHeap 'profiled nmethods': size=120000Kb used=9644Kb max_used=10107Kb free=110355Kb
 bounds [0x00000221877d0000, 0x00000221881b0000, 0x000002218ed00000]
CodeHeap 'non-nmethods': size=5760Kb used=1333Kb max_used=1376Kb free=4426Kb
 bounds [0x000002218ed00000, 0x000002218ef70000, 0x000002218f2a0000]
 total_blobs=5820 nmethods=5155 adapters=576
 compilation: enabled
              stopped_count=0, restarted_count=0
 full_count=0

Compilation events (20 events):
Event: 19.658 Thread 0x00000221ff3f09f0 nmethod 5885 0x000002218f471110 code [0x000002218f471360, 0x000002218f472e30]
Event: 19.658 Thread 0x00000221ff3f09f0 5835       4       java.lang.String::startsWith (7 bytes)
Event: 19.667 Thread 0x00000221ff3f09f0 nmethod 5835 0x000002218f36b110 code [0x000002218f36b2a0, 0x000002218f36b558]
Event: 19.667 Thread 0x00000221ff3f09f0 5879       4       java.lang.Class::isAnnotation (17 bytes)
Event: 19.667 Thread 0x00000221ff3f09f0 nmethod 5879 0x000002218f36ae10 code [0x000002218f36af80, 0x000002218f36b018]
Event: 19.668 Thread 0x00000221ff3f09f0 5840       4       java.util.TreeMap::successor (66 bytes)
Event: 19.670 Thread 0x00000221ff3f09f0 nmethod 5840 0x000002218f36aa90 code [0x000002218f36ac00, 0x000002218f36acd8]
Event: 19.670 Thread 0x00000221ff3f09f0 5876       4       org.springframework.core.annotation.AnnotationsScanner::getBaseTypeMethods (123 bytes)
Event: 19.725 Thread 0x00000221ff3f13b0 5925       2       java.util.ArrayList::toArray (57 bytes)
Event: 19.725 Thread 0x00000221ff3f13b0 nmethod 5925 0x0000022187fa1b90 code [0x0000022187fa1d40, 0x0000022187fa20b8]
Event: 19.726 Thread 0x00000221ff3f13b0 5927       2       java.time.LocalDate::ofEpochDay (236 bytes)
Event: 19.726 Thread 0x00000221ff3f13b0 nmethod 5927 0x0000022187fa1010 code [0x0000022187fa11e0, 0x0000022187fa1818]
Event: 19.726 Thread 0x00000221ff3f13b0 5928       2       java.time.temporal.ChronoField::checkValidIntValue (10 bytes)
Event: 19.726 Thread 0x00000221ff3f13b0 nmethod 5928 0x0000022187fa0c90 code [0x0000022187fa0e20, 0x0000022187fa0f48]
Event: 19.923 Thread 0x00000221ff3f09f0 nmethod 5876 0x000002218f5ca590 code [0x000002218f5caa60, 0x000002218f5ce068]
Event: 19.923 Thread 0x00000221ff3f09f0 5841       4       org.springframework.boot.autoconfigure.condition.ConditionEvaluationReport$$Lambda$1699/0x000002219e9b0f00::accept (20 bytes)
Event: 19.945 Thread 0x00000221ff3f09f0 nmethod 5841 0x000002218f369190 code [0x000002218f3693a0, 0x000002218f369c08]
Event: 19.945 Thread 0x00000221ff3f09f0 5842       4       org.springframework.boot.autoconfigure.condition.ConditionEvaluationReport::lambda$addNoMatchOutcomeToAncestors$2 (41 bytes)
Event: 19.966 Thread 0x00000221ff3f09f0 nmethod 5842 0x000002218f40d910 code [0x000002218f40db00, 0x000002218f40e2e8]
Event: 19.966 Thread 0x00000221ff3f09f0 5820       4       org.springframework.core.annotation.AnnotationsScanner::scan (21 bytes)

GC Heap History (20 events):
Event: 6.321 GC heap before
{Heap before GC invocations=6 (full 0):
 garbage-first heap   total 61440K, used 18645K [0x0000000081800000, 0x0000000100000000)
  region size 1024K, 4 young (4096K), 3 survivors (3072K)
 Metaspace       used 24677K, committed 24960K, reserved 1114112K
  class space    used 3174K, committed 3328K, reserved 1048576K
}
Event: 6.331 GC heap after
{Heap after GC invocations=7 (full 0):
 garbage-first heap   total 61440K, used 18441K [0x0000000081800000, 0x0000000100000000)
  region size 1024K, 1 young (1024K), 1 survivors (1024K)
 Metaspace       used 24677K, committed 24960K, reserved 1114112K
  class space    used 3174K, committed 3328K, reserved 1048576K
}
Event: 8.397 GC heap before
{Heap before GC invocations=7 (full 0):
 garbage-first heap   total 61440K, used 43017K [0x0000000081800000, 0x0000000100000000)
  region size 1024K, 25 young (25600K), 1 survivors (1024K)
 Metaspace       used 28187K, committed 28480K, reserved 1114112K
  class space    used 3770K, committed 3904K, reserved 1048576K
}
Event: 8.410 GC heap after
{Heap after GC invocations=8 (full 0):
 garbage-first heap   total 61440K, used 19327K [0x0000000081800000, 0x0000000100000000)
  region size 1024K, 2 young (2048K), 2 survivors (2048K)
 Metaspace       used 28187K, committed 28480K, reserved 1114112K
  class space    used 3770K, committed 3904K, reserved 1048576K
}
Event: 9.554 GC heap before
{Heap before GC invocations=8 (full 0):
 garbage-first heap   total 61440K, used 43903K [0x0000000081800000, 0x0000000100000000)
  region size 1024K, 26 young (26624K), 2 survivors (2048K)
 Metaspace       used 31289K, committed 31680K, reserved 1114112K
  class space    used 4242K, committed 4416K, reserved 1048576K
}
Event: 9.567 GC heap after
{Heap after GC invocations=9 (full 0):
 garbage-first heap   total 61440K, used 21356K [0x0000000081800000, 0x0000000100000000)
  region size 1024K, 4 young (4096K), 4 survivors (4096K)
 Metaspace       used 31289K, committed 31680K, reserved 1114112K
  class space    used 4242K, committed 4416K, reserved 1048576K
}
Event: 11.005 GC heap before
{Heap before GC invocations=9 (full 0):
 garbage-first heap   total 61440K, used 39788K [0x0000000081800000, 0x0000000100000000)
  region size 1024K, 23 young (23552K), 4 survivors (4096K)
 Metaspace       used 35625K, committed 35968K, reserved 1114112K
  class space    used 4862K, committed 5056K, reserved 1048576K
}
Event: 11.019 GC heap after
{Heap after GC invocations=10 (full 0):
 garbage-first heap   total 101376K, used 21958K [0x0000000081800000, 0x0000000100000000)
  region size 1024K, 1 young (1024K), 1 survivors (1024K)
 Metaspace       used 35625K, committed 35968K, reserved 1114112K
  class space    used 4862K, committed 5056K, reserved 1048576K
}
Event: 12.897 GC heap before
{Heap before GC invocations=11 (full 0):
 garbage-first heap   total 78848K, used 67014K [0x0000000081800000, 0x0000000100000000)
  region size 1024K, 46 young (47104K), 1 survivors (1024K)
 Metaspace       used 47398K, committed 47872K, reserved 1114112K
  class space    used 6414K, committed 6656K, reserved 1048576K
}
Event: 12.906 GC heap after
{Heap after GC invocations=12 (full 0):
 garbage-first heap   total 78848K, used 25338K [0x0000000081800000, 0x0000000100000000)
  region size 1024K, 5 young (5120K), 5 survivors (5120K)
 Metaspace       used 47398K, committed 47872K, reserved 1114112K
  class space    used 6414K, committed 6656K, reserved 1048576K
}
Event: 14.331 GC heap before
{Heap before GC invocations=12 (full 0):
 garbage-first heap   total 78848K, used 59130K [0x0000000081800000, 0x0000000100000000)
  region size 1024K, 38 young (38912K), 5 survivors (5120K)
 Metaspace       used 55481K, committed 56000K, reserved 1114112K
  class space    used 7753K, committed 8000K, reserved 1048576K
}
Event: 14.343 GC heap after
{Heap after GC invocations=13 (full 0):
 garbage-first heap   total 78848K, used 27102K [0x0000000081800000, 0x0000000100000000)
  region size 1024K, 2 young (2048K), 2 survivors (2048K)
 Metaspace       used 55481K, committed 56000K, reserved 1114112K
  class space    used 7753K, committed 8000K, reserved 1048576K
}
Event: 15.488 GC heap before
{Heap before GC invocations=13 (full 0):
 garbage-first heap   total 78848K, used 60894K [0x0000000081800000, 0x0000000100000000)
  region size 1024K, 35 young (35840K), 2 survivors (2048K)
 Metaspace       used 59899K, committed 60416K, reserved 1114112K
  class space    used 8330K, committed 8576K, reserved 1048576K
}
Event: 15.501 GC heap after
{Heap after GC invocations=14 (full 0):
 garbage-first heap   total 78848K, used 29456K [0x0000000081800000, 0x0000000100000000)
  region size 1024K, 5 young (5120K), 5 survivors (5120K)
 Metaspace       used 59899K, committed 60416K, reserved 1114112K
  class space    used 8330K, committed 8576K, reserved 1048576K
}
Event: 15.505 GC heap before
{Heap before GC invocations=14 (full 0):
 garbage-first heap   total 78848K, used 29456K [0x0000000081800000, 0x0000000100000000)
  region size 1024K, 6 young (6144K), 5 survivors (5120K)
 Metaspace       used 59932K, committed 60416K, reserved 1114112K
  class space    used 8332K, committed 8576K, reserved 1048576K
}
Event: 15.514 GC heap after
{Heap after GC invocations=15 (full 0):
 garbage-first heap   total 78848K, used 29640K [0x0000000081800000, 0x0000000100000000)
  region size 1024K, 3 young (3072K), 3 survivors (3072K)
 Metaspace       used 59932K, committed 60416K, reserved 1114112K
  class space    used 8332K, committed 8576K, reserved 1048576K
}
Event: 16.940 GC heap before
{Heap before GC invocations=16 (full 0):
 garbage-first heap   total 78848K, used 62408K [0x0000000081800000, 0x0000000100000000)
  region size 1024K, 35 young (35840K), 3 survivors (3072K)
 Metaspace       used 63606K, committed 64128K, reserved 1114112K
  class space    used 8906K, committed 9152K, reserved 1048576K
}
Event: 16.955 GC heap after
{Heap after GC invocations=17 (full 0):
 garbage-first heap   total 78848K, used 31517K [0x0000000081800000, 0x0000000100000000)
  region size 1024K, 5 young (5120K), 5 survivors (5120K)
 Metaspace       used 63606K, committed 64128K, reserved 1114112K
  class space    used 8906K, committed 9152K, reserved 1048576K
}
Event: 19.550 GC heap before
{Heap before GC invocations=17 (full 0):
 garbage-first heap   total 78848K, used 62237K [0x0000000081800000, 0x0000000100000000)
  region size 1024K, 35 young (35840K), 5 survivors (5120K)
 Metaspace       used 70876K, committed 71424K, reserved 1114112K
  class space    used 9877K, committed 10176K, reserved 1048576K
}
Event: 19.575 GC heap after
{Heap after GC invocations=18 (full 0):
 garbage-first heap   total 78848K, used 35030K [0x0000000081800000, 0x0000000100000000)
  region size 1024K, 5 young (5120K), 5 survivors (5120K)
 Metaspace       used 70876K, committed 71424K, reserved 1114112K
  class space    used 9877K, committed 10176K, reserved 1048576K
}

Deoptimization events (20 events):
Event: 19.548 Thread 0x00000221fe2760b0 Uncommon trap: trap_request=0xffffffde fr.pc=0x000002218f5979fc relative=0x000000000000487c
Event: 19.548 Thread 0x00000221fe2760b0 Uncommon trap: reason=class_check action=maybe_recompile pc=0x000002218f5979fc method=org.springframework.core.annotation.AnnotationsScanner.processClassHierarchy(Ljava/lang/Object;[ILjava/lang/Class;Lorg/springframework/core/annotation/AnnotationsProcess
Event: 19.548 Thread 0x00000221fe2760b0 DEOPT PACKING pc=0x000002218f5979fc sp=0x000000da2a4fd310
Event: 19.548 Thread 0x00000221fe2760b0 DEOPT UNPACKING pc=0x000002218ed523a3 sp=0x000000da2a4fd370 mode 2
Event: 19.577 Thread 0x00000221fe2760b0 Uncommon trap: trap_request=0xffffffde fr.pc=0x000002218f3fd3f8 relative=0x0000000000000b38
Event: 19.577 Thread 0x00000221fe2760b0 Uncommon trap: reason=class_check action=maybe_recompile pc=0x000002218f3fd3f8 method=org.springframework.core.annotation.AnnotationsScanner.isWithoutHierarchy(Ljava/lang/reflect/AnnotatedElement;Lorg/springframework/core/annotation/MergedAnnotations$Sear
Event: 19.577 Thread 0x00000221fe2760b0 DEOPT PACKING pc=0x000002218f3fd3f8 sp=0x000000da2a4fd4e0
Event: 19.577 Thread 0x00000221fe2760b0 DEOPT UNPACKING pc=0x000002218ed523a3 sp=0x000000da2a4fd4a0 mode 2
Event: 19.577 Thread 0x00000221fe2760b0 Uncommon trap: trap_request=0xffffffde fr.pc=0x000002218f5979fc relative=0x000000000000487c
Event: 19.577 Thread 0x00000221fe2760b0 Uncommon trap: reason=class_check action=maybe_recompile pc=0x000002218f5979fc method=org.springframework.core.annotation.AnnotationsScanner.processClassHierarchy(Ljava/lang/Object;[ILjava/lang/Class;Lorg/springframework/core/annotation/AnnotationsProcess
Event: 19.577 Thread 0x00000221fe2760b0 DEOPT PACKING pc=0x000002218f5979fc sp=0x000000da2a4fd270
Event: 19.577 Thread 0x00000221fe2760b0 DEOPT UNPACKING pc=0x000002218ed523a3 sp=0x000000da2a4fd2d0 mode 2
Event: 19.732 Thread 0x00000221fe2760b0 Uncommon trap: trap_request=0xffffffde fr.pc=0x000002218f3a5eb4 relative=0x0000000000001994
Event: 19.732 Thread 0x00000221fe2760b0 Uncommon trap: reason=class_check action=maybe_recompile pc=0x000002218f3a5eb4 method=java.util.zip.InflaterInputStream.read([BII)I @ 100 c2
Event: 19.732 Thread 0x00000221fe2760b0 DEOPT PACKING pc=0x000002218f3a5eb4 sp=0x000000da2a4f9f90
Event: 19.732 Thread 0x00000221fe2760b0 DEOPT UNPACKING pc=0x000002218ed523a3 sp=0x000000da2a4f9fe0 mode 2
Event: 19.732 Thread 0x00000221fe2760b0 Uncommon trap: trap_request=0xffffffde fr.pc=0x000002218f3a5eb4 relative=0x0000000000001994
Event: 19.732 Thread 0x00000221fe2760b0 Uncommon trap: reason=class_check action=maybe_recompile pc=0x000002218f3a5eb4 method=java.util.zip.InflaterInputStream.read([BII)I @ 100 c2
Event: 19.732 Thread 0x00000221fe2760b0 DEOPT PACKING pc=0x000002218f3a5eb4 sp=0x000000da2a4f9f90
Event: 19.732 Thread 0x00000221fe2760b0 DEOPT UNPACKING pc=0x000002218ed523a3 sp=0x000000da2a4f9fe0 mode 2

Classes unloaded (0 events):
No events

Classes redefined (0 events):
No events

Internal exceptions (20 events):
Event: 15.428 Thread 0x00000221fe2760b0 Exception <a 'sun/nio/fs/WindowsException'{0x00000000845d9fc0}> (0x00000000845d9fc0) 
thrown [s\open\src\hotspot\share\prims\jni.cpp, line 516]
Event: 15.429 Thread 0x00000221fe2760b0 Exception <a 'sun/nio/fs/WindowsException'{0x00000000845dd398}> (0x00000000845dd398) 
thrown [s\open\src\hotspot\share\prims\jni.cpp, line 516]
Event: 15.624 Thread 0x00000221fe2760b0 Exception <a 'java/lang/IncompatibleClassChangeError'{0x0000000085e9a3a0}: Found class java.lang.Object, but interface was expected> (0x0000000085e9a3a0) 
thrown [s\open\src\hotspot\share\interpreter\linkResolver.cpp, line 826]
Event: 15.675 Thread 0x00000221fe2760b0 Exception <a 'java/lang/NoSuchMethodError'{0x0000000085c36c80}: 'void java.lang.invoke.DirectMethodHandle$Holder.invokeVirtual(java.lang.Object, java.lang.Object, int)'> (0x0000000085c36c80) 
thrown [s\open\src\hotspot\share\interpreter\linkResolver.cpp, line 759]
Event: 15.679 Thread 0x00000221fe2760b0 Exception <a 'java/lang/NoSuchMethodError'{0x0000000085c5e858}: 'void java.lang.invoke.DirectMethodHandle$Holder.invokeVirtual(java.lang.Object, java.lang.Object, long)'> (0x0000000085c5e858) 
thrown [s\open\src\hotspot\share\interpreter\linkResolver.cpp, line 759]
Event: 15.765 Thread 0x00000221fe2760b0 Exception <a 'java/lang/NoSuchMethodError'{0x00000000859d0118}: 'int java.lang.invoke.DirectMethodHandle$Holder.invokeStaticInit(java.lang.Object, java.lang.Object, java.lang.Object, java.lang.Object)'> (0x00000000859d0118) 
thrown [s\open\src\hotspot\share\interpreter\linkResolver.cpp, line 759]
Event: 15.827 Thread 0x00000221fe2760b0 Exception <a 'java/lang/IncompatibleClassChangeError'{0x0000000085766a98}: Found class java.lang.Object, but interface was expected> (0x0000000085766a98) 
thrown [s\open\src\hotspot\share\interpreter\linkResolver.cpp, line 826]
Event: 15.845 Thread 0x00000221fe2760b0 Implicit null exception at 0x000002218f44cb3a to 0x000002218f44cd28
Event: 16.763 Thread 0x00000221fe2760b0 Exception <a 'java/lang/NoSuchMethodError'{0x000000008440a9d8}: 'java.lang.Object java.lang.invoke.DirectMethodHandle$Holder.newInvokeSpecial(java.lang.Object, java.lang.Object, int, java.lang.Object, java.lang.Object)'> (0x000000008440a9d8) 
thrown [s\open\src\hotspot\share\interpreter\linkResolver.cpp, line 759]
Event: 16.765 Thread 0x00000221fe2760b0 Exception <a 'java/lang/NoSuchMethodError'{0x0000000084416510}: 'java.lang.Object java.lang.invoke.DirectMethodHandle$Holder.invokeSpecial(java.lang.Object, java.lang.Object, int, java.lang.Object, int, java.lang.Object)'> (0x0000000084416510) 
thrown [s\open\src\hotspot\share\interpreter\linkResolver.cpp, line 759]
Event: 16.766 Thread 0x00000221fe2760b0 Exception <a 'java/lang/NoSuchMethodError'{0x000000008441e7a0}: 'java.lang.Object java.lang.invoke.DirectMethodHandle$Holder.newInvokeSpecial(java.lang.Object, java.lang.Object, int, java.lang.Object, int)'> (0x000000008441e7a0) 
thrown [s\open\src\hotspot\share\interpreter\linkResolver.cpp, line 759]
Event: 16.766 Thread 0x00000221fe2760b0 Exception <a 'java/lang/NoSuchMethodError'{0x0000000084422da8}: 'java.lang.Object java.lang.invoke.DirectMethodHandle$Holder.invokeSpecial(java.lang.Object, java.lang.Object, java.lang.Object, int, java.lang.Object, int)'> (0x0000000084422da8) 
thrown [s\open\src\hotspot\share\interpreter\linkResolver.cpp, line 759]
Event: 16.883 Thread 0x00000221fe2760b0 Exception <a 'java/lang/IncompatibleClassChangeError'{0x000000008424fc48}: Found class java.lang.Object, but interface was expected> (0x000000008424fc48) 
thrown [s\open\src\hotspot\share\interpreter\linkResolver.cpp, line 826]
Event: 16.937 Thread 0x00000221fe2760b0 Implicit null exception at 0x000002218f41c0fe to 0x000002218f41c8bc
Event: 17.142 Thread 0x00000221fe2760b0 Exception <a 'sun/nio/fs/WindowsException'{0x00000000862eab90}> (0x00000000862eab90) 
thrown [s\open\src\hotspot\share\prims\jni.cpp, line 516]
Event: 19.242 Thread 0x00000221fe2760b0 Exception <a 'java/lang/NoSuchMethodError'{0x0000000084bd30d8}: 'void java.lang.invoke.DirectMethodHandle$Holder.invokeSpecialIFC(java.lang.Object, java.lang.Object, int, java.lang.Object, java.lang.Object, java.lang.Object, java.lang.Object)'> (0x0000000084bd30d8) 
thrown [s\open\src\hotspot\share\interpreter\linkResolver.cpp, line 759]
Event: 19.541 Thread 0x00000221fe2760b0 Exception <a 'java/lang/NoSuchMethodError'{0x00000000847d34c0}: 'int java.lang.invoke.DirectMethodHandle$Holder.invokeStatic(java.lang.Object, java.lang.Object, int)'> (0x00000000847d34c0) 
thrown [s\open\src\hotspot\share\interpreter\linkResolver.cpp, line 759]
Event: 19.675 Thread 0x00000221fe2760b0 Exception <a 'java/lang/reflect/InvocationTargetException'{0x0000000086342738}> (0x0000000086342738) 
thrown [s\open\src\hotspot\share\runtime\reflection.cpp, line 1121]
Event: 19.794 Thread 0x00000221fe2760b0 Exception <a 'java/lang/NoSuchMethodError'{0x0000000086363090}: 'void java.lang.invoke.DirectMethodHandle$Holder.invokeStatic(java.lang.Object, long)'> (0x0000000086363090) 
thrown [s\open\src\hotspot\share\interpreter\linkResolver.cpp, line 759]
Event: 19.795 Thread 0x00000221fe2760b0 Exception <a 'java/lang/NoSuchMethodError'{0x0000000086368a08}: 'java.lang.Object java.lang.invoke.DirectMethodHandle$Holder.newInvokeSpecial(java.lang.Object, long)'> (0x0000000086368a08) 
thrown [s\open\src\hotspot\share\interpreter\linkResolver.cpp, line 759]

VM Operations (20 events):
Event: 16.681 Executing VM operation: Cleanup
Event: 16.681 Executing VM operation: Cleanup done
Event: 16.683 Executing VM operation: HandshakeAllThreads
Event: 16.683 Executing VM operation: HandshakeAllThreads done
Event: 16.940 Executing VM operation: G1CollectForAllocation
Event: 16.955 Executing VM operation: G1CollectForAllocation done
Event: 17.036 Executing VM operation: HandshakeAllThreads
Event: 17.037 Executing VM operation: HandshakeAllThreads done
Event: 17.145 Executing VM operation: HandshakeAllThreads
Event: 17.145 Executing VM operation: HandshakeAllThreads done
Event: 17.298 Executing VM operation: HandshakeAllThreads
Event: 17.298 Executing VM operation: HandshakeAllThreads done
Event: 17.662 Executing VM operation: HandshakeAllThreads
Event: 17.662 Executing VM operation: HandshakeAllThreads done
Event: 17.704 Executing VM operation: HandshakeAllThreads
Event: 17.704 Executing VM operation: HandshakeAllThreads done
Event: 18.706 Executing VM operation: Cleanup
Event: 18.706 Executing VM operation: Cleanup done
Event: 19.549 Executing VM operation: G1CollectForAllocation
Event: 19.575 Executing VM operation: G1CollectForAllocation done

Events (20 events):
Event: 19.658 loading class java/lang/ProcessHandle$Info
Event: 19.659 loading class java/lang/ProcessHandle$Info done
Event: 19.674 loading class java/lang/instrument/Instrumentation
Event: 19.675 loading class java/lang/instrument/Instrumentation done
Event: 19.730 loading class java/util/jar/JarInputStream
Event: 19.730 loading class java/util/zip/ZipInputStream
Event: 19.731 loading class java/util/zip/ZipInputStream done
Event: 19.731 loading class java/util/jar/JarInputStream done
Event: 19.732 loading class sun/security/util/ManifestEntryVerifier
Event: 19.733 loading class sun/security/util/ManifestEntryVerifier done
Event: 19.735 loading class java/lang/ProcessBuilder
Event: 19.736 loading class java/lang/ProcessBuilder done
Event: 19.736 loading class java/lang/ProcessImpl
Event: 19.737 loading class java/lang/ProcessImpl done
Event: 19.795 loading class java/lang/ProcessImpl$2
Event: 19.796 loading class java/lang/ProcessImpl$2 done
Event: 19.796 loading class java/lang/Process$PipeInputStream
Event: 19.796 loading class java/lang/Process$PipeInputStream done
Event: 19.796 loading class jdk/internal/event/ProcessStartEvent
Event: 19.797 loading class jdk/internal/event/ProcessStartEvent done


Dynamic libraries:
0x00007ff7e0940000 - 0x00007ff7e0950000 	C:\Program Files\Java\jdk-17\bin\java.exe
0x00007ffdb81b0000 - 0x00007ffdb83a8000 	C:\WINDOWS\SYSTEM32\ntdll.dll
0x00007ffdb6d10000 - 0x00007ffdb6dcd000 	C:\WINDOWS\System32\KERNEL32.DLL
0x00007ffdb5ab0000 - 0x00007ffdb5da6000 	C:\WINDOWS\System32\KERNELBASE.dll
0x00007ffdb5fd0000 - 0x00007ffdb60d0000 	C:\WINDOWS\System32\ucrtbase.dll
0x00007ffd961f0000 - 0x00007ffd9620b000 	C:\Program Files\Java\jdk-17\bin\VCRUNTIME140.dll
0x00007ffd977b0000 - 0x00007ffd977c9000 	C:\Program Files\Java\jdk-17\bin\jli.dll
0x00007ffdb6e90000 - 0x00007ffdb6f3f000 	C:\WINDOWS\System32\ADVAPI32.dll
0x00007ffdb70e0000 - 0x00007ffdb717e000 	C:\WINDOWS\System32\msvcrt.dll
0x00007ffdb65a0000 - 0x00007ffdb663c000 	C:\WINDOWS\System32\sechost.dll
0x00007ffdb6210000 - 0x00007ffdb6336000 	C:\WINDOWS\System32\RPCRT4.dll
0x00007ffdb7180000 - 0x00007ffdb731e000 	C:\WINDOWS\System32\USER32.dll
0x00007ffdb5930000 - 0x00007ffdb5952000 	C:\WINDOWS\System32\win32u.dll
0x00007ffda42e0000 - 0x00007ffda457a000 	C:\WINDOWS\WinSxS\amd64_microsoft.windows.common-controls_6595b64144ccf1df_6.0.19041.3636_none_60b6a03d71f818d5\COMCTL32.dll
0x00007ffdb6e60000 - 0x00007ffdb6e8c000 	C:\WINDOWS\System32\GDI32.dll
0x00007ffdb5990000 - 0x00007ffdb5aaa000 	C:\WINDOWS\System32\gdi32full.dll
0x00007ffdb5890000 - 0x00007ffdb592d000 	C:\WINDOWS\System32\msvcp_win.dll
0x00007ffda8d90000 - 0x00007ffda8d9a000 	C:\WINDOWS\SYSTEM32\VERSION.dll
0x00007ffdb7320000 - 0x00007ffdb7350000 	C:\WINDOWS\System32\IMM32.DLL
0x00007ffd99b20000 - 0x00007ffd99b2c000 	C:\Program Files\Java\jdk-17\bin\vcruntime140_1.dll
0x00007ffd824f0000 - 0x00007ffd8257e000 	C:\Program Files\Java\jdk-17\bin\msvcp140.dll
0x00007ffd6dae0000 - 0x00007ffd6e6c1000 	C:\Program Files\Java\jdk-17\bin\server\jvm.dll
0x00007ffdb6510000 - 0x00007ffdb6518000 	C:\WINDOWS\System32\PSAPI.DLL
0x00007ffda8fc0000 - 0x00007ffda8fc9000 	C:\WINDOWS\SYSTEM32\WSOCK32.dll
0x00007ffda20e0000 - 0x00007ffda2107000 	C:\WINDOWS\SYSTEM32\WINMM.dll
0x00007ffdb6520000 - 0x00007ffdb658b000 	C:\WINDOWS\System32\WS2_32.dll
0x00007ffdb3710000 - 0x00007ffdb3722000 	C:\WINDOWS\SYSTEM32\kernel.appcore.dll
0x00007ffd99560000 - 0x00007ffd9956a000 	C:\Program Files\Java\jdk-17\bin\jimage.dll
0x00007ffda1cd0000 - 0x00007ffda1eb4000 	C:\WINDOWS\SYSTEM32\DBGHELP.DLL
0x00007ffda1c50000 - 0x00007ffda1c84000 	C:\WINDOWS\SYSTEM32\dbgcore.DLL
0x00007ffdb60d0000 - 0x00007ffdb6152000 	C:\WINDOWS\System32\bcryptPrimitives.dll
0x00007ffd83820000 - 0x00007ffd83845000 	C:\Program Files\Java\jdk-17\bin\java.dll
0x00007ffd82130000 - 0x00007ffd82207000 	C:\Program Files\Java\jdk-17\bin\jsvml.dll
0x00007ffdb77c0000 - 0x00007ffdb7f05000 	C:\WINDOWS\System32\SHELL32.dll
0x00007ffdb3910000 - 0x00007ffdb40ab000 	C:\WINDOWS\SYSTEM32\windows.storage.dll
0x00007ffdb6830000 - 0x00007ffdb6b84000 	C:\WINDOWS\System32\combase.dll
0x00007ffdb51f0000 - 0x00007ffdb521d000 	C:\WINDOWS\SYSTEM32\Wldp.dll
0x00007ffdb80c0000 - 0x00007ffdb816d000 	C:\WINDOWS\System32\SHCORE.dll
0x00007ffdb63a0000 - 0x00007ffdb63f5000 	C:\WINDOWS\System32\shlwapi.dll
0x00007ffdb57c0000 - 0x00007ffdb57e5000 	C:\WINDOWS\SYSTEM32\profapi.dll
0x00007ffd903e0000 - 0x00007ffd903f9000 	C:\Program Files\Java\jdk-17\bin\net.dll
0x00007ffda9b30000 - 0x00007ffda9c3a000 	C:\WINDOWS\SYSTEM32\WINHTTP.dll
0x00007ffdb4fd0000 - 0x00007ffdb503a000 	C:\WINDOWS\system32\mswsock.dll
0x00007ffd90210000 - 0x00007ffd90226000 	C:\Program Files\Java\jdk-17\bin\nio.dll
0x00007ffd8feb0000 - 0x00007ffd8fec8000 	C:\Program Files\Java\jdk-17\bin\zip.dll
0x00007ffda3760000 - 0x00007ffda376a000 	C:\Program Files\Java\jdk-17\bin\management.dll
0x00007ffd95d70000 - 0x00007ffd95d7b000 	C:\Program Files\Java\jdk-17\bin\management_ext.dll
0x00007ffdb4c90000 - 0x00007ffdb4ccb000 	C:\WINDOWS\SYSTEM32\IPHLPAPI.DLL
0x00007ffdb6590000 - 0x00007ffdb6598000 	C:\WINDOWS\System32\NSI.dll
0x00007ffdac970000 - 0x00007ffdac987000 	C:\WINDOWS\SYSTEM32\dhcpcsvc6.DLL
0x00007ffdac120000 - 0x00007ffdac13d000 	C:\WINDOWS\SYSTEM32\dhcpcsvc.DLL
0x00007ffdb4cd0000 - 0x00007ffdb4d9a000 	C:\WINDOWS\SYSTEM32\DNSAPI.dll
0x00007ffda8a10000 - 0x00007ffda8a1a000 	C:\Windows\System32\rasadhlp.dll
0x00007ffda8e20000 - 0x00007ffda8ea0000 	C:\WINDOWS\System32\fwpuclnt.dll
0x00007ffdb5960000 - 0x00007ffdb5987000 	C:\WINDOWS\System32\bcrypt.dll
0x00007ffd95b90000 - 0x00007ffd95b9e000 	C:\Program Files\Java\jdk-17\bin\sunmscapi.dll
0x00007ffdb5e70000 - 0x00007ffdb5fcd000 	C:\WINDOWS\System32\CRYPT32.dll
0x00007ffdb5260000 - 0x00007ffdb5287000 	C:\WINDOWS\SYSTEM32\ncrypt.dll
0x00007ffdb5220000 - 0x00007ffdb525b000 	C:\WINDOWS\SYSTEM32\NTASN1.dll
0x00007ffdb5530000 - 0x00007ffdb5548000 	C:\WINDOWS\SYSTEM32\CRYPTSP.dll
0x00007ffdb48b0000 - 0x00007ffdb48e4000 	C:\WINDOWS\system32\rsaenh.dll
0x00007ffdb5780000 - 0x00007ffdb57ae000 	C:\WINDOWS\SYSTEM32\USERENV.dll
0x00007ffdb5160000 - 0x00007ffdb516c000 	C:\WINDOWS\SYSTEM32\CRYPTBASE.dll
0x00007ffd963a0000 - 0x00007ffd963b0000 	C:\Program Files\Java\jdk-17\bin\verify.dll

dbghelp: loaded successfully - version: 4.0.5 - missing functions: none
symbol engine: initialized successfully - sym options: 0x614 - pdb path: .;C:\Program Files\Java\jdk-17\bin;C:\WINDOWS\SYSTEM32;C:\WINDOWS\WinSxS\amd64_microsoft.windows.common-controls_6595b64144ccf1df_6.0.19041.3636_none_60b6a03d71f818d5;C:\Program Files\Java\jdk-17\bin\server

VM Arguments:
java_command: C:\Users\pc\AppData\Local\Temp\surefire4471840376011464510\surefirebooter-20231223171537235_3.jar C:\Users\pc\AppData\Local\Temp\surefire4471840376011464510 2023-12-23T17-15-36_786-jvmRun1 surefire-20231223171537235_1tmp surefire_0-20231223171537235_2tmp
java_class_path (initial): C:\Users\pc\AppData\Local\Temp\surefire4471840376011464510\surefirebooter-20231223171537235_3.jar
Launcher Type: SUN_STANDARD

[Global flags]
     intx CICompilerCount                          = 3                                         {product} {ergonomic}
     uint ConcGCThreads                            = 1                                         {product} {ergonomic}
     uint G1ConcRefinementThreads                  = 4                                         {product} {ergonomic}
   size_t G1HeapRegionSize                         = 1048576                                   {product} {ergonomic}
    uintx GCDrainStackTargetSize                   = 64                                        {product} {ergonomic}
   size_t InitialHeapSize                          = 134217728                                 {product} {ergonomic}
   size_t MarkStackSize                            = 4194304                                   {product} {ergonomic}
   size_t MaxHeapSize                              = 2122317824                                {product} {ergonomic}
   size_t MaxNewSize                               = 1272971264                                {product} {ergonomic}
   size_t MinHeapDeltaBytes                        = 1048576                                   {product} {ergonomic}
   size_t MinHeapSize                              = 8388608                                   {product} {ergonomic}
    uintx NonNMethodCodeHeapSize                   = 5832780                                {pd product} {ergonomic}
    uintx NonProfiledCodeHeapSize                  = 122912730                              {pd product} {ergonomic}
    uintx ProfiledCodeHeapSize                     = 122912730                              {pd product} {ergonomic}
    uintx ReservedCodeCacheSize                    = 251658240                              {pd product} {ergonomic}
     bool SegmentedCodeCache                       = true                                      {product} {ergonomic}
   size_t SoftMaxHeapSize                          = 2122317824                             {manageable} {ergonomic}
     bool UseCompressedClassPointers               = true                           {product lp64_product} {ergonomic}
     bool UseCompressedOops                        = true                           {product lp64_product} {ergonomic}
     bool UseG1GC                                  = true                                      {product} {ergonomic}
     bool UseLargePagesIndividualAllocation        = false                                  {pd product} {ergonomic}

Logging:
Log output configuration:
 #0: stdout all=warning uptime,level,tags
 #1: stderr all=off uptime,level,tags

Environment Variables:
JAVA_HOME=C:/Program Files/Java/jdk-17
PATH=C:\Users\pc\bin;C:\Program Files\Git\mingw64\bin;C:\Program Files\Git\usr\local\bin;C:\Program Files\Git\usr\bin;C:\Program Files\Git\usr\bin;C:\Program Files\Git\mingw64\bin;C:\Program Files\Git\usr\bin;C:\Users\pc\bin;C:\Program Files\Common Files\Oracle\Java\javapath;C:\Program Files (x86)\Common Files\Oracle\Java\javapath;C:\oraclexe\app\oracle\product\11.2.0\server\bin;C:\WINDOWS\system32;C:\WINDOWS;C:\WINDOWS\System32\Wbem;C:\WINDOWS\System32\WindowsPowerShell\v1.0;C:\WINDOWS\System32\OpenSSH;C:\Program Files (x86)\Microsoft SQL Server\100\Tools\Binn;C:\Program Files\Microsoft SQL Server\100\Tools\Binn;C:\Program Files\Microsoft SQL Server\100\DTS\Binn;C:\Program Files\Microsoft SQL Server\Client SDK\ODBC\110\Tools\Binn;C:\Program Files (x86)\Microsoft SQL Server\120\Tools\Binn;C:\Program Files\Microsoft SQL Server\120\Tools\Binn;C:\Program Files\Microsoft SQL Server\120\DTS\Binn;C:\Program Files (x86)\Microsoft SQL Server\120\Tools\Binn\ManagementStudio;C:\Program Files (x86)\Microsoft SQL Server\120\DTS\Binn;C:\xampp\php;C:\Program Files\Microsoft SQL Server\150\Tools\Binn;C:\Program Files\Microsoft SQL Server\Client SDK\ODBC\170\Tools\Binn;C:\Program Files\dotnet;C:\Program Files\Git\cmd;C:\Program Files\nodejs;C:\apache-maven-3.9.0-bin\apache-maven-3.9.0\bin;C:\Program Files\Java\jdk-17\bin;C:\Program Files\Docker\Docker\resources\bin;C:\Users\pc\scoop\shims;C:\Program Files\MySQL\MySQL Shell 8.0\bin;C:\Users\pc\AppData\Local\Programs\Python\Python310\Scripts;C:\Users\pc\AppData\Local\Programs\Python\Python310;C:\Users\pc\AppData\Local\Microsoft\WindowsApps;C:\Users\pc\Desktop\3IIR_S6\PFA\cygwin\bin;C:\Users\pc\AppData\Local\Programs\Microsoft VS Code\bin;C:\Program Files\JetBrains\PyCharm Community Edition 2022.3.2\bin;C:\Users\pc\AppData\Local\GitHubDesktop\bin;E:\flutter_windows_3.7.11-stable\flutter\bin;C:\Program Files\JetBrains\IntelliJ IDEA 2023.2.2\bin;C:\Users\pc\Downloads\protoc-25.0-win64\bin;C:\Users\pc\AppData\Roaming\npm;C:\Users\pc\AppData
USERNAME=pc
SHELL=C:\Program Files\Git\usr\bin\bash.exe
DISPLAY=needs-to-be-defined
LC_CTYPE=fr_FR.UTF-8
OS=Windows_NT
PROCESSOR_IDENTIFIER=Intel64 Family 6 Model 69 Stepping 1, GenuineIntel



---------------  S Y S T E M  ---------------

OS:
 Windows 10 , 64 bit Build 19041 (10.0.19041.3636)
OS uptime: 1 days 7:54 hours
Hyper-V role detected

CPU: total 4 (initial active 4) (2 cores per cpu, 2 threads per core) family 6 model 69 stepping 1 microcode 0x25, cx8, cmov, fxsr, ht, mmx, sse, sse2, sse3, ssse3, sse4.1, sse4.2, popcnt, lzcnt, tsc, tscinvbit, avx, avx2, aes, erms, clmul, bmi1, bmi2, fma, vzeroupper, clflush, hv

Memory: 4k page, system-wide physical 8089M (311M free)
TotalPageFile size 21113M (AvailPageFile size 2M)
current process WorkingSet (physical memory assigned to process): 260M, peak: 265M
current process commit charge ("private bytes"): 291M, peak: 296M

vm_info: Java HotSpot(TM) 64-Bit Server VM (17.0.9+11-LTS-201) for windows-amd64 JRE (17.0.9+11-LTS-201), built on Oct 10 2023 23:16:06 by "mach5one" with MS VC++ 17.1 (VS2022)

END.
