#
# There is insufficient memory for the Java Runtime Environment to continue.
# Native memory allocation (malloc) failed to allocate 1048576 bytes for AllocateHeap
# Possible reasons:
#   The system is out of physical RAM or swap space
#   The process is running with CompressedOops enabled, and the Java Heap may be blocking the growth of the native heap
# Possible solutions:
#   Reduce memory load on the system
#   Increase physical memory or swap space
#   Check if swap backing store is full
#   Decrease Java heap size (-Xmx/-Xms)
#   Decrease number of Java threads
#   Decrease Java thread stack sizes (-Xss)
#   Set larger code cache with -XX:ReservedCodeCacheSize=
#   JVM is running with Unscaled Compressed Oops mode in which the Java heap is
#     placed in the first 4GB address space. The Java Heap base address is the
#     maximum limit for the native heap growth. Please use -XX:HeapBaseMinAddress
#     to set the Java Heap base and to place the Java Heap above 4GB virtual address.
# This output file may be truncated or incomplete.
#
#  Out of Memory Error (allocation.cpp:44), pid=17008, tid=14196
#
# JRE version:  (17.0.9+11) (build )
# Java VM: Java HotSpot(TM) 64-Bit Server VM (17.0.9+11-LTS-201, mixed mode, sharing, tiered, compressed oops, compressed class ptrs, g1 gc, windows-amd64)
# No core dump will be written. Minidumps are not enabled by default on client versions of Windows
#

---------------  S U M M A R Y ------------

Command Line: -Dnet.bytebuddy.agent.attacher.dump= net.bytebuddy.agent.Attacher com.sun.tools.attach.VirtualMachine 11412 C:\Users\pc\.m2\repository\net\bytebuddy\byte-buddy-agent\1.14.10\byte-buddy-agent-1.14.10.jar false 

Host: Intel(R) Core(TM) i5-4300U CPU @ 1.90GHz, 4 cores, 7G,  Windows 10 , 64 bit Build 19041 (10.0.19041.3636)
Time: Sat Dec 23 17:22:10 2023 Maroc (heure d64 bit Build 19041 (10.0.19041.3636) elapsed time: 0.029422 seconds (0d 0h 0m 0s)

---------------  T H R E A D  ---------------

Current thread (0x0000026279175c80):  JavaThread "Unknown thread" [_thread_in_vm, id=14196, stack(0x0000007af5500000,0x0000007af5600000)]

Stack: [0x0000007af5500000,0x0000007af5600000]
Native frames: (J=compiled Java code, j=interpreted, Vv=VM code, C=native code)
V  [jvm.dll+0x678a4a]
V  [jvm.dll+0x7d9cfd]
V  [jvm.dll+0x7db60e]
V  [jvm.dll+0x7dbc73]
V  [jvm.dll+0x245e1f]
V  [jvm.dll+0xa5173]
V  [jvm.dll+0x2e389e]
V  [jvm.dll+0x2db5bb]
V  [jvm.dll+0x7ab6b1]
V  [jvm.dll+0x368041]
V  [jvm.dll+0x78a749]
V  [jvm.dll+0x3ebd4f]
V  [jvm.dll+0x3ed7d1]
C  [jli.dll+0x5297]
C  [ucrtbase.dll+0x21bb2]
C  [KERNEL32.DLL+0x17344]
C  [ntdll.dll+0x526b1]


---------------  P R O C E S S  ---------------

Threads class SMR info:
_java_thread_list=0x00007ffd6e5989d8, length=0, elements={
}

Java Threads: ( => current thread )

Other Threads:
  0x00000262791cf920 GCTaskThread "GC Thread#0" [stack: 0x0000007af5600000,0x0000007af5700000] [id=12040]

[error occurred during error reporting (printing all threads), id 0xc0000005, EXCEPTION_ACCESS_VIOLATION (0xc0000005) at pc=0x00007ffd6ddc8810]

VM state: not at safepoint (not fully initialized)

VM Mutex/Monitor currently owned by a thread:  ([mutex/lock_event])
[0x000002627916f860] Heap_lock - owner thread: 0x0000026279175c80

Heap address: 0x0000000081800000, size: 2024 MB, Compressed Oops mode: 32-bit

CDS archive(s) mapped at: [0x0000000000000000-0x0000000000000000-0x0000000000000000), size 0, SharedBaseAddress: 0x0000000800000000, ArchiveRelocationMode: 1.
Narrow klass base: 0x0000000000000000, Narrow klass shift: 0, Narrow klass range: 0x0

GC Precious Log:
<Empty>

Heap:
 garbage-first heap   total 0K, used 0K [0x0000000081800000, 0x0000000100000000)
  region size 1024K, 0 young (0K), 0 survivors (0K)

[error occurred during error reporting (printing heap information), id 0xc0000005, EXCEPTION_ACCESS_VIOLATION (0xc0000005) at pc=0x00007ffd6e1b2229]

GC Heap History (0 events):
No events

Deoptimization events (0 events):
No events

Classes unloaded (0 events):
No events

Classes redefined (0 events):
No events

Internal exceptions (0 events):
No events

VM Operations (0 events):
No events

Events (1 events):
Event: 0.023 Loaded shared library C:\Program Files\Java\jdk-17\bin\java.dll


Dynamic libraries:
0x00007ff7e0940000 - 0x00007ff7e0950000 	C:\Program Files\Java\jdk-17\bin\java.exe
0x00007ffdb81b0000 - 0x00007ffdb83a8000 	C:\WINDOWS\SYSTEM32\ntdll.dll
0x00007ffdb6d10000 - 0x00007ffdb6dcd000 	C:\WINDOWS\System32\KERNEL32.DLL
0x00007ffdb5ab0000 - 0x00007ffdb5da6000 	C:\WINDOWS\System32\KERNELBASE.dll
0x00007ffdb5fd0000 - 0x00007ffdb60d0000 	C:\WINDOWS\System32\ucrtbase.dll
0x00007ffd977b0000 - 0x00007ffd977c9000 	C:\Program Files\Java\jdk-17\bin\jli.dll
0x00007ffdb6e90000 - 0x00007ffdb6f3f000 	C:\WINDOWS\System32\ADVAPI32.dll
0x00007ffdb70e0000 - 0x00007ffdb717e000 	C:\WINDOWS\System32\msvcrt.dll
0x00007ffdb65a0000 - 0x00007ffdb663c000 	C:\WINDOWS\System32\sechost.dll
0x00007ffdb6210000 - 0x00007ffdb6336000 	C:\WINDOWS\System32\RPCRT4.dll
0x00007ffdb7180000 - 0x00007ffdb731e000 	C:\WINDOWS\System32\USER32.dll
0x00007ffdb5930000 - 0x00007ffdb5952000 	C:\WINDOWS\System32\win32u.dll
0x00007ffdb6e60000 - 0x00007ffdb6e8c000 	C:\WINDOWS\System32\GDI32.dll
0x00007ffdb5990000 - 0x00007ffdb5aaa000 	C:\WINDOWS\System32\gdi32full.dll
0x00007ffdb5890000 - 0x00007ffdb592d000 	C:\WINDOWS\System32\msvcp_win.dll
0x00007ffd961f0000 - 0x00007ffd9620b000 	C:\Program Files\Java\jdk-17\bin\VCRUNTIME140.dll
0x00007ffda42e0000 - 0x00007ffda457a000 	C:\WINDOWS\WinSxS\amd64_microsoft.windows.common-controls_6595b64144ccf1df_6.0.19041.3636_none_60b6a03d71f818d5\COMCTL32.dll
0x00007ffda8d90000 - 0x00007ffda8d9a000 	C:\WINDOWS\SYSTEM32\VERSION.dll
0x00007ffdb7320000 - 0x00007ffdb7350000 	C:\WINDOWS\System32\IMM32.DLL
0x00007ffd99b20000 - 0x00007ffd99b2c000 	C:\Program Files\Java\jdk-17\bin\vcruntime140_1.dll
0x00007ffd824f0000 - 0x00007ffd8257e000 	C:\Program Files\Java\jdk-17\bin\msvcp140.dll
0x00007ffd6dae0000 - 0x00007ffd6e6c1000 	C:\Program Files\Java\jdk-17\bin\server\jvm.dll
0x00007ffdb6510000 - 0x00007ffdb6518000 	C:\WINDOWS\System32\PSAPI.DLL
0x00007ffda8fc0000 - 0x00007ffda8fc9000 	C:\WINDOWS\SYSTEM32\WSOCK32.dll
0x00007ffdb6520000 - 0x00007ffdb658b000 	C:\WINDOWS\System32\WS2_32.dll
0x00007ffda20e0000 - 0x00007ffda2107000 	C:\WINDOWS\SYSTEM32\WINMM.dll
0x00007ffdb3710000 - 0x00007ffdb3722000 	C:\WINDOWS\SYSTEM32\kernel.appcore.dll
0x00007ffd99560000 - 0x00007ffd9956a000 	C:\Program Files\Java\jdk-17\bin\jimage.dll
0x00007ffda1cd0000 - 0x00007ffda1eb4000 	C:\WINDOWS\SYSTEM32\DBGHELP.DLL
0x00007ffda1c50000 - 0x00007ffda1c84000 	C:\WINDOWS\SYSTEM32\dbgcore.DLL
0x00007ffdb60d0000 - 0x00007ffdb6152000 	C:\WINDOWS\System32\bcryptPrimitives.dll
0x00007ffd83820000 - 0x00007ffd83845000 	C:\Program Files\Java\jdk-17\bin\java.dll

dbghelp: loaded successfully - version: 4.0.5 - missing functions: none
symbol engine: initialized successfully - sym options: 0x614 - pdb path: .;C:\Program Files\Java\jdk-17\bin;C:\WINDOWS\SYSTEM32;C:\WINDOWS\WinSxS\amd64_microsoft.windows.common-controls_6595b64144ccf1df_6.0.19041.3636_none_60b6a03d71f818d5;C:\Program Files\Java\jdk-17\bin\server

VM Arguments:
jvm_args: -Dnet.bytebuddy.agent.attacher.dump= 
java_command: net.bytebuddy.agent.Attacher com.sun.tools.attach.VirtualMachine 11412 C:\Users\pc\.m2\repository\net\bytebuddy\byte-buddy-agent\1.14.10\byte-buddy-agent-1.14.10.jar false 
java_class_path (initial): C:\Users\pc\.m2\repository\net\bytebuddy\byte-buddy-agent\1.14.10\byte-buddy-agent-1.14.10.jar
Launcher Type: SUN_STANDARD

[Global flags]
     intx CICompilerCount                          = 3                                         {product} {ergonomic}
     uint ConcGCThreads                            = 1                                         {product} {ergonomic}
     uint G1ConcRefinementThreads                  = 4                                         {product} {ergonomic}
   size_t G1HeapRegionSize                         = 1048576                                   {product} {ergonomic}
    uintx GCDrainStackTargetSize                   = 64                                        {product} {ergonomic}
   size_t InitialHeapSize                          = 134217728                                 {product} {ergonomic}
   size_t MarkStackSize                            = 4194304                                   {product} {ergonomic}
   size_t MaxHeapSize                              = 2122317824                                {product} {ergonomic}
   size_t MinHeapDeltaBytes                        = 1048576                                   {product} {ergonomic}
   size_t MinHeapSize                              = 8388608                                   {product} {ergonomic}
    uintx NonNMethodCodeHeapSize                   = 5832780                                {pd product} {ergonomic}
    uintx NonProfiledCodeHeapSize                  = 122912730                              {pd product} {ergonomic}
    uintx ProfiledCodeHeapSize                     = 122912730                              {pd product} {ergonomic}
    uintx ReservedCodeCacheSize                    = 251658240                              {pd product} {ergonomic}
     bool SegmentedCodeCache                       = true                                      {product} {ergonomic}
   size_t SoftMaxHeapSize                          = 2122317824                             {manageable} {ergonomic}
     bool UseCompressedClassPointers               = true                           {product lp64_product} {ergonomic}
     bool UseCompressedOops                        = true                           {product lp64_product} {ergonomic}
     bool UseG1GC                                  = true                                      {product} {ergonomic}
     bool UseLargePagesIndividualAllocation        = false                                  {pd product} {ergonomic}

Logging:
Log output configuration:
 #0: stdout all=warning uptime,level,tags
 #1: stderr all=off uptime,level,tags

Environment Variables:
JAVA_HOME=C:/Program Files/Java/jdk-17
PATH=C:\Users\pc\bin;C:\Program Files\Git\mingw64\bin;C:\Program Files\Git\usr\local\bin;C:\Program Files\Git\usr\bin;C:\Program Files\Git\usr\bin;C:\Program Files\Git\mingw64\bin;C:\Program Files\Git\usr\bin;C:\Users\pc\bin;C:\Program Files\Common Files\Oracle\Java\javapath;C:\Program Files (x86)\Common Files\Oracle\Java\javapath;C:\oraclexe\app\oracle\product\11.2.0\server\bin;C:\WINDOWS\system32;C:\WINDOWS;C:\WINDOWS\System32\Wbem;C:\WINDOWS\System32\WindowsPowerShell\v1.0;C:\WINDOWS\System32\OpenSSH;C:\Program Files (x86)\Microsoft SQL Server\100\Tools\Binn;C:\Program Files\Microsoft SQL Server\100\Tools\Binn;C:\Program Files\Microsoft SQL Server\100\DTS\Binn;C:\Program Files\Microsoft SQL Server\Client SDK\ODBC\110\Tools\Binn;C:\Program Files (x86)\Microsoft SQL Server\120\Tools\Binn;C:\Program Files\Microsoft SQL Server\120\Tools\Binn;C:\Program Files\Microsoft SQL Server\120\DTS\Binn;C:\Program Files (x86)\Microsoft SQL Server\120\Tools\Binn\ManagementStudio;C:\Program Files (x86)\Microsoft SQL Server\120\DTS\Binn;C:\xampp\php;C:\Program Files\Microsoft SQL Server\150\Tools\Binn;C:\Program Files\Microsoft SQL Server\Client SDK\ODBC\170\Tools\Binn;C:\Program Files\dotnet;C:\Program Files\Git\cmd;C:\Program Files\nodejs;C:\apache-maven-3.9.0-bin\apache-maven-3.9.0\bin;C:\Program Files\Java\jdk-17\bin;C:\Program Files\Docker\Docker\resources\bin;C:\Users\pc\scoop\shims;C:\Program Files\MySQL\MySQL Shell 8.0\bin;C:\Users\pc\AppData\Local\Programs\Python\Python310\Scripts;C:\Users\pc\AppData\Local\Programs\Python\Python310;C:\Users\pc\AppData\Local\Microsoft\WindowsApps;C:\Users\pc\Desktop\3IIR_S6\PFA\cygwin\bin;C:\Users\pc\AppData\Local\Programs\Microsoft VS Code\bin;C:\Program Files\JetBrains\PyCharm Community Edition 2022.3.2\bin;C:\Users\pc\AppData\Local\GitHubDesktop\bin;E:\flutter_windows_3.7.11-stable\flutter\bin;C:\Program Files\JetBrains\IntelliJ IDEA 2023.2.2\bin;C:\Users\pc\Downloads\protoc-25.0-win64\bin;C:\Users\pc\AppData\Roaming\npm;C:\Users\pc\AppData
USERNAME=pc
SHELL=C:\Program Files\Git\usr\bin\bash.exe
DISPLAY=needs-to-be-defined
LC_CTYPE=fr_FR.UTF-8
OS=Windows_NT
PROCESSOR_IDENTIFIER=Intel64 Family 6 Model 69 Stepping 1, GenuineIntel



---------------  S Y S T E M  ---------------

OS:
 Windows 10 , 64 bit Build 19041 (10.0.19041.3636)
OS uptime: 1 days 8:01 hours
Hyper-V role detected

CPU: total 4 (initial active 4) (2 cores per cpu, 2 threads per core) family 6 model 69 stepping 1 microcode 0x25, cx8, cmov, fxsr, ht, mmx, sse, sse2, sse3, ssse3, sse4.1, sse4.2, popcnt, lzcnt, tsc, tscinvbit, avx, avx2, aes, erms, clmul, bmi1, bmi2, fma, vzeroupper, clflush, hv

Memory: 4k page, system-wide physical 8089M (263M free)
TotalPageFile size 21113M (AvailPageFile size 5M)
current process WorkingSet (physical memory assigned to process): 10M, peak: 10M
current process commit charge ("private bytes"): 48M, peak: 49M

vm_info: Java HotSpot(TM) 64-Bit Server VM (17.0.9+11-LTS-201) for windows-amd64 JRE (17.0.9+11-LTS-201), built on Oct 10 2023 23:16:06 by "mach5one" with MS VC++ 17.1 (VS2022)

END.
