#
# There is insufficient memory for the Java Runtime Environment to continue.
# Native memory allocation (malloc) failed to allocate 1870256 bytes for Chunk::new
# Possible reasons:
#   The system is out of physical RAM or swap space
#   The process is running with CompressedOops enabled, and the Java Heap may be blocking the growth of the native heap
# Possible solutions:
#   Reduce memory load on the system
#   Increase physical memory or swap space
#   Check if swap backing store is full
#   Decrease Java heap size (-Xmx/-Xms)
#   Decrease number of Java threads
#   Decrease Java thread stack sizes (-Xss)
#   Set larger code cache with -XX:ReservedCodeCacheSize=
#   JVM is running with Unscaled Compressed Oops mode in which the Java heap is
#     placed in the first 4GB address space. The Java Heap base address is the
#     maximum limit for the native heap growth. Please use -XX:HeapBaseMinAddress
#     to set the Java Heap base and to place the Java Heap above 4GB virtual address.
# This output file may be truncated or incomplete.
#
#  Out of Memory Error (arena.cpp:189), pid=14812, tid=14648
#
# JRE version: Java(TM) SE Runtime Environment (17.0.9+11) (build 17.0.9+11-LTS-201)
# Java VM: Java HotSpot(TM) 64-Bit Server VM (17.0.9+11-LTS-201, mixed mode, sharing, tiered, compressed oops, compressed class ptrs, g1 gc, windows-amd64)
# No core dump will be written. Minidumps are not enabled by default on client versions of Windows
#

---------------  S U M M A R Y ------------

Command Line: C:\Users\pc\AppData\Local\Temp\surefire919742737239700530\surefirebooter-20231223171730402_3.jar C:\Users\pc\AppData\Local\Temp\surefire919742737239700530 2023-12-23T17-17-29_938-jvmRun1 surefire-20231223171730402_1tmp surefire_0-20231223171730402_2tmp

Host: Intel(R) Core(TM) i5-4300U CPU @ 1.90GHz, 4 cores, 7G,  Windows 10 , 64 bit Build 19041 (10.0.19041.3636)
Time: Sat Dec 23 17:17:34 2023 Maroc (heure d64 bit Build 19041 (10.0.19041.3636) elapsed time: 3.798446 seconds (0d 0h 0m 3s)

---------------  T H R E A D  ---------------

Current thread (0x000001a32f2e9000):  JavaThread "C2 CompilerThread0" daemon [_thread_in_native, id=14648, stack(0x0000001b6d000000,0x0000001b6d100000)]


Current CompileTask:
C2:   3798 1729       4       java.lang.invoke.MethodType::makeImpl (109 bytes)

Stack: [0x0000001b6d000000,0x0000001b6d100000]
Native frames: (J=compiled Java code, j=interpreted, Vv=VM code, C=native code)
V  [jvm.dll+0x678a4a]
V  [jvm.dll+0x7d9cfd]
V  [jvm.dll+0x7db60e]
V  [jvm.dll+0x7dbc73]
V  [jvm.dll+0x245e1f]
V  [jvm.dll+0xaaafb]
V  [jvm.dll+0xab09c]
V  [jvm.dll+0x36232f]
V  [jvm.dll+0x32ca01]
V  [jvm.dll+0x32be9a]
V  [jvm.dll+0x21812f]
V  [jvm.dll+0x217561]
V  [jvm.dll+0x1a3bc0]
V  [jvm.dll+0x2272de]
V  [jvm.dll+0x22548b]
V  [jvm.dll+0x78f58c]
V  [jvm.dll+0x78998a]
V  [jvm.dll+0x677875]
C  [ucrtbase.dll+0x21bb2]
C  [KERNEL32.DLL+0x17344]
C  [ntdll.dll+0x526b1]


---------------  P R O C E S S  ---------------

Threads class SMR info:
_java_thread_list=0x000001a375a9b720, length=14, elements={
0x000001a311a55780, 0x000001a32f2c6aa0, 0x000001a32f2c80c0, 0x000001a32f2de310,
0x000001a32f2df2e0, 0x000001a32f2e2450, 0x000001a32f2e45c0, 0x000001a32f2e9000,
0x000001a32f2ea660, 0x000001a32f2f63f0, 0x000001a32f54fcf0, 0x000001a32f551130,
0x000001a32f54e3a0, 0x000001a32f54edc0
}

Java Threads: ( => current thread )
  0x000001a311a55780 JavaThread "main" [_thread_in_Java, id=1876, stack(0x0000001b6c300000,0x0000001b6c400000)]
  0x000001a32f2c6aa0 JavaThread "Reference Handler" daemon [_thread_blocked, id=16860, stack(0x0000001b6ca00000,0x0000001b6cb00000)]
  0x000001a32f2c80c0 JavaThread "Finalizer" daemon [_thread_blocked, id=7288, stack(0x0000001b6cb00000,0x0000001b6cc00000)]
  0x000001a32f2de310 JavaThread "Signal Dispatcher" daemon [_thread_blocked, id=5500, stack(0x0000001b6cc00000,0x0000001b6cd00000)]
  0x000001a32f2df2e0 JavaThread "Attach Listener" daemon [_thread_blocked, id=11992, stack(0x0000001b6cd00000,0x0000001b6ce00000)]
  0x000001a32f2e2450 JavaThread "Service Thread" daemon [_thread_blocked, id=17996, stack(0x0000001b6ce00000,0x0000001b6cf00000)]
  0x000001a32f2e45c0 JavaThread "Monitor Deflation Thread" daemon [_thread_blocked, id=10776, stack(0x0000001b6cf00000,0x0000001b6d000000)]
=>0x000001a32f2e9000 JavaThread "C2 CompilerThread0" daemon [_thread_in_native, id=14648, stack(0x0000001b6d000000,0x0000001b6d100000)]
  0x000001a32f2ea660 JavaThread "C1 CompilerThread0" daemon [_thread_blocked, id=16504, stack(0x0000001b6d100000,0x0000001b6d200000)]
  0x000001a32f2f63f0 JavaThread "Sweeper thread" daemon [_thread_blocked, id=16380, stack(0x0000001b6d200000,0x0000001b6d300000)]
  0x000001a32f54fcf0 JavaThread "Notification Thread" daemon [_thread_blocked, id=7348, stack(0x0000001b6d300000,0x0000001b6d400000)]
  0x000001a32f551130 JavaThread "Common-Cleaner" daemon [_thread_blocked, id=13224, stack(0x0000001b6d500000,0x0000001b6d600000)]
  0x000001a32f54e3a0 JavaThread "surefire-forkedjvm-stream-flusher" daemon [_thread_blocked, id=12808, stack(0x0000001b6d600000,0x0000001b6d700000)]
  0x000001a32f54edc0 JavaThread "surefire-forkedjvm-command-thread" daemon [_thread_in_native, id=2476, stack(0x0000001b6d700000,0x0000001b6d800000)]

Other Threads:
  0x000001a32f2c1a40 VMThread "VM Thread" [stack: 0x0000001b6c900000,0x0000001b6ca00000] [id=128]
  0x000001a311ac9180 WatcherThread [stack: 0x0000001b6d400000,0x0000001b6d500000] [id=2972]
  0x000001a311aafa20 GCTaskThread "GC Thread#0" [stack: 0x0000001b6c400000,0x0000001b6c500000] [id=13792]
  0x000001a32f786a70 GCTaskThread "GC Thread#1" [stack: 0x0000001b6d800000,0x0000001b6d900000] [id=1420]
  0x000001a32f786d30 GCTaskThread "GC Thread#2" [stack: 0x0000001b6d900000,0x0000001b6da00000] [id=13324]
  0x000001a3754c6f60 GCTaskThread "GC Thread#3" [stack: 0x0000001b6da00000,0x0000001b6db00000] [id=17456]
  0x000001a311ac0670 ConcurrentGCThread "G1 Main Marker" [stack: 0x0000001b6c500000,0x0000001b6c600000] [id=12180]
  0x000001a311ac1820 ConcurrentGCThread "G1 Conc#0" [stack: 0x0000001b6c600000,0x0000001b6c700000] [id=15304]
  0x000001a32f180090 ConcurrentGCThread "G1 Refine#0" [stack: 0x0000001b6c700000,0x0000001b6c800000] [id=1032]
  0x000001a32f180ac0 ConcurrentGCThread "G1 Service" [stack: 0x0000001b6c800000,0x0000001b6c900000] [id=11312]

Threads with active compile tasks:
C2 CompilerThread0     3853 1729       4       java.lang.invoke.MethodType::makeImpl (109 bytes)
C1 CompilerThread0     3853 1957       3       java.util.stream.ReferencePipeline::map (26 bytes)

VM state: not at safepoint (normal execution)

VM Mutex/Monitor currently owned by a thread: None

Heap address: 0x0000000081800000, size: 2024 MB, Compressed Oops mode: 32-bit

CDS archive(s) mapped at: [0x000001a330000000-0x000001a330bd0000-0x000001a330bd0000), size 12386304, SharedBaseAddress: 0x000001a330000000, ArchiveRelocationMode: 1.
Compressed class space mapped at: 0x000001a331000000-0x000001a371000000, reserved size: 1073741824
Narrow klass base: 0x000001a330000000, Narrow klass shift: 0, Narrow klass range: 0x100000000

GC Precious Log:
 CPUs: 4 total, 4 available
 Memory: 8089M
 Large Page Support: Disabled
 NUMA Support: Disabled
 Compressed Oops: Enabled (32-bit)
 Heap Region Size: 1M
 Heap Min Capacity: 8M
 Heap Initial Capacity: 128M
 Heap Max Capacity: 2024M
 Pre-touch: Disabled
 Parallel Workers: 4
 Concurrent Workers: 1
 Concurrent Refinement Workers: 4
 Periodic GC: Disabled

Heap:
 garbage-first heap   total 131072K, used 33267K [0x0000000081800000, 0x0000000100000000)
  region size 1024K, 25 young (25600K), 3 survivors (3072K)
 Metaspace       used 12903K, committed 13120K, reserved 1114112K
  class space    used 1692K, committed 1792K, reserved 1048576K

Heap Regions: E=young(eden), S=young(survivor), O=old, HS=humongous(starts), HC=humongous(continues), CS=collection set, F=free, OA=open archive, CA=closed archive, TAMS=top-at-mark-start (previous, next)
|   0|0x0000000081800000, 0x0000000081900000, 0x0000000081900000|100%|HS|  |TAMS 0x0000000081800000, 0x0000000081800000| Complete 
|   1|0x0000000081900000, 0x0000000081a00000, 0x0000000081a00000|100%|HS|  |TAMS 0x0000000081900000, 0x0000000081900000| Complete 
|   2|0x0000000081a00000, 0x0000000081b00000, 0x0000000081b00000|100%| O|  |TAMS 0x0000000081a00000, 0x0000000081a00000| Untracked 
|   3|0x0000000081b00000, 0x0000000081c00000, 0x0000000081c00000|100%| O|  |TAMS 0x0000000081b00000, 0x0000000081b00000| Untracked 
|   4|0x0000000081c00000, 0x0000000081d00000, 0x0000000081d00000|100%| O|  |TAMS 0x0000000081c00000, 0x0000000081c00000| Untracked 
|   5|0x0000000081d00000, 0x0000000081e00000, 0x0000000081e00000|100%| O|  |TAMS 0x0000000081d00000, 0x0000000081d00000| Untracked 
|   6|0x0000000081e00000, 0x0000000081f00000, 0x0000000081f00000|100%| O|  |TAMS 0x0000000081e00000, 0x0000000081e00000| Untracked 
|   7|0x0000000081f00000, 0x0000000082000000, 0x0000000082000000|100%| O|  |TAMS 0x0000000081f00000, 0x0000000081f00000| Untracked 
|   8|0x0000000082000000, 0x0000000082100000, 0x0000000082100000|100%| O|  |TAMS 0x0000000082000000, 0x0000000082000000| Untracked 
|   9|0x0000000082100000, 0x0000000082147a00, 0x0000000082200000| 27%| O|  |TAMS 0x0000000082100000, 0x0000000082100000| Untracked 
|  10|0x0000000082200000, 0x0000000082200000, 0x0000000082300000|  0%| F|  |TAMS 0x0000000082200000, 0x0000000082200000| Untracked 
|  11|0x0000000082300000, 0x0000000082300000, 0x0000000082400000|  0%| F|  |TAMS 0x0000000082300000, 0x0000000082300000| Untracked 
|  12|0x0000000082400000, 0x0000000082400000, 0x0000000082500000|  0%| F|  |TAMS 0x0000000082400000, 0x0000000082400000| Untracked 
|  13|0x0000000082500000, 0x0000000082500000, 0x0000000082600000|  0%| F|  |TAMS 0x0000000082500000, 0x0000000082500000| Untracked 
|  14|0x0000000082600000, 0x0000000082600000, 0x0000000082700000|  0%| F|  |TAMS 0x0000000082600000, 0x0000000082600000| Untracked 
|  15|0x0000000082700000, 0x0000000082700000, 0x0000000082800000|  0%| F|  |TAMS 0x0000000082700000, 0x0000000082700000| Untracked 
|  16|0x0000000082800000, 0x0000000082800000, 0x0000000082900000|  0%| F|  |TAMS 0x0000000082800000, 0x0000000082800000| Untracked 
|  17|0x0000000082900000, 0x0000000082900000, 0x0000000082a00000|  0%| F|  |TAMS 0x0000000082900000, 0x0000000082900000| Untracked 
|  18|0x0000000082a00000, 0x0000000082a00000, 0x0000000082b00000|  0%| F|  |TAMS 0x0000000082a00000, 0x0000000082a00000| Untracked 
|  19|0x0000000082b00000, 0x0000000082b00000, 0x0000000082c00000|  0%| F|  |TAMS 0x0000000082b00000, 0x0000000082b00000| Untracked 
|  20|0x0000000082c00000, 0x0000000082c00000, 0x0000000082d00000|  0%| F|  |TAMS 0x0000000082c00000, 0x0000000082c00000| Untracked 
|  21|0x0000000082d00000, 0x0000000082d00000, 0x0000000082e00000|  0%| F|  |TAMS 0x0000000082d00000, 0x0000000082d00000| Untracked 
|  22|0x0000000082e00000, 0x0000000082e00000, 0x0000000082f00000|  0%| F|  |TAMS 0x0000000082e00000, 0x0000000082e00000| Untracked 
|  23|0x0000000082f00000, 0x0000000082f00000, 0x0000000083000000|  0%| F|  |TAMS 0x0000000082f00000, 0x0000000082f00000| Untracked 
|  24|0x0000000083000000, 0x0000000083000000, 0x0000000083100000|  0%| F|  |TAMS 0x0000000083000000, 0x0000000083000000| Untracked 
|  25|0x0000000083100000, 0x0000000083100000, 0x0000000083200000|  0%| F|  |TAMS 0x0000000083100000, 0x0000000083100000| Untracked 
|  26|0x0000000083200000, 0x0000000083200000, 0x0000000083300000|  0%| F|  |TAMS 0x0000000083200000, 0x0000000083200000| Untracked 
|  27|0x0000000083300000, 0x0000000083300000, 0x0000000083400000|  0%| F|  |TAMS 0x0000000083300000, 0x0000000083300000| Untracked 
|  28|0x0000000083400000, 0x0000000083400000, 0x0000000083500000|  0%| F|  |TAMS 0x0000000083400000, 0x0000000083400000| Untracked 
|  29|0x0000000083500000, 0x0000000083500000, 0x0000000083600000|  0%| F|  |TAMS 0x0000000083500000, 0x0000000083500000| Untracked 
|  30|0x0000000083600000, 0x0000000083600000, 0x0000000083700000|  0%| F|  |TAMS 0x0000000083600000, 0x0000000083600000| Untracked 
|  31|0x0000000083700000, 0x0000000083700000, 0x0000000083800000|  0%| F|  |TAMS 0x0000000083700000, 0x0000000083700000| Untracked 
|  32|0x0000000083800000, 0x0000000083800000, 0x0000000083900000|  0%| F|  |TAMS 0x0000000083800000, 0x0000000083800000| Untracked 
|  33|0x0000000083900000, 0x0000000083900000, 0x0000000083a00000|  0%| F|  |TAMS 0x0000000083900000, 0x0000000083900000| Untracked 
|  34|0x0000000083a00000, 0x0000000083a00000, 0x0000000083b00000|  0%| F|  |TAMS 0x0000000083a00000, 0x0000000083a00000| Untracked 
|  35|0x0000000083b00000, 0x0000000083b00000, 0x0000000083c00000|  0%| F|  |TAMS 0x0000000083b00000, 0x0000000083b00000| Untracked 
|  36|0x0000000083c00000, 0x0000000083c00000, 0x0000000083d00000|  0%| F|  |TAMS 0x0000000083c00000, 0x0000000083c00000| Untracked 
|  37|0x0000000083d00000, 0x0000000083d00000, 0x0000000083e00000|  0%| F|  |TAMS 0x0000000083d00000, 0x0000000083d00000| Untracked 
|  38|0x0000000083e00000, 0x0000000083e00000, 0x0000000083f00000|  0%| F|  |TAMS 0x0000000083e00000, 0x0000000083e00000| Untracked 
|  39|0x0000000083f00000, 0x0000000083f00000, 0x0000000084000000|  0%| F|  |TAMS 0x0000000083f00000, 0x0000000083f00000| Untracked 
|  40|0x0000000084000000, 0x0000000084000000, 0x0000000084100000|  0%| F|  |TAMS 0x0000000084000000, 0x0000000084000000| Untracked 
|  41|0x0000000084100000, 0x0000000084100000, 0x0000000084200000|  0%| F|  |TAMS 0x0000000084100000, 0x0000000084100000| Untracked 
|  42|0x0000000084200000, 0x0000000084200000, 0x0000000084300000|  0%| F|  |TAMS 0x0000000084200000, 0x0000000084200000| Untracked 
|  43|0x0000000084300000, 0x0000000084300000, 0x0000000084400000|  0%| F|  |TAMS 0x0000000084300000, 0x0000000084300000| Untracked 
|  44|0x0000000084400000, 0x0000000084400000, 0x0000000084500000|  0%| F|  |TAMS 0x0000000084400000, 0x0000000084400000| Untracked 
|  45|0x0000000084500000, 0x0000000084500000, 0x0000000084600000|  0%| F|  |TAMS 0x0000000084500000, 0x0000000084500000| Untracked 
|  46|0x0000000084600000, 0x0000000084600000, 0x0000000084700000|  0%| F|  |TAMS 0x0000000084600000, 0x0000000084600000| Untracked 
|  47|0x0000000084700000, 0x0000000084700000, 0x0000000084800000|  0%| F|  |TAMS 0x0000000084700000, 0x0000000084700000| Untracked 
|  48|0x0000000084800000, 0x0000000084800000, 0x0000000084900000|  0%| F|  |TAMS 0x0000000084800000, 0x0000000084800000| Untracked 
|  49|0x0000000084900000, 0x0000000084900000, 0x0000000084a00000|  0%| F|  |TAMS 0x0000000084900000, 0x0000000084900000| Untracked 
|  50|0x0000000084a00000, 0x0000000084a00000, 0x0000000084b00000|  0%| F|  |TAMS 0x0000000084a00000, 0x0000000084a00000| Untracked 
|  51|0x0000000084b00000, 0x0000000084b00000, 0x0000000084c00000|  0%| F|  |TAMS 0x0000000084b00000, 0x0000000084b00000| Untracked 
|  52|0x0000000084c00000, 0x0000000084c00000, 0x0000000084d00000|  0%| F|  |TAMS 0x0000000084c00000, 0x0000000084c00000| Untracked 
|  53|0x0000000084d00000, 0x0000000084d00000, 0x0000000084e00000|  0%| F|  |TAMS 0x0000000084d00000, 0x0000000084d00000| Untracked 
|  54|0x0000000084e00000, 0x0000000084e00000, 0x0000000084f00000|  0%| F|  |TAMS 0x0000000084e00000, 0x0000000084e00000| Untracked 
|  55|0x0000000084f00000, 0x0000000084f00000, 0x0000000085000000|  0%| F|  |TAMS 0x0000000084f00000, 0x0000000084f00000| Untracked 
|  56|0x0000000085000000, 0x0000000085000000, 0x0000000085100000|  0%| F|  |TAMS 0x0000000085000000, 0x0000000085000000| Untracked 
|  57|0x0000000085100000, 0x0000000085100000, 0x0000000085200000|  0%| F|  |TAMS 0x0000000085100000, 0x0000000085100000| Untracked 
|  58|0x0000000085200000, 0x0000000085200000, 0x0000000085300000|  0%| F|  |TAMS 0x0000000085200000, 0x0000000085200000| Untracked 
|  59|0x0000000085300000, 0x0000000085300000, 0x0000000085400000|  0%| F|  |TAMS 0x0000000085300000, 0x0000000085300000| Untracked 
|  60|0x0000000085400000, 0x0000000085400000, 0x0000000085500000|  0%| F|  |TAMS 0x0000000085400000, 0x0000000085400000| Untracked 
|  61|0x0000000085500000, 0x0000000085500000, 0x0000000085600000|  0%| F|  |TAMS 0x0000000085500000, 0x0000000085500000| Untracked 
|  62|0x0000000085600000, 0x0000000085600000, 0x0000000085700000|  0%| F|  |TAMS 0x0000000085600000, 0x0000000085600000| Untracked 
|  63|0x0000000085700000, 0x0000000085700000, 0x0000000085800000|  0%| F|  |TAMS 0x0000000085700000, 0x0000000085700000| Untracked 
|  64|0x0000000085800000, 0x0000000085800000, 0x0000000085900000|  0%| F|  |TAMS 0x0000000085800000, 0x0000000085800000| Untracked 
|  65|0x0000000085900000, 0x0000000085900000, 0x0000000085a00000|  0%| F|  |TAMS 0x0000000085900000, 0x0000000085900000| Untracked 
|  66|0x0000000085a00000, 0x0000000085a00000, 0x0000000085b00000|  0%| F|  |TAMS 0x0000000085a00000, 0x0000000085a00000| Untracked 
|  67|0x0000000085b00000, 0x0000000085b00000, 0x0000000085c00000|  0%| F|  |TAMS 0x0000000085b00000, 0x0000000085b00000| Untracked 
|  68|0x0000000085c00000, 0x0000000085c00000, 0x0000000085d00000|  0%| F|  |TAMS 0x0000000085c00000, 0x0000000085c00000| Untracked 
|  69|0x0000000085d00000, 0x0000000085d00000, 0x0000000085e00000|  0%| F|  |TAMS 0x0000000085d00000, 0x0000000085d00000| Untracked 
|  70|0x0000000085e00000, 0x0000000085e00000, 0x0000000085f00000|  0%| F|  |TAMS 0x0000000085e00000, 0x0000000085e00000| Untracked 
|  71|0x0000000085f00000, 0x0000000085f00000, 0x0000000086000000|  0%| F|  |TAMS 0x0000000085f00000, 0x0000000085f00000| Untracked 
|  72|0x0000000086000000, 0x0000000086000000, 0x0000000086100000|  0%| F|  |TAMS 0x0000000086000000, 0x0000000086000000| Untracked 
|  73|0x0000000086100000, 0x0000000086100000, 0x0000000086200000|  0%| F|  |TAMS 0x0000000086100000, 0x0000000086100000| Untracked 
|  74|0x0000000086200000, 0x0000000086200000, 0x0000000086300000|  0%| F|  |TAMS 0x0000000086200000, 0x0000000086200000| Untracked 
|  75|0x0000000086300000, 0x0000000086300000, 0x0000000086400000|  0%| F|  |TAMS 0x0000000086300000, 0x0000000086300000| Untracked 
|  76|0x0000000086400000, 0x0000000086400000, 0x0000000086500000|  0%| F|  |TAMS 0x0000000086400000, 0x0000000086400000| Untracked 
|  77|0x0000000086500000, 0x0000000086500000, 0x0000000086600000|  0%| F|  |TAMS 0x0000000086500000, 0x0000000086500000| Untracked 
|  78|0x0000000086600000, 0x0000000086600000, 0x0000000086700000|  0%| F|  |TAMS 0x0000000086600000, 0x0000000086600000| Untracked 
|  79|0x0000000086700000, 0x0000000086700000, 0x0000000086800000|  0%| F|  |TAMS 0x0000000086700000, 0x0000000086700000| Untracked 
|  80|0x0000000086800000, 0x0000000086800000, 0x0000000086900000|  0%| F|  |TAMS 0x0000000086800000, 0x0000000086800000| Untracked 
|  81|0x0000000086900000, 0x0000000086900000, 0x0000000086a00000|  0%| F|  |TAMS 0x0000000086900000, 0x0000000086900000| Untracked 
|  82|0x0000000086a00000, 0x0000000086a00000, 0x0000000086b00000|  0%| F|  |TAMS 0x0000000086a00000, 0x0000000086a00000| Untracked 
|  83|0x0000000086b00000, 0x0000000086b00000, 0x0000000086c00000|  0%| F|  |TAMS 0x0000000086b00000, 0x0000000086b00000| Untracked 
|  84|0x0000000086c00000, 0x0000000086c00000, 0x0000000086d00000|  0%| F|  |TAMS 0x0000000086c00000, 0x0000000086c00000| Untracked 
|  85|0x0000000086d00000, 0x0000000086d00000, 0x0000000086e00000|  0%| F|  |TAMS 0x0000000086d00000, 0x0000000086d00000| Untracked 
|  86|0x0000000086e00000, 0x0000000086e00000, 0x0000000086f00000|  0%| F|  |TAMS 0x0000000086e00000, 0x0000000086e00000| Untracked 
|  87|0x0000000086f00000, 0x0000000086f00000, 0x0000000087000000|  0%| F|  |TAMS 0x0000000086f00000, 0x0000000086f00000| Untracked 
|  88|0x0000000087000000, 0x0000000087000000, 0x0000000087100000|  0%| F|  |TAMS 0x0000000087000000, 0x0000000087000000| Untracked 
|  89|0x0000000087100000, 0x0000000087100000, 0x0000000087200000|  0%| F|  |TAMS 0x0000000087100000, 0x0000000087100000| Untracked 
|  90|0x0000000087200000, 0x0000000087200000, 0x0000000087300000|  0%| F|  |TAMS 0x0000000087200000, 0x0000000087200000| Untracked 
|  91|0x0000000087300000, 0x0000000087300000, 0x0000000087400000|  0%| F|  |TAMS 0x0000000087300000, 0x0000000087300000| Untracked 
|  92|0x0000000087400000, 0x0000000087400000, 0x0000000087500000|  0%| F|  |TAMS 0x0000000087400000, 0x0000000087400000| Untracked 
|  93|0x0000000087500000, 0x0000000087500000, 0x0000000087600000|  0%| F|  |TAMS 0x0000000087500000, 0x0000000087500000| Untracked 
|  94|0x0000000087600000, 0x0000000087600000, 0x0000000087700000|  0%| F|  |TAMS 0x0000000087600000, 0x0000000087600000| Untracked 
|  95|0x0000000087700000, 0x0000000087700000, 0x0000000087800000|  0%| F|  |TAMS 0x0000000087700000, 0x0000000087700000| Untracked 
|  96|0x0000000087800000, 0x0000000087800000, 0x0000000087900000|  0%| F|  |TAMS 0x0000000087800000, 0x0000000087800000| Untracked 
|  97|0x0000000087900000, 0x0000000087900000, 0x0000000087a00000|  0%| F|  |TAMS 0x0000000087900000, 0x0000000087900000| Untracked 
|  98|0x0000000087a00000, 0x0000000087a00000, 0x0000000087b00000|  0%| F|  |TAMS 0x0000000087a00000, 0x0000000087a00000| Untracked 
|  99|0x0000000087b00000, 0x0000000087b00000, 0x0000000087c00000|  0%| F|  |TAMS 0x0000000087b00000, 0x0000000087b00000| Untracked 
| 100|0x0000000087c00000, 0x0000000087c00000, 0x0000000087d00000|  0%| F|  |TAMS 0x0000000087c00000, 0x0000000087c00000| Untracked 
| 101|0x0000000087d00000, 0x0000000087d00000, 0x0000000087e00000|  0%| F|  |TAMS 0x0000000087d00000, 0x0000000087d00000| Untracked 
| 102|0x0000000087e00000, 0x0000000087e00000, 0x0000000087f00000|  0%| F|  |TAMS 0x0000000087e00000, 0x0000000087e00000| Untracked 
| 103|0x0000000087f00000, 0x0000000087f80800, 0x0000000088000000| 50%| E|  |TAMS 0x0000000087f00000, 0x0000000087f00000| Complete 
| 104|0x0000000088000000, 0x0000000088100000, 0x0000000088100000|100%| E|CS|TAMS 0x0000000088000000, 0x0000000088000000| Complete 
| 105|0x0000000088100000, 0x0000000088200000, 0x0000000088200000|100%| E|CS|TAMS 0x0000000088100000, 0x0000000088100000| Complete 
| 106|0x0000000088200000, 0x0000000088235560, 0x0000000088300000| 20%| S|CS|TAMS 0x0000000088200000, 0x0000000088200000| Complete 
| 107|0x0000000088300000, 0x0000000088400000, 0x0000000088400000|100%| S|CS|TAMS 0x0000000088300000, 0x0000000088300000| Complete 
| 108|0x0000000088400000, 0x0000000088500000, 0x0000000088500000|100%| S|CS|TAMS 0x0000000088400000, 0x0000000088400000| Complete 
| 109|0x0000000088500000, 0x0000000088600000, 0x0000000088600000|100%| E|CS|TAMS 0x0000000088500000, 0x0000000088500000| Complete 
| 110|0x0000000088600000, 0x0000000088700000, 0x0000000088700000|100%| E|CS|TAMS 0x0000000088600000, 0x0000000088600000| Complete 
| 111|0x0000000088700000, 0x0000000088800000, 0x0000000088800000|100%| E|CS|TAMS 0x0000000088700000, 0x0000000088700000| Complete 
| 112|0x0000000088800000, 0x0000000088900000, 0x0000000088900000|100%| E|CS|TAMS 0x0000000088800000, 0x0000000088800000| Complete 
| 113|0x0000000088900000, 0x0000000088a00000, 0x0000000088a00000|100%| E|CS|TAMS 0x0000000088900000, 0x0000000088900000| Complete 
| 114|0x0000000088a00000, 0x0000000088b00000, 0x0000000088b00000|100%| E|CS|TAMS 0x0000000088a00000, 0x0000000088a00000| Complete 
| 115|0x0000000088b00000, 0x0000000088c00000, 0x0000000088c00000|100%| E|CS|TAMS 0x0000000088b00000, 0x0000000088b00000| Complete 
| 116|0x0000000088c00000, 0x0000000088d00000, 0x0000000088d00000|100%| E|CS|TAMS 0x0000000088c00000, 0x0000000088c00000| Complete 
| 117|0x0000000088d00000, 0x0000000088e00000, 0x0000000088e00000|100%| E|CS|TAMS 0x0000000088d00000, 0x0000000088d00000| Complete 
| 118|0x0000000088e00000, 0x0000000088f00000, 0x0000000088f00000|100%| E|CS|TAMS 0x0000000088e00000, 0x0000000088e00000| Complete 
| 119|0x0000000088f00000, 0x0000000089000000, 0x0000000089000000|100%| E|CS|TAMS 0x0000000088f00000, 0x0000000088f00000| Complete 
| 120|0x0000000089000000, 0x0000000089100000, 0x0000000089100000|100%| E|CS|TAMS 0x0000000089000000, 0x0000000089000000| Complete 
| 121|0x0000000089100000, 0x0000000089200000, 0x0000000089200000|100%| E|CS|TAMS 0x0000000089100000, 0x0000000089100000| Complete 
| 122|0x0000000089200000, 0x0000000089300000, 0x0000000089300000|100%| E|CS|TAMS 0x0000000089200000, 0x0000000089200000| Complete 
| 123|0x0000000089300000, 0x0000000089400000, 0x0000000089400000|100%| E|CS|TAMS 0x0000000089300000, 0x0000000089300000| Complete 
| 124|0x0000000089400000, 0x0000000089500000, 0x0000000089500000|100%| E|CS|TAMS 0x0000000089400000, 0x0000000089400000| Complete 
| 125|0x0000000089500000, 0x0000000089600000, 0x0000000089600000|100%| E|CS|TAMS 0x0000000089500000, 0x0000000089500000| Complete 
| 126|0x0000000089600000, 0x0000000089700000, 0x0000000089700000|100%| E|CS|TAMS 0x0000000089600000, 0x0000000089600000| Complete 
| 127|0x0000000089700000, 0x0000000089800000, 0x0000000089800000|100%| E|CS|TAMS 0x0000000089700000, 0x0000000089700000| Complete 

Card table byte_map: [0x000001a328700000,0x000001a328b00000] _byte_map_base: 0x000001a3282f4000

Marking Bits (Prev, Next): (CMBitMap*) 0x000001a311ab0040, (CMBitMap*) 0x000001a311ab0080
 Prev Bits: [0x000001a328f00000, 0x000001a32aea0000)
 Next Bits: [0x000001a32aea0000, 0x000001a32ce40000)

Polling page: 0x000001a30fa30000

Metaspace:

Usage:
  Non-class:     10.97 MB used.
      Class:      1.66 MB used.
       Both:     12.62 MB used.

Virtual space:
  Non-class space:       64.00 MB reserved,      11.06 MB ( 17%) committed,  1 nodes.
      Class space:        1.00 GB reserved,       1.75 MB ( <1%) committed,  1 nodes.
             Both:        1.06 GB reserved,      12.81 MB (  1%) committed. 

Chunk freelists:
   Non-Class:  4.00 MB
       Class:  14.07 MB
        Both:  18.07 MB

MaxMetaspaceSize: unlimited
CompressedClassSpaceSize: 1.00 GB
Initial GC threshold: 21.00 MB
Current GC threshold: 21.00 MB
CDS: on
MetaspaceReclaimPolicy: balanced
 - commit_granule_bytes: 65536.
 - commit_granule_words: 8192.
 - virtual_space_node_default_size: 8388608.
 - enlarge_chunks_in_place: 1.
 - new_chunks_are_fully_committed: 0.
 - uncommit_free_chunks: 1.
 - use_allocation_guard: 0.
 - handle_deallocations: 1.


Internal statistics:

num_allocs_failed_limit: 0.
num_arena_births: 214.
num_arena_deaths: 0.
num_vsnodes_births: 2.
num_vsnodes_deaths: 0.
num_space_committed: 205.
num_space_uncommitted: 0.
num_chunks_returned_to_freelist: 0.
num_chunks_taken_from_freelist: 670.
num_chunk_merges: 0.
num_chunk_splits: 398.
num_chunks_enlarged: 283.
num_inconsistent_stats: 0.

CodeHeap 'non-profiled nmethods': size=120000Kb used=746Kb max_used=746Kb free=119254Kb
 bounds [0x000001a320dd0000, 0x000001a321040000, 0x000001a328300000]
CodeHeap 'profiled nmethods': size=120000Kb used=3948Kb max_used=3948Kb free=116051Kb
 bounds [0x000001a319300000, 0x000001a3196e0000, 0x000001a320830000]
CodeHeap 'non-nmethods': size=5760Kb used=1188Kb max_used=1224Kb free=4571Kb
 bounds [0x000001a320830000, 0x000001a320aa0000, 0x000001a320dd0000]
 total_blobs=2442 nmethods=1954 adapters=400
 compilation: enabled
              stopped_count=0, restarted_count=0
 full_count=0

Compilation events (20 events):
Event: 3.519 Thread 0x000001a32f2ea660 1939       3       java.nio.ByteBuffer::limit (6 bytes)
Event: 3.519 Thread 0x000001a32f2ea660 nmethod 1939 0x000001a3196d2e10 code [0x000001a3196d2fc0, 0x000001a3196d3188]
Event: 3.566 Thread 0x000001a32f2e9000 nmethod 1770 0x000001a320e85290 code [0x000001a320e854c0, 0x000001a320e86a20]
Event: 3.566 Thread 0x000001a32f2e9000 1938       4       java.lang.Object::<init> (1 bytes)
Event: 3.567 Thread 0x000001a32f2e9000 nmethod 1938 0x000001a320e87110 code [0x000001a320e87280, 0x000001a320e87338]
Event: 3.567 Thread 0x000001a32f2e9000 1910       4       java.lang.AbstractStringBuilder::isLatin1 (19 bytes)
Event: 3.567 Thread 0x000001a32f2e9000 nmethod 1910 0x000001a320e87410 code [0x000001a320e87580, 0x000001a320e87618]
Event: 3.567 Thread 0x000001a32f2e9000 1921       4       org.springframework.boot.context.properties.source.ConfigurationPropertyName$ElementsParser::updateType (109 bytes)
Event: 3.573 Thread 0x000001a32f2e9000 nmethod 1921 0x000001a320e87710 code [0x000001a320e878c0, 0x000001a320e87b98]
Event: 3.573 Thread 0x000001a32f2e9000 1929       4       java.lang.String::checkIndex (48 bytes)
Event: 3.574 Thread 0x000001a32f2e9000 nmethod 1929 0x000001a320e87e10 code [0x000001a320e87f80, 0x000001a320e88018]
Event: 3.574 Thread 0x000001a32f2e9000 1930       4       java.lang.StringBuilder::charAt (6 bytes)
Event: 3.576 Thread 0x000001a32f2e9000 nmethod 1930 0x000001a320e88110 code [0x000001a320e882a0, 0x000001a320e883b8]
Event: 3.576 Thread 0x000001a32f2e9000 1931       4       java.lang.AbstractStringBuilder::charAt (36 bytes)
Event: 3.577 Thread 0x000001a32f2e9000 nmethod 1931 0x000001a320e88510 code [0x000001a320e886a0, 0x000001a320e887b8]
Event: 3.577 Thread 0x000001a32f2e9000 1847       4       java.lang.Character::toLowerCase (9 bytes)
Event: 3.579 Thread 0x000001a32f2e9000 nmethod 1847 0x000001a320e88910 code [0x000001a320e88aa0, 0x000001a320e88bb8]
Event: 3.579 Thread 0x000001a32f2e9000 1893       4       org.springframework.boot.context.properties.source.ConfigurationPropertyName$Elements::getType (7 bytes)
Event: 3.580 Thread 0x000001a32f2e9000 nmethod 1893 0x000001a320e88d10 code [0x000001a320e88e80, 0x000001a320e88f38]
Event: 3.580 Thread 0x000001a32f2e9000 1729       4       java.lang.invoke.MethodType::makeImpl (109 bytes)

GC Heap History (6 events):
Event: 0.709 GC heap before
{Heap before GC invocations=0 (full 0):
 garbage-first heap   total 131072K, used 15360K [0x0000000081800000, 0x0000000100000000)
  region size 1024K, 13 young (13312K), 0 survivors (0K)
 Metaspace       used 1826K, committed 1920K, reserved 1114112K
  class space    used 176K, committed 192K, reserved 1048576K
}
Event: 0.716 GC heap after
{Heap after GC invocations=1 (full 0):
 garbage-first heap   total 131072K, used 9404K [0x0000000081800000, 0x0000000100000000)
  region size 1024K, 2 young (2048K), 2 survivors (2048K)
 Metaspace       used 1826K, committed 1920K, reserved 1114112K
  class space    used 176K, committed 192K, reserved 1048576K
}
Event: 1.157 GC heap before
{Heap before GC invocations=1 (full 0):
 garbage-first heap   total 131072K, used 16572K [0x0000000081800000, 0x0000000100000000)
  region size 1024K, 9 young (9216K), 2 survivors (2048K)
 Metaspace       used 3539K, committed 3712K, reserved 1114112K
  class space    used 400K, committed 448K, reserved 1048576K
}
Event: 1.163 GC heap after
{Heap after GC invocations=2 (full 0):
 garbage-first heap   total 131072K, used 10402K [0x0000000081800000, 0x0000000100000000)
  region size 1024K, 1 young (1024K), 1 survivors (1024K)
 Metaspace       used 3539K, committed 3712K, reserved 1114112K
  class space    used 400K, committed 448K, reserved 1048576K
}
Event: 2.353 GC heap before
{Heap before GC invocations=2 (full 0):
 garbage-first heap   total 131072K, used 28834K [0x0000000081800000, 0x0000000100000000)
  region size 1024K, 19 young (19456K), 1 survivors (1024K)
 Metaspace       used 8435K, committed 8640K, reserved 1114112K
  class space    used 1052K, committed 1152K, reserved 1048576K
}
Event: 2.359 GC heap after
{Heap after GC invocations=3 (full 0):
 garbage-first heap   total 131072K, used 11763K [0x0000000081800000, 0x0000000100000000)
  region size 1024K, 3 young (3072K), 3 survivors (3072K)
 Metaspace       used 8435K, committed 8640K, reserved 1114112K
  class space    used 1052K, committed 1152K, reserved 1048576K
}

Deoptimization events (20 events):
Event: 2.652 Thread 0x000001a311a55780 Uncommon trap: trap_request=0xffffff45 fr.pc=0x000001a320e2fa30 relative=0x0000000000000090
Event: 2.652 Thread 0x000001a311a55780 Uncommon trap: reason=unstable_if action=reinterpret pc=0x000001a320e2fa30 method=sun.reflect.generics.parser.SignatureParser.current()C @ 39 c2
Event: 2.652 Thread 0x000001a311a55780 DEOPT PACKING pc=0x000001a320e2fa30 sp=0x0000001b6c3fba10
Event: 2.652 Thread 0x000001a311a55780 DEOPT UNPACKING pc=0x000001a3208823a3 sp=0x0000001b6c3fb9a8 mode 2
Event: 2.789 Thread 0x000001a311a55780 Uncommon trap: trap_request=0xffffff45 fr.pc=0x000001a320e69bb8 relative=0x00000000000000b8
Event: 2.789 Thread 0x000001a311a55780 Uncommon trap: reason=unstable_if action=reinterpret pc=0x000001a320e69bb8 method=java.lang.ref.SoftReference.get()Ljava/lang/Object; @ 6 c2
Event: 2.789 Thread 0x000001a311a55780 DEOPT PACKING pc=0x000001a320e69bb8 sp=0x0000001b6c3fcce0
Event: 2.789 Thread 0x000001a311a55780 DEOPT UNPACKING pc=0x000001a3208823a3 sp=0x0000001b6c3fcc98 mode 2
Event: 2.802 Thread 0x000001a311a55780 Uncommon trap: trap_request=0xffffff45 fr.pc=0x000001a320e35aa0 relative=0x0000000000000460
Event: 2.802 Thread 0x000001a311a55780 Uncommon trap: reason=unstable_if action=reinterpret pc=0x000001a320e35aa0 method=java.util.HashMap.hash(Ljava/lang/Object;)I @ 1 c2
Event: 2.802 Thread 0x000001a311a55780 DEOPT PACKING pc=0x000001a320e35aa0 sp=0x0000001b6c3fcc70
Event: 2.802 Thread 0x000001a311a55780 DEOPT UNPACKING pc=0x000001a3208823a3 sp=0x0000001b6c3fcb08 mode 2
Event: 3.238 Thread 0x000001a311a55780 Uncommon trap: trap_request=0xffffff45 fr.pc=0x000001a320e58468 relative=0x0000000000000ac8
Event: 3.238 Thread 0x000001a311a55780 Uncommon trap: reason=unstable_if action=reinterpret pc=0x000001a320e58468 method=java.util.Properties$LineReader.readLine()I @ 117 c2
Event: 3.238 Thread 0x000001a311a55780 DEOPT PACKING pc=0x000001a320e58468 sp=0x0000001b6c3fbd60
Event: 3.238 Thread 0x000001a311a55780 DEOPT UNPACKING pc=0x000001a3208823a3 sp=0x0000001b6c3fbd10 mode 2
Event: 3.784 Thread 0x000001a32f550710 Uncommon trap: trap_request=0xffffff45 fr.pc=0x000001a320e3fd8c relative=0x0000000000000f6c
Event: 3.784 Thread 0x000001a32f550710 Uncommon trap: reason=unstable_if action=reinterpret pc=0x000001a320e3fd8c method=java.util.concurrent.ConcurrentHashMap.putVal(Ljava/lang/Object;Ljava/lang/Object;Z)Ljava/lang/Object; @ 148 c2
Event: 3.784 Thread 0x000001a32f550710 DEOPT PACKING pc=0x000001a320e3fd8c sp=0x0000001b6dbff050
Event: 3.784 Thread 0x000001a32f550710 DEOPT UNPACKING pc=0x000001a3208823a3 sp=0x0000001b6dbfefd0 mode 2

Classes unloaded (0 events):
No events

Classes redefined (0 events):
No events

Internal exceptions (20 events):
Event: 2.380 Thread 0x000001a311a55780 Exception <a 'java/lang/IncompatibleClassChangeError'{0x000000008975e6f8}: Found class java.lang.Object, but interface was expected> (0x000000008975e6f8) 
thrown [s\open\src\hotspot\share\interpreter\linkResolver.cpp, line 826]
Event: 2.463 Thread 0x000001a311a55780 Exception <a 'java/lang/NoSuchMethodError'{0x000000008953bad8}: 'int java.lang.invoke.DirectMethodHandle$Holder.invokeSpecial(java.lang.Object, java.lang.Object, java.lang.Object, java.lang.Object)'> (0x000000008953bad8) 
thrown [s\open\src\hotspot\share\interpreter\linkResolver.cpp, line 759]
Event: 2.476 Thread 0x000001a311a55780 Exception <a 'sun/nio/fs/WindowsException'{0x00000000895593d8}> (0x00000000895593d8) 
thrown [s\open\src\hotspot\share\prims\jni.cpp, line 516]
Event: 2.478 Thread 0x000001a311a55780 Exception <a 'java/lang/NoSuchMethodError'{0x000000008955ac30}: 'int java.lang.invoke.DirectMethodHandle$Holder.invokeSpecial(java.lang.Object, java.lang.Object, java.lang.Object, java.lang.Object, java.lang.Object)'> (0x000000008955ac30) 
thrown [s\open\src\hotspot\share\interpreter\linkResolver.cpp, line 759]
Event: 2.481 Thread 0x000001a311a55780 Exception <a 'java/lang/NoSuchMethodError'{0x0000000089563c00}: 'void java.lang.invoke.DirectMethodHandle$Holder.invokeVirtual(java.lang.Object, java.lang.Object)'> (0x0000000089563c00) 
thrown [s\open\src\hotspot\share\interpreter\linkResolver.cpp, line 759]
Event: 2.487 Thread 0x000001a311a55780 Exception <a 'sun/nio/fs/WindowsException'{0x000000008957cb30}> (0x000000008957cb30) 
thrown [s\open\src\hotspot\share\prims\jni.cpp, line 516]
Event: 2.604 Thread 0x000001a311a55780 Exception <a 'java/lang/NoSuchMethodError'{0x00000000893fc320}: 'void java.lang.invoke.DirectMethodHandle$Holder.invokeVirtual(java.lang.Object, java.lang.Object, java.lang.Object, java.lang.Object)'> (0x00000000893fc320) 
thrown [s\open\src\hotspot\share\interpreter\linkResolver.cpp, line 759]
Event: 2.800 Thread 0x000001a311a55780 Exception <a 'java/lang/NoSuchMethodError'{0x0000000088e3ecc0}: 'java.lang.Object java.lang.invoke.DirectMethodHandle$Holder.newInvokeSpecial(java.lang.Object, java.lang.Object, java.lang.Object, java.lang.Object, java.lang.Object, java.lang.Object, java.lang.Object)'> (0x0000000088e3ecc0) 
thrown [s\open\src\hotspot\share\interpreter\linkResolver.cpp, line 759]
Event: 2.801 Thread 0x000001a311a55780 Exception <a 'java/lang/NoSuchMethodError'{0x0000000088e43878}: 'java.lang.Object java.lang.invoke.Invokers$Holder.linkToTargetMethod(java.lang.Object, java.lang.Object, java.lang.Object, java.lang.Object, java.lang.Object, java.lang.Object, java.lang.Object)'> (0x0000000088e43878) 
thrown [s\open\src\hotspot\share\interpreter\linkResolver.cpp, line 759]
Event: 2.802 Thread 0x000001a311a55780 Implicit null exception at 0x000001a320e3568f to 0x000001a320e35a80
Event: 2.854 Thread 0x000001a311a55780 Exception <a 'java/lang/reflect/InvocationTargetException'{0x0000000088d48d80}> (0x0000000088d48d80) 
thrown [s\open\src\hotspot\share\runtime\reflection.cpp, line 1121]
Event: 2.875 Thread 0x000001a311a55780 Exception <a 'java/lang/NoSuchMethodError'{0x0000000088dc5310}: 'java.lang.Object java.lang.invoke.DirectMethodHandle$Holder.invokeInterface(java.lang.Object, java.lang.Object, java.lang.Object, java.lang.Object)'> (0x0000000088dc5310) 
thrown [s\open\src\hotspot\share\interpreter\linkResolver.cpp, line 759]
Event: 2.923 Thread 0x000001a311a55780 Exception <a 'java/lang/NoSuchMethodError'{0x0000000088de3028}: 'java.lang.Object java.lang.invoke.DirectMethodHandle$Holder.newInvokeSpecial(java.lang.Object, java.lang.Object, java.lang.Object, java.lang.Object, int)'> (0x0000000088de3028) 
thrown [s\open\src\hotspot\share\interpreter\linkResolver.cpp, line 759]
Event: 2.924 Thread 0x000001a311a55780 Exception <a 'java/lang/NoSuchMethodError'{0x0000000088de77f8}: 'java.lang.Object java.lang.invoke.DirectMethodHandle$Holder.invokeSpecial(java.lang.Object, java.lang.Object, java.lang.Object, java.lang.Object, java.lang.Object, int)'> (0x0000000088de77f8) 
thrown [s\open\src\hotspot\share\interpreter\linkResolver.cpp, line 759]
Event: 2.924 Thread 0x000001a311a55780 Exception <a 'java/lang/NoSuchMethodError'{0x0000000088deb788}: 'java.lang.Object java.lang.invoke.Invokers$Holder.linkToTargetMethod(java.lang.Object, java.lang.Object, java.lang.Object, int, java.lang.Object)'> (0x0000000088deb788) 
thrown [s\open\src\hotspot\share\interpreter\linkResolver.cpp, line 759]
Event: 2.935 Thread 0x000001a311a55780 Exception <a 'java/lang/NoSuchMethodError'{0x0000000088c1dce8}: 'java.lang.Object java.lang.invoke.DirectMethodHandle$Holder.invokeInterface(java.lang.Object, java.lang.Object, java.lang.Object, java.lang.Object, java.lang.Object)'> (0x0000000088c1dce8) 
thrown [s\open\src\hotspot\share\interpreter\linkResolver.cpp, line 759]
Event: 2.935 Thread 0x000001a311a55780 Exception <a 'java/lang/IncompatibleClassChangeError'{0x0000000088c21ae0}: Found class java.lang.Object, but interface was expected> (0x0000000088c21ae0) 
thrown [s\open\src\hotspot\share\interpreter\linkResolver.cpp, line 826]
Event: 3.207 Thread 0x000001a311a55780 Exception <a 'java/lang/IncompatibleClassChangeError'{0x00000000888f7bf0}: Found class java.lang.Object, but interface was expected> (0x00000000888f7bf0) 
thrown [s\open\src\hotspot\share\interpreter\linkResolver.cpp, line 826]
Event: 3.229 Thread 0x000001a311a55780 Exception <a 'sun/nio/fs/WindowsException'{0x00000000887461e8}> (0x00000000887461e8) 
thrown [s\open\src\hotspot\share\prims\jni.cpp, line 516]
Event: 3.320 Thread 0x000001a311a55780 Exception <a 'java/lang/NoSuchMethodError'{0x00000000886f2e28}: 'void java.lang.invoke.DelegatingMethodHandle$Holder.delegate(java.lang.Object, java.lang.Object, int, java.lang.Object)'> (0x00000000886f2e28) 
thrown [s\open\src\hotspot\share\interpreter\linkResolver.cpp, line 759]

VM Operations (20 events):
Event: 2.015 Executing VM operation: HandshakeAllThreads
Event: 2.015 Executing VM operation: HandshakeAllThreads done
Event: 2.206 Executing VM operation: HandshakeAllThreads
Event: 2.206 Executing VM operation: HandshakeAllThreads done
Event: 2.206 Executing VM operation: Cleanup
Event: 2.207 Executing VM operation: Cleanup done
Event: 2.353 Executing VM operation: G1CollectForAllocation
Event: 2.359 Executing VM operation: G1CollectForAllocation done
Event: 2.429 Executing VM operation: HandshakeAllThreads
Event: 2.429 Executing VM operation: HandshakeAllThreads done
Event: 2.596 Executing VM operation: HandshakeAllThreads
Event: 2.596 Executing VM operation: HandshakeAllThreads done
Event: 2.940 Executing VM operation: HandshakeAllThreads
Event: 2.940 Executing VM operation: HandshakeAllThreads done
Event: 3.365 Executing VM operation: HandshakeAllThreads
Event: 3.365 Executing VM operation: HandshakeAllThreads done
Event: 3.365 Executing VM operation: Cleanup
Event: 3.365 Executing VM operation: Cleanup done
Event: 3.367 Executing VM operation: HandshakeAllThreads
Event: 3.367 Executing VM operation: HandshakeAllThreads done

Events (20 events):
Event: 3.782 loading class java/util/concurrent/ConcurrentSkipListMap$KeySet done
Event: 3.783 loading class java/util/concurrent/ConcurrentSkipListMap$KeyIterator
Event: 3.783 loading class java/util/concurrent/ConcurrentSkipListMap$Iter
Event: 3.783 loading class java/util/concurrent/ConcurrentSkipListMap$Iter done
Event: 3.783 loading class java/util/concurrent/ConcurrentSkipListMap$KeyIterator done
Event: 3.783 loading class java/net/InetAddress$NameServiceAddresses
Event: 3.783 loading class java/net/InetAddress$Addresses
Event: 3.784 loading class java/net/InetAddress$Addresses done
Event: 3.784 loading class java/net/InetAddress$NameServiceAddresses done
Event: 3.789 loading class sun/net/InetAddressCachePolicy
Event: 3.790 loading class sun/net/InetAddressCachePolicy done
Event: 3.790 loading class sun/net/InetAddressCachePolicy$1
Event: 3.790 loading class sun/net/InetAddressCachePolicy$1 done
Event: 3.790 loading class sun/net/InetAddressCachePolicy$2
Event: 3.790 loading class sun/net/InetAddressCachePolicy$2 done
Event: 3.790 loading class java/net/InetAddress$CachedAddresses
Event: 3.790 loading class java/net/InetAddress$CachedAddresses done
Event: 3.791 loading class java/util/concurrent/atomic/Striped64$1
Event: 3.792 loading class java/util/concurrent/atomic/Striped64$1 done
Event: 3.793 Thread 0x000001a32f550710 Thread exited: 0x000001a32f550710


Dynamic libraries:
0x00007ff7e0940000 - 0x00007ff7e0950000 	C:\Program Files\Java\jdk-17\bin\java.exe
0x00007ffdb81b0000 - 0x00007ffdb83a8000 	C:\WINDOWS\SYSTEM32\ntdll.dll
0x00007ffdb6d10000 - 0x00007ffdb6dcd000 	C:\WINDOWS\System32\KERNEL32.DLL
0x00007ffdb5ab0000 - 0x00007ffdb5da6000 	C:\WINDOWS\System32\KERNELBASE.dll
0x00007ffdb5fd0000 - 0x00007ffdb60d0000 	C:\WINDOWS\System32\ucrtbase.dll
0x00007ffd961f0000 - 0x00007ffd9620b000 	C:\Program Files\Java\jdk-17\bin\VCRUNTIME140.dll
0x00007ffd977b0000 - 0x00007ffd977c9000 	C:\Program Files\Java\jdk-17\bin\jli.dll
0x00007ffdb6e90000 - 0x00007ffdb6f3f000 	C:\WINDOWS\System32\ADVAPI32.dll
0x00007ffdb70e0000 - 0x00007ffdb717e000 	C:\WINDOWS\System32\msvcrt.dll
0x00007ffdb65a0000 - 0x00007ffdb663c000 	C:\WINDOWS\System32\sechost.dll
0x00007ffdb6210000 - 0x00007ffdb6336000 	C:\WINDOWS\System32\RPCRT4.dll
0x00007ffdb7180000 - 0x00007ffdb731e000 	C:\WINDOWS\System32\USER32.dll
0x00007ffdb5930000 - 0x00007ffdb5952000 	C:\WINDOWS\System32\win32u.dll
0x00007ffdb6e60000 - 0x00007ffdb6e8c000 	C:\WINDOWS\System32\GDI32.dll
0x00007ffdb5990000 - 0x00007ffdb5aaa000 	C:\WINDOWS\System32\gdi32full.dll
0x00007ffdb5890000 - 0x00007ffdb592d000 	C:\WINDOWS\System32\msvcp_win.dll
0x00007ffda42e0000 - 0x00007ffda457a000 	C:\WINDOWS\WinSxS\amd64_microsoft.windows.common-controls_6595b64144ccf1df_6.0.19041.3636_none_60b6a03d71f818d5\COMCTL32.dll
0x00007ffda8d90000 - 0x00007ffda8d9a000 	C:\WINDOWS\SYSTEM32\VERSION.dll
0x00007ffdb7320000 - 0x00007ffdb7350000 	C:\WINDOWS\System32\IMM32.DLL
0x00007ffd99b20000 - 0x00007ffd99b2c000 	C:\Program Files\Java\jdk-17\bin\vcruntime140_1.dll
0x00007ffd824f0000 - 0x00007ffd8257e000 	C:\Program Files\Java\jdk-17\bin\msvcp140.dll
0x00007ffd6dae0000 - 0x00007ffd6e6c1000 	C:\Program Files\Java\jdk-17\bin\server\jvm.dll
0x00007ffdb6510000 - 0x00007ffdb6518000 	C:\WINDOWS\System32\PSAPI.DLL
0x00007ffda8fc0000 - 0x00007ffda8fc9000 	C:\WINDOWS\SYSTEM32\WSOCK32.dll
0x00007ffda20e0000 - 0x00007ffda2107000 	C:\WINDOWS\SYSTEM32\WINMM.dll
0x00007ffdb6520000 - 0x00007ffdb658b000 	C:\WINDOWS\System32\WS2_32.dll
0x00007ffdb3710000 - 0x00007ffdb3722000 	C:\WINDOWS\SYSTEM32\kernel.appcore.dll
0x00007ffd99560000 - 0x00007ffd9956a000 	C:\Program Files\Java\jdk-17\bin\jimage.dll
0x00007ffda1cd0000 - 0x00007ffda1eb4000 	C:\WINDOWS\SYSTEM32\DBGHELP.DLL
0x00007ffda1c50000 - 0x00007ffda1c84000 	C:\WINDOWS\SYSTEM32\dbgcore.DLL
0x00007ffdb60d0000 - 0x00007ffdb6152000 	C:\WINDOWS\System32\bcryptPrimitives.dll
0x00007ffd83820000 - 0x00007ffd83845000 	C:\Program Files\Java\jdk-17\bin\java.dll
0x00007ffd82130000 - 0x00007ffd82207000 	C:\Program Files\Java\jdk-17\bin\jsvml.dll
0x00007ffdb77c0000 - 0x00007ffdb7f05000 	C:\WINDOWS\System32\SHELL32.dll
0x00007ffdb3910000 - 0x00007ffdb40ab000 	C:\WINDOWS\SYSTEM32\windows.storage.dll
0x00007ffdb6830000 - 0x00007ffdb6b84000 	C:\WINDOWS\System32\combase.dll
0x00007ffdb51f0000 - 0x00007ffdb521d000 	C:\WINDOWS\SYSTEM32\Wldp.dll
0x00007ffdb80c0000 - 0x00007ffdb816d000 	C:\WINDOWS\System32\SHCORE.dll
0x00007ffdb63a0000 - 0x00007ffdb63f5000 	C:\WINDOWS\System32\shlwapi.dll
0x00007ffdb57c0000 - 0x00007ffdb57e5000 	C:\WINDOWS\SYSTEM32\profapi.dll
0x00007ffd903e0000 - 0x00007ffd903f9000 	C:\Program Files\Java\jdk-17\bin\net.dll
0x00007ffda9b30000 - 0x00007ffda9c3a000 	C:\WINDOWS\SYSTEM32\WINHTTP.dll
0x00007ffdb4fd0000 - 0x00007ffdb503a000 	C:\WINDOWS\system32\mswsock.dll
0x00007ffd90210000 - 0x00007ffd90226000 	C:\Program Files\Java\jdk-17\bin\nio.dll
0x00007ffd8feb0000 - 0x00007ffd8fec8000 	C:\Program Files\Java\jdk-17\bin\zip.dll
0x00007ffda3760000 - 0x00007ffda376a000 	C:\Program Files\Java\jdk-17\bin\management.dll
0x00007ffd95d70000 - 0x00007ffd95d7b000 	C:\Program Files\Java\jdk-17\bin\management_ext.dll
0x00007ffdb4c90000 - 0x00007ffdb4ccb000 	C:\WINDOWS\SYSTEM32\IPHLPAPI.DLL
0x00007ffdb6590000 - 0x00007ffdb6598000 	C:\WINDOWS\System32\NSI.dll
0x00007ffdac970000 - 0x00007ffdac987000 	C:\WINDOWS\SYSTEM32\dhcpcsvc6.DLL
0x00007ffdac120000 - 0x00007ffdac13d000 	C:\WINDOWS\SYSTEM32\dhcpcsvc.DLL
0x00007ffdb4cd0000 - 0x00007ffdb4d9a000 	C:\WINDOWS\SYSTEM32\DNSAPI.dll
0x00007ffda8a10000 - 0x00007ffda8a1a000 	C:\Windows\System32\rasadhlp.dll
0x00007ffda8e20000 - 0x00007ffda8ea0000 	C:\WINDOWS\System32\fwpuclnt.dll
0x00007ffdb5960000 - 0x00007ffdb5987000 	C:\WINDOWS\System32\bcrypt.dll

dbghelp: loaded successfully - version: 4.0.5 - missing functions: none
symbol engine: initialized successfully - sym options: 0x614 - pdb path: .;C:\Program Files\Java\jdk-17\bin;C:\WINDOWS\SYSTEM32;C:\WINDOWS\WinSxS\amd64_microsoft.windows.common-controls_6595b64144ccf1df_6.0.19041.3636_none_60b6a03d71f818d5;C:\Program Files\Java\jdk-17\bin\server

VM Arguments:
java_command: C:\Users\pc\AppData\Local\Temp\surefire919742737239700530\surefirebooter-20231223171730402_3.jar C:\Users\pc\AppData\Local\Temp\surefire919742737239700530 2023-12-23T17-17-29_938-jvmRun1 surefire-20231223171730402_1tmp surefire_0-20231223171730402_2tmp
java_class_path (initial): C:\Users\pc\AppData\Local\Temp\surefire919742737239700530\surefirebooter-20231223171730402_3.jar
Launcher Type: SUN_STANDARD

[Global flags]
     intx CICompilerCount                          = 3                                         {product} {ergonomic}
     uint ConcGCThreads                            = 1                                         {product} {ergonomic}
     uint G1ConcRefinementThreads                  = 4                                         {product} {ergonomic}
   size_t G1HeapRegionSize                         = 1048576                                   {product} {ergonomic}
    uintx GCDrainStackTargetSize                   = 64                                        {product} {ergonomic}
   size_t InitialHeapSize                          = 134217728                                 {product} {ergonomic}
   size_t MarkStackSize                            = 4194304                                   {product} {ergonomic}
   size_t MaxHeapSize                              = 2122317824                                {product} {ergonomic}
   size_t MaxNewSize                               = 1272971264                                {product} {ergonomic}
   size_t MinHeapDeltaBytes                        = 1048576                                   {product} {ergonomic}
   size_t MinHeapSize                              = 8388608                                   {product} {ergonomic}
    uintx NonNMethodCodeHeapSize                   = 5832780                                {pd product} {ergonomic}
    uintx NonProfiledCodeHeapSize                  = 122912730                              {pd product} {ergonomic}
    uintx ProfiledCodeHeapSize                     = 122912730                              {pd product} {ergonomic}
    uintx ReservedCodeCacheSize                    = 251658240                              {pd product} {ergonomic}
     bool SegmentedCodeCache                       = true                                      {product} {ergonomic}
   size_t SoftMaxHeapSize                          = 2122317824                             {manageable} {ergonomic}
     bool UseCompressedClassPointers               = true                           {product lp64_product} {ergonomic}
     bool UseCompressedOops                        = true                           {product lp64_product} {ergonomic}
     bool UseG1GC                                  = true                                      {product} {ergonomic}
     bool UseLargePagesIndividualAllocation        = false                                  {pd product} {ergonomic}

Logging:
Log output configuration:
 #0: stdout all=warning uptime,level,tags
 #1: stderr all=off uptime,level,tags

Environment Variables:
JAVA_HOME=C:/Program Files/Java/jdk-17
PATH=C:\Users\pc\bin;C:\Program Files\Git\mingw64\bin;C:\Program Files\Git\usr\local\bin;C:\Program Files\Git\usr\bin;C:\Program Files\Git\usr\bin;C:\Program Files\Git\mingw64\bin;C:\Program Files\Git\usr\bin;C:\Users\pc\bin;C:\Program Files\Common Files\Oracle\Java\javapath;C:\Program Files (x86)\Common Files\Oracle\Java\javapath;C:\oraclexe\app\oracle\product\11.2.0\server\bin;C:\WINDOWS\system32;C:\WINDOWS;C:\WINDOWS\System32\Wbem;C:\WINDOWS\System32\WindowsPowerShell\v1.0;C:\WINDOWS\System32\OpenSSH;C:\Program Files (x86)\Microsoft SQL Server\100\Tools\Binn;C:\Program Files\Microsoft SQL Server\100\Tools\Binn;C:\Program Files\Microsoft SQL Server\100\DTS\Binn;C:\Program Files\Microsoft SQL Server\Client SDK\ODBC\110\Tools\Binn;C:\Program Files (x86)\Microsoft SQL Server\120\Tools\Binn;C:\Program Files\Microsoft SQL Server\120\Tools\Binn;C:\Program Files\Microsoft SQL Server\120\DTS\Binn;C:\Program Files (x86)\Microsoft SQL Server\120\Tools\Binn\ManagementStudio;C:\Program Files (x86)\Microsoft SQL Server\120\DTS\Binn;C:\xampp\php;C:\Program Files\Microsoft SQL Server\150\Tools\Binn;C:\Program Files\Microsoft SQL Server\Client SDK\ODBC\170\Tools\Binn;C:\Program Files\dotnet;C:\Program Files\Git\cmd;C:\Program Files\nodejs;C:\apache-maven-3.9.0-bin\apache-maven-3.9.0\bin;C:\Program Files\Java\jdk-17\bin;C:\Program Files\Docker\Docker\resources\bin;C:\Users\pc\scoop\shims;C:\Program Files\MySQL\MySQL Shell 8.0\bin;C:\Users\pc\AppData\Local\Programs\Python\Python310\Scripts;C:\Users\pc\AppData\Local\Programs\Python\Python310;C:\Users\pc\AppData\Local\Microsoft\WindowsApps;C:\Users\pc\Desktop\3IIR_S6\PFA\cygwin\bin;C:\Users\pc\AppData\Local\Programs\Microsoft VS Code\bin;C:\Program Files\JetBrains\PyCharm Community Edition 2022.3.2\bin;C:\Users\pc\AppData\Local\GitHubDesktop\bin;E:\flutter_windows_3.7.11-stable\flutter\bin;C:\Program Files\JetBrains\IntelliJ IDEA 2023.2.2\bin;C:\Users\pc\Downloads\protoc-25.0-win64\bin;C:\Users\pc\AppData\Roaming\npm;C:\Users\pc\AppData
USERNAME=pc
SHELL=C:\Program Files\Git\usr\bin\bash.exe
DISPLAY=needs-to-be-defined
LC_CTYPE=fr_FR.UTF-8
OS=Windows_NT
PROCESSOR_IDENTIFIER=Intel64 Family 6 Model 69 Stepping 1, GenuineIntel



---------------  S Y S T E M  ---------------

OS:
 Windows 10 , 64 bit Build 19041 (10.0.19041.3636)
OS uptime: 1 days 7:56 hours
Hyper-V role detected

CPU: total 4 (initial active 4) (2 cores per cpu, 2 threads per core) family 6 model 69 stepping 1 microcode 0x25, cx8, cmov, fxsr, ht, mmx, sse, sse2, sse3, ssse3, sse4.1, sse4.2, popcnt, lzcnt, tsc, tscinvbit, avx, avx2, aes, erms, clmul, bmi1, bmi2, fma, vzeroupper, clflush, hv

Memory: 4k page, system-wide physical 8089M (297M free)
TotalPageFile size 21113M (AvailPageFile size 4M)
current process WorkingSet (physical memory assigned to process): 111M, peak: 111M
current process commit charge ("private bytes"): 244M, peak: 246M

vm_info: Java HotSpot(TM) 64-Bit Server VM (17.0.9+11-LTS-201) for windows-amd64 JRE (17.0.9+11-LTS-201), built on Oct 10 2023 23:16:06 by "mach5one" with MS VC++ 17.1 (VS2022)

END.
