#
# There is insufficient memory for the Java Runtime Environment to continue.
# Native memory allocation (mmap) failed to map 51380224 bytes for G1 virtual space
# Possible reasons:
#   The system is out of physical RAM or swap space
#   The process is running with CompressedOops enabled, and the Java Heap may be blocking the growth of the native heap
# Possible solutions:
#   Reduce memory load on the system
#   Increase physical memory or swap space
#   Check if swap backing store is full
#   Decrease Java heap size (-Xmx/-Xms)
#   Decrease number of Java threads
#   Decrease Java thread stack sizes (-Xss)
#   Set larger code cache with -XX:ReservedCodeCacheSize=
#   JVM is running with Unscaled Compressed Oops mode in which the Java heap is
#     placed in the first 4GB address space. The Java Heap base address is the
#     maximum limit for the native heap growth. Please use -XX:HeapBaseMinAddress
#     to set the Java Heap base and to place the Java Heap above 4GB virtual address.
# This output file may be truncated or incomplete.
#
#  Out of Memory Error (os_windows.cpp:3552), pid=13872, tid=17640
#
# JRE version: Java(TM) SE Runtime Environment (17.0.9+11) (build 17.0.9+11-LTS-201)
# Java VM: Java HotSpot(TM) 64-Bit Server VM (17.0.9+11-LTS-201, mixed mode, sharing, tiered, compressed oops, compressed class ptrs, g1 gc, windows-amd64)
# No core dump will be written. Minidumps are not enabled by default on client versions of Windows
#

---------------  S U M M A R Y ------------

Command Line: -Dclassworlds.conf=C:/apache-maven-3.9.0-bin/apache-maven-3.9.0/bin/m2.conf -Dmaven.home=C:/apache-maven-3.9.0-bin/apache-maven-3.9.0 -Dlibrary.jansi.path=C:/apache-maven-3.9.0-bin/apache-maven-3.9.0/lib/jansi-native -Dmaven.multiModuleProjectDirectory=C:/Users/pc/Desktop/ControleACE/Gateway org.codehaus.plexus.classworlds.launcher.Launcher clean package

Host: Intel(R) Core(TM) i5-4300U CPU @ 1.90GHz, 4 cores, 7G,  Windows 10 , 64 bit Build 19041 (10.0.19041.3636)
Time: Sat Dec 23 17:43:39 2023 Maroc (heure d64 bit Build 19041 (10.0.19041.3636) elapsed time: 10.946948 seconds (0d 0h 0m 10s)

---------------  T H R E A D  ---------------

Current thread (0x0000025a73337280):  VMThread "VM Thread" [stack: 0x000000e9c4100000,0x000000e9c4200000] [id=17640]

Stack: [0x000000e9c4100000,0x000000e9c4200000]
Native frames: (J=compiled Java code, j=interpreted, Vv=VM code, C=native code)
V  [jvm.dll+0x678a4a]
V  [jvm.dll+0x7d9cfd]
V  [jvm.dll+0x7db60e]
V  [jvm.dll+0x7dbc73]
V  [jvm.dll+0x245e1f]
V  [jvm.dll+0x6758f9]
V  [jvm.dll+0x66a2a2]
V  [jvm.dll+0x303686]
V  [jvm.dll+0x30ac06]
V  [jvm.dll+0x35a48e]
V  [jvm.dll+0x35a6bf]
V  [jvm.dll+0x2da678]
V  [jvm.dll+0x2d8a85]
V  [jvm.dll+0x2d808c]
V  [jvm.dll+0x31bca1]
V  [jvm.dll+0x7e048b]
V  [jvm.dll+0x7e11c4]
V  [jvm.dll+0x7e16dd]
V  [jvm.dll+0x7e1ab4]
V  [jvm.dll+0x7e1b80]
V  [jvm.dll+0x78998a]
V  [jvm.dll+0x677875]
C  [ucrtbase.dll+0x21bb2]
C  [KERNEL32.DLL+0x17344]
C  [ntdll.dll+0x526b1]

VM_Operation (0x000000e9c3bfbc08): G1TryInitiateConcMark, mode: safepoint, requested by thread 0x0000025a55ac57e0


---------------  P R O C E S S  ---------------

Threads class SMR info:
_java_thread_list=0x0000025a79f06ee0, length=13, elements={
0x0000025a55ac57e0, 0x0000025a7333c660, 0x0000025a7333d3f0, 0x0000025a7334f160,
0x0000025a7334fc30, 0x0000025a73352510, 0x0000025a73352de0, 0x0000025a73353a90,
0x0000025a73357950, 0x0000025a73362680, 0x0000025a735bf0c0, 0x0000025a735c8ba0,
0x0000025a78d26040
}

Java Threads: ( => current thread )
  0x0000025a55ac57e0 JavaThread "main" [_thread_blocked, id=16664, stack(0x000000e9c3b00000,0x000000e9c3c00000)]
  0x0000025a7333c660 JavaThread "Reference Handler" daemon [_thread_blocked, id=8964, stack(0x000000e9c4200000,0x000000e9c4300000)]
  0x0000025a7333d3f0 JavaThread "Finalizer" daemon [_thread_blocked, id=18168, stack(0x000000e9c4300000,0x000000e9c4400000)]
  0x0000025a7334f160 JavaThread "Signal Dispatcher" daemon [_thread_blocked, id=18240, stack(0x000000e9c4400000,0x000000e9c4500000)]
  0x0000025a7334fc30 JavaThread "Attach Listener" daemon [_thread_blocked, id=17740, stack(0x000000e9c4500000,0x000000e9c4600000)]
  0x0000025a73352510 JavaThread "Service Thread" daemon [_thread_blocked, id=13840, stack(0x000000e9c4600000,0x000000e9c4700000)]
  0x0000025a73352de0 JavaThread "Monitor Deflation Thread" daemon [_thread_blocked, id=1792, stack(0x000000e9c4700000,0x000000e9c4800000)]
  0x0000025a73353a90 JavaThread "C2 CompilerThread0" daemon [_thread_blocked, id=1164, stack(0x000000e9c4800000,0x000000e9c4900000)]
  0x0000025a73357950 JavaThread "C1 CompilerThread0" daemon [_thread_blocked, id=14228, stack(0x000000e9c4900000,0x000000e9c4a00000)]
  0x0000025a73362680 JavaThread "Sweeper thread" daemon [_thread_blocked, id=4444, stack(0x000000e9c4a00000,0x000000e9c4b00000)]
  0x0000025a735bf0c0 JavaThread "Notification Thread" daemon [_thread_blocked, id=9248, stack(0x000000e9c4b00000,0x000000e9c4c00000)]
  0x0000025a735c8ba0 JavaThread "Common-Cleaner" daemon [_thread_blocked, id=2908, stack(0x000000e9c4d00000,0x000000e9c4e00000)]
  0x0000025a78d26040 JavaThread "C2 CompilerThread1" daemon [_thread_blocked, id=18176, stack(0x000000e9c5200000,0x000000e9c5300000)]

Other Threads:
=>0x0000025a73337280 VMThread "VM Thread" [stack: 0x000000e9c4100000,0x000000e9c4200000] [id=17640]
  0x0000025a55b42010 WatcherThread [stack: 0x000000e9c4c00000,0x000000e9c4d00000] [id=2148]
  0x0000025a55b20b90 GCTaskThread "GC Thread#0" [stack: 0x000000e9c3c00000,0x000000e9c3d00000] [id=5996]
  0x0000025a736411e0 GCTaskThread "GC Thread#1" [stack: 0x000000e9c4e00000,0x000000e9c4f00000] [id=15016]
  0x0000025a78522a10 GCTaskThread "GC Thread#2" [stack: 0x000000e9c4f00000,0x000000e9c5000000] [id=15868]
  0x0000025a78523090 GCTaskThread "GC Thread#3" [stack: 0x000000e9c5000000,0x000000e9c5100000] [id=7408]
  0x0000025a55b317e0 ConcurrentGCThread "G1 Main Marker" [stack: 0x000000e9c3d00000,0x000000e9c3e00000] [id=11500]
  0x0000025a55b32990 ConcurrentGCThread "G1 Conc#0" [stack: 0x000000e9c3e00000,0x000000e9c3f00000] [id=13612]
  0x0000025a731f0090 ConcurrentGCThread "G1 Refine#0" [stack: 0x000000e9c3f00000,0x000000e9c4000000] [id=15996]
  0x0000025a78576e10 ConcurrentGCThread "G1 Refine#1" [stack: 0x000000e9c5100000,0x000000e9c5200000] [id=13188]
  0x0000025a7390ddb0 ConcurrentGCThread "G1 Refine#2" [stack: 0x000000e9c5300000,0x000000e9c5400000] [id=13528]
  0x0000025a731f09d0 ConcurrentGCThread "G1 Service" [stack: 0x000000e9c4000000,0x000000e9c4100000] [id=10776]

Threads with active compile tasks:
C2 CompilerThread0    10995 5956 %     4       java.util.zip.ZipFile$Source::initCEN @ 240 (591 bytes)
C2 CompilerThread1    10995 5959       4       sun.nio.fs.WindowsPathParser::normalize (233 bytes)

VM state: at safepoint (normal execution)

VM Mutex/Monitor currently owned by a thread:  ([mutex/lock_event])
[0x0000025a55ac1b50] Threads_lock - owner thread: 0x0000025a73337280
[0x0000025a55ac2210] Heap_lock - owner thread: 0x0000025a55ac57e0

Heap address: 0x0000000081800000, size: 2024 MB, Compressed Oops mode: 32-bit

CDS archive(s) mapped at: [0x0000025a00000000-0x0000025a00bd0000-0x0000025a00bd0000), size 12386304, SharedBaseAddress: 0x0000025a00000000, ArchiveRelocationMode: 1.
Compressed class space mapped at: 0x0000025a01000000-0x0000025a41000000, reserved size: 1073741824
Narrow klass base: 0x0000025a00000000, Narrow klass shift: 0, Narrow klass range: 0x100000000

GC Precious Log:
 CPUs: 4 total, 4 available
 Memory: 8089M
 Large Page Support: Disabled
 NUMA Support: Disabled
 Compressed Oops: Enabled (32-bit)
 Heap Region Size: 1M
 Heap Min Capacity: 8M
 Heap Initial Capacity: 128M
 Heap Max Capacity: 2024M
 Pre-touch: Disabled
 Parallel Workers: 4
 Concurrent Workers: 1
 Concurrent Refinement Workers: 4
 Periodic GC: Disabled

Heap:
 garbage-first heap   total 138240K, used 48128K [0x0000000081800000, 0x0000000100000000)
  region size 1024K, 4 young (4096K), 4 survivors (4096K)
 Metaspace       used 26204K, committed 26560K, reserved 1114112K
  class space    used 3005K, committed 3200K, reserved 1048576K

Heap Regions: E=young(eden), S=young(survivor), O=old, HS=humongous(starts), HC=humongous(continues), CS=collection set, F=free, OA=open archive, CA=closed archive, TAMS=top-at-mark-start (previous, next)
|   0|0x0000000081800000, 0x0000000081900000, 0x0000000081900000|100%| O|  |TAMS 0x0000000081900000, 0x0000000081900000| Untracked 
|   1|0x0000000081900000, 0x0000000081a00000, 0x0000000081a00000|100%| O|  |TAMS 0x0000000081a00000, 0x0000000081a00000| Untracked 
|   2|0x0000000081a00000, 0x0000000081b00000, 0x0000000081b00000|100%| O|  |TAMS 0x0000000081b00000, 0x0000000081b00000| Untracked 
|   3|0x0000000081b00000, 0x0000000081c00000, 0x0000000081c00000|100%| O|  |TAMS 0x0000000081c00000, 0x0000000081c00000| Untracked 
|   4|0x0000000081c00000, 0x0000000081d00000, 0x0000000081d00000|100%| O|  |TAMS 0x0000000081d00000, 0x0000000081d00000| Untracked 
|   5|0x0000000081d00000, 0x0000000081e00000, 0x0000000081e00000|100%| O|  |TAMS 0x0000000081e00000, 0x0000000081e00000| Untracked 
|   6|0x0000000081e00000, 0x0000000081f00000, 0x0000000081f00000|100%| O|  |TAMS 0x0000000081f00000, 0x0000000081f00000| Untracked 
|   7|0x0000000081f00000, 0x0000000082000000, 0x0000000082000000|100%| O|  |TAMS 0x0000000082000000, 0x0000000082000000| Untracked 
|   8|0x0000000082000000, 0x0000000082100000, 0x0000000082100000|100%| O|  |TAMS 0x0000000082100000, 0x0000000082100000| Untracked 
|   9|0x0000000082100000, 0x0000000082200000, 0x0000000082200000|100%| O|  |TAMS 0x0000000082200000, 0x0000000082200000| Untracked 
|  10|0x0000000082200000, 0x0000000082300000, 0x0000000082300000|100%| O|  |TAMS 0x0000000082300000, 0x0000000082300000| Untracked 
|  11|0x0000000082300000, 0x0000000082400000, 0x0000000082400000|100%| O|  |TAMS 0x0000000082400000, 0x0000000082400000| Untracked 
|  12|0x0000000082400000, 0x0000000082400000, 0x0000000082500000|  0%| F|  |TAMS 0x0000000082400000, 0x0000000082400000| Untracked 
|  13|0x0000000082500000, 0x0000000082500000, 0x0000000082600000|  0%| F|  |TAMS 0x0000000082500000, 0x0000000082500000| Untracked 
|  14|0x0000000082600000, 0x0000000082700000, 0x0000000082700000|100%| O|  |TAMS 0x0000000082600000, 0x0000000082700000| Untracked 
|  15|0x0000000082700000, 0x0000000082800000, 0x0000000082800000|100%| O|  |TAMS 0x0000000082700000, 0x0000000082800000| Untracked 
|  16|0x0000000082800000, 0x0000000082900000, 0x0000000082900000|100%|HS|  |TAMS 0x0000000082900000, 0x0000000082900000| Complete 
|  17|0x0000000082900000, 0x0000000082a00000, 0x0000000082a00000|100%|HC|  |TAMS 0x0000000082a00000, 0x0000000082a00000| Complete 
|  18|0x0000000082a00000, 0x0000000082b00000, 0x0000000082b00000|100%| O|  |TAMS 0x0000000082a00000, 0x0000000082b00000| Untracked 
|  19|0x0000000082b00000, 0x0000000082c00000, 0x0000000082c00000|100%|HS|  |TAMS 0x0000000082b00000, 0x0000000082c00000| Complete 
|  20|0x0000000082c00000, 0x0000000082d00000, 0x0000000082d00000|100%| O|  |TAMS 0x0000000082c00000, 0x0000000082d00000| Untracked 
|  21|0x0000000082d00000, 0x0000000082e00000, 0x0000000082e00000|100%| O|  |TAMS 0x0000000082d00000, 0x0000000082e00000| Untracked 
|  22|0x0000000082e00000, 0x0000000082f00000, 0x0000000082f00000|100%| O|  |TAMS 0x0000000082e00000, 0x0000000082f00000| Untracked 
|  23|0x0000000082f00000, 0x0000000083000000, 0x0000000083000000|100%| O|  |TAMS 0x0000000082f00000, 0x0000000083000000| Untracked 
|  24|0x0000000083000000, 0x0000000083100000, 0x0000000083100000|100%| O|  |TAMS 0x0000000083000000, 0x0000000083100000| Untracked 
|  25|0x0000000083100000, 0x0000000083200000, 0x0000000083200000|100%| O|  |TAMS 0x0000000083100000, 0x0000000083200000| Untracked 
|  26|0x0000000083200000, 0x0000000083300000, 0x0000000083300000|100%| O|  |TAMS 0x0000000083200000, 0x0000000083300000| Untracked 
|  27|0x0000000083300000, 0x0000000083400000, 0x0000000083400000|100%| O|  |TAMS 0x0000000083300000, 0x0000000083400000| Untracked 
|  28|0x0000000083400000, 0x0000000083500000, 0x0000000083500000|100%| O|  |TAMS 0x0000000083400000, 0x0000000083500000| Untracked 
|  29|0x0000000083500000, 0x0000000083600000, 0x0000000083600000|100%|HS|  |TAMS 0x0000000083500000, 0x0000000083600000| Complete 
|  30|0x0000000083600000, 0x0000000083700000, 0x0000000083700000|100%|HC|  |TAMS 0x0000000083600000, 0x0000000083700000| Complete 
|  31|0x0000000083700000, 0x0000000083800000, 0x0000000083800000|100%| O|  |TAMS 0x0000000083700000, 0x0000000083700000| Untracked 
|  32|0x0000000083800000, 0x0000000083900000, 0x0000000083900000|100%| O|  |TAMS 0x0000000083800000, 0x0000000083800000| Untracked 
|  33|0x0000000083900000, 0x0000000083a00000, 0x0000000083a00000|100%| O|  |TAMS 0x0000000083900000, 0x0000000083900000| Untracked 
|  34|0x0000000083a00000, 0x0000000083a00000, 0x0000000083b00000|  0%| F|  |TAMS 0x0000000083a00000, 0x0000000083a00000| Untracked 
|  35|0x0000000083b00000, 0x0000000083b00000, 0x0000000083c00000|  0%| F|  |TAMS 0x0000000083b00000, 0x0000000083b00000| Untracked 
|  36|0x0000000083c00000, 0x0000000083d00000, 0x0000000083d00000|100%| O|  |TAMS 0x0000000083c00000, 0x0000000083d00000| Untracked 
|  37|0x0000000083d00000, 0x0000000083e00000, 0x0000000083e00000|100%| O|  |TAMS 0x0000000083d00000, 0x0000000083e00000| Untracked 
|  38|0x0000000083e00000, 0x0000000083f00000, 0x0000000083f00000|100%| O|  |TAMS 0x0000000083e00000, 0x0000000083f00000| Untracked 
|  39|0x0000000083f00000, 0x0000000084000000, 0x0000000084000000|100%| O|  |TAMS 0x0000000083f00000, 0x0000000084000000| Untracked 
|  40|0x0000000084000000, 0x0000000084000000, 0x0000000084100000|  0%| F|  |TAMS 0x0000000084000000, 0x0000000084000000| Untracked 
|  41|0x0000000084100000, 0x0000000084100000, 0x0000000084200000|  0%| F|  |TAMS 0x0000000084100000, 0x0000000084100000| Untracked 
|  42|0x0000000084200000, 0x0000000084200000, 0x0000000084300000|  0%| F|  |TAMS 0x0000000084200000, 0x0000000084200000| Untracked 
|  43|0x0000000084300000, 0x0000000084300000, 0x0000000084400000|  0%| F|  |TAMS 0x0000000084300000, 0x0000000084300000| Untracked 
|  44|0x0000000084400000, 0x0000000084400000, 0x0000000084500000|  0%| F|  |TAMS 0x0000000084400000, 0x0000000084400000| Untracked 
|  45|0x0000000084500000, 0x0000000084500000, 0x0000000084600000|  0%| F|  |TAMS 0x0000000084500000, 0x0000000084500000| Untracked 
|  46|0x0000000084600000, 0x0000000084600000, 0x0000000084700000|  0%| F|  |TAMS 0x0000000084600000, 0x0000000084600000| Untracked 
|  47|0x0000000084700000, 0x0000000084700000, 0x0000000084800000|  0%| F|  |TAMS 0x0000000084700000, 0x0000000084700000| Untracked 
|  48|0x0000000084800000, 0x0000000084800000, 0x0000000084900000|  0%| F|  |TAMS 0x0000000084800000, 0x0000000084800000| Untracked 
|  49|0x0000000084900000, 0x0000000084900000, 0x0000000084a00000|  0%| F|  |TAMS 0x0000000084900000, 0x0000000084900000| Untracked 
|  50|0x0000000084a00000, 0x0000000084a00000, 0x0000000084b00000|  0%| F|  |TAMS 0x0000000084a00000, 0x0000000084a00000| Untracked 
|  51|0x0000000084b00000, 0x0000000084b00000, 0x0000000084c00000|  0%| F|  |TAMS 0x0000000084b00000, 0x0000000084b00000| Untracked 
|  52|0x0000000084c00000, 0x0000000084c00000, 0x0000000084d00000|  0%| F|  |TAMS 0x0000000084c00000, 0x0000000084c00000| Untracked 
|  53|0x0000000084d00000, 0x0000000084d00000, 0x0000000084e00000|  0%| F|  |TAMS 0x0000000084d00000, 0x0000000084d00000| Untracked 
|  54|0x0000000084e00000, 0x0000000084e00000, 0x0000000084f00000|  0%| F|  |TAMS 0x0000000084e00000, 0x0000000084e00000| Untracked 
|  55|0x0000000084f00000, 0x0000000084f00000, 0x0000000085000000|  0%| F|  |TAMS 0x0000000084f00000, 0x0000000084f00000| Untracked 
|  56|0x0000000085000000, 0x0000000085100000, 0x0000000085100000|100%| S|CS|TAMS 0x0000000085000000, 0x0000000085000000| Complete 
|  57|0x0000000085100000, 0x0000000085200000, 0x0000000085200000|100%| S|CS|TAMS 0x0000000085100000, 0x0000000085100000| Complete 
|  58|0x0000000085200000, 0x0000000085300000, 0x0000000085300000|100%| S|CS|TAMS 0x0000000085200000, 0x0000000085200000| Complete 
|  59|0x0000000085300000, 0x0000000085400000, 0x0000000085400000|100%| S|CS|TAMS 0x0000000085300000, 0x0000000085300000| Complete 
|  60|0x0000000085400000, 0x0000000085400000, 0x0000000085500000|  0%| F|  |TAMS 0x0000000085400000, 0x0000000085400000| Untracked 
|  61|0x0000000085500000, 0x0000000085500000, 0x0000000085600000|  0%| F|  |TAMS 0x0000000085500000, 0x0000000085500000| Untracked 
|  62|0x0000000085600000, 0x0000000085600000, 0x0000000085700000|  0%| F|  |TAMS 0x0000000085600000, 0x0000000085600000| Untracked 
|  63|0x0000000085700000, 0x0000000085700000, 0x0000000085800000|  0%| F|  |TAMS 0x0000000085700000, 0x0000000085700000| Untracked 
|  64|0x0000000085800000, 0x0000000085800000, 0x0000000085900000|  0%| F|  |TAMS 0x0000000085800000, 0x0000000085800000| Untracked 
|  65|0x0000000085900000, 0x0000000085900000, 0x0000000085a00000|  0%| F|  |TAMS 0x0000000085900000, 0x0000000085900000| Untracked 
|  66|0x0000000085a00000, 0x0000000085a00000, 0x0000000085b00000|  0%| F|  |TAMS 0x0000000085a00000, 0x0000000085a00000| Untracked 
|  67|0x0000000085b00000, 0x0000000085b00000, 0x0000000085c00000|  0%| F|  |TAMS 0x0000000085b00000, 0x0000000085b00000| Untracked 
|  68|0x0000000085c00000, 0x0000000085c00000, 0x0000000085d00000|  0%| F|  |TAMS 0x0000000085c00000, 0x0000000085c00000| Untracked 
|  69|0x0000000085d00000, 0x0000000085d00000, 0x0000000085e00000|  0%| F|  |TAMS 0x0000000085d00000, 0x0000000085d00000| Untracked 
|  70|0x0000000085e00000, 0x0000000085e00000, 0x0000000085f00000|  0%| F|  |TAMS 0x0000000085e00000, 0x0000000085e00000| Untracked 
|  71|0x0000000085f00000, 0x0000000085f00000, 0x0000000086000000|  0%| F|  |TAMS 0x0000000085f00000, 0x0000000085f00000| Untracked 
|  72|0x0000000086000000, 0x0000000086000000, 0x0000000086100000|  0%| F|  |TAMS 0x0000000086000000, 0x0000000086000000| Untracked 
|  73|0x0000000086100000, 0x0000000086100000, 0x0000000086200000|  0%| F|  |TAMS 0x0000000086100000, 0x0000000086100000| Untracked 
|  74|0x0000000086200000, 0x0000000086200000, 0x0000000086300000|  0%| F|  |TAMS 0x0000000086200000, 0x0000000086200000| Untracked 
|  75|0x0000000086300000, 0x0000000086300000, 0x0000000086400000|  0%| F|  |TAMS 0x0000000086300000, 0x0000000086300000| Untracked 
|  76|0x0000000086400000, 0x0000000086400000, 0x0000000086500000|  0%| F|  |TAMS 0x0000000086400000, 0x0000000086400000| Untracked 
|  77|0x0000000086500000, 0x0000000086500000, 0x0000000086600000|  0%| F|  |TAMS 0x0000000086500000, 0x0000000086500000| Untracked 
|  78|0x0000000086600000, 0x0000000086600000, 0x0000000086700000|  0%| F|  |TAMS 0x0000000086600000, 0x0000000086600000| Untracked 
|  79|0x0000000086700000, 0x0000000086700000, 0x0000000086800000|  0%| F|  |TAMS 0x0000000086700000, 0x0000000086700000| Untracked 
|  80|0x0000000086800000, 0x0000000086800000, 0x0000000086900000|  0%| F|  |TAMS 0x0000000086800000, 0x0000000086800000| Untracked 
|  81|0x0000000086900000, 0x0000000086900000, 0x0000000086a00000|  0%| F|  |TAMS 0x0000000086900000, 0x0000000086900000| Untracked 
|  82|0x0000000086a00000, 0x0000000086a00000, 0x0000000086b00000|  0%| F|  |TAMS 0x0000000086a00000, 0x0000000086a00000| Untracked 
|  83|0x0000000086b00000, 0x0000000086b00000, 0x0000000086c00000|  0%| F|  |TAMS 0x0000000086b00000, 0x0000000086b00000| Untracked 
|  84|0x0000000086c00000, 0x0000000086c00000, 0x0000000086d00000|  0%| F|  |TAMS 0x0000000086c00000, 0x0000000086c00000| Untracked 
|  85|0x0000000086d00000, 0x0000000086d00000, 0x0000000086e00000|  0%| F|  |TAMS 0x0000000086d00000, 0x0000000086d00000| Untracked 
|  86|0x0000000086e00000, 0x0000000086e00000, 0x0000000086f00000|  0%| F|  |TAMS 0x0000000086e00000, 0x0000000086e00000| Untracked 
|  87|0x0000000086f00000, 0x0000000086f00000, 0x0000000087000000|  0%| F|  |TAMS 0x0000000086f00000, 0x0000000086f00000| Untracked 
|  88|0x0000000087000000, 0x0000000087000000, 0x0000000087100000|  0%| F|  |TAMS 0x0000000087000000, 0x0000000087000000| Untracked 
|  89|0x0000000087100000, 0x0000000087100000, 0x0000000087200000|  0%| F|  |TAMS 0x0000000087100000, 0x0000000087100000| Untracked 
|  90|0x0000000087200000, 0x0000000087200000, 0x0000000087300000|  0%| F|  |TAMS 0x0000000087200000, 0x0000000087200000| Untracked 
|  91|0x0000000087300000, 0x0000000087300000, 0x0000000087400000|  0%| F|  |TAMS 0x0000000087300000, 0x0000000087300000| Untracked 
|  92|0x0000000087400000, 0x0000000087400000, 0x0000000087500000|  0%| F|  |TAMS 0x0000000087400000, 0x0000000087400000| Untracked 
|  93|0x0000000087500000, 0x0000000087500000, 0x0000000087600000|  0%| F|  |TAMS 0x0000000087500000, 0x0000000087500000| Untracked 
|  94|0x0000000087600000, 0x0000000087600000, 0x0000000087700000|  0%| F|  |TAMS 0x0000000087600000, 0x0000000087600000| Untracked 
|  95|0x0000000087700000, 0x0000000087700000, 0x0000000087800000|  0%| F|  |TAMS 0x0000000087700000, 0x0000000087700000| Untracked 
|  96|0x0000000087800000, 0x0000000087800000, 0x0000000087900000|  0%| F|  |TAMS 0x0000000087800000, 0x0000000087800000| Untracked 
|  97|0x0000000087900000, 0x0000000087900000, 0x0000000087a00000|  0%| F|  |TAMS 0x0000000087900000, 0x0000000087900000| Untracked 
|  98|0x0000000087a00000, 0x0000000087a00000, 0x0000000087b00000|  0%| F|  |TAMS 0x0000000087a00000, 0x0000000087a00000| Untracked 
|  99|0x0000000087b00000, 0x0000000087b00000, 0x0000000087c00000|  0%| F|  |TAMS 0x0000000087b00000, 0x0000000087b00000| Untracked 
| 100|0x0000000087c00000, 0x0000000087c00000, 0x0000000087d00000|  0%| F|  |TAMS 0x0000000087c00000, 0x0000000087c00000| Untracked 
| 101|0x0000000087d00000, 0x0000000087d00000, 0x0000000087e00000|  0%| F|  |TAMS 0x0000000087d00000, 0x0000000087d00000| Untracked 
| 102|0x0000000087e00000, 0x0000000087e00000, 0x0000000087f00000|  0%| F|  |TAMS 0x0000000087e00000, 0x0000000087e00000| Untracked 
| 103|0x0000000087f00000, 0x0000000087f00000, 0x0000000088000000|  0%| F|  |TAMS 0x0000000087f00000, 0x0000000087f00000| Untracked 
| 104|0x0000000088000000, 0x0000000088000000, 0x0000000088100000|  0%| F|  |TAMS 0x0000000088000000, 0x0000000088000000| Untracked 
| 105|0x0000000088100000, 0x0000000088100000, 0x0000000088200000|  0%| F|  |TAMS 0x0000000088100000, 0x0000000088100000| Untracked 
| 106|0x0000000088200000, 0x0000000088200000, 0x0000000088300000|  0%| F|  |TAMS 0x0000000088200000, 0x0000000088200000| Untracked 
| 107|0x0000000088300000, 0x0000000088300000, 0x0000000088400000|  0%| F|  |TAMS 0x0000000088300000, 0x0000000088300000| Untracked 
| 108|0x0000000088400000, 0x0000000088400000, 0x0000000088500000|  0%| F|  |TAMS 0x0000000088400000, 0x0000000088400000| Untracked 
| 109|0x0000000088500000, 0x0000000088500000, 0x0000000088600000|  0%| F|  |TAMS 0x0000000088500000, 0x0000000088500000| Untracked 
| 110|0x0000000088600000, 0x0000000088600000, 0x0000000088700000|  0%| F|  |TAMS 0x0000000088600000, 0x0000000088600000| Untracked 
| 111|0x0000000088700000, 0x0000000088700000, 0x0000000088800000|  0%| F|  |TAMS 0x0000000088700000, 0x0000000088700000| Untracked 
| 112|0x0000000088800000, 0x0000000088800000, 0x0000000088900000|  0%| F|  |TAMS 0x0000000088800000, 0x0000000088800000| Untracked 
| 113|0x0000000088900000, 0x0000000088900000, 0x0000000088a00000|  0%| F|  |TAMS 0x0000000088900000, 0x0000000088900000| Untracked 
| 114|0x0000000088a00000, 0x0000000088a00000, 0x0000000088b00000|  0%| F|  |TAMS 0x0000000088a00000, 0x0000000088a00000| Untracked 
| 115|0x0000000088b00000, 0x0000000088b00000, 0x0000000088c00000|  0%| F|  |TAMS 0x0000000088b00000, 0x0000000088b00000| Untracked 
| 116|0x0000000088c00000, 0x0000000088c00000, 0x0000000088d00000|  0%| F|  |TAMS 0x0000000088c00000, 0x0000000088c00000| Untracked 
| 117|0x0000000088d00000, 0x0000000088d00000, 0x0000000088e00000|  0%| F|  |TAMS 0x0000000088d00000, 0x0000000088d00000| Untracked 
| 118|0x0000000088e00000, 0x0000000088e00000, 0x0000000088f00000|  0%| F|  |TAMS 0x0000000088e00000, 0x0000000088e00000| Untracked 
| 119|0x0000000088f00000, 0x0000000088f00000, 0x0000000089000000|  0%| F|  |TAMS 0x0000000088f00000, 0x0000000088f00000| Untracked 
| 120|0x0000000089000000, 0x0000000089000000, 0x0000000089100000|  0%| F|  |TAMS 0x0000000089000000, 0x0000000089000000| Untracked 
| 121|0x0000000089100000, 0x0000000089100000, 0x0000000089200000|  0%| F|  |TAMS 0x0000000089100000, 0x0000000089100000| Untracked 
| 122|0x0000000089200000, 0x0000000089200000, 0x0000000089300000|  0%| F|  |TAMS 0x0000000089200000, 0x0000000089200000| Untracked 
| 123|0x0000000089300000, 0x0000000089300000, 0x0000000089400000|  0%| F|  |TAMS 0x0000000089300000, 0x0000000089300000| Untracked 
| 124|0x0000000089400000, 0x0000000089400000, 0x0000000089500000|  0%| F|  |TAMS 0x0000000089400000, 0x0000000089400000| Untracked 
| 125|0x0000000089500000, 0x0000000089500000, 0x0000000089600000|  0%| F|  |TAMS 0x0000000089500000, 0x0000000089500000| Untracked 
| 126|0x0000000089600000, 0x0000000089600000, 0x0000000089700000|  0%| F|  |TAMS 0x0000000089600000, 0x0000000089600000| Untracked 
| 127|0x0000000089700000, 0x0000000089700000, 0x0000000089800000|  0%| F|  |TAMS 0x0000000089700000, 0x0000000089700000| Untracked 
|2017|0x00000000ff900000, 0x00000000ffa00000, 0x00000000ffa00000|100%| O|  |TAMS 0x00000000ff900000, 0x00000000ffa00000| Untracked 
|2018|0x00000000ffa00000, 0x00000000ffb00000, 0x00000000ffb00000|100%| O|  |TAMS 0x00000000ffa00000, 0x00000000ffb00000| Untracked 
|2019|0x00000000ffb00000, 0x00000000ffc00000, 0x00000000ffc00000|100%| O|  |TAMS 0x00000000ffb00000, 0x00000000ffc00000| Untracked 
|2020|0x00000000ffc00000, 0x00000000ffd00000, 0x00000000ffd00000|100%| O|  |TAMS 0x00000000ffc00000, 0x00000000ffd00000| Untracked 
|2021|0x00000000ffd00000, 0x00000000ffe00000, 0x00000000ffe00000|100%| O|  |TAMS 0x00000000ffd00000, 0x00000000ffe00000| Untracked 
|2022|0x00000000ffe00000, 0x00000000fff00000, 0x00000000fff00000|100%| O|  |TAMS 0x00000000ffe00000, 0x00000000fff00000| Untracked 
|2023|0x00000000fff00000, 0x0000000100000000, 0x0000000100000000|100%| O|  |TAMS 0x00000000fff00000, 0x0000000100000000| Untracked 

Card table byte_map: [0x0000025a6c770000,0x0000025a6cb70000] _byte_map_base: 0x0000025a6c364000

Marking Bits (Prev, Next): (CMBitMap*) 0x0000025a55b211f0, (CMBitMap*) 0x0000025a55b211b0
 Prev Bits: [0x0000025a6ef10000, 0x0000025a70eb0000)
 Next Bits: [0x0000025a6cf70000, 0x0000025a6ef10000)

Polling page: 0x0000025a552a0000

Metaspace:

Usage:
  Non-class:     22.66 MB used.
      Class:      2.93 MB used.
       Both:     25.59 MB used.

Virtual space:
  Non-class space:       64.00 MB reserved,      22.81 MB ( 36%) committed,  1 nodes.
      Class space:        1.00 GB reserved,       3.12 MB ( <1%) committed,  1 nodes.
             Both:        1.06 GB reserved,      25.94 MB (  2%) committed. 

Chunk freelists:
   Non-Class:  9.23 MB
       Class:  12.86 MB
        Both:  22.09 MB

MaxMetaspaceSize: unlimited
CompressedClassSpaceSize: 1.00 GB
Initial GC threshold: 21.00 MB
Current GC threshold: 35.62 MB
CDS: on
MetaspaceReclaimPolicy: balanced
 - commit_granule_bytes: 65536.
 - commit_granule_words: 8192.
 - virtual_space_node_default_size: 8388608.
 - enlarge_chunks_in_place: 1.
 - new_chunks_are_fully_committed: 0.
 - uncommit_free_chunks: 1.
 - use_allocation_guard: 0.
 - handle_deallocations: 1.


Internal statistics:

num_allocs_failed_limit: 6.
num_arena_births: 166.
num_arena_deaths: 0.
num_vsnodes_births: 2.
num_vsnodes_deaths: 0.
num_space_committed: 415.
num_space_uncommitted: 0.
num_chunks_returned_to_freelist: 6.
num_chunks_taken_from_freelist: 1089.
num_chunk_merges: 6.
num_chunk_splits: 774.
num_chunks_enlarged: 612.
num_inconsistent_stats: 0.

CodeHeap 'non-profiled nmethods': size=120000Kb used=2647Kb max_used=3036Kb free=117352Kb
 bounds [0x0000025a64e40000, 0x0000025a65140000, 0x0000025a6c370000]
CodeHeap 'profiled nmethods': size=120000Kb used=10650Kb max_used=12015Kb free=109350Kb
 bounds [0x0000025a5d370000, 0x0000025a5df30000, 0x0000025a648a0000]
CodeHeap 'non-nmethods': size=5760Kb used=1207Kb max_used=1275Kb free=4552Kb
 bounds [0x0000025a648a0000, 0x0000025a64b10000, 0x0000025a64e40000]
 total_blobs=5644 nmethods=5137 adapters=419
 compilation: enabled
              stopped_count=0, restarted_count=0
 full_count=0

Compilation events (20 events):
Event: 10.883 Thread 0x0000025a73357950 5949       3       java.net.URI::toURL (5 bytes)
Event: 10.884 Thread 0x0000025a73357950 nmethod 5949 0x0000025a5d9b4710 code [0x0000025a5d9b48a0, 0x0000025a5d9b49c8]
Event: 10.884 Thread 0x0000025a73357950 5950       3       java.net.URL::fromURI (143 bytes)
Event: 10.885 Thread 0x0000025a73357950 nmethod 5950 0x0000025a5d9f9510 code [0x0000025a5d9f97e0, 0x0000025a5d9fa548]
Event: 10.885 Thread 0x0000025a73353a90 5951       4       com.sun.tools.javac.util.List::nonEmpty (13 bytes)
Event: 10.885 Thread 0x0000025a73357950 5952       3       jdk.internal.loader.ClassLoaders::platformClassLoader (4 bytes)
Event: 10.885 Thread 0x0000025a73357950 nmethod 5952 0x0000025a5d378290 code [0x0000025a5d378420, 0x0000025a5d378518]
Event: 10.885 Thread 0x0000025a73353a90 nmethod 5951 0x0000025a64f57290 code [0x0000025a64f57400, 0x0000025a64f57498]
Event: 10.893 Thread 0x0000025a73357950 5953   !   3       java.util.zip.ZipFile$Source::<init> (167 bytes)
Event: 10.895 Thread 0x0000025a73357950 nmethod 5953 0x0000025a5d59a490 code [0x0000025a5d59a7a0, 0x0000025a5d59b998]
Event: 10.898 Thread 0x0000025a73357950 5954   !   3       java.util.zip.ZipFile$Source::findEND (669 bytes)
Event: 10.898 Thread 0x0000025a78d26040 5955       4       java.util.jar.JarFile::match (132 bytes)
Event: 10.902 Thread 0x0000025a73357950 nmethod 5954 0x0000025a5d5af790 code [0x0000025a5d5afc20, 0x0000025a5d5b2628]
Event: 10.903 Thread 0x0000025a73353a90 5956 %     4       java.util.zip.ZipFile$Source::initCEN @ 240 (591 bytes)
Event: 10.904 Thread 0x0000025a78d26040 nmethod 5955 0x0000025a64eb9710 code [0x0000025a64eb98a0, 0x0000025a64eb9bd8]
Event: 10.908 Thread 0x0000025a78d26040 5957       4       jdk.internal.ref.CleanerImpl$PhantomCleanableRef::performCleanup (10 bytes)
Event: 10.909 Thread 0x0000025a78d26040 nmethod 5957 0x0000025a64eb9410 code [0x0000025a64eb9580, 0x0000025a64eb9618]
Event: 10.911 Thread 0x0000025a73357950 5958   !   3       java.util.WeakHashMap::expungeStaleEntries (139 bytes)
Event: 10.912 Thread 0x0000025a73357950 nmethod 5958 0x0000025a5d8c0790 code [0x0000025a5d8c09a0, 0x0000025a5d8c13a8]
Event: 10.912 Thread 0x0000025a78d26040 5959       4       sun.nio.fs.WindowsPathParser::normalize (233 bytes)

GC Heap History (17 events):
Event: 0.714 GC heap before
{Heap before GC invocations=0 (full 0):
 garbage-first heap   total 131072K, used 13312K [0x0000000081800000, 0x0000000100000000)
  region size 1024K, 13 young (13312K), 0 survivors (0K)
 Metaspace       used 3602K, committed 3712K, reserved 1114112K
  class space    used 378K, committed 448K, reserved 1048576K
}
Event: 0.721 GC heap after
{Heap after GC invocations=1 (full 0):
 garbage-first heap   total 131072K, used 3321K [0x0000000081800000, 0x0000000100000000)
  region size 1024K, 2 young (2048K), 2 survivors (2048K)
 Metaspace       used 3602K, committed 3712K, reserved 1114112K
  class space    used 378K, committed 448K, reserved 1048576K
}
Event: 1.050 GC heap before
{Heap before GC invocations=1 (full 0):
 garbage-first heap   total 131072K, used 14585K [0x0000000081800000, 0x0000000100000000)
  region size 1024K, 13 young (13312K), 2 survivors (2048K)
 Metaspace       used 5224K, committed 5376K, reserved 1114112K
  class space    used 630K, committed 704K, reserved 1048576K
}
Event: 1.057 GC heap after
{Heap after GC invocations=2 (full 0):
 garbage-first heap   total 131072K, used 3854K [0x0000000081800000, 0x0000000100000000)
  region size 1024K, 1 young (1024K), 1 survivors (1024K)
 Metaspace       used 5224K, committed 5376K, reserved 1114112K
  class space    used 630K, committed 704K, reserved 1048576K
}
Event: 2.126 GC heap before
{Heap before GC invocations=2 (full 0):
 garbage-first heap   total 131072K, used 32526K [0x0000000081800000, 0x0000000100000000)
  region size 1024K, 29 young (29696K), 1 survivors (1024K)
 Metaspace       used 9957K, committed 10176K, reserved 1114112K
  class space    used 1225K, committed 1344K, reserved 1048576K
}
Event: 2.132 GC heap after
{Heap after GC invocations=3 (full 0):
 garbage-first heap   total 131072K, used 5631K [0x0000000081800000, 0x0000000100000000)
  region size 1024K, 3 young (3072K), 3 survivors (3072K)
 Metaspace       used 9957K, committed 10176K, reserved 1114112K
  class space    used 1225K, committed 1344K, reserved 1048576K
}
Event: 4.604 GC heap before
{Heap before GC invocations=3 (full 0):
 garbage-first heap   total 131072K, used 80383K [0x0000000081800000, 0x0000000100000000)
  region size 1024K, 76 young (77824K), 3 survivors (3072K)
 Metaspace       used 15079K, committed 15296K, reserved 1114112K
  class space    used 1772K, committed 1856K, reserved 1048576K
}
Event: 4.625 GC heap after
{Heap after GC invocations=4 (full 0):
 garbage-first heap   total 131072K, used 13421K [0x0000000081800000, 0x0000000100000000)
  region size 1024K, 10 young (10240K), 10 survivors (10240K)
 Metaspace       used 15079K, committed 15296K, reserved 1114112K
  class space    used 1772K, committed 1856K, reserved 1048576K
}
Event: 6.106 GC heap before
{Heap before GC invocations=4 (full 0):
 garbage-first heap   total 131072K, used 81005K [0x0000000081800000, 0x0000000100000000)
  region size 1024K, 76 young (77824K), 10 survivors (10240K)
 Metaspace       used 15589K, committed 15744K, reserved 1114112K
  class space    used 1778K, committed 1856K, reserved 1048576K
}
Event: 6.132 GC heap after
{Heap after GC invocations=5 (full 0):
 garbage-first heap   total 131072K, used 15319K [0x0000000081800000, 0x0000000100000000)
  region size 1024K, 3 young (3072K), 3 survivors (3072K)
 Metaspace       used 15589K, committed 15744K, reserved 1114112K
  class space    used 1778K, committed 1856K, reserved 1048576K
}
Event: 8.649 GC heap before
{Heap before GC invocations=5 (full 0):
 garbage-first heap   total 131072K, used 75735K [0x0000000081800000, 0x0000000100000000)
  region size 1024K, 58 young (59392K), 3 survivors (3072K)
 Metaspace       used 21288K, committed 21504K, reserved 1114112K
  class space    used 2462K, committed 2560K, reserved 1048576K
}
Event: 8.662 GC heap after
{Heap after GC invocations=6 (full 0):
 garbage-first heap   total 131072K, used 25047K [0x0000000081800000, 0x0000000100000000)
  region size 1024K, 8 young (8192K), 8 survivors (8192K)
 Metaspace       used 21288K, committed 21504K, reserved 1114112K
  class space    used 2462K, committed 2560K, reserved 1048576K
}
Event: 10.148 GC heap before
{Heap before GC invocations=7 (full 0):
 garbage-first heap   total 89088K, used 71127K [0x0000000081800000, 0x0000000100000000)
  region size 1024K, 51 young (52224K), 8 survivors (8192K)
 Metaspace       used 25344K, committed 25664K, reserved 1114112K
  class space    used 2906K, committed 3072K, reserved 1048576K
}
Event: 10.181 GC heap after
{Heap after GC invocations=8 (full 0):
 garbage-first heap   total 96256K, used 39899K [0x0000000081800000, 0x0000000100000000)
  region size 1024K, 7 young (7168K), 7 survivors (7168K)
 Metaspace       used 25344K, committed 25664K, reserved 1114112K
  class space    used 2906K, committed 3072K, reserved 1048576K
}
Event: 10.214 GC heap before
{Heap before GC invocations=8 (full 0):
 garbage-first heap   total 96256K, used 40923K [0x0000000081800000, 0x0000000100000000)
  region size 1024K, 8 young (8192K), 7 survivors (7168K)
 Metaspace       used 25436K, committed 25792K, reserved 1114112K
  class space    used 2915K, committed 3072K, reserved 1048576K
}
Event: 10.226 GC heap after
{Heap after GC invocations=9 (full 0):
 garbage-first heap   total 96256K, used 40960K [0x0000000081800000, 0x0000000100000000)
  region size 1024K, 1 young (1024K), 1 survivors (1024K)
 Metaspace       used 25436K, committed 25792K, reserved 1114112K
  class space    used 2915K, committed 3072K, reserved 1048576K
}
Event: 10.927 GC heap before
{Heap before GC invocations=9 (full 0):
 garbage-first heap   total 96256K, used 69632K [0x0000000081800000, 0x0000000100000000)
  region size 1024K, 27 young (27648K), 1 survivors (1024K)
 Metaspace       used 26204K, committed 26560K, reserved 1114112K
  class space    used 3005K, committed 3200K, reserved 1048576K
}

Deoptimization events (20 events):
Event: 10.353 Thread 0x0000025a55ac57e0 Uncommon trap: trap_request=0xffffffc6 fr.pc=0x0000025a650835a4 relative=0x0000000000000d44
Event: 10.353 Thread 0x0000025a55ac57e0 Uncommon trap: reason=bimorphic_or_optimized_type_check action=maybe_recompile pc=0x0000025a650835a4 method=java.util.HashMap.putVal(ILjava/lang/Object;Ljava/lang/Object;ZZ)Ljava/lang/Object; @ 253 c2
Event: 10.353 Thread 0x0000025a55ac57e0 DEOPT PACKING pc=0x0000025a650835a4 sp=0x000000e9c3bfd450
Event: 10.353 Thread 0x0000025a55ac57e0 DEOPT UNPACKING pc=0x0000025a648f23a3 sp=0x000000e9c3bfd3e0 mode 2
Event: 10.355 Thread 0x0000025a55ac57e0 Uncommon trap: trap_request=0xffffffc6 fr.pc=0x0000025a650835a4 relative=0x0000000000000d44
Event: 10.355 Thread 0x0000025a55ac57e0 Uncommon trap: reason=bimorphic_or_optimized_type_check action=maybe_recompile pc=0x0000025a650835a4 method=java.util.HashMap.putVal(ILjava/lang/Object;Ljava/lang/Object;ZZ)Ljava/lang/Object; @ 253 c2
Event: 10.355 Thread 0x0000025a55ac57e0 DEOPT PACKING pc=0x0000025a650835a4 sp=0x000000e9c3bfd440
Event: 10.355 Thread 0x0000025a55ac57e0 DEOPT UNPACKING pc=0x0000025a648f23a3 sp=0x000000e9c3bfd3d0 mode 2
Event: 10.408 Thread 0x0000025a55ac57e0 Uncommon trap: trap_request=0xffffff45 fr.pc=0x0000025a64eea0b8 relative=0x0000000000000198
Event: 10.408 Thread 0x0000025a55ac57e0 Uncommon trap: reason=unstable_if action=reinterpret pc=0x0000025a64eea0b8 method=java.util.WeakHashMap.expungeStaleEntries()V @ 9 c2
Event: 10.408 Thread 0x0000025a55ac57e0 DEOPT PACKING pc=0x0000025a64eea0b8 sp=0x000000e9c3bfd0b0
Event: 10.408 Thread 0x0000025a55ac57e0 DEOPT UNPACKING pc=0x0000025a648f23a3 sp=0x000000e9c3bfd048 mode 2
Event: 10.591 Thread 0x0000025a55ac57e0 DEOPT PACKING pc=0x0000025a5de4aa3c sp=0x000000e9c3bfca50
Event: 10.591 Thread 0x0000025a55ac57e0 DEOPT UNPACKING pc=0x0000025a648f2b43 sp=0x000000e9c3bfbfd0 mode 0
Event: 10.592 Thread 0x0000025a55ac57e0 DEOPT PACKING pc=0x0000025a5de4aa3c sp=0x000000e9c3bfca50
Event: 10.592 Thread 0x0000025a55ac57e0 DEOPT UNPACKING pc=0x0000025a648f2b43 sp=0x000000e9c3bfbfd0 mode 0
Event: 10.902 Thread 0x0000025a55ac57e0 DEOPT PACKING pc=0x0000025a5dcf7c34 sp=0x000000e9c3bfc9b0
Event: 10.902 Thread 0x0000025a55ac57e0 DEOPT UNPACKING pc=0x0000025a648f2b43 sp=0x000000e9c3bfbe20 mode 0
Event: 10.926 Thread 0x0000025a55ac57e0 DEOPT PACKING pc=0x0000025a5de4aa3c sp=0x000000e9c3bfc330
Event: 10.926 Thread 0x0000025a55ac57e0 DEOPT UNPACKING pc=0x0000025a648f2b43 sp=0x000000e9c3bfb8b0 mode 0

Classes unloaded (0 events):
No events

Classes redefined (0 events):
No events

Internal exceptions (20 events):
Event: 10.253 Thread 0x0000025a55ac57e0 Exception <a 'sun/nio/fs/WindowsException'{0x0000000086cd1d78}> (0x0000000086cd1d78) 
thrown [s\open\src\hotspot\share\prims\jni.cpp, line 516]
Event: 10.253 Thread 0x0000025a55ac57e0 Exception <a 'sun/nio/fs/WindowsException'{0x0000000086cd2180}> (0x0000000086cd2180) 
thrown [s\open\src\hotspot\share\prims\jni.cpp, line 516]
Event: 10.371 Thread 0x0000025a55ac57e0 Exception <a 'sun/nio/fs/WindowsException'{0x00000000865a21d0}> (0x00000000865a21d0) 
thrown [s\open\src\hotspot\share\prims\jni.cpp, line 516]
Event: 10.372 Thread 0x0000025a55ac57e0 Exception <a 'sun/nio/fs/WindowsException'{0x00000000865a28e0}> (0x00000000865a28e0) 
thrown [s\open\src\hotspot\share\prims\jni.cpp, line 516]
Event: 10.372 Thread 0x0000025a55ac57e0 Exception <a 'sun/nio/fs/WindowsException'{0x00000000865a3048}> (0x00000000865a3048) 
thrown [s\open\src\hotspot\share\prims\jni.cpp, line 516]
Event: 10.372 Thread 0x0000025a55ac57e0 Exception <a 'sun/nio/fs/WindowsException'{0x00000000865a3758}> (0x00000000865a3758) 
thrown [s\open\src\hotspot\share\prims\jni.cpp, line 516]
Event: 10.372 Thread 0x0000025a55ac57e0 Exception <a 'sun/nio/fs/WindowsException'{0x00000000865a3a20}> (0x00000000865a3a20) 
thrown [s\open\src\hotspot\share\prims\jni.cpp, line 516]
Event: 10.372 Thread 0x0000025a55ac57e0 Exception <a 'sun/nio/fs/WindowsException'{0x00000000865a4698}> (0x00000000865a4698) 
thrown [s\open\src\hotspot\share\prims\jni.cpp, line 516]
Event: 10.372 Thread 0x0000025a55ac57e0 Exception <a 'sun/nio/fs/WindowsException'{0x00000000865a4928}> (0x00000000865a4928) 
thrown [s\open\src\hotspot\share\prims\jni.cpp, line 516]
Event: 10.372 Thread 0x0000025a55ac57e0 Exception <a 'sun/nio/fs/WindowsException'{0x00000000865a5590}> (0x00000000865a5590) 
thrown [s\open\src\hotspot\share\prims\jni.cpp, line 516]
Event: 10.395 Thread 0x0000025a55ac57e0 Exception <a 'sun/nio/fs/WindowsException'{0x00000000865b22f0}> (0x00000000865b22f0) 
thrown [s\open\src\hotspot\share\prims\jni.cpp, line 516]
Event: 10.395 Thread 0x0000025a55ac57e0 Exception <a 'sun/nio/fs/WindowsException'{0x00000000865b2a10}> (0x00000000865b2a10) 
thrown [s\open\src\hotspot\share\prims\jni.cpp, line 516]
Event: 10.395 Thread 0x0000025a55ac57e0 Exception <a 'sun/nio/fs/WindowsException'{0x00000000865b2fd0}> (0x00000000865b2fd0) 
thrown [s\open\src\hotspot\share\prims\jni.cpp, line 516]
Event: 10.395 Thread 0x0000025a55ac57e0 Exception <a 'sun/nio/fs/WindowsException'{0x00000000865b36e0}> (0x00000000865b36e0) 
thrown [s\open\src\hotspot\share\prims\jni.cpp, line 516]
Event: 10.395 Thread 0x0000025a55ac57e0 Exception <a 'sun/nio/fs/WindowsException'{0x00000000865b39a0}> (0x00000000865b39a0) 
thrown [s\open\src\hotspot\share\prims\jni.cpp, line 516]
Event: 10.396 Thread 0x0000025a55ac57e0 Exception <a 'sun/nio/fs/WindowsException'{0x00000000865b4618}> (0x00000000865b4618) 
thrown [s\open\src\hotspot\share\prims\jni.cpp, line 516]
Event: 10.859 Thread 0x0000025a55ac57e0 Exception <a 'sun/nio/fs/WindowsException'{0x0000000085662a78}> (0x0000000085662a78) 
thrown [s\open\src\hotspot\share\prims\jni.cpp, line 516]
Event: 10.859 Thread 0x0000025a55ac57e0 Exception <a 'sun/nio/fs/WindowsException'{0x0000000085662d30}> (0x0000000085662d30) 
thrown [s\open\src\hotspot\share\prims\jni.cpp, line 516]
Event: 10.864 Thread 0x0000025a55ac57e0 Exception <a 'sun/nio/fs/WindowsException'{0x00000000856c5500}> (0x00000000856c5500) 
thrown [s\open\src\hotspot\share\prims\jni.cpp, line 516]
Event: 10.864 Thread 0x0000025a55ac57e0 Exception <a 'sun/nio/fs/WindowsException'{0x00000000856c5730}> (0x00000000856c5730) 
thrown [s\open\src\hotspot\share\prims\jni.cpp, line 516]

VM Operations (20 events):
Event: 9.826 Executing VM operation: Cleanup done
Event: 9.924 Executing VM operation: HandshakeAllThreads
Event: 9.924 Executing VM operation: HandshakeAllThreads done
Event: 9.925 Executing VM operation: HandshakeAllThreads
Event: 9.925 Executing VM operation: HandshakeAllThreads done
Event: 9.990 Executing VM operation: HandshakeAllThreads
Event: 10.014 Executing VM operation: HandshakeAllThreads done
Event: 10.036 Executing VM operation: HandshakeAllThreads
Event: 10.036 Executing VM operation: HandshakeAllThreads done
Event: 10.061 Executing VM operation: HandshakeAllThreads
Event: 10.061 Executing VM operation: HandshakeAllThreads done
Event: 10.146 Executing VM operation: HandshakeAllThreads
Event: 10.146 Executing VM operation: HandshakeAllThreads done
Event: 10.148 Executing VM operation: G1CollectForAllocation
Event: 10.181 Executing VM operation: G1CollectForAllocation done
Event: 10.213 Executing VM operation: G1CollectForAllocation
Event: 10.226 Executing VM operation: G1CollectForAllocation done
Event: 10.263 Executing VM operation: HandshakeAllThreads
Event: 10.263 Executing VM operation: HandshakeAllThreads done
Event: 10.927 Executing VM operation: G1TryInitiateConcMark

Events (20 events):
Event: 10.145 loading class jdk/internal/jimage/ImageReader$LinkNode
Event: 10.145 loading class jdk/internal/jimage/ImageReader$LinkNode done
Event: 10.262 loading class java/util/stream/ReduceOps$1
Event: 10.263 loading class java/util/stream/ReduceOps$1 done
Event: 10.263 loading class java/util/stream/ReduceOps$1ReducingSink
Event: 10.263 loading class java/util/stream/ReduceOps$1ReducingSink done
Event: 10.370 loading class java/util/function/ToIntBiFunction
Event: 10.370 loading class java/util/function/ToIntBiFunction done
Event: 10.373 loading class java/nio/file/Path$1
Event: 10.373 loading class java/nio/file/Path$1 done
Event: 10.406 loading class java/util/EnumMap$Values
Event: 10.406 loading class java/util/EnumMap$Values done
Event: 10.406 loading class java/util/EnumMap$ValueIterator
Event: 10.407 loading class java/util/EnumMap$EnumMapIterator
Event: 10.407 loading class java/util/EnumMap$EnumMapIterator done
Event: 10.407 loading class java/util/EnumMap$ValueIterator done
Event: 10.413 loading class java/util/WeakHashMap$KeyIterator
Event: 10.413 loading class java/util/WeakHashMap$HashIterator
Event: 10.413 loading class java/util/WeakHashMap$HashIterator done
Event: 10.413 loading class java/util/WeakHashMap$KeyIterator done


Dynamic libraries:
0x00007ff7e0940000 - 0x00007ff7e0950000 	C:\Program Files\Java\jdk-17\bin\java.exe
0x00007ffdb81b0000 - 0x00007ffdb83a8000 	C:\WINDOWS\SYSTEM32\ntdll.dll
0x00007ffdb6d10000 - 0x00007ffdb6dcd000 	C:\WINDOWS\System32\KERNEL32.DLL
0x00007ffdb5ab0000 - 0x00007ffdb5da6000 	C:\WINDOWS\System32\KERNELBASE.dll
0x00007ffdb5fd0000 - 0x00007ffdb60d0000 	C:\WINDOWS\System32\ucrtbase.dll
0x00007ffd977b0000 - 0x00007ffd977c9000 	C:\Program Files\Java\jdk-17\bin\jli.dll
0x00007ffd961f0000 - 0x00007ffd9620b000 	C:\Program Files\Java\jdk-17\bin\VCRUNTIME140.dll
0x00007ffdb6e90000 - 0x00007ffdb6f3f000 	C:\WINDOWS\System32\ADVAPI32.dll
0x00007ffdb70e0000 - 0x00007ffdb717e000 	C:\WINDOWS\System32\msvcrt.dll
0x00007ffdb65a0000 - 0x00007ffdb663c000 	C:\WINDOWS\System32\sechost.dll
0x00007ffdb6210000 - 0x00007ffdb6336000 	C:\WINDOWS\System32\RPCRT4.dll
0x00007ffdb7180000 - 0x00007ffdb731e000 	C:\WINDOWS\System32\USER32.dll
0x00007ffdb5930000 - 0x00007ffdb5952000 	C:\WINDOWS\System32\win32u.dll
0x00007ffdb6e60000 - 0x00007ffdb6e8c000 	C:\WINDOWS\System32\GDI32.dll
0x00007ffda42e0000 - 0x00007ffda457a000 	C:\WINDOWS\WinSxS\amd64_microsoft.windows.common-controls_6595b64144ccf1df_6.0.19041.3636_none_60b6a03d71f818d5\COMCTL32.dll
0x00007ffdb5990000 - 0x00007ffdb5aaa000 	C:\WINDOWS\System32\gdi32full.dll
0x00007ffdb5890000 - 0x00007ffdb592d000 	C:\WINDOWS\System32\msvcp_win.dll
0x00007ffda8d90000 - 0x00007ffda8d9a000 	C:\WINDOWS\SYSTEM32\VERSION.dll
0x00007ffdb7320000 - 0x00007ffdb7350000 	C:\WINDOWS\System32\IMM32.DLL
0x00007ffd99b20000 - 0x00007ffd99b2c000 	C:\Program Files\Java\jdk-17\bin\vcruntime140_1.dll
0x00007ffd824f0000 - 0x00007ffd8257e000 	C:\Program Files\Java\jdk-17\bin\msvcp140.dll
0x00007ffd6dae0000 - 0x00007ffd6e6c1000 	C:\Program Files\Java\jdk-17\bin\server\jvm.dll
0x00007ffdb6510000 - 0x00007ffdb6518000 	C:\WINDOWS\System32\PSAPI.DLL
0x00007ffda20e0000 - 0x00007ffda2107000 	C:\WINDOWS\SYSTEM32\WINMM.dll
0x00007ffda8fc0000 - 0x00007ffda8fc9000 	C:\WINDOWS\SYSTEM32\WSOCK32.dll
0x00007ffdb6520000 - 0x00007ffdb658b000 	C:\WINDOWS\System32\WS2_32.dll
0x00007ffdb3710000 - 0x00007ffdb3722000 	C:\WINDOWS\SYSTEM32\kernel.appcore.dll
0x00007ffd99560000 - 0x00007ffd9956a000 	C:\Program Files\Java\jdk-17\bin\jimage.dll
0x00007ffda1cd0000 - 0x00007ffda1eb4000 	C:\WINDOWS\SYSTEM32\DBGHELP.DLL
0x00007ffda1c50000 - 0x00007ffda1c84000 	C:\WINDOWS\SYSTEM32\dbgcore.DLL
0x00007ffdb60d0000 - 0x00007ffdb6152000 	C:\WINDOWS\System32\bcryptPrimitives.dll
0x00007ffd83820000 - 0x00007ffd83845000 	C:\Program Files\Java\jdk-17\bin\java.dll
0x00007ffd82130000 - 0x00007ffd82207000 	C:\Program Files\Java\jdk-17\bin\jsvml.dll
0x00007ffdb77c0000 - 0x00007ffdb7f05000 	C:\WINDOWS\System32\SHELL32.dll
0x00007ffdb3910000 - 0x00007ffdb40ab000 	C:\WINDOWS\SYSTEM32\windows.storage.dll
0x00007ffdb6830000 - 0x00007ffdb6b84000 	C:\WINDOWS\System32\combase.dll
0x00007ffdb51f0000 - 0x00007ffdb521d000 	C:\WINDOWS\SYSTEM32\Wldp.dll
0x00007ffdb80c0000 - 0x00007ffdb816d000 	C:\WINDOWS\System32\SHCORE.dll
0x00007ffdb63a0000 - 0x00007ffdb63f5000 	C:\WINDOWS\System32\shlwapi.dll
0x00007ffdb57c0000 - 0x00007ffdb57e5000 	C:\WINDOWS\SYSTEM32\profapi.dll
0x00007ffd903e0000 - 0x00007ffd903f9000 	C:\Program Files\Java\jdk-17\bin\net.dll
0x00007ffda9b30000 - 0x00007ffda9c3a000 	C:\WINDOWS\SYSTEM32\WINHTTP.dll
0x00007ffdb4fd0000 - 0x00007ffdb503a000 	C:\WINDOWS\system32\mswsock.dll
0x00007ffd90210000 - 0x00007ffd90226000 	C:\Program Files\Java\jdk-17\bin\nio.dll
0x00007ffd8feb0000 - 0x00007ffd8fec8000 	C:\Program Files\Java\jdk-17\bin\zip.dll
0x0000000069ac0000 - 0x0000000069ae4000 	C:\apache-maven-3.9.0-bin\apache-maven-3.9.0\lib\jansi-native\Windows\x86_64\jansi.dll
0x00007ffd963a0000 - 0x00007ffd963b0000 	C:\Program Files\Java\jdk-17\bin\verify.dll

dbghelp: loaded successfully - version: 4.0.5 - missing functions: none
symbol engine: initialized successfully - sym options: 0x614 - pdb path: .;C:\Program Files\Java\jdk-17\bin;C:\WINDOWS\SYSTEM32;C:\WINDOWS\WinSxS\amd64_microsoft.windows.common-controls_6595b64144ccf1df_6.0.19041.3636_none_60b6a03d71f818d5;C:\Program Files\Java\jdk-17\bin\server;C:\apache-maven-3.9.0-bin\apache-maven-3.9.0\lib\jansi-native\Windows\x86_64

VM Arguments:
jvm_args: -Dclassworlds.conf=C:/apache-maven-3.9.0-bin/apache-maven-3.9.0/bin/m2.conf -Dmaven.home=C:/apache-maven-3.9.0-bin/apache-maven-3.9.0 -Dlibrary.jansi.path=C:/apache-maven-3.9.0-bin/apache-maven-3.9.0/lib/jansi-native -Dmaven.multiModuleProjectDirectory=C:/Users/pc/Desktop/ControleACE/Gateway 
java_command: org.codehaus.plexus.classworlds.launcher.Launcher clean package
java_class_path (initial): C:/apache-maven-3.9.0-bin/apache-maven-3.9.0/boot/plexus-classworlds-2.6.0.jar
Launcher Type: SUN_STANDARD

[Global flags]
     intx CICompilerCount                          = 3                                         {product} {ergonomic}
     uint ConcGCThreads                            = 1                                         {product} {ergonomic}
     uint G1ConcRefinementThreads                  = 4                                         {product} {ergonomic}
   size_t G1HeapRegionSize                         = 1048576                                   {product} {ergonomic}
    uintx GCDrainStackTargetSize                   = 64                                        {product} {ergonomic}
   size_t InitialHeapSize                          = 134217728                                 {product} {ergonomic}
   size_t MarkStackSize                            = 4194304                                   {product} {ergonomic}
   size_t MaxHeapSize                              = 2122317824                                {product} {ergonomic}
   size_t MaxNewSize                               = 1272971264                                {product} {ergonomic}
   size_t MinHeapDeltaBytes                        = 1048576                                   {product} {ergonomic}
   size_t MinHeapSize                              = 8388608                                   {product} {ergonomic}
    uintx NonNMethodCodeHeapSize                   = 5832780                                {pd product} {ergonomic}
    uintx NonProfiledCodeHeapSize                  = 122912730                              {pd product} {ergonomic}
    uintx ProfiledCodeHeapSize                     = 122912730                              {pd product} {ergonomic}
    uintx ReservedCodeCacheSize                    = 251658240                              {pd product} {ergonomic}
     bool SegmentedCodeCache                       = true                                      {product} {ergonomic}
   size_t SoftMaxHeapSize                          = 2122317824                             {manageable} {ergonomic}
     bool UseCompressedClassPointers               = true                           {product lp64_product} {ergonomic}
     bool UseCompressedOops                        = true                           {product lp64_product} {ergonomic}
     bool UseG1GC                                  = true                                      {product} {ergonomic}
     bool UseLargePagesIndividualAllocation        = false                                  {pd product} {ergonomic}

Logging:
Log output configuration:
 #0: stdout all=warning uptime,level,tags
 #1: stderr all=off uptime,level,tags

Environment Variables:
JAVA_HOME=C:/Program Files/Java/jdk-17
PATH=C:\Users\pc\bin;C:\Program Files\Git\mingw64\bin;C:\Program Files\Git\usr\local\bin;C:\Program Files\Git\usr\bin;C:\Program Files\Git\usr\bin;C:\Program Files\Git\mingw64\bin;C:\Program Files\Git\usr\bin;C:\Users\pc\bin;C:\Program Files\Common Files\Oracle\Java\javapath;C:\Program Files (x86)\Common Files\Oracle\Java\javapath;C:\oraclexe\app\oracle\product\11.2.0\server\bin;C:\WINDOWS\system32;C:\WINDOWS;C:\WINDOWS\System32\Wbem;C:\WINDOWS\System32\WindowsPowerShell\v1.0;C:\WINDOWS\System32\OpenSSH;C:\Program Files (x86)\Microsoft SQL Server\100\Tools\Binn;C:\Program Files\Microsoft SQL Server\100\Tools\Binn;C:\Program Files\Microsoft SQL Server\100\DTS\Binn;C:\Program Files\Microsoft SQL Server\Client SDK\ODBC\110\Tools\Binn;C:\Program Files (x86)\Microsoft SQL Server\120\Tools\Binn;C:\Program Files\Microsoft SQL Server\120\Tools\Binn;C:\Program Files\Microsoft SQL Server\120\DTS\Binn;C:\Program Files (x86)\Microsoft SQL Server\120\Tools\Binn\ManagementStudio;C:\Program Files (x86)\Microsoft SQL Server\120\DTS\Binn;C:\xampp\php;C:\Program Files\Microsoft SQL Server\150\Tools\Binn;C:\Program Files\Microsoft SQL Server\Client SDK\ODBC\170\Tools\Binn;C:\Program Files\dotnet;C:\Program Files\Git\cmd;C:\Program Files\nodejs;C:\apache-maven-3.9.0-bin\apache-maven-3.9.0\bin;C:\Program Files\Java\jdk-17\bin;C:\Program Files\Docker\Docker\resources\bin;C:\Users\pc\scoop\shims;C:\Program Files\MySQL\MySQL Shell 8.0\bin;C:\Users\pc\AppData\Local\Programs\Python\Python310\Scripts;C:\Users\pc\AppData\Local\Programs\Python\Python310;C:\Users\pc\AppData\Local\Microsoft\WindowsApps;C:\Users\pc\Desktop\3IIR_S6\PFA\cygwin\bin;C:\Users\pc\AppData\Local\Programs\Microsoft VS Code\bin;C:\Program Files\JetBrains\PyCharm Community Edition 2022.3.2\bin;C:\Users\pc\AppData\Local\GitHubDesktop\bin;E:\flutter_windows_3.7.11-stable\flutter\bin;C:\Program Files\JetBrains\IntelliJ IDEA 2023.2.2\bin;C:\Users\pc\Downloads\protoc-25.0-win64\bin;C:\Users\pc\AppData\Roaming\npm;C:\Users\pc\AppData
USERNAME=pc
SHELL=C:\Program Files\Git\usr\bin\bash.exe
DISPLAY=needs-to-be-defined
LC_CTYPE=fr_FR.UTF-8
OS=Windows_NT
PROCESSOR_IDENTIFIER=Intel64 Family 6 Model 69 Stepping 1, GenuineIntel



---------------  S Y S T E M  ---------------

OS:
 Windows 10 , 64 bit Build 19041 (10.0.19041.3636)
OS uptime: 1 days 8:22 hours
Hyper-V role detected

CPU: total 4 (initial active 4) (2 cores per cpu, 2 threads per core) family 6 model 69 stepping 1 microcode 0x25, cx8, cmov, fxsr, ht, mmx, sse, sse2, sse3, ssse3, sse4.1, sse4.2, popcnt, lzcnt, tsc, tscinvbit, avx, avx2, aes, erms, clmul, bmi1, bmi2, fma, vzeroupper, clflush, hv

Memory: 4k page, system-wide physical 8089M (498M free)
TotalPageFile size 21113M (AvailPageFile size 33M)
current process WorkingSet (physical memory assigned to process): 208M, peak: 221M
current process commit charge ("private bytes"): 278M, peak: 327M

vm_info: Java HotSpot(TM) 64-Bit Server VM (17.0.9+11-LTS-201) for windows-amd64 JRE (17.0.9+11-LTS-201), built on Oct 10 2023 23:16:06 by "mach5one" with MS VC++ 17.1 (VS2022)

END.
