#
# There is insufficient memory for the Java Runtime Environment to continue.
# Native memory allocation (malloc) failed to allocate 2369680 bytes for Chunk::new
# Possible reasons:
#   The system is out of physical RAM or swap space
#   The process is running with CompressedOops enabled, and the Java Heap may be blocking the growth of the native heap
# Possible solutions:
#   Reduce memory load on the system
#   Increase physical memory or swap space
#   Check if swap backing store is full
#   Decrease Java heap size (-Xmx/-Xms)
#   Decrease number of Java threads
#   Decrease Java thread stack sizes (-Xss)
#   Set larger code cache with -XX:ReservedCodeCacheSize=
#   JVM is running with Unscaled Compressed Oops mode in which the Java heap is
#     placed in the first 4GB address space. The Java Heap base address is the
#     maximum limit for the native heap growth. Please use -XX:HeapBaseMinAddress
#     to set the Java Heap base and to place the Java Heap above 4GB virtual address.
# This output file may be truncated or incomplete.
#
#  Out of Memory Error (arena.cpp:189), pid=13732, tid=15020
#
# JRE version: Java(TM) SE Runtime Environment (17.0.9+11) (build 17.0.9+11-LTS-201)
# Java VM: Java HotSpot(TM) 64-Bit Server VM (17.0.9+11-LTS-201, mixed mode, sharing, tiered, compressed oops, compressed class ptrs, g1 gc, windows-amd64)
# No core dump will be written. Minidumps are not enabled by default on client versions of Windows
#

---------------  S U M M A R Y ------------

Command Line: C:\Users\pc\AppData\Local\Temp\surefire3016818087611909815\surefirebooter-20231223165849516_3.jar C:\Users\pc\AppData\Local\Temp\surefire3016818087611909815 2023-12-23T16-58-48_599-jvmRun1 surefire-20231223165849516_1tmp surefire_0-20231223165849516_2tmp

Host: Intel(R) Core(TM) i5-4300U CPU @ 1.90GHz, 4 cores, 7G,  Windows 10 , 64 bit Build 19041 (10.0.19041.3636)
Time: Sat Dec 23 16:58:57 2023 Maroc (heure d64 bit Build 19041 (10.0.19041.3636) elapsed time: 7.722674 seconds (0d 0h 0m 7s)

---------------  T H R E A D  ---------------

Current thread (0x00000204a0d1f440):  JavaThread "C2 CompilerThread1" daemon [_thread_in_native, id=15020, stack(0x000000fc7aa00000,0x000000fc7ab00000)]


Current CompileTask:
C2:   7723 3838 % !   4       org.springframework.beans.factory.support.DefaultListableBeanFactory::doGetBeanNamesForType @ 20 (505 bytes)

Stack: [0x000000fc7aa00000,0x000000fc7ab00000]
Native frames: (J=compiled Java code, j=interpreted, Vv=VM code, C=native code)
V  [jvm.dll+0x678a4a]
V  [jvm.dll+0x7d9cfd]
V  [jvm.dll+0x7db60e]
V  [jvm.dll+0x7dbc73]
V  [jvm.dll+0x245e1f]
V  [jvm.dll+0xaaafb]
V  [jvm.dll+0xab09c]
V  [jvm.dll+0x36237e]
V  [jvm.dll+0x32ca01]
V  [jvm.dll+0x32be9a]
V  [jvm.dll+0x21812f]
V  [jvm.dll+0x217561]
V  [jvm.dll+0x1a3bc0]
V  [jvm.dll+0x2272de]
V  [jvm.dll+0x22548b]
V  [jvm.dll+0x78f58c]
V  [jvm.dll+0x78998a]
V  [jvm.dll+0x677875]
C  [ucrtbase.dll+0x21bb2]
C  [KERNEL32.DLL+0x17344]
C  [ntdll.dll+0x526b1]


---------------  P R O C E S S  ---------------

Threads class SMR info:
_java_thread_list=0x00000204a2093ab0, length=15, elements={
0x000002043cc15100, 0x000002045a4c5cb0, 0x000002045a4c6b30, 0x000002045a4db150,
0x000002045a4dbd10, 0x000002045a4de6e0, 0x000002045a4df0a0, 0x000002045a4e3340,
0x000002045a4ec200, 0x000002045a4f9420, 0x000002045a74cd20, 0x000002045a74f620,
0x000002045a91b670, 0x000002045a91a740, 0x00000204a0d1f440
}

Java Threads: ( => current thread )
  0x000002043cc15100 JavaThread "main" [_thread_in_Java, id=9508, stack(0x000000fc79000000,0x000000fc79100000)]
  0x000002045a4c5cb0 JavaThread "Reference Handler" daemon [_thread_blocked, id=15292, stack(0x000000fc79700000,0x000000fc79800000)]
  0x000002045a4c6b30 JavaThread "Finalizer" daemon [_thread_blocked, id=7064, stack(0x000000fc79800000,0x000000fc79900000)]
  0x000002045a4db150 JavaThread "Signal Dispatcher" daemon [_thread_blocked, id=3832, stack(0x000000fc79900000,0x000000fc79a00000)]
  0x000002045a4dbd10 JavaThread "Attach Listener" daemon [_thread_blocked, id=16056, stack(0x000000fc79a00000,0x000000fc79b00000)]
  0x000002045a4de6e0 JavaThread "Service Thread" daemon [_thread_blocked, id=15700, stack(0x000000fc79b00000,0x000000fc79c00000)]
  0x000002045a4df0a0 JavaThread "Monitor Deflation Thread" daemon [_thread_blocked, id=3188, stack(0x000000fc79c00000,0x000000fc79d00000)]
  0x000002045a4e3340 JavaThread "C2 CompilerThread0" daemon [_thread_in_native, id=14892, stack(0x000000fc79d00000,0x000000fc79e00000)]
  0x000002045a4ec200 JavaThread "C1 CompilerThread0" daemon [_thread_blocked, id=3336, stack(0x000000fc79e00000,0x000000fc79f00000)]
  0x000002045a4f9420 JavaThread "Sweeper thread" daemon [_thread_blocked, id=13424, stack(0x000000fc79f00000,0x000000fc7a000000)]
  0x000002045a74cd20 JavaThread "Notification Thread" daemon [_thread_blocked, id=788, stack(0x000000fc7a000000,0x000000fc7a100000)]
  0x000002045a74f620 JavaThread "Common-Cleaner" daemon [_thread_blocked, id=16420, stack(0x000000fc7a200000,0x000000fc7a300000)]
  0x000002045a91b670 JavaThread "surefire-forkedjvm-stream-flusher" daemon [_thread_blocked, id=11168, stack(0x000000fc7a300000,0x000000fc7a400000)]
  0x000002045a91a740 JavaThread "surefire-forkedjvm-command-thread" daemon [_thread_in_native, id=15004, stack(0x000000fc7a400000,0x000000fc7a500000)]
=>0x00000204a0d1f440 JavaThread "C2 CompilerThread1" daemon [_thread_in_native, id=15020, stack(0x000000fc7aa00000,0x000000fc7ab00000)]

Other Threads:
  0x000002045a4c10a0 VMThread "VM Thread" [stack: 0x000000fc79600000,0x000000fc79700000] [id=3948]
  0x000002043cc88730 WatcherThread [stack: 0x000000fc7a100000,0x000000fc7a200000] [id=12124]
  0x000002043cc6f3a0 GCTaskThread "GC Thread#0" [stack: 0x000000fc79100000,0x000000fc79200000] [id=11216]
  0x00000204a04b25e0 GCTaskThread "GC Thread#1" [stack: 0x000000fc7a500000,0x000000fc7a600000] [id=17092]
  0x00000204a04b28a0 GCTaskThread "GC Thread#2" [stack: 0x000000fc7a600000,0x000000fc7a700000] [id=10416]
  0x00000204a04c7ec0 GCTaskThread "GC Thread#3" [stack: 0x000000fc7a700000,0x000000fc7a800000] [id=10760]
  0x000002043cc7fff0 ConcurrentGCThread "G1 Main Marker" [stack: 0x000000fc79200000,0x000000fc79300000] [id=14492]
  0x000002043cc811a0 ConcurrentGCThread "G1 Conc#0" [stack: 0x000000fc79300000,0x000000fc79400000] [id=6184]
  0x000002043cceeab0 ConcurrentGCThread "G1 Refine#0" [stack: 0x000000fc79400000,0x000000fc79500000] [id=5448]
  0x00000204a04b9ab0 ConcurrentGCThread "G1 Refine#1" [stack: 0x000000fc7a800000,0x000000fc7a900000] [id=18240]
  0x000002045a37b670 ConcurrentGCThread "G1 Service" [stack: 0x000000fc79500000,0x000000fc79600000] [id=9924]

Threads with active compile tasks:
C2 CompilerThread0     7783 3867   !   4       org.springframework.beans.factory.support.AbstractBeanFactory::getBeanPostProcessorCache (181 bytes)
C1 CompilerThread0     7783 3959       2       java.lang.StringLatin1::toChars (16 bytes)
C2 CompilerThread1     7783 3838 % !   4       org.springframework.beans.factory.support.DefaultListableBeanFactory::doGetBeanNamesForType @ 20 (505 bytes)

VM state: not at safepoint (normal execution)

VM Mutex/Monitor currently owned by a thread: None

Heap address: 0x0000000081800000, size: 2024 MB, Compressed Oops mode: 32-bit

CDS archive(s) mapped at: [0x000002045b000000-0x000002045bbd0000-0x000002045bbd0000), size 12386304, SharedBaseAddress: 0x000002045b000000, ArchiveRelocationMode: 1.
Compressed class space mapped at: 0x000002045c000000-0x000002049c000000, reserved size: 1073741824
Narrow klass base: 0x000002045b000000, Narrow klass shift: 0, Narrow klass range: 0x100000000

GC Precious Log:
 CPUs: 4 total, 4 available
 Memory: 8089M
 Large Page Support: Disabled
 NUMA Support: Disabled
 Compressed Oops: Enabled (32-bit)
 Heap Region Size: 1M
 Heap Min Capacity: 8M
 Heap Initial Capacity: 128M
 Heap Max Capacity: 2024M
 Pre-touch: Disabled
 Parallel Workers: 4
 Concurrent Workers: 1
 Concurrent Refinement Workers: 4
 Periodic GC: Disabled

Heap:
 garbage-first heap   total 96256K, used 40342K [0x0000000081800000, 0x0000000100000000)
  region size 1024K, 24 young (24576K), 2 survivors (2048K)
 Metaspace       used 29560K, committed 29952K, reserved 1114112K
  class space    used 3858K, committed 4032K, reserved 1048576K

Heap Regions: E=young(eden), S=young(survivor), O=old, HS=humongous(starts), HC=humongous(continues), CS=collection set, F=free, OA=open archive, CA=closed archive, TAMS=top-at-mark-start (previous, next)
|   0|0x0000000081800000, 0x0000000081900000, 0x0000000081900000|100%|HS|  |TAMS 0x0000000081900000, 0x0000000081800000| Complete 
|   1|0x0000000081900000, 0x0000000081a00000, 0x0000000081a00000|100%| O|  |TAMS 0x0000000081a00000, 0x0000000081900000| Untracked 
|   2|0x0000000081a00000, 0x0000000081b00000, 0x0000000081b00000|100%| O|  |TAMS 0x0000000081b00000, 0x0000000081a00000| Untracked 
|   3|0x0000000081b00000, 0x0000000081c00000, 0x0000000081c00000|100%| O|  |TAMS 0x0000000081c00000, 0x0000000081b00000| Untracked 
|   4|0x0000000081c00000, 0x0000000081d00000, 0x0000000081d00000|100%| O|  |TAMS 0x0000000081d00000, 0x0000000081c00000| Untracked 
|   5|0x0000000081d00000, 0x0000000081e00000, 0x0000000081e00000|100%| O|  |TAMS 0x0000000081e00000, 0x0000000081d00000| Untracked 
|   6|0x0000000081e00000, 0x0000000081f00000, 0x0000000081f00000|100%| O|  |TAMS 0x0000000081f00000, 0x0000000081e00000| Untracked 
|   7|0x0000000081f00000, 0x0000000082000000, 0x0000000082000000|100%| O|  |TAMS 0x0000000082000000, 0x0000000081f00000| Untracked 
|   8|0x0000000082000000, 0x0000000082000000, 0x0000000082100000|  0%| F|  |TAMS 0x0000000082000000, 0x0000000082000000| Untracked 
|   9|0x0000000082100000, 0x0000000082200000, 0x0000000082200000|100%| O|  |TAMS 0x0000000082100000, 0x0000000082100000| Untracked 
|  10|0x0000000082200000, 0x0000000082300000, 0x0000000082300000|100%| O|  |TAMS 0x0000000082200000, 0x0000000082200000| Untracked 
|  11|0x0000000082300000, 0x0000000082400000, 0x0000000082400000|100%| O|  |TAMS 0x0000000082300000, 0x0000000082300000| Untracked 
|  12|0x0000000082400000, 0x0000000082500000, 0x0000000082500000|100%| O|  |TAMS 0x0000000082400000, 0x0000000082400000| Untracked 
|  13|0x0000000082500000, 0x0000000082600000, 0x0000000082600000|100%| O|  |TAMS 0x0000000082500000, 0x0000000082500000| Untracked 
|  14|0x0000000082600000, 0x0000000082700000, 0x0000000082700000|100%| O|  |TAMS 0x0000000082600000, 0x0000000082600000| Untracked 
|  15|0x0000000082700000, 0x0000000082800000, 0x0000000082800000|100%| O|  |TAMS 0x0000000082700000, 0x0000000082700000| Untracked 
|  16|0x0000000082800000, 0x0000000082900000, 0x0000000082900000|100%| O|  |TAMS 0x0000000082800000, 0x0000000082800000| Untracked 
|  17|0x0000000082900000, 0x00000000829bc800, 0x0000000082a00000| 73%| O|  |TAMS 0x0000000082900000, 0x0000000082900000| Untracked 
|  18|0x0000000082a00000, 0x0000000082a00000, 0x0000000082b00000|  0%| F|  |TAMS 0x0000000082a00000, 0x0000000082a00000| Untracked 
|  19|0x0000000082b00000, 0x0000000082b00000, 0x0000000082c00000|  0%| F|  |TAMS 0x0000000082b00000, 0x0000000082b00000| Untracked 
|  20|0x0000000082c00000, 0x0000000082c00000, 0x0000000082d00000|  0%| F|  |TAMS 0x0000000082c00000, 0x0000000082c00000| Untracked 
|  21|0x0000000082d00000, 0x0000000082d00000, 0x0000000082e00000|  0%| F|  |TAMS 0x0000000082d00000, 0x0000000082d00000| Untracked 
|  22|0x0000000082e00000, 0x0000000082e00000, 0x0000000082f00000|  0%| F|  |TAMS 0x0000000082e00000, 0x0000000082e00000| Untracked 
|  23|0x0000000082f00000, 0x0000000082f00000, 0x0000000083000000|  0%| F|  |TAMS 0x0000000082f00000, 0x0000000082f00000| Untracked 
|  24|0x0000000083000000, 0x0000000083000000, 0x0000000083100000|  0%| F|  |TAMS 0x0000000083000000, 0x0000000083000000| Untracked 
|  25|0x0000000083100000, 0x0000000083100000, 0x0000000083200000|  0%| F|  |TAMS 0x0000000083100000, 0x0000000083100000| Untracked 
|  26|0x0000000083200000, 0x0000000083200000, 0x0000000083300000|  0%| F|  |TAMS 0x0000000083200000, 0x0000000083200000| Untracked 
|  27|0x0000000083300000, 0x0000000083300000, 0x0000000083400000|  0%| F|  |TAMS 0x0000000083300000, 0x0000000083300000| Untracked 
|  28|0x0000000083400000, 0x0000000083400000, 0x0000000083500000|  0%| F|  |TAMS 0x0000000083400000, 0x0000000083400000| Untracked 
|  29|0x0000000083500000, 0x0000000083500000, 0x0000000083600000|  0%| F|  |TAMS 0x0000000083500000, 0x0000000083500000| Untracked 
|  30|0x0000000083600000, 0x0000000083600000, 0x0000000083700000|  0%| F|  |TAMS 0x0000000083600000, 0x0000000083600000| Untracked 
|  31|0x0000000083700000, 0x0000000083700000, 0x0000000083800000|  0%| F|  |TAMS 0x0000000083700000, 0x0000000083700000| Untracked 
|  32|0x0000000083800000, 0x0000000083800000, 0x0000000083900000|  0%| F|  |TAMS 0x0000000083800000, 0x0000000083800000| Untracked 
|  33|0x0000000083900000, 0x00000000839a92d0, 0x0000000083a00000| 66%| S|CS|TAMS 0x0000000083900000, 0x0000000083900000| Complete 
|  34|0x0000000083a00000, 0x0000000083b00000, 0x0000000083b00000|100%| S|CS|TAMS 0x0000000083a00000, 0x0000000083a00000| Complete 
|  35|0x0000000083b00000, 0x0000000083b00000, 0x0000000083c00000|  0%| F|  |TAMS 0x0000000083b00000, 0x0000000083b00000| Untracked 
|  36|0x0000000083c00000, 0x0000000083c00000, 0x0000000083d00000|  0%| F|  |TAMS 0x0000000083c00000, 0x0000000083c00000| Untracked 
|  37|0x0000000083d00000, 0x0000000083d00000, 0x0000000083e00000|  0%| F|  |TAMS 0x0000000083d00000, 0x0000000083d00000| Untracked 
|  38|0x0000000083e00000, 0x0000000083e00000, 0x0000000083f00000|  0%| F|  |TAMS 0x0000000083e00000, 0x0000000083e00000| Untracked 
|  39|0x0000000083f00000, 0x0000000083f00000, 0x0000000084000000|  0%| F|  |TAMS 0x0000000083f00000, 0x0000000083f00000| Untracked 
|  40|0x0000000084000000, 0x0000000084000000, 0x0000000084100000|  0%| F|  |TAMS 0x0000000084000000, 0x0000000084000000| Untracked 
|  41|0x0000000084100000, 0x0000000084100000, 0x0000000084200000|  0%| F|  |TAMS 0x0000000084100000, 0x0000000084100000| Untracked 
|  42|0x0000000084200000, 0x0000000084200000, 0x0000000084300000|  0%| F|  |TAMS 0x0000000084200000, 0x0000000084200000| Untracked 
|  43|0x0000000084300000, 0x0000000084300000, 0x0000000084400000|  0%| F|  |TAMS 0x0000000084300000, 0x0000000084300000| Untracked 
|  44|0x0000000084400000, 0x0000000084400000, 0x0000000084500000|  0%| F|  |TAMS 0x0000000084400000, 0x0000000084400000| Untracked 
|  45|0x0000000084500000, 0x0000000084500000, 0x0000000084600000|  0%| F|  |TAMS 0x0000000084500000, 0x0000000084500000| Untracked 
|  46|0x0000000084600000, 0x0000000084600000, 0x0000000084700000|  0%| F|  |TAMS 0x0000000084600000, 0x0000000084600000| Untracked 
|  47|0x0000000084700000, 0x0000000084700000, 0x0000000084800000|  0%| F|  |TAMS 0x0000000084700000, 0x0000000084700000| Untracked 
|  48|0x0000000084800000, 0x0000000084800000, 0x0000000084900000|  0%| F|  |TAMS 0x0000000084800000, 0x0000000084800000| Untracked 
|  49|0x0000000084900000, 0x0000000084900000, 0x0000000084a00000|  0%| F|  |TAMS 0x0000000084900000, 0x0000000084900000| Untracked 
|  50|0x0000000084a00000, 0x0000000084a00000, 0x0000000084b00000|  0%| F|  |TAMS 0x0000000084a00000, 0x0000000084a00000| Untracked 
|  51|0x0000000084b00000, 0x0000000084b00000, 0x0000000084c00000|  0%| F|  |TAMS 0x0000000084b00000, 0x0000000084b00000| Untracked 
|  52|0x0000000084c00000, 0x0000000084c00000, 0x0000000084d00000|  0%| F|  |TAMS 0x0000000084c00000, 0x0000000084c00000| Untracked 
|  53|0x0000000084d00000, 0x0000000084d00000, 0x0000000084e00000|  0%| F|  |TAMS 0x0000000084d00000, 0x0000000084d00000| Untracked 
|  54|0x0000000084e00000, 0x0000000084e00000, 0x0000000084f00000|  0%| F|  |TAMS 0x0000000084e00000, 0x0000000084e00000| Untracked 
|  55|0x0000000084f00000, 0x0000000084f00000, 0x0000000085000000|  0%| F|  |TAMS 0x0000000084f00000, 0x0000000084f00000| Untracked 
|  56|0x0000000085000000, 0x0000000085000000, 0x0000000085100000|  0%| F|  |TAMS 0x0000000085000000, 0x0000000085000000| Untracked 
|  57|0x0000000085100000, 0x0000000085100000, 0x0000000085200000|  0%| F|  |TAMS 0x0000000085100000, 0x0000000085100000| Untracked 
|  58|0x0000000085200000, 0x0000000085200000, 0x0000000085300000|  0%| F|  |TAMS 0x0000000085200000, 0x0000000085200000| Untracked 
|  59|0x0000000085300000, 0x0000000085300000, 0x0000000085400000|  0%| F|  |TAMS 0x0000000085300000, 0x0000000085300000| Untracked 
|  60|0x0000000085400000, 0x0000000085400000, 0x0000000085500000|  0%| F|  |TAMS 0x0000000085400000, 0x0000000085400000| Untracked 
|  61|0x0000000085500000, 0x0000000085500000, 0x0000000085600000|  0%| F|  |TAMS 0x0000000085500000, 0x0000000085500000| Untracked 
|  62|0x0000000085600000, 0x0000000085600000, 0x0000000085700000|  0%| F|  |TAMS 0x0000000085600000, 0x0000000085600000| Untracked 
|  63|0x0000000085700000, 0x0000000085700000, 0x0000000085800000|  0%| F|  |TAMS 0x0000000085700000, 0x0000000085700000| Untracked 
|  64|0x0000000085800000, 0x0000000085800000, 0x0000000085900000|  0%| F|  |TAMS 0x0000000085800000, 0x0000000085800000| Untracked 
|  65|0x0000000085900000, 0x0000000085900000, 0x0000000085a00000|  0%| F|  |TAMS 0x0000000085900000, 0x0000000085900000| Untracked 
|  66|0x0000000085a00000, 0x0000000085a00000, 0x0000000085b00000|  0%| F|  |TAMS 0x0000000085a00000, 0x0000000085a00000| Untracked 
|  67|0x0000000085b00000, 0x0000000085b00000, 0x0000000085c00000|  0%| F|  |TAMS 0x0000000085b00000, 0x0000000085b00000| Untracked 
|  68|0x0000000085c00000, 0x0000000085c00000, 0x0000000085d00000|  0%| F|  |TAMS 0x0000000085c00000, 0x0000000085c00000| Untracked 
|  69|0x0000000085d00000, 0x0000000085d00000, 0x0000000085e00000|  0%| F|  |TAMS 0x0000000085d00000, 0x0000000085d00000| Untracked 
|  70|0x0000000085e00000, 0x0000000085e00000, 0x0000000085f00000|  0%| F|  |TAMS 0x0000000085e00000, 0x0000000085e00000| Untracked 
|  71|0x0000000085f00000, 0x0000000085f00000, 0x0000000086000000|  0%| F|  |TAMS 0x0000000085f00000, 0x0000000085f00000| Untracked 
|  72|0x0000000086000000, 0x0000000086080800, 0x0000000086100000| 50%| E|  |TAMS 0x0000000086000000, 0x0000000086000000| Complete 
|  73|0x0000000086100000, 0x0000000086200000, 0x0000000086200000|100%| E|CS|TAMS 0x0000000086100000, 0x0000000086100000| Complete 
|  74|0x0000000086200000, 0x0000000086300000, 0x0000000086300000|100%| E|CS|TAMS 0x0000000086200000, 0x0000000086200000| Complete 
|  75|0x0000000086300000, 0x0000000086400000, 0x0000000086400000|100%| E|CS|TAMS 0x0000000086300000, 0x0000000086300000| Complete 
|  76|0x0000000086400000, 0x0000000086500000, 0x0000000086500000|100%| E|CS|TAMS 0x0000000086400000, 0x0000000086400000| Complete 
|  77|0x0000000086500000, 0x0000000086600000, 0x0000000086600000|100%| E|CS|TAMS 0x0000000086500000, 0x0000000086500000| Complete 
|  78|0x0000000086600000, 0x0000000086700000, 0x0000000086700000|100%| E|CS|TAMS 0x0000000086600000, 0x0000000086600000| Complete 
|  79|0x0000000086700000, 0x0000000086800000, 0x0000000086800000|100%| E|CS|TAMS 0x0000000086700000, 0x0000000086700000| Complete 
|  80|0x0000000086800000, 0x0000000086900000, 0x0000000086900000|100%| E|CS|TAMS 0x0000000086800000, 0x0000000086800000| Complete 
|  81|0x0000000086900000, 0x0000000086a00000, 0x0000000086a00000|100%| E|CS|TAMS 0x0000000086900000, 0x0000000086900000| Complete 
|  82|0x0000000086a00000, 0x0000000086b00000, 0x0000000086b00000|100%| E|CS|TAMS 0x0000000086a00000, 0x0000000086a00000| Complete 
|  83|0x0000000086b00000, 0x0000000086c00000, 0x0000000086c00000|100%| E|CS|TAMS 0x0000000086b00000, 0x0000000086b00000| Complete 
|  84|0x0000000086c00000, 0x0000000086d00000, 0x0000000086d00000|100%| E|CS|TAMS 0x0000000086c00000, 0x0000000086c00000| Complete 
|  85|0x0000000086d00000, 0x0000000086e00000, 0x0000000086e00000|100%| E|CS|TAMS 0x0000000086d00000, 0x0000000086d00000| Complete 
|  86|0x0000000086e00000, 0x0000000086f00000, 0x0000000086f00000|100%| E|CS|TAMS 0x0000000086e00000, 0x0000000086e00000| Complete 
|  87|0x0000000086f00000, 0x0000000087000000, 0x0000000087000000|100%| E|CS|TAMS 0x0000000086f00000, 0x0000000086f00000| Complete 
|  88|0x0000000087000000, 0x0000000087100000, 0x0000000087100000|100%| E|CS|TAMS 0x0000000087000000, 0x0000000087000000| Complete 
|  89|0x0000000087100000, 0x0000000087200000, 0x0000000087200000|100%| E|CS|TAMS 0x0000000087100000, 0x0000000087100000| Complete 
|  90|0x0000000087200000, 0x0000000087300000, 0x0000000087300000|100%| E|CS|TAMS 0x0000000087200000, 0x0000000087200000| Complete 
|  91|0x0000000087300000, 0x0000000087400000, 0x0000000087400000|100%| E|CS|TAMS 0x0000000087300000, 0x0000000087300000| Complete 
| 126|0x0000000089600000, 0x0000000089700000, 0x0000000089700000|100%| E|CS|TAMS 0x0000000089600000, 0x0000000089600000| Complete 
| 127|0x0000000089700000, 0x0000000089800000, 0x0000000089800000|100%| E|CS|TAMS 0x0000000089700000, 0x0000000089700000| Complete 

Card table byte_map: [0x00000204538c0000,0x0000020453cc0000] _byte_map_base: 0x00000204534b4000

Marking Bits (Prev, Next): (CMBitMap*) 0x000002043cc6fa00, (CMBitMap*) 0x000002043cc6f9c0
 Prev Bits: [0x0000020456060000, 0x0000020458000000)
 Next Bits: [0x00000204540c0000, 0x0000020456060000)

Polling page: 0x000002043c3f0000

Metaspace:

Usage:
  Non-class:     25.10 MB used.
      Class:      3.77 MB used.
       Both:     28.87 MB used.

Virtual space:
  Non-class space:       64.00 MB reserved,      25.31 MB ( 40%) committed,  1 nodes.
      Class space:        1.00 GB reserved,       3.94 MB ( <1%) committed,  1 nodes.
             Both:        1.06 GB reserved,      29.25 MB (  3%) committed. 

Chunk freelists:
   Non-Class:  6.67 MB
       Class:  12.06 MB
        Both:  18.73 MB

MaxMetaspaceSize: unlimited
CompressedClassSpaceSize: 1.00 GB
Initial GC threshold: 21.00 MB
Current GC threshold: 35.12 MB
CDS: on
MetaspaceReclaimPolicy: balanced
 - commit_granule_bytes: 65536.
 - commit_granule_words: 8192.
 - virtual_space_node_default_size: 8388608.
 - enlarge_chunks_in_place: 1.
 - new_chunks_are_fully_committed: 0.
 - uncommit_free_chunks: 1.
 - use_allocation_guard: 0.
 - handle_deallocations: 1.


Internal statistics:

num_allocs_failed_limit: 3.
num_arena_births: 458.
num_arena_deaths: 0.
num_vsnodes_births: 2.
num_vsnodes_deaths: 0.
num_space_committed: 468.
num_space_uncommitted: 0.
num_chunks_returned_to_freelist: 3.
num_chunks_taken_from_freelist: 1591.
num_chunk_merges: 3.
num_chunk_splits: 1055.
num_chunks_enlarged: 755.
num_inconsistent_stats: 0.

CodeHeap 'non-profiled nmethods': size=120000Kb used=2114Kb max_used=2114Kb free=117885Kb
 bounds [0x000002044bf90000, 0x000002044c200000, 0x00000204534c0000]
CodeHeap 'profiled nmethods': size=120000Kb used=8749Kb max_used=8749Kb free=111250Kb
 bounds [0x00000204444c0000, 0x0000020444d50000, 0x000002044b9f0000]
CodeHeap 'non-nmethods': size=5760Kb used=1215Kb max_used=1276Kb free=4544Kb
 bounds [0x000002044b9f0000, 0x000002044bc60000, 0x000002044bf90000]
 total_blobs=4466 nmethods=3946 adapters=431
 compilation: enabled
              stopped_count=0, restarted_count=0
 full_count=0

Compilation events (20 events):
Event: 7.633 Thread 0x000002045a4ec200 nmethod 3936 0x0000020444d43910 code [0x0000020444d43ac0, 0x0000020444d43c28]
Event: 7.633 Thread 0x000002045a4ec200 3941       3       sun.reflect.generics.visitor.Reifier::getResult (26 bytes)
Event: 7.633 Thread 0x000002045a4ec200 nmethod 3941 0x0000020444d43d10 code [0x0000020444d43ea0, 0x0000020444d43fb8]
Event: 7.635 Thread 0x000002045a4ec200 3942       3       java.util.LinkedHashSet::<init> (9 bytes)
Event: 7.635 Thread 0x000002045a4ec200 nmethod 3942 0x0000020444d44090 code [0x0000020444d44260, 0x0000020444d443a8]
Event: 7.671 Thread 0x000002045a4ec200 3944       2       java.nio.CharBuffer::position (8 bytes)
Event: 7.672 Thread 0x000002045a4ec200 nmethod 3944 0x0000020444d44490 code [0x0000020444d44620, 0x0000020444d44748]
Event: 7.673 Thread 0x000002045a4ec200 3945       1       java.util.concurrent.atomic.AtomicLong::get (5 bytes)
Event: 7.673 Thread 0x000002045a4ec200 nmethod 3945 0x000002044c196d90 code [0x000002044c196f20, 0x000002044c196ff8]
Event: 7.700 Thread 0x000002045a4ec200 3946       2       java.io.File::<init> (111 bytes)
Event: 7.701 Thread 0x000002045a4ec200 nmethod 3946 0x0000020444d44810 code [0x0000020444d44a60, 0x0000020444d44ff8]
Event: 7.701 Thread 0x000002045a4ec200 3947       1       jdk.internal.loader.ClassLoaderHelper::mapAlternativeName (2 bytes)
Event: 7.701 Thread 0x000002045a4ec200 nmethod 3947 0x000002044c197090 code [0x000002044c197220, 0x000002044c1972d8]
Event: 7.713 Thread 0x000002045a4ec200 3949       2       jdk.internal.loader.NativeLibraries::loadLibrary (55 bytes)
Event: 7.714 Thread 0x000002045a4ec200 nmethod 3949 0x0000020444d45310 code [0x0000020444d45500, 0x0000020444d45868]
Event: 7.714 Thread 0x000002045a4ec200 3950       2       java.io.File::getName (42 bytes)
Event: 7.715 Thread 0x000002045a4ec200 nmethod 3950 0x0000020444d45a10 code [0x0000020444d45be0, 0x0000020444d45e58]
Event: 7.715 Thread 0x000002045a4ec200 3951       2       jdk.internal.loader.NativeLibraries$1::run (5 bytes)
Event: 7.716 Thread 0x000002045a4ec200 nmethod 3951 0x0000020444d46090 code [0x0000020444d46280, 0x0000020444d46588]
Event: 7.720 Thread 0x000002045a4ec200 3952       2       org.springframework.beans.factory.support.DefaultListableBeanFactory::getBeanNamesForType (101 bytes)

GC Heap History (14 events):
Event: 0.471 GC heap before
{Heap before GC invocations=0 (full 0):
 garbage-first heap   total 131072K, used 15360K [0x0000000081800000, 0x0000000100000000)
  region size 1024K, 13 young (13312K), 0 survivors (0K)
 Metaspace       used 1836K, committed 1920K, reserved 1114112K
  class space    used 176K, committed 192K, reserved 1048576K
}
Event: 0.477 GC heap after
{Heap after GC invocations=1 (full 0):
 garbage-first heap   total 131072K, used 8169K [0x0000000081800000, 0x0000000100000000)
  region size 1024K, 2 young (2048K), 2 survivors (2048K)
 Metaspace       used 1836K, committed 1920K, reserved 1114112K
  class space    used 176K, committed 192K, reserved 1048576K
}
Event: 0.844 GC heap before
{Heap before GC invocations=1 (full 0):
 garbage-first heap   total 131072K, used 14313K [0x0000000081800000, 0x0000000100000000)
  region size 1024K, 9 young (9216K), 2 survivors (2048K)
 Metaspace       used 3554K, committed 3712K, reserved 1114112K
  class space    used 404K, committed 448K, reserved 1048576K
}
Event: 0.848 GC heap after
{Heap after GC invocations=2 (full 0):
 garbage-first heap   total 131072K, used 9162K [0x0000000081800000, 0x0000000100000000)
  region size 1024K, 1 young (1024K), 1 survivors (1024K)
 Metaspace       used 3554K, committed 3712K, reserved 1114112K
  class space    used 404K, committed 448K, reserved 1048576K
}
Event: 1.738 GC heap before
{Heap before GC invocations=2 (full 0):
 garbage-first heap   total 131072K, used 28618K [0x0000000081800000, 0x0000000100000000)
  region size 1024K, 20 young (20480K), 1 survivors (1024K)
 Metaspace       used 8718K, committed 8960K, reserved 1114112K
  class space    used 1093K, committed 1216K, reserved 1048576K
}
Event: 1.745 GC heap after
{Heap after GC invocations=3 (full 0):
 garbage-first heap   total 131072K, used 10645K [0x0000000081800000, 0x0000000100000000)
  region size 1024K, 3 young (3072K), 3 survivors (3072K)
 Metaspace       used 8718K, committed 8960K, reserved 1114112K
  class space    used 1093K, committed 1216K, reserved 1048576K
}
Event: 4.095 GC heap before
{Heap before GC invocations=3 (full 0):
 garbage-first heap   total 131072K, used 69013K [0x0000000081800000, 0x0000000100000000)
  region size 1024K, 62 young (63488K), 3 survivors (3072K)
 Metaspace       used 21247K, committed 21568K, reserved 1114112K
  class space    used 2773K, committed 2880K, reserved 1048576K
}
Event: 4.106 GC heap after
{Heap after GC invocations=4 (full 0):
 garbage-first heap   total 131072K, used 14067K [0x0000000081800000, 0x0000000100000000)
  region size 1024K, 6 young (6144K), 6 survivors (6144K)
 Metaspace       used 21247K, committed 21568K, reserved 1114112K
  class space    used 2773K, committed 2880K, reserved 1048576K
}
Event: 5.402 GC heap before
{Heap before GC invocations=5 (full 0):
 garbage-first heap   total 58368K, used 41715K [0x0000000081800000, 0x0000000100000000)
  region size 1024K, 34 young (34816K), 6 survivors (6144K)
 Metaspace       used 24075K, committed 24384K, reserved 1114112K
  class space    used 3092K, committed 3264K, reserved 1048576K
}
Event: 5.418 GC heap after
{Heap after GC invocations=6 (full 0):
 garbage-first heap   total 58368K, used 17330K [0x0000000081800000, 0x0000000100000000)
  region size 1024K, 4 young (4096K), 4 survivors (4096K)
 Metaspace       used 24075K, committed 24384K, reserved 1114112K
  class space    used 3092K, committed 3264K, reserved 1048576K
}
Event: 5.455 GC heap before
{Heap before GC invocations=6 (full 0):
 garbage-first heap   total 58368K, used 18354K [0x0000000081800000, 0x0000000100000000)
  region size 1024K, 5 young (5120K), 4 survivors (4096K)
 Metaspace       used 24130K, committed 24448K, reserved 1114112K
  class space    used 3099K, committed 3264K, reserved 1048576K
}
Event: 5.464 GC heap after
{Heap after GC invocations=7 (full 0):
 garbage-first heap   total 58368K, used 17857K [0x0000000081800000, 0x0000000100000000)
  region size 1024K, 1 young (1024K), 1 survivors (1024K)
 Metaspace       used 24130K, committed 24448K, reserved 1114112K
  class space    used 3099K, committed 3264K, reserved 1048576K
}
Event: 6.427 GC heap before
{Heap before GC invocations=7 (full 0):
 garbage-first heap   total 58368K, used 39361K [0x0000000081800000, 0x0000000100000000)
  region size 1024K, 22 young (22528K), 1 survivors (1024K)
 Metaspace       used 26304K, committed 26624K, reserved 1114112K
  class space    used 3415K, committed 3584K, reserved 1048576K
}
Event: 6.436 GC heap after
{Heap after GC invocations=8 (full 0):
 garbage-first heap   total 96256K, used 18838K [0x0000000081800000, 0x0000000100000000)
  region size 1024K, 2 young (2048K), 2 survivors (2048K)
 Metaspace       used 26304K, committed 26624K, reserved 1114112K
  class space    used 3415K, committed 3584K, reserved 1048576K
}

Deoptimization events (20 events):
Event: 7.488 Thread 0x000002043cc15100 Uncommon trap: trap_request=0xffffff45 fr.pc=0x000002044c0e69e0 relative=0x0000000000000800
Event: 7.488 Thread 0x000002043cc15100 Uncommon trap: reason=unstable_if action=reinterpret pc=0x000002044c0e69e0 method=org.springframework.util.ConcurrentReferenceHashMap$Segment.findInChain(Lorg/springframework/util/ConcurrentReferenceHashMap$Reference;Ljava/lang/Object;I)Lorg/springframewo
Event: 7.488 Thread 0x000002043cc15100 DEOPT PACKING pc=0x000002044c0e69e0 sp=0x000000fc790f7cc0
Event: 7.488 Thread 0x000002043cc15100 DEOPT UNPACKING pc=0x000002044ba423a3 sp=0x000000fc790f7b70 mode 2
Event: 7.491 Thread 0x000002043cc15100 Uncommon trap: trap_request=0xffffff45 fr.pc=0x000002044c0d5a58 relative=0x0000000000000218
Event: 7.491 Thread 0x000002043cc15100 Uncommon trap: reason=unstable_if action=reinterpret pc=0x000002044c0d5a58 method=org.springframework.util.ConcurrentReferenceHashMap$Segment.findInChain(Lorg/springframework/util/ConcurrentReferenceHashMap$Reference;Ljava/lang/Object;I)Lorg/springframewo
Event: 7.491 Thread 0x000002043cc15100 DEOPT PACKING pc=0x000002044c0d5a58 sp=0x000000fc790f7ab0
Event: 7.491 Thread 0x000002043cc15100 DEOPT UNPACKING pc=0x000002044ba423a3 sp=0x000000fc790f7a58 mode 2
Event: 7.491 Thread 0x000002043cc15100 Uncommon trap: trap_request=0xffffff45 fr.pc=0x000002044c0e92a4 relative=0x00000000000006c4
Event: 7.491 Thread 0x000002043cc15100 Uncommon trap: reason=unstable_if action=reinterpret pc=0x000002044c0e92a4 method=org.springframework.util.ConcurrentReferenceHashMap$Segment.findInChain(Lorg/springframework/util/ConcurrentReferenceHashMap$Reference;Ljava/lang/Object;I)Lorg/springframewo
Event: 7.491 Thread 0x000002043cc15100 DEOPT PACKING pc=0x000002044c0e92a4 sp=0x000000fc790f79b0
Event: 7.491 Thread 0x000002043cc15100 DEOPT UNPACKING pc=0x000002044ba423a3 sp=0x000000fc790f78f8 mode 2
Event: 7.670 Thread 0x000002043cc15100 DEOPT PACKING pc=0x00000204449881b1 sp=0x000000fc790f9f60
Event: 7.670 Thread 0x000002043cc15100 DEOPT UNPACKING pc=0x000002044ba42b43 sp=0x000000fc790f9450 mode 0
Event: 7.671 Thread 0x000002043cc15100 DEOPT PACKING pc=0x00000204449881b1 sp=0x000000fc790f9f60
Event: 7.671 Thread 0x000002043cc15100 DEOPT UNPACKING pc=0x000002044ba42b43 sp=0x000000fc790f9450 mode 0
Event: 7.671 Thread 0x000002043cc15100 DEOPT PACKING pc=0x00000204449881b1 sp=0x000000fc790f9f60
Event: 7.671 Thread 0x000002043cc15100 DEOPT UNPACKING pc=0x000002044ba42b43 sp=0x000000fc790f9450 mode 0
Event: 7.671 Thread 0x000002043cc15100 DEOPT PACKING pc=0x00000204449881b1 sp=0x000000fc790f9f60
Event: 7.671 Thread 0x000002043cc15100 DEOPT UNPACKING pc=0x000002044ba42b43 sp=0x000000fc790f9450 mode 0

Classes unloaded (0 events):
No events

Classes redefined (0 events):
No events

Internal exceptions (20 events):
Event: 6.541 Thread 0x000002043cc15100 Implicit null exception at 0x000002044c15cf9f to 0x000002044c15dd08
Event: 6.890 Thread 0x000002043cc15100 Exception <a 'java/lang/NoSuchMethodError'{0x0000000086e95d70}: 'java.lang.Object java.lang.invoke.DirectMethodHandle$Holder.invokeStaticInit(java.lang.Object, java.lang.Object, java.lang.Object, java.lang.Object, java.lang.Object, java.lang.Object, java.lang.Object)'> (0x0000000086e95d70) 
thrown [s\open\src\hotspot\share\interpreter\linkResolver.cpp, line 759]
Event: 6.895 Thread 0x000002043cc15100 Exception <a 'java/lang/NoSuchMethodError'{0x0000000086ea56e8}: 'java.lang.Object java.lang.invoke.DirectMethodHandle$Holder.invokeSpecial(java.lang.Object, java.lang.Object, java.lang.Object, java.lang.Object, java.lang.Object, java.lang.Object, java.lang.Object, java.lang.Object, java.lang.Object)'> (0x0000000086ea56e8) 
thrown [s\open\src\hotspot\share\interpreter\linkResolver.cpp, line 759]
Event: 6.901 Thread 0x000002043cc15100 Exception <a 'java/lang/NoSuchMethodError'{0x0000000086ecbd60}: 'java.lang.Object java.lang.invoke.DirectMethodHandle$Holder.invokeSpecial(java.lang.Object, java.lang.Object, java.lang.Object, java.lang.Object, java.lang.Object, java.lang.Object, java.lang.Object, java.lang.Object, java.lang.Object, java.lang.Object, java.lang.Object, java.lang.Object, java.lang.Object, java.lang.Object)'> (0x0000000086ecbd60) 
thrown [s\open\src\hotspot\share\interpreter\linkResolver.cpp, line 759]
Event: 6.902 Thread 0x000002043cc15100 Exception <a 'java/lang/NoSuchMethodError'{0x0000000086ed0f80}: 'java.lang.Object java.lang.invoke.Invokers$Holder.invoker(java.lang.Object, java.lang.Object, java.lang.Object, java.lang.Object, java.lang.Object, java.lang.Object, java.lang.Object, java.lang.Object, java.lang.Object, java.lang.Object, java.lang.Object, java.lang.Object, java.lang.Object, java.lang.Object)'> (0x0000000086ed0f80) 
thrown [s\open\src\hotspot\share\interpreter\linkResolver.cpp, line 759]
Event: 6.903 Thread 0x000002043cc15100 Exception <a 'java/lang/NoSuchMethodError'{0x0000000086ed7140}: 'java.lang.Object java.lang.invoke.DirectMethodHandle$Holder.invokeSpecial(java.lang.Object, java.lang.Object, java.lang.Object, java.lang.Object, java.lang.Object, java.lang.Object, java.lang.Object, java.lang.Object, java.lang.Object, java.lang.Object, java.lang.Object, java.lang.Object, java.lang.Object, java.lang.Object, java.lang.Object)'> (0x0000000086ed7140) 
thrown [s\open\src\hotspot\share\interpreter\linkResolver.cpp, line 759]
Event: 6.910 Thread 0x000002043cc15100 Exception <a 'java/lang/NoSuchMethodError'{0x0000000086ee80e8}: 'int java.lang.invoke.DirectMethodHandle$Holder.invokeStaticInit(java.lang.Object, int, int)'> (0x0000000086ee80e8) 
thrown [s\open\src\hotspot\share\interpreter\linkResolver.cpp, line 759]
Event: 6.912 Thread 0x000002043cc15100 Exception <a 'java/lang/NoSuchMethodError'{0x0000000086ef00d0}: 'int java.lang.invoke.DirectMethodHandle$Holder.invokeStaticInit(java.lang.Object, long, long)'> (0x0000000086ef00d0) 
thrown [s\open\src\hotspot\share\interpreter\linkResolver.cpp, line 759]
Event: 6.913 Thread 0x000002043cc15100 Exception <a 'java/lang/NoSuchMethodError'{0x0000000086ef7718}: 'int java.lang.invoke.DirectMethodHandle$Holder.invokeStaticInit(java.lang.Object, float, float)'> (0x0000000086ef7718) 
thrown [s\open\src\hotspot\share\interpreter\linkResolver.cpp, line 759]
Event: 6.915 Thread 0x000002043cc15100 Exception <a 'java/lang/NoSuchMethodError'{0x0000000086efed68}: 'int java.lang.invoke.DirectMethodHandle$Holder.invokeStaticInit(java.lang.Object, double, double)'> (0x0000000086efed68) 
thrown [s\open\src\hotspot\share\interpreter\linkResolver.cpp, line 759]
Event: 6.916 Thread 0x000002043cc15100 Exception <a 'java/lang/NoSuchMethodError'{0x0000000086d04010}: 'int java.lang.invoke.DirectMethodHandle$Holder.invokeStatic(java.lang.Object, long)'> (0x0000000086d04010) 
thrown [s\open\src\hotspot\share\interpreter\linkResolver.cpp, line 759]
Event: 6.927 Thread 0x000002043cc15100 Exception <a 'java/lang/NoSuchMethodError'{0x0000000086d291f0}: 'int java.lang.invoke.DirectMethodHandle$Holder.invokeSpecial(java.lang.Object, java.lang.Object, int)'> (0x0000000086d291f0) 
thrown [s\open\src\hotspot\share\interpreter\linkResolver.cpp, line 759]
Event: 6.928 Thread 0x000002043cc15100 Exception <a 'java/lang/NoSuchMethodError'{0x0000000086d312e0}: 'int java.lang.invoke.Invokers$Holder.linkToTargetMethod(java.lang.Object, java.lang.Object)'> (0x0000000086d312e0) 
thrown [s\open\src\hotspot\share\interpreter\linkResolver.cpp, line 759]
Event: 6.965 Thread 0x000002043cc15100 Exception <a 'java/lang/NoSuchMethodError'{0x0000000086dd2478}: 'java.lang.Object java.lang.invoke.DirectMethodHandle$Holder.invokeSpecial(java.lang.Object, java.lang.Object, java.lang.Object, java.lang.Object, java.lang.Object, java.lang.Object, java.lang.Object, java.lang.Object, java.lang.Object, java.lang.Object)'> (0x0000000086dd2478) 
thrown [s\open\src\hotspot\share\interpreter\linkResolver.cpp, line 759]
Event: 6.965 Thread 0x000002043cc15100 Exception <a 'java/lang/NoSuchMethodError'{0x0000000086dd7258}: 'java.lang.Object java.lang.invoke.Invokers$Holder.invoke_MT(java.lang.Object, java.lang.Object, java.lang.Object, java.lang.Object, java.lang.Object, java.lang.Object, java.lang.Object, java.lang.Object, java.lang.Object, java.lang.Object)'> (0x0000000086dd7258) 
thrown [s\open\src\hotspot\share\interpreter\linkResolver.cpp, line 759]
Event: 6.984 Thread 0x000002043cc15100 Exception <a 'java/lang/NoSuchMethodError'{0x0000000086c191b0}: 'java.lang.Object java.lang.invoke.DirectMethodHandle$Holder.invokeSpecial(java.lang.Object, java.lang.Object, int, java.lang.Object, java.lang.Object)'> (0x0000000086c191b0) 
thrown [s\open\src\hotspot\share\interpreter\linkResolver.cpp, line 759]
Event: 6.984 Thread 0x000002043cc15100 Exception <a 'java/lang/NoSuchMethodError'{0x0000000086c1d3a8}: 'java.lang.Object java.lang.invoke.DelegatingMethodHandle$Holder.delegate(java.lang.Object, int, java.lang.Object, java.lang.Object)'> (0x0000000086c1d3a8) 
thrown [s\open\src\hotspot\share\interpreter\linkResolver.cpp, line 759]
Event: 6.989 Thread 0x000002043cc15100 Exception <a 'java/lang/NoSuchMethodError'{0x0000000086c2ea28}: 'int java.lang.invoke.Invokers$Holder.linkToTargetMethod(java.lang.Object, java.lang.Object, java.lang.Object)'> (0x0000000086c2ea28) 
thrown [s\open\src\hotspot\share\interpreter\linkResolver.cpp, line 759]
Event: 7.106 Thread 0x000002043cc15100 Exception <a 'java/lang/NoClassDefFoundError'{0x0000000086ba10a0}: org/flywaydb/core/Flyway> (0x0000000086ba10a0) 
thrown [s\open\src\hotspot\share\classfile\systemDictionary.cpp, line 245]
Event: 7.106 Thread 0x000002043cc15100 Exception <a 'java/lang/NoClassDefFoundError'{0x0000000086ba3a10}: liquibase/integration/spring/SpringLiquibase> (0x0000000086ba3a10) 
thrown [s\open\src\hotspot\share\classfile\systemDictionary.cpp, line 245]

VM Operations (20 events):
Event: 5.384 Executing VM operation: HandshakeAllThreads
Event: 5.384 Executing VM operation: HandshakeAllThreads done
Event: 5.401 Executing VM operation: G1CollectForAllocation
Event: 5.418 Executing VM operation: G1CollectForAllocation done
Event: 5.455 Executing VM operation: G1CollectForAllocation
Event: 5.464 Executing VM operation: G1CollectForAllocation done
Event: 5.926 Executing VM operation: ICBufferFull
Event: 5.926 Executing VM operation: ICBufferFull done
Event: 6.427 Executing VM operation: G1CollectForAllocation
Event: 6.436 Executing VM operation: G1CollectForAllocation done
Event: 6.936 Executing VM operation: HandshakeAllThreads
Event: 6.936 Executing VM operation: HandshakeAllThreads done
Event: 7.075 Executing VM operation: HandshakeAllThreads
Event: 7.075 Executing VM operation: HandshakeAllThreads done
Event: 7.078 Executing VM operation: HandshakeAllThreads
Event: 7.078 Executing VM operation: HandshakeAllThreads done
Event: 7.486 Executing VM operation: ICBufferFull
Event: 7.486 Executing VM operation: ICBufferFull done
Event: 7.490 Executing VM operation: HandshakeAllThreads
Event: 7.490 Executing VM operation: HandshakeAllThreads done

Events (20 events):
Event: 7.057 loading class sun/security/provider/ByteArrayAccess
Event: 7.058 loading class sun/security/provider/ByteArrayAccess done
Event: 7.061 loading class java/net/SocketException
Event: 7.062 loading class java/net/SocketException done
Event: 7.291 loading class javax/naming/NameNotFoundException
Event: 7.291 loading class javax/naming/NameNotFoundException done
Event: 7.488 loading class sun/reflect/generics/reflectiveObjects/GenericArrayTypeImpl
Event: 7.488 loading class sun/reflect/generics/reflectiveObjects/GenericArrayTypeImpl done
Event: 7.493 loading class java/lang/Class$EnclosingMethodInfo
Event: 7.493 loading class java/lang/Class$EnclosingMethodInfo done
Event: 7.493 loading class java/lang/reflect/AnnotatedType
Event: 7.493 loading class java/lang/reflect/AnnotatedType done
Event: 7.544 loading class sun/reflect/generics/repository/FieldRepository
Event: 7.544 loading class sun/reflect/generics/repository/FieldRepository done
Event: 7.563 loading class jdk/internal/reflect/UnsafeObjectFieldAccessorImpl
Event: 7.563 loading class jdk/internal/reflect/UnsafeObjectFieldAccessorImpl done
Event: 7.580 loading class java/text/MessageFormat
Event: 7.581 loading class java/text/MessageFormat done
Event: 7.668 loading class java/lang/UnsatisfiedLinkError
Event: 7.668 loading class java/lang/UnsatisfiedLinkError done


Dynamic libraries:
0x00007ff7e0940000 - 0x00007ff7e0950000 	C:\Program Files\Java\jdk-17\bin\java.exe
0x00007ffdb81b0000 - 0x00007ffdb83a8000 	C:\WINDOWS\SYSTEM32\ntdll.dll
0x00007ffdb6d10000 - 0x00007ffdb6dcd000 	C:\WINDOWS\System32\KERNEL32.DLL
0x00007ffdb5ab0000 - 0x00007ffdb5da6000 	C:\WINDOWS\System32\KERNELBASE.dll
0x00007ffdb5fd0000 - 0x00007ffdb60d0000 	C:\WINDOWS\System32\ucrtbase.dll
0x00007ffd977b0000 - 0x00007ffd977c9000 	C:\Program Files\Java\jdk-17\bin\jli.dll
0x00007ffd961f0000 - 0x00007ffd9620b000 	C:\Program Files\Java\jdk-17\bin\VCRUNTIME140.dll
0x00007ffdb6e90000 - 0x00007ffdb6f3f000 	C:\WINDOWS\System32\ADVAPI32.dll
0x00007ffdb70e0000 - 0x00007ffdb717e000 	C:\WINDOWS\System32\msvcrt.dll
0x00007ffdb65a0000 - 0x00007ffdb663c000 	C:\WINDOWS\System32\sechost.dll
0x00007ffdb6210000 - 0x00007ffdb6336000 	C:\WINDOWS\System32\RPCRT4.dll
0x00007ffdb7180000 - 0x00007ffdb731e000 	C:\WINDOWS\System32\USER32.dll
0x00007ffda42e0000 - 0x00007ffda457a000 	C:\WINDOWS\WinSxS\amd64_microsoft.windows.common-controls_6595b64144ccf1df_6.0.19041.3636_none_60b6a03d71f818d5\COMCTL32.dll
0x00007ffdb5930000 - 0x00007ffdb5952000 	C:\WINDOWS\System32\win32u.dll
0x00007ffdb6e60000 - 0x00007ffdb6e8c000 	C:\WINDOWS\System32\GDI32.dll
0x00007ffdb5990000 - 0x00007ffdb5aaa000 	C:\WINDOWS\System32\gdi32full.dll
0x00007ffdb5890000 - 0x00007ffdb592d000 	C:\WINDOWS\System32\msvcp_win.dll
0x00007ffda8d90000 - 0x00007ffda8d9a000 	C:\WINDOWS\SYSTEM32\VERSION.dll
0x00007ffdb7320000 - 0x00007ffdb7350000 	C:\WINDOWS\System32\IMM32.DLL
0x00007ffd99b20000 - 0x00007ffd99b2c000 	C:\Program Files\Java\jdk-17\bin\vcruntime140_1.dll
0x00007ffd824f0000 - 0x00007ffd8257e000 	C:\Program Files\Java\jdk-17\bin\msvcp140.dll
0x00007ffd6dae0000 - 0x00007ffd6e6c1000 	C:\Program Files\Java\jdk-17\bin\server\jvm.dll
0x00007ffdb6510000 - 0x00007ffdb6518000 	C:\WINDOWS\System32\PSAPI.DLL
0x00007ffda8fc0000 - 0x00007ffda8fc9000 	C:\WINDOWS\SYSTEM32\WSOCK32.dll
0x00007ffda20e0000 - 0x00007ffda2107000 	C:\WINDOWS\SYSTEM32\WINMM.dll
0x00007ffdb6520000 - 0x00007ffdb658b000 	C:\WINDOWS\System32\WS2_32.dll
0x00007ffdb3710000 - 0x00007ffdb3722000 	C:\WINDOWS\SYSTEM32\kernel.appcore.dll
0x00007ffd99560000 - 0x00007ffd9956a000 	C:\Program Files\Java\jdk-17\bin\jimage.dll
0x00007ffda1cd0000 - 0x00007ffda1eb4000 	C:\WINDOWS\SYSTEM32\DBGHELP.DLL
0x00007ffda1c50000 - 0x00007ffda1c84000 	C:\WINDOWS\SYSTEM32\dbgcore.DLL
0x00007ffdb60d0000 - 0x00007ffdb6152000 	C:\WINDOWS\System32\bcryptPrimitives.dll
0x00007ffd83820000 - 0x00007ffd83845000 	C:\Program Files\Java\jdk-17\bin\java.dll
0x00007ffd82130000 - 0x00007ffd82207000 	C:\Program Files\Java\jdk-17\bin\jsvml.dll
0x00007ffdb77c0000 - 0x00007ffdb7f05000 	C:\WINDOWS\System32\SHELL32.dll
0x00007ffdb3910000 - 0x00007ffdb40ab000 	C:\WINDOWS\SYSTEM32\windows.storage.dll
0x00007ffdb6830000 - 0x00007ffdb6b84000 	C:\WINDOWS\System32\combase.dll
0x00007ffdb51f0000 - 0x00007ffdb521d000 	C:\WINDOWS\SYSTEM32\Wldp.dll
0x00007ffdb80c0000 - 0x00007ffdb816d000 	C:\WINDOWS\System32\SHCORE.dll
0x00007ffdb63a0000 - 0x00007ffdb63f5000 	C:\WINDOWS\System32\shlwapi.dll
0x00007ffdb57c0000 - 0x00007ffdb57e5000 	C:\WINDOWS\SYSTEM32\profapi.dll
0x00007ffd903e0000 - 0x00007ffd903f9000 	C:\Program Files\Java\jdk-17\bin\net.dll
0x00007ffda9b30000 - 0x00007ffda9c3a000 	C:\WINDOWS\SYSTEM32\WINHTTP.dll
0x00007ffdb4fd0000 - 0x00007ffdb503a000 	C:\WINDOWS\system32\mswsock.dll
0x00007ffd90210000 - 0x00007ffd90226000 	C:\Program Files\Java\jdk-17\bin\nio.dll
0x00007ffd8feb0000 - 0x00007ffd8fec8000 	C:\Program Files\Java\jdk-17\bin\zip.dll
0x00007ffda3760000 - 0x00007ffda376a000 	C:\Program Files\Java\jdk-17\bin\management.dll
0x00007ffd95d70000 - 0x00007ffd95d7b000 	C:\Program Files\Java\jdk-17\bin\management_ext.dll
0x00007ffdb4c90000 - 0x00007ffdb4ccb000 	C:\WINDOWS\SYSTEM32\IPHLPAPI.DLL
0x00007ffdb6590000 - 0x00007ffdb6598000 	C:\WINDOWS\System32\NSI.dll
0x00007ffdac970000 - 0x00007ffdac987000 	C:\WINDOWS\SYSTEM32\dhcpcsvc6.DLL
0x00007ffdac120000 - 0x00007ffdac13d000 	C:\WINDOWS\SYSTEM32\dhcpcsvc.DLL
0x00007ffdb4cd0000 - 0x00007ffdb4d9a000 	C:\WINDOWS\SYSTEM32\DNSAPI.dll
0x00007ffda8a10000 - 0x00007ffda8a1a000 	C:\Windows\System32\rasadhlp.dll
0x00007ffda8e20000 - 0x00007ffda8ea0000 	C:\WINDOWS\System32\fwpuclnt.dll
0x00007ffdb5960000 - 0x00007ffdb5987000 	C:\WINDOWS\System32\bcrypt.dll
0x00007ffd95b90000 - 0x00007ffd95b9e000 	C:\Program Files\Java\jdk-17\bin\sunmscapi.dll
0x00007ffdb5e70000 - 0x00007ffdb5fcd000 	C:\WINDOWS\System32\CRYPT32.dll
0x00007ffdb5260000 - 0x00007ffdb5287000 	C:\WINDOWS\SYSTEM32\ncrypt.dll
0x00007ffdb5220000 - 0x00007ffdb525b000 	C:\WINDOWS\SYSTEM32\NTASN1.dll

dbghelp: loaded successfully - version: 4.0.5 - missing functions: none
symbol engine: initialized successfully - sym options: 0x614 - pdb path: .;C:\Program Files\Java\jdk-17\bin;C:\WINDOWS\SYSTEM32;C:\WINDOWS\WinSxS\amd64_microsoft.windows.common-controls_6595b64144ccf1df_6.0.19041.3636_none_60b6a03d71f818d5;C:\Program Files\Java\jdk-17\bin\server

VM Arguments:
java_command: C:\Users\pc\AppData\Local\Temp\surefire3016818087611909815\surefirebooter-20231223165849516_3.jar C:\Users\pc\AppData\Local\Temp\surefire3016818087611909815 2023-12-23T16-58-48_599-jvmRun1 surefire-20231223165849516_1tmp surefire_0-20231223165849516_2tmp
java_class_path (initial): C:\Users\pc\AppData\Local\Temp\surefire3016818087611909815\surefirebooter-20231223165849516_3.jar
Launcher Type: SUN_STANDARD

[Global flags]
     intx CICompilerCount                          = 3                                         {product} {ergonomic}
     uint ConcGCThreads                            = 1                                         {product} {ergonomic}
     uint G1ConcRefinementThreads                  = 4                                         {product} {ergonomic}
   size_t G1HeapRegionSize                         = 1048576                                   {product} {ergonomic}
    uintx GCDrainStackTargetSize                   = 64                                        {product} {ergonomic}
   size_t InitialHeapSize                          = 134217728                                 {product} {ergonomic}
   size_t MarkStackSize                            = 4194304                                   {product} {ergonomic}
   size_t MaxHeapSize                              = 2122317824                                {product} {ergonomic}
   size_t MaxNewSize                               = 1272971264                                {product} {ergonomic}
   size_t MinHeapDeltaBytes                        = 1048576                                   {product} {ergonomic}
   size_t MinHeapSize                              = 8388608                                   {product} {ergonomic}
    uintx NonNMethodCodeHeapSize                   = 5832780                                {pd product} {ergonomic}
    uintx NonProfiledCodeHeapSize                  = 122912730                              {pd product} {ergonomic}
    uintx ProfiledCodeHeapSize                     = 122912730                              {pd product} {ergonomic}
    uintx ReservedCodeCacheSize                    = 251658240                              {pd product} {ergonomic}
     bool SegmentedCodeCache                       = true                                      {product} {ergonomic}
   size_t SoftMaxHeapSize                          = 2122317824                             {manageable} {ergonomic}
     bool UseCompressedClassPointers               = true                           {product lp64_product} {ergonomic}
     bool UseCompressedOops                        = true                           {product lp64_product} {ergonomic}
     bool UseG1GC                                  = true                                      {product} {ergonomic}
     bool UseLargePagesIndividualAllocation        = false                                  {pd product} {ergonomic}

Logging:
Log output configuration:
 #0: stdout all=warning uptime,level,tags
 #1: stderr all=off uptime,level,tags

Environment Variables:
JAVA_HOME=C:/Program Files/Java/jdk-17
PATH=C:\Users\pc\bin;C:\Program Files\Git\mingw64\bin;C:\Program Files\Git\usr\local\bin;C:\Program Files\Git\usr\bin;C:\Program Files\Git\usr\bin;C:\Program Files\Git\mingw64\bin;C:\Program Files\Git\usr\bin;C:\Users\pc\bin;C:\Program Files\Common Files\Oracle\Java\javapath;C:\Program Files (x86)\Common Files\Oracle\Java\javapath;C:\oraclexe\app\oracle\product\11.2.0\server\bin;C:\WINDOWS\system32;C:\WINDOWS;C:\WINDOWS\System32\Wbem;C:\WINDOWS\System32\WindowsPowerShell\v1.0;C:\WINDOWS\System32\OpenSSH;C:\Program Files (x86)\Microsoft SQL Server\100\Tools\Binn;C:\Program Files\Microsoft SQL Server\100\Tools\Binn;C:\Program Files\Microsoft SQL Server\100\DTS\Binn;C:\Program Files\Microsoft SQL Server\Client SDK\ODBC\110\Tools\Binn;C:\Program Files (x86)\Microsoft SQL Server\120\Tools\Binn;C:\Program Files\Microsoft SQL Server\120\Tools\Binn;C:\Program Files\Microsoft SQL Server\120\DTS\Binn;C:\Program Files (x86)\Microsoft SQL Server\120\Tools\Binn\ManagementStudio;C:\Program Files (x86)\Microsoft SQL Server\120\DTS\Binn;C:\xampp\php;C:\Program Files\Microsoft SQL Server\150\Tools\Binn;C:\Program Files\Microsoft SQL Server\Client SDK\ODBC\170\Tools\Binn;C:\Program Files\dotnet;C:\Program Files\Git\cmd;C:\Program Files\nodejs;C:\apache-maven-3.9.0-bin\apache-maven-3.9.0\bin;C:\Program Files\Java\jdk-17\bin;C:\Program Files\Docker\Docker\resources\bin;C:\Users\pc\scoop\shims;C:\Program Files\MySQL\MySQL Shell 8.0\bin;C:\Users\pc\AppData\Local\Programs\Python\Python310\Scripts;C:\Users\pc\AppData\Local\Programs\Python\Python310;C:\Users\pc\AppData\Local\Microsoft\WindowsApps;C:\Users\pc\Desktop\3IIR_S6\PFA\cygwin\bin;C:\Users\pc\AppData\Local\Programs\Microsoft VS Code\bin;C:\Program Files\JetBrains\PyCharm Community Edition 2022.3.2\bin;C:\Users\pc\AppData\Local\GitHubDesktop\bin;E:\flutter_windows_3.7.11-stable\flutter\bin;C:\Program Files\JetBrains\IntelliJ IDEA 2023.2.2\bin;C:\Users\pc\Downloads\protoc-25.0-win64\bin;C:\Users\pc\AppData\Roaming\npm;C:\Users\pc\AppData
USERNAME=pc
SHELL=C:\Program Files\Git\usr\bin\bash.exe
DISPLAY=needs-to-be-defined
LC_CTYPE=fr_FR.UTF-8
OS=Windows_NT
PROCESSOR_IDENTIFIER=Intel64 Family 6 Model 69 Stepping 1, GenuineIntel



---------------  S Y S T E M  ---------------

OS:
 Windows 10 , 64 bit Build 19041 (10.0.19041.3636)
OS uptime: 1 days 7:37 hours
Hyper-V role detected

CPU: total 4 (initial active 4) (2 cores per cpu, 2 threads per core) family 6 model 69 stepping 1 microcode 0x25, cx8, cmov, fxsr, ht, mmx, sse, sse2, sse3, ssse3, sse4.1, sse4.2, popcnt, lzcnt, tsc, tscinvbit, avx, avx2, aes, erms, clmul, bmi1, bmi2, fma, vzeroupper, clflush, hv

Memory: 4k page, system-wide physical 8089M (424M free)
TotalPageFile size 21113M (AvailPageFile size 11M)
current process WorkingSet (physical memory assigned to process): 202M, peak: 207M
current process commit charge ("private bytes"): 260M, peak: 267M

vm_info: Java HotSpot(TM) 64-Bit Server VM (17.0.9+11-LTS-201) for windows-amd64 JRE (17.0.9+11-LTS-201), built on Oct 10 2023 23:16:06 by "mach5one" with MS VC++ 17.1 (VS2022)

END.
